This is pdfTeX, Version 3.1415926-2.5-1.40.14 (TeX Live 2013/Debian) (format=pdflatex 2017.8.29)  16 AUG 2018 00:43
entering extended mode
 restricted \write18 enabled.
 %&-line parsing enabled.
**\input 2018_tablero_instrumentos_presentacion.tex
(./2018_tablero_instrumentos_presentacion.tex
(/usr/share/texmf/tex/latex/beamer/base/beamer.cls
(/usr/share/texmf/tex/latex/beamer/base/beamerbasercs.sty
Package: beamerbasercs 2012/11/13 (rcs-revision cb16a617839f)
)
Document Class: beamer 2012/10/15 development version 3.24 A class for typesett
ing presentations (rcs-revision 24853e6b98cf)
(/usr/share/texmf/tex/latex/beamer/base/beamerbasemodes.sty
Package: beamerbasemodes 2012/04/15 (rcs-revision cc6557182d97)
\beamer@tempbox=\box26
\beamer@tempcount=\count79
\c@beamerpauses=\count80

(/usr/share/texmf/tex/latex/beamer/base/beamerbasedecode.sty
Package: beamerbasedecode 2010/05/01 (rcs-revision efa082c6111d)
\beamer@slideinframe=\count81
\beamer@minimum=\count82
)
\beamer@commentbox=\box27
\beamer@modecount=\count83
)
(/usr/share/texlive/texmf-dist/tex/generic/oberdiek/ifpdf.sty
Package: ifpdf 2011/01/30 v2.3 Provides the ifpdf switch (HO)
Package ifpdf Info: pdfTeX in PDF mode is detected.
)
\headheight=\dimen102
\headdp=\dimen103
\footheight=\dimen104
\sidebarheight=\dimen105
\beamer@tempdim=\dimen106
\beamer@finalheight=\dimen107
\beamer@animht=\dimen108
\beamer@animdp=\dimen109
\beamer@animwd=\dimen110
\beamer@leftmargin=\dimen111
\beamer@rightmargin=\dimen112
\beamer@leftsidebar=\dimen113
\beamer@rightsidebar=\dimen114
\beamer@boxsize=\dimen115
\beamer@vboxoffset=\dimen116
\beamer@descdefault=\dimen117
\beamer@descriptionwidth=\dimen118
\beamer@lastskip=\skip41
\beamer@areabox=\box28
\beamer@animcurrent=\box29
\beamer@animshowbox=\box30
\beamer@sectionbox=\box31
\beamer@logobox=\box32
\beamer@linebox=\box33
\beamer@sectioncount=\count84
\beamer@subsubsectionmax=\count85
\beamer@subsectionmax=\count86
\beamer@sectionmax=\count87
\beamer@totalheads=\count88
\beamer@headcounter=\count89
\beamer@partstartpage=\count90
\beamer@sectionstartpage=\count91
\beamer@subsectionstartpage=\count92
\beamer@animationtempa=\count93
\beamer@animationtempb=\count94
\beamer@xpos=\count95
\beamer@ypos=\count96
\beamer@showpartnumber=\count97
\beamer@currentsubsection=\count98
\beamer@coveringdepth=\count99
\beamer@sectionadjust=\count100
\beamer@tocsectionnumber=\count101

(/usr/share/texmf/tex/latex/beamer/base/beamerbaseoptions.sty
Package: beamerbaseoptions 2010/04/27 (rcs-revision 982469101dd6)

(/usr/share/texlive/texmf-dist/tex/latex/graphics/keyval.sty
Package: keyval 1999/03/16 v1.13 key=value parser (DPC)
\KV@toks@=\toks14
))
\beamer@paperwidth=\skip42
\beamer@paperheight=\skip43

(/usr/share/texlive/texmf-dist/tex/latex/geometry/geometry.sty
Package: geometry 2010/09/12 v5.6 Page Geometry

(/usr/share/texlive/texmf-dist/tex/generic/oberdiek/ifvtex.sty
Package: ifvtex 2010/03/01 v1.5 Detect VTeX and its facilities (HO)
Package ifvtex Info: VTeX not detected.
)
(/usr/share/texlive/texmf-dist/tex/generic/ifxetex/ifxetex.sty
Package: ifxetex 2010/09/12 v0.6 Provides ifxetex conditional
)
\Gm@cnth=\count102
\Gm@cntv=\count103
\c@Gm@tempcnt=\count104
\Gm@bindingoffset=\dimen119
\Gm@wd@mp=\dimen120
\Gm@odd@mp=\dimen121
\Gm@even@mp=\dimen122
\Gm@layoutwidth=\dimen123
\Gm@layoutheight=\dimen124
\Gm@layouthoffset=\dimen125
\Gm@layoutvoffset=\dimen126
\Gm@dimlist=\toks15
)
(/usr/share/texlive/texmf-dist/tex/latex/extsizes/size8.clo
File: size8.clo 1999/11/11 v1.4a NON-Standard LaTeX file (size option)
)
(/usr/share/texmf/tex/latex/pgf/basiclayer/pgfcore.sty
(/usr/share/texlive/texmf-dist/tex/latex/graphics/graphicx.sty
Package: graphicx 1999/02/16 v1.0f Enhanced LaTeX Graphics (DPC,SPQR)

(/usr/share/texlive/texmf-dist/tex/latex/graphics/graphics.sty
Package: graphics 2009/02/05 v1.0o Standard LaTeX Graphics (DPC,SPQR)

(/usr/share/texlive/texmf-dist/tex/latex/graphics/trig.sty
Package: trig 1999/03/16 v1.09 sin cos tan (DPC)
)
(/usr/share/texlive/texmf-dist/tex/latex/latexconfig/graphics.cfg
File: graphics.cfg 2010/04/23 v1.9 graphics configuration of TeX Live
)
Package graphics Info: Driver file: pdftex.def on input line 91.

(/usr/share/texlive/texmf-dist/tex/latex/pdftex-def/pdftex.def
File: pdftex.def 2011/05/27 v0.06d Graphics/color for pdfTeX

(/usr/share/texlive/texmf-dist/tex/generic/oberdiek/infwarerr.sty
Package: infwarerr 2010/04/08 v1.3 Providing info/warning/error messages (HO)
)
(/usr/share/texlive/texmf-dist/tex/generic/oberdiek/ltxcmds.sty
Package: ltxcmds 2011/11/09 v1.22 LaTeX kernel commands for general use (HO)
)
\Gread@gobject=\count105
))
\Gin@req@height=\dimen127
\Gin@req@width=\dimen128
)
(/usr/share/texmf/tex/latex/pgf/systemlayer/pgfsys.sty
(/usr/share/texmf/tex/latex/pgf/utilities/pgfrcs.sty
(/usr/share/texmf/tex/generic/pgf/utilities/pgfutil-common.tex
\pgfutil@everybye=\toks16
)
(/usr/share/texmf/tex/generic/pgf/utilities/pgfutil-latex.def
\pgfutil@abb=\box34

(/usr/share/texlive/texmf-dist/tex/latex/ms/everyshi.sty
Package: everyshi 2001/05/15 v3.00 EveryShipout Package (MS)
))
(/usr/share/texmf/tex/generic/pgf/utilities/pgfrcs.code.tex
Package: pgfrcs 2010/10/25 v2.10 (rcs-revision 1.24)
))
(/usr/share/texmf/tex/generic/pgf/systemlayer/pgfsys.code.tex
Package: pgfsys 2010/06/30 v2.10 (rcs-revision 1.37)

(/usr/share/texmf/tex/generic/pgf/utilities/pgfkeys.code.tex
\pgfkeys@pathtoks=\toks17
\pgfkeys@temptoks=\toks18

(/usr/share/texmf/tex/generic/pgf/utilities/pgfkeysfiltered.code.tex
\pgfkeys@tmptoks=\toks19
))
\pgf@x=\dimen129
\pgf@y=\dimen130
\pgf@xa=\dimen131
\pgf@ya=\dimen132
\pgf@xb=\dimen133
\pgf@yb=\dimen134
\pgf@xc=\dimen135
\pgf@yc=\dimen136
\w@pgf@writea=\write3
\r@pgf@reada=\read1
\c@pgf@counta=\count106
\c@pgf@countb=\count107
\c@pgf@countc=\count108
\c@pgf@countd=\count109

(/usr/share/texmf/tex/generic/pgf/systemlayer/pgf.cfg
File: pgf.cfg 2008/05/14  (rcs-revision 1.7)
)
Package pgfsys Info: Driver file for pgf: pgfsys-pdftex.def on input line 900.

(/usr/share/texmf/tex/generic/pgf/systemlayer/pgfsys-pdftex.def
File: pgfsys-pdftex.def 2009/05/22  (rcs-revision 1.26)

(/usr/share/texmf/tex/generic/pgf/systemlayer/pgfsys-common-pdf.def
File: pgfsys-common-pdf.def 2008/05/19  (rcs-revision 1.10)
)))
(/usr/share/texmf/tex/generic/pgf/systemlayer/pgfsyssoftpath.code.tex
File: pgfsyssoftpath.code.tex 2008/07/18  (rcs-revision 1.7)
\pgfsyssoftpath@smallbuffer@items=\count110
\pgfsyssoftpath@bigbuffer@items=\count111
)
(/usr/share/texmf/tex/generic/pgf/systemlayer/pgfsysprotocol.code.tex
File: pgfsysprotocol.code.tex 2006/10/16  (rcs-revision 1.4)
))
(/usr/share/texmf/tex/latex/xcolor/xcolor.sty
Package: xcolor 2007/01/21 v2.11 LaTeX color extensions (UK)

(/usr/share/texlive/texmf-dist/tex/latex/latexconfig/color.cfg
File: color.cfg 2007/01/18 v1.5 color configuration of teTeX/TeXLive
)
Package xcolor Info: Driver file: pdftex.def on input line 225.
Package xcolor Info: Model `cmy' substituted by `cmy0' on input line 1337.
Package xcolor Info: Model `hsb' substituted by `rgb' on input line 1341.
Package xcolor Info: Model `RGB' extended on input line 1353.
Package xcolor Info: Model `HTML' substituted by `rgb' on input line 1355.
Package xcolor Info: Model `Hsb' substituted by `hsb' on input line 1356.
Package xcolor Info: Model `tHsb' substituted by `hsb' on input line 1357.
Package xcolor Info: Model `HSB' substituted by `hsb' on input line 1358.
Package xcolor Info: Model `Gray' substituted by `gray' on input line 1359.
Package xcolor Info: Model `wave' substituted by `hsb' on input line 1360.
)
(/usr/share/texmf/tex/generic/pgf/basiclayer/pgfcore.code.tex
Package: pgfcore 2010/04/11 v2.10 (rcs-revision 1.7)

(/usr/share/texmf/tex/generic/pgf/math/pgfmath.code.tex
(/usr/share/texmf/tex/generic/pgf/math/pgfmathcalc.code.tex
(/usr/share/texmf/tex/generic/pgf/math/pgfmathutil.code.tex)
(/usr/share/texmf/tex/generic/pgf/math/pgfmathparser.code.tex
\pgfmath@dimen=\dimen137
\pgfmath@count=\count112
\pgfmath@box=\box35
\pgfmath@toks=\toks20
\pgfmath@stack@operand=\toks21
\pgfmath@stack@operation=\toks22
)
(/usr/share/texmf/tex/generic/pgf/math/pgfmathfunctions.code.tex
(/usr/share/texmf/tex/generic/pgf/math/pgfmathfunctions.basic.code.tex)
(/usr/share/texmf/tex/generic/pgf/math/pgfmathfunctions.trigonometric.code.tex)
(/usr/share/texmf/tex/generic/pgf/math/pgfmathfunctions.random.code.tex)
(/usr/share/texmf/tex/generic/pgf/math/pgfmathfunctions.comparison.code.tex)
(/usr/share/texmf/tex/generic/pgf/math/pgfmathfunctions.base.code.tex)
(/usr/share/texmf/tex/generic/pgf/math/pgfmathfunctions.round.code.tex)
(/usr/share/texmf/tex/generic/pgf/math/pgfmathfunctions.misc.code.tex)))
(/usr/share/texmf/tex/generic/pgf/math/pgfmathfloat.code.tex
\c@pgfmathroundto@lastzeros=\count113
))
(/usr/share/texmf/tex/generic/pgf/basiclayer/pgfcorepoints.code.tex
File: pgfcorepoints.code.tex 2010/04/09  (rcs-revision 1.20)
\pgf@picminx=\dimen138
\pgf@picmaxx=\dimen139
\pgf@picminy=\dimen140
\pgf@picmaxy=\dimen141
\pgf@pathminx=\dimen142
\pgf@pathmaxx=\dimen143
\pgf@pathminy=\dimen144
\pgf@pathmaxy=\dimen145
\pgf@xx=\dimen146
\pgf@xy=\dimen147
\pgf@yx=\dimen148
\pgf@yy=\dimen149
\pgf@zx=\dimen150
\pgf@zy=\dimen151
)
(/usr/share/texmf/tex/generic/pgf/basiclayer/pgfcorepathconstruct.code.tex
File: pgfcorepathconstruct.code.tex 2010/08/03  (rcs-revision 1.24)
\pgf@path@lastx=\dimen152
\pgf@path@lasty=\dimen153
)
(/usr/share/texmf/tex/generic/pgf/basiclayer/pgfcorepathusage.code.tex
File: pgfcorepathusage.code.tex 2008/04/22  (rcs-revision 1.12)
\pgf@shorten@end@additional=\dimen154
\pgf@shorten@start@additional=\dimen155
)
(/usr/share/texmf/tex/generic/pgf/basiclayer/pgfcorescopes.code.tex
File: pgfcorescopes.code.tex 2010/09/08  (rcs-revision 1.34)
\pgfpic=\box36
\pgf@hbox=\box37
\pgf@layerbox@main=\box38
\pgf@picture@serial@count=\count114
)
(/usr/share/texmf/tex/generic/pgf/basiclayer/pgfcoregraphicstate.code.tex
File: pgfcoregraphicstate.code.tex 2008/04/22  (rcs-revision 1.9)
\pgflinewidth=\dimen156
)
(/usr/share/texmf/tex/generic/pgf/basiclayer/pgfcoretransformations.code.tex
File: pgfcoretransformations.code.tex 2009/06/10  (rcs-revision 1.11)
\pgf@pt@x=\dimen157
\pgf@pt@y=\dimen158
\pgf@pt@temp=\dimen159
)
(/usr/share/texmf/tex/generic/pgf/basiclayer/pgfcorequick.code.tex
File: pgfcorequick.code.tex 2008/10/09  (rcs-revision 1.3)
)
(/usr/share/texmf/tex/generic/pgf/basiclayer/pgfcoreobjects.code.tex
File: pgfcoreobjects.code.tex 2006/10/11  (rcs-revision 1.2)
)
(/usr/share/texmf/tex/generic/pgf/basiclayer/pgfcorepathprocessing.code.tex
File: pgfcorepathprocessing.code.tex 2008/10/09  (rcs-revision 1.8)
)
(/usr/share/texmf/tex/generic/pgf/basiclayer/pgfcorearrows.code.tex
File: pgfcorearrows.code.tex 2008/04/23  (rcs-revision 1.11)
)
(/usr/share/texmf/tex/generic/pgf/basiclayer/pgfcoreshade.code.tex
File: pgfcoreshade.code.tex 2008/11/23  (rcs-revision 1.13)
\pgf@max=\dimen160
\pgf@sys@shading@range@num=\count115
)
(/usr/share/texmf/tex/generic/pgf/basiclayer/pgfcoreimage.code.tex
File: pgfcoreimage.code.tex 2010/03/25  (rcs-revision 1.16)

(/usr/share/texmf/tex/generic/pgf/basiclayer/pgfcoreexternal.code.tex
File: pgfcoreexternal.code.tex 2010/09/01  (rcs-revision 1.17)
\pgfexternal@startupbox=\box39
))
(/usr/share/texmf/tex/generic/pgf/basiclayer/pgfcorelayers.code.tex
File: pgfcorelayers.code.tex 2010/08/27  (rcs-revision 1.2)
)
(/usr/share/texmf/tex/generic/pgf/basiclayer/pgfcoretransparency.code.tex
File: pgfcoretransparency.code.tex 2008/01/17  (rcs-revision 1.2)
)
(/usr/share/texmf/tex/generic/pgf/basiclayer/pgfcorepatterns.code.tex
File: pgfcorepatterns.code.tex 2009/07/02  (rcs-revision 1.3)
)))
(/usr/share/texmf/tex/latex/pgf/utilities/xxcolor.sty
Package: xxcolor 2003/10/24 ver 0.1
\XC@nummixins=\count116
\XC@countmixins=\count117
)
(/usr/share/texlive/texmf-dist/tex/latex/hyperref/hyperref.sty
Package: hyperref 2012/11/06 v6.83m Hypertext links for LaTeX

(/usr/share/texlive/texmf-dist/tex/generic/oberdiek/hobsub-hyperref.sty
Package: hobsub-hyperref 2012/05/28 v1.13 Bundle oberdiek, subset hyperref (HO)


(/usr/share/texlive/texmf-dist/tex/generic/oberdiek/hobsub-generic.sty
Package: hobsub-generic 2012/05/28 v1.13 Bundle oberdiek, subset generic (HO)
Package: hobsub 2012/05/28 v1.13 Construct package bundles (HO)
Package hobsub Info: Skipping package `infwarerr' (already loaded).
Package hobsub Info: Skipping package `ltxcmds' (already loaded).
Package: ifluatex 2010/03/01 v1.3 Provides the ifluatex switch (HO)
Package ifluatex Info: LuaTeX not detected.
Package hobsub Info: Skipping package `ifvtex' (already loaded).
Package: intcalc 2007/09/27 v1.1 Expandable calculations with integers (HO)
Package hobsub Info: Skipping package `ifpdf' (already loaded).
Package: etexcmds 2011/02/16 v1.5 Avoid name clashes with e-TeX commands (HO)
Package etexcmds Info: Could not find \expanded.
(etexcmds)             That can mean that you are not using pdfTeX 1.50 or
(etexcmds)             that some package has redefined \expanded.
(etexcmds)             In the latter case, load this package earlier.
Package: kvsetkeys 2012/04/25 v1.16 Key value parser (HO)
Package: kvdefinekeys 2011/04/07 v1.3 Define keys (HO)
Package: pdftexcmds 2011/11/29 v0.20 Utility functions of pdfTeX for LuaTeX (HO
)
Package pdftexcmds Info: LuaTeX not detected.
Package pdftexcmds Info: \pdf@primitive is available.
Package pdftexcmds Info: \pdf@ifprimitive is available.
Package pdftexcmds Info: \pdfdraftmode found.
Package: pdfescape 2011/11/25 v1.13 Implements pdfTeX's escape features (HO)
Package: bigintcalc 2012/04/08 v1.3 Expandable calculations on big integers (HO
)
Package: bitset 2011/01/30 v1.1 Handle bit-vector datatype (HO)
Package: uniquecounter 2011/01/30 v1.2 Provide unlimited unique counter (HO)
)
Package hobsub Info: Skipping package `hobsub' (already loaded).
Package: letltxmacro 2010/09/02 v1.4 Let assignment for LaTeX macros (HO)
Package: hopatch 2012/05/28 v1.2 Wrapper for package hooks (HO)
Package: xcolor-patch 2011/01/30 xcolor patch
Package: atveryend 2011/06/30 v1.8 Hooks at the very end of document (HO)
Package atveryend Info: \enddocument detected (standard20110627).
Package: atbegshi 2011/10/05 v1.16 At begin shipout hook (HO)
Package: refcount 2011/10/16 v3.4 Data extraction from label references (HO)
Package: hycolor 2011/01/30 v1.7 Color options for hyperref/bookmark (HO)
)
(/usr/share/texlive/texmf-dist/tex/latex/oberdiek/auxhook.sty
Package: auxhook 2011/03/04 v1.3 Hooks for auxiliary files (HO)
)
(/usr/share/texlive/texmf-dist/tex/latex/oberdiek/kvoptions.sty
Package: kvoptions 2011/06/30 v3.11 Key value format for package options (HO)
)
\@linkdim=\dimen161
\Hy@linkcounter=\count118
\Hy@pagecounter=\count119

(/usr/share/texlive/texmf-dist/tex/latex/hyperref/pd1enc.def
File: pd1enc.def 2012/11/06 v6.83m Hyperref: PDFDocEncoding definition (HO)
)
\Hy@SavedSpaceFactor=\count120

(/usr/share/texlive/texmf-dist/tex/latex/latexconfig/hyperref.cfg
File: hyperref.cfg 2002/06/06 v1.2 hyperref configuration of TeXLive
)
Package hyperref Info: Option `bookmarks' set `true' on input line 4319.
Package hyperref Info: Option `bookmarksopen' set `true' on input line 4319.
Package hyperref Info: Option `implicit' set `false' on input line 4319.
Package hyperref Info: Hyper figures OFF on input line 4443.
Package hyperref Info: Link nesting OFF on input line 4448.
Package hyperref Info: Hyper index ON on input line 4451.
Package hyperref Info: Plain pages OFF on input line 4458.
Package hyperref Info: Backreferencing OFF on input line 4463.
Package hyperref Info: Implicit mode OFF; no redefinition of LaTeX internals.
Package hyperref Info: Bookmarks ON on input line 4688.
\c@Hy@tempcnt=\count121

(/usr/share/texlive/texmf-dist/tex/latex/url/url.sty
\Urlmuskip=\muskip10
Package: url 2013/09/16  ver 3.4  Verb mode for urls, etc.
)
LaTeX Info: Redefining \url on input line 5041.
\XeTeXLinkMargin=\dimen162
\Fld@menulength=\count122
\Field@Width=\dimen163
\Fld@charsize=\dimen164
Package hyperref Info: Hyper figures OFF on input line 6295.
Package hyperref Info: Link nesting OFF on input line 6300.
Package hyperref Info: Hyper index ON on input line 6303.
Package hyperref Info: backreferencing OFF on input line 6310.
Package hyperref Info: Link coloring OFF on input line 6315.
Package hyperref Info: Link coloring with OCG OFF on input line 6320.
Package hyperref Info: PDF/A mode OFF on input line 6325.
LaTeX Info: Redefining \ref on input line 6365.
LaTeX Info: Redefining \pageref on input line 6369.
\Hy@abspage=\count123


Package hyperref Message: Stopped early.

)

Package hyperref Message: Driver (autodetected): hpdftex.

(/usr/share/texlive/texmf-dist/tex/latex/hyperref/hpdftex.def
File: hpdftex.def 2012/11/06 v6.83m Hyperref driver for pdfTeX
\Fld@listcount=\count124
\c@bookmark@seq@number=\count125

(/usr/share/texlive/texmf-dist/tex/latex/oberdiek/rerunfilecheck.sty
Package: rerunfilecheck 2011/04/15 v1.7 Rerun checks for auxiliary files (HO)
Package uniquecounter Info: New unique counter `rerunfilecheck' on input line 2
82.
))
(/usr/share/texmf/tex/latex/beamer/base/beamerbaserequires.sty
Package: beamerbaserequires 2010/05/01  (rcs-revision efa082c6111d)

(/usr/share/texmf/tex/latex/beamer/base/beamerbasecompatibility.sty
Package: beamerbasecompatibility 2012/05/01  (rcs-revision 67c48b3b652d)
)
(/usr/share/texmf/tex/latex/beamer/base/beamerbasefont.sty
Package: beamerbasefont 2012/09/19  (rcs-revision 733629cd0c6c)

(/usr/share/texlive/texmf-dist/tex/latex/amsfonts/amssymb.sty
Package: amssymb 2013/01/14 v3.01 AMS font symbols

(/usr/share/texlive/texmf-dist/tex/latex/amsfonts/amsfonts.sty
Package: amsfonts 2013/01/14 v3.01 Basic AMSFonts support
\@emptytoks=\toks23
\symAMSa=\mathgroup4
\symAMSb=\mathgroup5
LaTeX Font Info:    Overwriting math alphabet `\mathfrak' in version `bold'
(Font)                  U/euf/m/n --> U/euf/b/n on input line 106.
)))
(/usr/share/texmf/tex/latex/beamer/base/beamerbasetranslator.sty
Package: beamerbasetranslator 2010/06/11  (rcs-revision 85fd1cc7fc42)

(/usr/share/texmf/tex/latex/beamer/base/translator/translator.sty
Package: translator 2010/06/12 ver 1.10

(/usr/share/texmf/tex/latex/beamer/base/translator/translator-language-mappings
.tex))) (/usr/share/texmf/tex/latex/beamer/base/beamerbasemisc.sty
Package: beamerbasemisc 2012/02/24  (rcs-revision 2ff5461be705)
)
(/usr/share/texmf/tex/latex/beamer/base/beamerbasetwoscreens.sty
Package: beamerbasetwoscreens 2010/05/01  (rcs-revision efa082c6111d)
)
(/usr/share/texmf/tex/latex/beamer/base/beamerbaseoverlay.sty
Package: beamerbaseoverlay 2012/11/11  (rcs-revision 6afbc49b1109)
\beamer@argscount=\count126
\beamer@lastskipcover=\skip44
\beamer@trivlistdepth=\count127
)
(/usr/share/texmf/tex/latex/beamer/base/beamerbasetitle.sty
Package: beamerbasetitle 2010/09/21  (rcs-revision f0446ed0b6ae)
)
(/usr/share/texmf/tex/latex/beamer/base/beamerbasesection.sty
Package: beamerbasesection 2012/11/11  (rcs-revision 0056eef6f17f)
\c@lecture=\count128
\c@part=\count129
\c@section=\count130
\c@subsection=\count131
\c@subsubsection=\count132
)
(/usr/share/texmf/tex/latex/beamer/base/beamerbaseframe.sty
Package: beamerbaseframe 2012/09/13  (rcs-revision dcd846607320)
\beamer@framebox=\box40
\beamer@frametitlebox=\box41
\beamer@zoombox=\box42
\beamer@zoomcount=\count133
\beamer@zoomframecount=\count134
\beamer@frametextheight=\dimen165
\c@subsectionslide=\count135
\beamer@frametopskip=\skip45
\beamer@framebottomskip=\skip46
\beamer@frametopskipautobreak=\skip47
\beamer@framebottomskipautobreak=\skip48
\beamer@envbody=\toks24
\framewidth=\dimen166
\c@framenumber=\count136
)
(/usr/share/texmf/tex/latex/beamer/base/beamerbaseverbatim.sty
Package: beamerbaseverbatim 2012/08/30  (rcs-revision dfdb135076b3)
\beamer@verbatimfileout=\write4
)
(/usr/share/texmf/tex/latex/beamer/base/beamerbaseframesize.sty
Package: beamerbaseframesize 2011/09/12  (rcs-revision 70f9d8411e54)
\beamer@splitbox=\box43
\beamer@autobreakcount=\count137
\beamer@autobreaklastheight=\dimen167
\beamer@frametitletoks=\toks25
\beamer@framesubtitletoks=\toks26
)
(/usr/share/texmf/tex/latex/beamer/base/beamerbaseframecomponents.sty
Package: beamerbaseframecomponents 2012/09/13  (rcs-revision dcd846607320)
\beamer@footins=\box44
)
(/usr/share/texmf/tex/latex/beamer/base/beamerbasecolor.sty
Package: beamerbasecolor 2010/06/06  (rcs-revision d1a9b48be06d)
)
(/usr/share/texmf/tex/latex/beamer/base/beamerbasenotes.sty
Package: beamerbasenotes 2010/05/01  (rcs-revision efa082c6111d)
\beamer@frameboxcopy=\box45
)
(/usr/share/texmf/tex/latex/beamer/base/beamerbasetoc.sty
Package: beamerbasetoc 2012/10/02  (rcs-revision 5ed0f4010e8a)
)
(/usr/share/texmf/tex/latex/beamer/base/beamerbasetemplates.sty
Package: beamerbasetemplates 2010/05/01  (rcs-revision efa082c6111d)
\beamer@sbttoks=\toks27

(/usr/share/texmf/tex/latex/beamer/base/beamerbaseauxtemplates.sty
Package: beamerbaseauxtemplates 2012/05/01  (rcs-revision 67c48b3b652d)

(/usr/share/texmf/tex/latex/beamer/base/beamerbaseboxes.sty
Package: beamerbaseboxes 2012/05/13  (rcs-revision 56972908a390)
\bmb@box=\box46
\bmb@colorbox=\box47
\bmb@boxshadow=\box48
\bmb@boxshadowball=\box49
\bmb@boxshadowballlarge=\box50
\bmb@temp=\dimen168
\bmb@dima=\dimen169
\bmb@dimb=\dimen170
\bmb@prevheight=\dimen171
)
\beamer@blockheadheight=\dimen172
))
(/usr/share/texmf/tex/latex/beamer/base/beamerbaselocalstructure.sty
Package: beamerbaselocalstructure 2012/11/13  (rcs-revision ddfba79dac19)

(/usr/share/texlive/texmf-dist/tex/latex/tools/enumerate.sty
Package: enumerate 1999/03/05 v3.00 enumerate extensions (DPC)
\@enLab=\toks28
)
\c@figure=\count138
\c@table=\count139
\abovecaptionskip=\skip49
\belowcaptionskip=\skip50
)
(/usr/share/texmf/tex/latex/beamer/base/beamerbasenavigation.sty
Package: beamerbasenavigation 2012/04/03  (rcs-revision 42a0f21a412d)
\beamer@section@min@dim=\dimen173
)
(/usr/share/texmf/tex/latex/beamer/base/beamerbasetheorems.sty
Package: beamerbasetheorems 2010/06/06  (rcs-revision 7e7cc5e53e9d)

(/usr/share/texlive/texmf-dist/tex/latex/amsmath/amsmath.sty
Package: amsmath 2013/01/14 v2.14 AMS math features
\@mathmargin=\skip51

For additional information on amsmath, use the `?' option.
(/usr/share/texlive/texmf-dist/tex/latex/amsmath/amstext.sty
Package: amstext 2000/06/29 v2.01

(/usr/share/texlive/texmf-dist/tex/latex/amsmath/amsgen.sty
File: amsgen.sty 1999/11/30 v2.0
\@emptytoks=\toks29
\ex@=\dimen174
))
(/usr/share/texlive/texmf-dist/tex/latex/amsmath/amsbsy.sty
Package: amsbsy 1999/11/29 v1.2d
\pmbraise@=\dimen175
)
(/usr/share/texlive/texmf-dist/tex/latex/amsmath/amsopn.sty
Package: amsopn 1999/12/14 v2.01 operator names
)
\inf@bad=\count140
LaTeX Info: Redefining \frac on input line 210.
\uproot@=\count141
\leftroot@=\count142
LaTeX Info: Redefining \overline on input line 306.
\classnum@=\count143
\DOTSCASE@=\count144
LaTeX Info: Redefining \ldots on input line 378.
LaTeX Info: Redefining \dots on input line 381.
LaTeX Info: Redefining \cdots on input line 466.
\Mathstrutbox@=\box51
\strutbox@=\box52
\big@size=\dimen176
LaTeX Font Info:    Redeclaring font encoding OML on input line 566.
LaTeX Font Info:    Redeclaring font encoding OMS on input line 567.
\macc@depth=\count145
\c@MaxMatrixCols=\count146
\dotsspace@=\muskip11
\c@parentequation=\count147
\dspbrk@lvl=\count148
\tag@help=\toks30
\row@=\count149
\column@=\count150
\maxfields@=\count151
\andhelp@=\toks31
\eqnshift@=\dimen177
\alignsep@=\dimen178
\tagshift@=\dimen179
\tagwidth@=\dimen180
\totwidth@=\dimen181
\lineht@=\dimen182
\@envbody=\toks32
\multlinegap=\skip52
\multlinetaggap=\skip53
\mathdisplay@stack=\toks33
LaTeX Info: Redefining \[ on input line 2665.
LaTeX Info: Redefining \] on input line 2666.
)
(/usr/share/texlive/texmf-dist/tex/latex/amscls/amsthm.sty
Package: amsthm 2004/08/06 v2.20
\thm@style=\toks34
\thm@bodyfont=\toks35
\thm@headfont=\toks36
\thm@notefont=\toks37
\thm@headpunct=\toks38
\thm@preskip=\skip54
\thm@postskip=\skip55
\thm@headsep=\skip56
\dth@everypar=\toks39
)
\c@theorem=\count152
)
(/usr/share/texmf/tex/latex/beamer/base/beamerbasethemes.sty
Package: beamerbasethemes 2010/05/01  (rcs-revision efa082c6111d)
))
(/usr/share/texmf/tex/latex/beamer/base/themes/theme/beamerthemedefault.sty
Package: beamerthemedefault 2010/06/17  (rcs-revision d02a7cf4d8ae)

(/usr/share/texmf/tex/latex/beamer/base/themes/font/beamerfontthemedefault.sty
Package: beamerfontthemedefault 2010/06/17  (rcs-revision d02a7cf4d8ae)
)
(/usr/share/texmf/tex/latex/beamer/base/themes/color/beamercolorthemedefault.st
y
Package: beamercolorthemedefault 2010/06/17  (rcs-revision d02a7cf4d8ae)
)
(/usr/share/texmf/tex/latex/beamer/base/themes/inner/beamerinnerthemedefault.st
y
Package: beamerinnerthemedefault 2012/05/01  (rcs-revision 67c48b3b652d)
\beamer@dima=\dimen183
\beamer@dimb=\dimen184
)
(/usr/share/texmf/tex/latex/beamer/base/themes/outer/beamerouterthemedefault.st
y
Package: beamerouterthemedefault 2012/10/02  (rcs-revision 5ed0f4010e8a)
))) (/usr/share/texmf/tex/latex/beamer/base/themes/theme/beamerthemeWarsaw.sty
Package: beamerthemeWarsaw 2010/06/17  (rcs-revision d02a7cf4d8ae)

(/usr/share/texmf/tex/latex/beamer/base/themes/inner/beamerinnerthemerounded.st
y
Package: beamerinnerthemerounded 2010/06/17  (rcs-revision d02a7cf4d8ae)
)
(/usr/share/texmf/tex/latex/beamer/base/themes/outer/beamerouterthemeshadow.sty
Package: beamerouterthemeshadow 2010/06/17  (rcs-revision d02a7cf4d8ae)
(/usr/share/texmf/tex/latex/beamer/base/themes/outer/beamerouterthemesplit.sty
Package: beamerouterthemesplit 2012/10/16  (rcs-revision 51a8c72084af)
))
(/usr/share/texmf/tex/latex/beamer/base/themes/color/beamercolorthemeorchid.sty
Package: beamercolorthemeorchid 2010/06/17  (rcs-revision d02a7cf4d8ae)
)
(/usr/share/texmf/tex/latex/beamer/base/themes/color/beamercolorthemewhale.sty
Package: beamercolorthemewhale 2010/06/17  (rcs-revision d02a7cf4d8ae)
))
(/usr/share/texmf/tex/latex/beamer/base/themes/color/beamercolorthemebeaver.sty
Package: beamercolorthemebeaver 2010/06/17  (rcs-revision d02a7cf4d8ae)
) (/usr/share/texlive/texmf-dist/tex/latex/base/inputenc.sty
Package: inputenc 2008/03/30 v1.1d Input encoding file
\inpenc@prehook=\toks40
\inpenc@posthook=\toks41

(/usr/share/texlive/texmf-dist/tex/latex/base/latin1.def
File: latin1.def 2008/03/30 v1.1d Input encoding file
))
(/usr/share/texlive/texmf-dist/tex/generic/babel/babel.sty
Package: babel 2013/12/03 3.9h The Babel package

(/usr/share/texlive/texmf-dist/tex/generic/babel-greek/greek.ldf
Language: greek 2013/12/03 v1.8a Greek support for the babel system

(/usr/share/texlive/texmf-dist/tex/generic/babel/babel.def
File: babel.def 2013/12/03 3.9h Babel common definitions
LaTeX Info: Redefining \textlatin on input line 137.
\babel@savecnt=\count153
\U@D=\dimen185
)
(/usr/share/texlive/texmf-dist/tex/latex/greek-fontenc/lgrenc.def
File: lgrenc.def 2013/07/16 v0.9 LGR Greek font encoding definitions

(/usr/share/texlive/texmf-dist/tex/latex/greek-fontenc/greek-fontenc.def
File: greek-fontenc.def 2013/11/28 v0.11 Common Greek font encoding definitions

)))
(/usr/share/texlive/texmf-dist/tex/generic/babel-spanish/spanish.ldf
Language: spanish.ldf 2014/01/29 v5.0m Spanish support from the babel system
\es@datefmt=\count154
\es@quottoks=\toks42
\es@quotdepth=\count155
Package babel Info: Making " an active character on input line 496.
Package babel Info: Making . an active character on input line 599.
Package babel Info: Making < an active character on input line 644.
Package babel Info: Making > an active character on input line 644.
))
(/usr/share/texlive/texmf-dist/tex/latex/acronym/acronym.sty
Package: acronym 2012/10/29 v1.38 Support for acronyms (Tobias Oetiker)

(/usr/share/texlive/texmf-dist/tex/latex/bigfoot/suffix.sty
Package: suffix 2006/07/15 1.5 Variant command support
)
(/usr/share/texlive/texmf-dist/tex/generic/xstring/xstring.sty
(/usr/share/texlive/texmf-dist/tex/generic/xstring/xstring.tex
\@xs@message=\write5
\integerpart=\count156
\decimalpart=\count157
)
Package: xstring 2013/10/13  v1.7c  String manipulations (C Tellechea)
)
\AC@clearlist=\toks43
)
(/usr/share/texlive/texmf-dist/tex/latex/oberdiek/epstopdf.sty
Package: epstopdf 2010/02/09 v2.5 Conversion with epstopdf on the fly (HO)

(/usr/share/texlive/texmf-dist/tex/latex/oberdiek/epstopdf-base.sty
Package: epstopdf-base 2010/02/09 v2.5 Base part for package epstopdf

(/usr/share/texlive/texmf-dist/tex/latex/oberdiek/grfext.sty
Package: grfext 2010/08/19 v1.1 Manage graphics extensions (HO)
)
Package grfext Info: Graphics extension search list:
(grfext)             [.png,.pdf,.jpg,.mps,.jpeg,.jbig2,.jb2,.PNG,.PDF,.JPG,.JPE
G,.JBIG2,.JB2,.eps]
(grfext)             \AppendGraphicsExtensions on input line 452.

(/usr/share/texlive/texmf-dist/tex/latex/latexconfig/epstopdf-sys.cfg
File: epstopdf-sys.cfg 2010/07/13 v1.3 Configuration of (r)epstopdf for TeX Liv
e
)))
(/usr/share/texlive/texmf-dist/tex/latex/tools/multicol.sty
Package: multicol 2011/06/27 v1.7a multicolumn formatting (FMi)
\c@tracingmulticols=\count158
\mult@box=\box53
\multicol@leftmargin=\dimen186
\c@unbalance=\count159
\c@collectmore=\count160
\doublecol@number=\count161
\multicoltolerance=\count162
\multicolpretolerance=\count163
\full@width=\dimen187
\page@free=\dimen188
\premulticols=\dimen189
\postmulticols=\dimen190
\multicolsep=\skip57
\multicolbaselineskip=\skip58
\partial@page=\box54
\last@line=\box55
\mult@rightbox=\box56
\mult@grightbox=\box57
\mult@gfirstbox=\box58
\mult@firstbox=\box59
\@tempa=\box60
\@tempa=\box61
\@tempa=\box62
\@tempa=\box63
\@tempa=\box64
\@tempa=\box65
\@tempa=\box66
\@tempa=\box67
\@tempa=\box68
\@tempa=\box69
\@tempa=\box70
\@tempa=\box71
\@tempa=\box72
\@tempa=\box73
\@tempa=\box74
\@tempa=\box75
\@tempa=\box76
\c@columnbadness=\count164
\c@finalcolumnbadness=\count165
\last@try=\dimen191
\multicolovershoot=\dimen192
\multicolundershoot=\dimen193
\mult@nat@firstbox=\box77
\colbreak@box=\box78
\multicol@sort@counter=\count166
)
(/usr/share/texlive/texmf-dist/tex/latex/multirow/multirow.sty
\bigstrutjot=\dimen194
)
(/usr/share/texlive/texmf-dist/tex/latex/appendix/appendix.sty
Package: appendix 2009/09/02 v1.2b extra appendix facilities
\c@@pps=\count167
\c@@ppsavesec=\count168
\c@@ppsaveapp=\count169
)
(/usr/share/texlive/texmf-dist/tex/latex/oberdiek/pdflscape.sty
Package: pdflscape 2008/08/11 v0.10 Display of landscape pages in PDF (HO)

(/usr/share/texlive/texmf-dist/tex/latex/graphics/lscape.sty
Package: lscape 2000/10/22 v3.01 Landscape Pages (DPC)
)
Package pdflscape Info: Auto-detected driver: pdftex on input line 80.
)
(/usr/share/texlive/texmf-dist/tex/latex/natbib/natbib.sty
Package: natbib 2010/09/13 8.31b (PWD, AO)
\bibhang=\skip59
\bibsep=\skip60
LaTeX Info: Redefining \cite on input line 694.
\c@NAT@ctr=\count170
)
(/usr/share/texlive/texmf-dist/tex/latex/rotating/rotating.sty
Package: rotating 2009/03/28 v2.16a rotated objects in LaTeX

(/usr/share/texlive/texmf-dist/tex/latex/base/ifthen.sty
Package: ifthen 2001/05/26 v1.1c Standard LaTeX ifthen package (DPC)
)
\c@r@tfl@t=\count171
\rotFPtop=\skip61
\rotFPbot=\skip62
\rot@float@box=\box79
\rot@mess@toks=\toks44
)
(/usr/share/texlive/texmf-dist/tex/latex/bclogo/bclogo.sty
Package: bclogo 2011/07/06 v2.26

(/usr/share/texlive/texmf-dist/tex/latex/xkeyval/xkeyval.sty
Package: xkeyval 2012/10/14 v2.6b package option processing (HA)

(/usr/share/texlive/texmf-dist/tex/generic/xkeyval/xkeyval.tex
\XKV@toks=\toks45
\XKV@tempa@toks=\toks46
\XKV@depth=\count172
File: xkeyval.tex 2012/10/14 v2.6b key=value parser (HA)
))
\logowidth=\skip63

(/usr/share/texmf/tex/latex/pgf/frontendlayer/tikz.sty
(/usr/share/texmf/tex/latex/pgf/basiclayer/pgf.sty
Package: pgf 2008/01/15 v2.10 (rcs-revision 1.12)

(/usr/share/texmf/tex/generic/pgf/modules/pgfmoduleshapes.code.tex
File: pgfmoduleshapes.code.tex 2010/09/09  (rcs-revision 1.13)
\pgfnodeparttextbox=\box80
)
(/usr/share/texmf/tex/generic/pgf/modules/pgfmoduleplot.code.tex
File: pgfmoduleplot.code.tex 2010/10/22  (rcs-revision 1.8)
)
(/usr/share/texmf/tex/latex/pgf/compatibility/pgfcomp-version-0-65.sty
Package: pgfcomp-version-0-65 2007/07/03 v2.10 (rcs-revision 1.7)
\pgf@nodesepstart=\dimen195
\pgf@nodesepend=\dimen196
)
(/usr/share/texmf/tex/latex/pgf/compatibility/pgfcomp-version-1-18.sty
Package: pgfcomp-version-1-18 2007/07/23 v2.10 (rcs-revision 1.1)
))
(/usr/share/texmf/tex/latex/pgf/utilities/pgffor.sty
(/usr/share/texmf/tex/latex/pgf/utilities/pgfkeys.sty
(/usr/share/texmf/tex/generic/pgf/utilities/pgfkeys.code.tex))
(/usr/share/texmf/tex/generic/pgf/utilities/pgffor.code.tex
Package: pgffor 2010/03/23 v2.10 (rcs-revision 1.18)
\pgffor@iter=\dimen197
\pgffor@skip=\dimen198
\pgffor@stack=\toks47
\pgffor@toks=\toks48
))
(/usr/share/texmf/tex/generic/pgf/frontendlayer/tikz/tikz.code.tex
Package: tikz 2010/10/13 v2.10 (rcs-revision 1.76)

(/usr/share/texmf/tex/generic/pgf/libraries/pgflibraryplothandlers.code.tex
File: pgflibraryplothandlers.code.tex 2010/05/31 v2.10 (rcs-revision 1.15)
\pgf@plot@mark@count=\count173
\pgfplotmarksize=\dimen199
)
\tikz@lastx=\dimen200
\tikz@lasty=\dimen201
\tikz@lastxsaved=\dimen202
\tikz@lastysaved=\dimen203
\tikzleveldistance=\dimen204
\tikzsiblingdistance=\dimen205
\tikz@figbox=\box81
\tikz@tempbox=\box82
\tikztreelevel=\count174
\tikznumberofchildren=\count175
\tikznumberofcurrentchild=\count176
\tikz@fig@count=\count177

(/usr/share/texmf/tex/generic/pgf/modules/pgfmodulematrix.code.tex
File: pgfmodulematrix.code.tex 2010/08/24  (rcs-revision 1.4)
\pgfmatrixcurrentrow=\count178
\pgfmatrixcurrentcolumn=\count179
\pgf@matrix@numberofcolumns=\count180
)
\tikz@expandcount=\count181

(/usr/share/texmf/tex/generic/pgf/frontendlayer/tikz/libraries/tikzlibrarytopat
hs.code.tex
File: tikzlibrarytopaths.code.tex 2008/06/17 v2.10 (rcs-revision 1.2)
)))
(/usr/share/texmf/tex/generic/pgf/frontendlayer/tikz/libraries/tikzlibraryshado
ws.code.tex
File: tikzlibraryshadows.code.tex 2008/01/13 v2.10 (rcs-revision 1.3)

(/usr/share/texmf/tex/generic/pgf/frontendlayer/tikz/libraries/tikzlibraryfadin
gs.code.tex
File: tikzlibraryfadings.code.tex 2009/11/15 v2.10 (rcs-revision 1.2)

(/usr/share/texmf/tex/generic/pgf/libraries/pgflibraryfadings.code.tex
File: pgflibraryfadings.code.tex 2008/02/07 v2.10 (rcs-revision 1.3)
)))
(/usr/share/texmf/tex/generic/pgf/frontendlayer/tikz/libraries/tikzlibrarydecor
ations.pathmorphing.code.tex
(/usr/share/texmf/tex/generic/pgf/frontendlayer/tikz/libraries/tikzlibrarydecor
ations.code.tex
(/usr/share/texmf/tex/generic/pgf/modules/pgfmoduledecorations.code.tex
\pgfdecoratedcompleteddistance=\dimen206
\pgfdecoratedremainingdistance=\dimen207
\pgfdecoratedinputsegmentcompleteddistance=\dimen208
\pgfdecoratedinputsegmentremainingdistance=\dimen209
\pgf@decorate@distancetomove=\dimen210
\pgf@decorate@repeatstate=\count182
\pgfdecorationsegmentamplitude=\dimen211
\pgfdecorationsegmentlength=\dimen212
)
\tikz@lib@dec@box=\box83
)
(/usr/share/texmf/tex/generic/pgf/libraries/decorations/pgflibrarydecorations.p
athmorphing.code.tex))
\c@bclogocompteur=\count183
\bcval@epBarre=\skip64
\bcval@framesep=\skip65
\bcval@tailleOndu=\skip66
\bcval@borderWidth=\skip67
\bc@envbox=\box84
\bc@invbox=\box85
\bc@invboxh=\skip68
\bc@invboxd=\skip69
)
Package grfext Info: Graphics extension search list:
(grfext)             [.mps,.png,.pdf,.jpg,.mps,.jpeg,.jbig2,.jb2,.PNG,.PDF,.JPG
,.JPEG,.JBIG2,.JB2,.eps,.gif]
(grfext)             \AppendGraphicsExtensions on input line 36.
 (./2018_tablero_instrumentos_presentacion.aux
LaTeX Info: Redefining \. on input line 26.
LaTeX Info: Redefining \% on input line 26.
LaTeX Font Info:    Try loading font information for LGR+cmr on input line 58.

(/usr/share/texlive/texmf-dist/tex/latex/cbfonts-fd/lgrcmr.fd
File: lgrcmr.fd 2013/09/01 v1.0 Greek European Computer Regular
)
LaTeX Info: Redefining \. on input line 62.
LaTeX Info: Redefining \% on input line 62.
LaTeX Info: Redefining \. on input line 70.
LaTeX Info: Redefining \% on input line 70.
)
\openout1 = `2018_tablero_instrumentos_presentacion.aux'.

LaTeX Font Info:    Checking defaults for OML/cmm/m/it on input line 75.
LaTeX Font Info:    ... okay on input line 75.
LaTeX Font Info:    Checking defaults for T1/cmr/m/n on input line 75.
LaTeX Font Info:    ... okay on input line 75.
LaTeX Font Info:    Checking defaults for OT1/cmr/m/n on input line 75.
LaTeX Font Info:    ... okay on input line 75.
LaTeX Font Info:    Checking defaults for OMS/cmsy/m/n on input line 75.
LaTeX Font Info:    ... okay on input line 75.
LaTeX Font Info:    Checking defaults for OMX/cmex/m/n on input line 75.
LaTeX Font Info:    ... okay on input line 75.
LaTeX Font Info:    Checking defaults for U/cmr/m/n on input line 75.
LaTeX Font Info:    ... okay on input line 75.
LaTeX Font Info:    Checking defaults for PD1/pdf/m/n on input line 75.
LaTeX Font Info:    ... okay on input line 75.
LaTeX Font Info:    Checking defaults for LGR/cmr/m/n on input line 75.
LaTeX Font Info:    ... okay on input line 75.

*geometry* driver: auto-detecting
*geometry* detected driver: pdftex
*geometry* verbose mode - [ preamble ] result:
* driver: pdftex
* paper: custom
* layout: <same size as paper>
* layoutoffset:(h,v)=(0.0pt,0.0pt)
* modes: includehead includefoot 
* h-part:(L,W,R)=(28.45274pt, 307.28987pt, 28.45274pt)
* v-part:(T,H,B)=(0.0pt, 273.14662pt, 0.0pt)
* \paperwidth=364.19536pt
* \paperheight=273.14662pt
* \textwidth=307.28987pt
* \textheight=244.6939pt
* \oddsidemargin=-43.81725pt
* \evensidemargin=-43.81725pt
* \topmargin=-72.26999pt
* \headheight=14.22636pt
* \headsep=0.0pt
* \topskip=9.0pt
* \footskip=14.22636pt
* \marginparwidth=4.0pt
* \marginparsep=10.0pt
* \columnsep=10.0pt
* \skip\footins=7.0pt plus 4.0pt minus 2.0pt
* \hoffset=0.0pt
* \voffset=0.0pt
* \mag=1000
* \@twocolumnfalse
* \@twosidefalse
* \@mparswitchfalse
* \@reversemarginfalse
* (1in=72.27pt=25.4mm, 1cm=28.453pt)

(/usr/share/texlive/texmf-dist/tex/context/base/supp-pdf.mkii
[Loading MPS to PDF converter (version 2006.09.02).]
\scratchcounter=\count184
\scratchdimen=\dimen213
\scratchbox=\box86
\nofMPsegments=\count185
\nofMParguments=\count186
\everyMPshowfont=\toks49
\MPscratchCnt=\count187
\MPscratchDim=\dimen214
\MPnumerator=\count188
\makeMPintoPDFobject=\count189
\everyMPtoPDFconversion=\toks50
) ABD: EveryShipout initializing macros
\AtBeginShipoutBox=\box87
Package hyperref Info: Link coloring OFF on input line 75.

(/usr/share/texlive/texmf-dist/tex/latex/hyperref/nameref.sty
Package: nameref 2012/10/27 v2.43 Cross-referencing by name of section

(/usr/share/texlive/texmf-dist/tex/generic/oberdiek/gettitlestring.sty
Package: gettitlestring 2010/12/03 v1.4 Cleanup title references (HO)
)
\c@section@level=\count190
)
LaTeX Info: Redefining \ref on input line 75.
LaTeX Info: Redefining \pageref on input line 75.
LaTeX Info: Redefining \nameref on input line 75.

(./2018_tablero_instrumentos_presentacion.out)
(./2018_tablero_instrumentos_presentacion.out)
\@outlinefile=\write6
\openout6 = `2018_tablero_instrumentos_presentacion.out'.

LaTeX Font Info:    Overwriting symbol font `operators' in version `normal'
(Font)                  OT1/cmr/m/n --> OT1/cmss/m/n on input line 75.
LaTeX Font Info:    Overwriting symbol font `operators' in version `bold'
(Font)                  OT1/cmr/bx/n --> OT1/cmss/bx/n on input line 75.
\symnumbers=\mathgroup6
\sympureletters=\mathgroup7
LaTeX Font Info:    Overwriting math alphabet `\mathrm' in version `normal'
(Font)                  OT1/cmss/m/n --> OT1/cmr/m/n on input line 75.
LaTeX Font Info:    Redeclaring math alphabet \mathbf on input line 75.
LaTeX Font Info:    Overwriting math alphabet `\mathbf' in version `normal'
(Font)                  OT1/cmr/bx/n --> OT1/cmss/bx/n on input line 75.
LaTeX Font Info:    Overwriting math alphabet `\mathbf' in version `bold'
(Font)                  OT1/cmr/bx/n --> OT1/cmss/bx/n on input line 75.
LaTeX Font Info:    Redeclaring math alphabet \mathsf on input line 75.
LaTeX Font Info:    Overwriting math alphabet `\mathsf' in version `normal'
(Font)                  OT1/cmss/m/n --> OT1/cmss/m/n on input line 75.
LaTeX Font Info:    Overwriting math alphabet `\mathsf' in version `bold'
(Font)                  OT1/cmss/bx/n --> OT1/cmss/m/n on input line 75.
LaTeX Font Info:    Redeclaring math alphabet \mathit on input line 75.
LaTeX Font Info:    Overwriting math alphabet `\mathit' in version `normal'
(Font)                  OT1/cmr/m/it --> OT1/cmss/m/it on input line 75.
LaTeX Font Info:    Overwriting math alphabet `\mathit' in version `bold'
(Font)                  OT1/cmr/bx/it --> OT1/cmss/m/it on input line 75.
LaTeX Font Info:    Redeclaring math alphabet \mathtt on input line 75.
LaTeX Font Info:    Overwriting math alphabet `\mathtt' in version `normal'
(Font)                  OT1/cmtt/m/n --> OT1/cmtt/m/n on input line 75.
LaTeX Font Info:    Overwriting math alphabet `\mathtt' in version `bold'
(Font)                  OT1/cmtt/m/n --> OT1/cmtt/m/n on input line 75.
LaTeX Font Info:    Overwriting symbol font `numbers' in version `bold'
(Font)                  OT1/cmss/m/n --> OT1/cmss/bx/n on input line 75.
LaTeX Font Info:    Overwriting symbol font `pureletters' in version `bold'
(Font)                  OT1/cmss/m/it --> OT1/cmss/bx/it on input line 75.
LaTeX Font Info:    Overwriting math alphabet `\mathrm' in version `bold'
(Font)                  OT1/cmss/bx/n --> OT1/cmr/bx/n on input line 75.
LaTeX Font Info:    Overwriting math alphabet `\mathbf' in version `bold'
(Font)                  OT1/cmss/bx/n --> OT1/cmss/bx/n on input line 75.
LaTeX Font Info:    Overwriting math alphabet `\mathsf' in version `bold'
(Font)                  OT1/cmss/m/n --> OT1/cmss/bx/n on input line 75.
LaTeX Font Info:    Overwriting math alphabet `\mathit' in version `bold'
(Font)                  OT1/cmss/m/it --> OT1/cmss/bx/it on input line 75.
LaTeX Font Info:    Overwriting math alphabet `\mathtt' in version `bold'
(Font)                  OT1/cmtt/m/n --> OT1/cmtt/bx/n on input line 75.

(/usr/share/texmf/tex/latex/beamer/base/translator/dicts/translator-basic-dicti
onary/translator-basic-dictionary-English.dict
Dictionary: translator-basic-dictionary, Language: English 
)
(/usr/share/texmf/tex/latex/beamer/base/translator/dicts/translator-bibliograph
y-dictionary/translator-bibliography-dictionary-English.dict
Dictionary: translator-bibliography-dictionary, Language: English 
)
(/usr/share/texmf/tex/latex/beamer/base/translator/dicts/translator-environment
-dictionary/translator-environment-dictionary-English.dict
Dictionary: translator-environment-dictionary, Language: English 
)
(/usr/share/texmf/tex/latex/beamer/base/translator/dicts/translator-months-dict
ionary/translator-months-dictionary-English.dict
Dictionary: translator-months-dictionary, Language: English 
)
(/usr/share/texmf/tex/latex/beamer/base/translator/dicts/translator-numbers-dic
tionary/translator-numbers-dictionary-English.dict
Dictionary: translator-numbers-dictionary, Language: English 
)
(/usr/share/texmf/tex/latex/beamer/base/translator/dicts/translator-theorem-dic
tionary/translator-theorem-dictionary-English.dict
Dictionary: translator-theorem-dictionary, Language: English 
)
LaTeX Info: Redefining \includegraphics on input line 75.
LaTeX Info: Redefining \. on input line 75.
LaTeX Info: Redefining \% on input line 75.

(./2018_tablero_instrumentos_presentacion.nav)
<imagenes/logos/400-anios.png, id=61, 183.68625pt x 332.24126pt>
File: imagenes/logos/400-anios.png Graphic file (type png)

<use imagenes/logos/400-anios.png>
Package pdftex.def Info: imagenes/logos/400-anios.png used on input line 80.
(pdftex.def)             Requested size: 23.59415pt x 42.67912pt.

<imagenes/logos/logoUNC.png, id=63, 399.6531pt x 126.9543pt>
File: imagenes/logos/logoUNC.png Graphic file (type png)

<use imagenes/logos/logoUNC.png>
Package pdftex.def Info: imagenes/logos/logoUNC.png used on input line 80.
(pdftex.def)             Requested size: 89.56436pt x 28.45274pt.

<imagenes/logos/fcefyn.png, id=64, 1112.155pt x 562.1pt>
File: imagenes/logos/fcefyn.png Graphic file (type png)

<use imagenes/logos/fcefyn.png>
Package pdftex.def Info: imagenes/logos/fcefyn.png used on input line 80.
(pdftex.def)             Requested size: 56.28981pt x 28.45274pt.

<imagenes/logos/dpto-aero-logo.png, id=65, 508.90125pt x 190.7125pt>
File: imagenes/logos/dpto-aero-logo.png Graphic file (type png)

<use imagenes/logos/dpto-aero-logo.png>
Package pdftex.def Info: imagenes/logos/dpto-aero-logo.png used on input line 8
0.
(pdftex.def)             Requested size: 75.92033pt x 28.45274pt.
 [1

{/var/lib/texmf/fonts/map/pdftex/updmap/pdftex.map} <./imagenes/logos/400-anios
.png> <./imagenes/logos/logoUNC.png> <./imagenes/logos/fcefyn.png> <./imagenes/
logos/dpto-aero-logo.png>]
(./2018_tablero_instrumentos_presentacion.toc
LaTeX Info: Redefining \. on input line 2.
LaTeX Info: Redefining \% on input line 2.
LaTeX Font Info:    Try loading font information for LGR+cmss on input line 7.

(/usr/share/texlive/texmf-dist/tex/latex/cbfonts-fd/lgrcmss.fd
File: lgrcmss.fd 2013/09/01 v1.0 Greek European Computer Sans Serif
)
LaTeX Info: Redefining \. on input line 8.
LaTeX Info: Redefining \% on input line 8.
LaTeX Info: Redefining \. on input line 10.
LaTeX Info: Redefining \% on input line 10.
)

LaTeX Font Warning: Font shape `OT1/cmss/m/n' in size <4> not available
(Font)              size <5> substituted on input line 106.

[2

] (./2018_tablero_instrumentos_presentacion.toc
LaTeX Info: Redefining \. on input line 2.
LaTeX Info: Redefining \% on input line 2.
LaTeX Info: Redefining \. on input line 8.
LaTeX Info: Redefining \% on input line 8.
LaTeX Info: Redefining \. on input line 10.
LaTeX Info: Redefining \% on input line 10.
) [3

]
(./tex/01.01.v2018.intro.estudio.instrumentos.tex
LaTeX Font Info:    Try loading font information for U+msa on input line 35.

(/usr/share/texlive/texmf-dist/tex/latex/amsfonts/umsa.fd
File: umsa.fd 2013/01/14 v3.01 AMS symbols A
)
LaTeX Font Info:    Try loading font information for U+msb on input line 35.

(/usr/share/texlive/texmf-dist/tex/latex/amsfonts/umsb.fd
File: umsb.fd 2013/01/14 v3.01 AMS symbols B
)
<imagenes/1.1.introduccion/problema_soft.jpg, id=203, 337.26pt x 338.26375pt>
File: imagenes/1.1.introduccion/problema_soft.jpg Graphic file (type jpg)

<use imagenes/1.1.introduccion/problema_soft.jpg>
Package pdftex.def Info: imagenes/1.1.introduccion/problema_soft.jpg used on in
put line 35.
(pdftex.def)             Requested size: 153.64493pt x 154.10637pt.
 [4

 <./imagenes/1.1.introduccion/problema_soft.jpg>]
<tikz/01_sistema_instrumentos.png, id=243, 1494.58376pt x 1056.94875pt>
File: tikz/01_sistema_instrumentos.png Graphic file (type png)

<use tikz/01_sistema_instrumentos.png>
Package pdftex.def Info: tikz/01_sistema_instrumentos.png used on input line 61
.
(pdftex.def)             Requested size: 153.64493pt x 108.65244pt.

<tikz/01_transmision_informacion.png, id=244, 673.717pt x 305.14pt>
File: tikz/01_transmision_informacion.png Graphic file (type png)

<use tikz/01_transmision_informacion.png>
Package pdftex.def Info: tikz/01_transmision_informacion.png used on input line
 61.
(pdftex.def)             Requested size: 153.64493pt x 69.5894pt.
 [5

 <./tikz/01_sistema_instrumentos.png> <./tikz/01_transmision_informacion.png>] 
(./tex/01.01.01.ergonomia.tex
LaTeX Info: Redefining \. on input line 27.
LaTeX Info: Redefining \% on input line 27.
LaTeX Info: Redefining \. on input line 27.
LaTeX Info: Redefining \% on input line 27.

[6

] [7

]
<imagenes/1.1.introduccion/modelo_procesamiento_informacion.png, id=356, 251.49
96pt x 242.1045pt>
File: imagenes/1.1.introduccion/modelo_procesamiento_informacion.png Graphic fi
le (type png)

<use imagenes/1.1.introduccion/modelo_procesamiento_informacion.png>
Package pdftex.def Info: imagenes/1.1.introduccion/modelo_procesamiento_informa
cion.png used on input line 62.
(pdftex.def)             Requested size: 184.3758pt x 177.49582pt.
 [8

 <./imagenes/1.1.introduccion/modelo_procesamiento_informacion.png (PNG copy)>]

[9

] [10

] <tikz/01-03-loop-persona-maquina.png, id=458, 966.812pt x 354.926pt>
File: tikz/01-03-loop-persona-maquina.png Graphic file (type png)

<use tikz/01-03-loop-persona-maquina.png>
Package pdftex.def Info: tikz/01-03-loop-persona-maquina.png used on input line
 94.
(pdftex.def)             Requested size: 138.2795pt x 50.76161pt.
 [11

 <./tikz/01-03-loop-persona-maquina.png>]) (./tex/01.01.02.formas.presentacion.
informacion.tex [12

]
<imagenes/1.2.clasificacion.instrumentos/escala_circular_cuantitativa.png, id=5
31, 501.37312pt x 225.09094pt>
File: imagenes/1.2.clasificacion.instrumentos/escala_circular_cuantitativa.png 
Graphic file (type png)

<use imagenes/1.2.clasificacion.instrumentos/escala_circular_cuantitativa.png>
Package pdftex.def Info: imagenes/1.2.clasificacion.instrumentos/escala_circula
r_cuantitativa.png used on input line 38.
(pdftex.def)             Requested size: 138.2795pt x 62.0805pt.

<imagenes/1.2.clasificacion.instrumentos/escala_circular_lineal_no_lineal.png, 
id=532, 531.48563pt x 371.13657pt>
File: imagenes/1.2.clasificacion.instrumentos/escala_circular_lineal_no_lineal.
png Graphic file (type png)

<use imagenes/1.2.clasificacion.instrumentos/escala_circular_lineal_no_lineal.p
ng>
Package pdftex.def Info: imagenes/1.2.clasificacion.instrumentos/escala_circula
r_lineal_no_lineal.png used on input line 38.
(pdftex.def)             Requested size: 138.2795pt x 96.56117pt.

Overfull \hbox (13.80493pt too wide) in paragraph at lines 38--38
[][]  
 []

[13

 <./imagenes/1.2.clasificacion.instrumentos/escala_circular_cuantitativa.png> <
./imagenes/1.2.clasificacion.instrumentos/escala_circular_lineal_no_lineal.png>
]
<imagenes/1.2.clasificacion.instrumentos/escala_gran_alcance.png, id=567, 559.3
3969pt x 511.15968pt>
File: imagenes/1.2.clasificacion.instrumentos/escala_gran_alcance.png Graphic f
ile (type png)

<use imagenes/1.2.clasificacion.instrumentos/escala_gran_alcance.png>
Package pdftex.def Info: imagenes/1.2.clasificacion.instrumentos/escala_gran_al
cance.png used on input line 53.
(pdftex.def)             Requested size: 138.2795pt x 126.37006pt.

<imagenes/1.2.clasificacion.instrumentos/longitudinal.png, id=568, 257.46187pt 
x 411.03563pt>
File: imagenes/1.2.clasificacion.instrumentos/longitudinal.png Graphic file (ty
pe png)
 <use imagenes/1.2.clasificacion.instrumentos/longitudinal.png>
Package pdftex.def Info: imagenes/1.2.clasificacion.instrumentos/longitudinal.p
ng used on input line 53.
(pdftex.def)             Requested size: 107.55333pt x 171.70554pt.

[14

 <./imagenes/1.2.clasificacion.instrumentos/escala_gran_alcance.png> <./imagene
s/1.2.clasificacion.instrumentos/longitudinal.png>]
<imagenes/1.2.clasificacion.instrumentos/director.png, id=602, 520.94624pt x 56
9.12625pt>
File: imagenes/1.2.clasificacion.instrumentos/director.png Graphic file (type p
ng)
 <use imagenes/1.2.clasificacion.instrumentos/director.png>
Package pdftex.def Info: imagenes/1.2.clasificacion.instrumentos/director.png u
sed on input line 67.
(pdftex.def)             Requested size: 138.2795pt x 151.06958pt.

<imagenes/1.2.clasificacion.instrumentos/terminator_hud.png, id=603, 513.92pt x
 289.08pt>
File: imagenes/1.2.clasificacion.instrumentos/terminator_hud.png Graphic file (
type png)
 <use imagenes/1.2.clasificacion.instrumentos/terminator_hud.png>
Package pdftex.def Info: imagenes/1.2.clasificacion.instrumentos/terminator_hud
.png used on input line 67.
(pdftex.def)             Requested size: 153.64493pt x 86.42471pt.

Overfull \hbox (29.17036pt too wide) in paragraph at lines 67--67
[][]  
 []

[15

 <./imagenes/1.2.clasificacion.instrumentos/director.png> <./imagenes/1.2.clasi
ficacion.instrumentos/terminator_hud.png>]
<imagenes/Video.png, id=638, 513.92pt x 513.92pt>
File: imagenes/Video.png Graphic file (type png)
 <use imagenes/Video.png>
Package pdftex.def Info: imagenes/Video.png used on input line 85.
(pdftex.def)             Requested size: 30.73085pt x 30.72408pt.

<imagenes/1.2.clasificacion.instrumentos/hud.jpg, id=640, 547.3248pt x 328.5876
pt>
File: imagenes/1.2.clasificacion.instrumentos/hud.jpg Graphic file (type jpg)
 <use imagenes/1.2.clasificacion.instrumentos/hud.jpg>
Package pdftex.def Info: imagenes/1.2.clasificacion.instrumentos/hud.jpg used o
n input line 85.
(pdftex.def)             Requested size: 138.2795pt x 83.01408pt.

<imagenes/1.2.clasificacion.instrumentos/viper_11.png, id=641, 1445.4pt x 813.0
375pt>
File: imagenes/1.2.clasificacion.instrumentos/viper_11.png Graphic file (type p
ng)
 <use imagenes/1.2.clasificacion.instrumentos/viper_11.png>
Package pdftex.def Info: imagenes/1.2.clasificacion.instrumentos/viper_11.png u
sed on input line 85.
(pdftex.def)             Requested size: 153.64493pt x 86.41975pt.

Overfull \hbox (29.17036pt too wide) in paragraph at lines 85--85
[][]  
 []

[16

 <./imagenes/Video.png> <./imagenes/1.2.clasificacion.instrumentos/hud.jpg> <./
imagenes/1.2.clasificacion.instrumentos/viper_11.png>]
File: imagenes/Video.png Graphic file (type png)

<use imagenes/Video.png>
Package pdftex.def Info: imagenes/Video.png used on input line 104.
(pdftex.def)             Requested size: 30.73085pt x 30.72408pt.

<imagenes/1.2.clasificacion.instrumentos/EFVS_Photo.jpg, id=677, 295.3434pt x 1
95.129pt>
File: imagenes/1.2.clasificacion.instrumentos/EFVS_Photo.jpg Graphic file (type
 jpg)
 <use imagenes/1.2.clasificacion.instrumentos/EFVS_Photo.jpg>
Package pdftex.def Info: imagenes/1.2.clasificacion.instrumentos/EFVS_Photo.jpg
 used on input line 104.
(pdftex.def)             Requested size: 138.2795pt x 91.36227pt.

<imagenes/1.2.clasificacion.instrumentos/efvs.jpg, id=678, 632.3625pt x 353.821
87pt>
File: imagenes/1.2.clasificacion.instrumentos/efvs.jpg Graphic file (type jpg)
 <use imagenes/1.2.clasificacion.instrumentos/efvs.jpg>
Package pdftex.def Info: imagenes/1.2.clasificacion.instrumentos/efvs.jpg used 
on input line 104.
(pdftex.def)             Requested size: 138.2795pt x 77.36594pt.

Overfull \hbox (13.80493pt too wide) in paragraph at lines 104--104
[][]  
 []

[17

 <./imagenes/1.2.clasificacion.instrumentos/EFVS_Photo.jpg> <./imagenes/1.2.cla
sificacion.instrumentos/efvs.jpg>]))
(./tex/01.02.2018.clasificacion.instrumentos.tex [18

]
<imagenes/1.2.clasificacion.instrumentos/tipos_instrumentos.png, id=747, 443.40
656pt x 468.24937pt>
File: imagenes/1.2.clasificacion.instrumentos/tipos_instrumentos.png Graphic fi
le (type png)

<use imagenes/1.2.clasificacion.instrumentos/tipos_instrumentos.png>
Package pdftex.def Info: imagenes/1.2.clasificacion.instrumentos/tipos_instrume
ntos.png used on input line 31.
(pdftex.def)             Requested size: 153.64493pt x 162.25354pt.

<imagenes/1.2.clasificacion.instrumentos/glass_cockpit.jpg, id=748, 1027.84pt x
 686.565pt>
File: imagenes/1.2.clasificacion.instrumentos/glass_cockpit.jpg Graphic file (t
ype jpg)
 <use imagenes/1.2.clasificacion.instrumentos/glass_cockpit.jpg>
Package pdftex.def Info: imagenes/1.2.clasificacion.instrumentos/glass_cockpit.
jpg used on input line 31.
(pdftex.def)             Requested size: 153.64493pt x 102.62411pt.

[19

 <./imagenes/1.2.clasificacion.instrumentos/tipos_instrumentos.png> <./imagenes
/1.2.clasificacion.instrumentos/glass_cockpit.jpg>] [20

])
(./tex/01.03.distribucion.normalizada.instrumental.en.tablero.tex
<imagenes/libro.png, id=815, 200.75pt x 200.75pt>
File: imagenes/libro.png Graphic file (type png)
 <use imagenes/libro.png>
Package pdftex.def Info: imagenes/libro.png used on input line 29.
(pdftex.def)             Requested size: 30.73085pt x 30.72995pt.

<imagenes/www-logo.png, id=817, 1606.0pt x 1003.75pt>
File: imagenes/www-logo.png Graphic file (type png)

<use imagenes/www-logo.png>
Package pdftex.def Info: imagenes/www-logo.png used on input line 29.
(pdftex.def)             Requested size: 46.0916pt x 28.79402pt.
 [21

 <./imagenes/libro.png> <./imagenes/www-logo.png>]
<imagenes/1.3.distribucion.normalizada.instrumental.en.tablero/6_pack.png, id=8
56, 534.99875pt x 376.40625pt>
File: imagenes/1.3.distribucion.normalizada.instrumental.en.tablero/6_pack.png 
Graphic file (type png)

<use imagenes/1.3.distribucion.normalizada.instrumental.en.tablero/6_pack.png>
Package pdftex.def Info: imagenes/1.3.distribucion.normalizada.instrumental.en.
tablero/6_pack.png used on input line 36.
(pdftex.def)             Requested size: 276.559pt x 194.58366pt.

[22

 <./imagenes/1.3.distribucion.normalizada.instrumental.en.tablero/6_pack.png>]
<imagenes/1.3.distribucion.normalizada.instrumental.en.tablero/6.png, id=891, 4
88.57532pt x 374.14781pt>
File: imagenes/1.3.distribucion.normalizada.instrumental.en.tablero/6.png Graph
ic file (type png)

<use imagenes/1.3.distribucion.normalizada.instrumental.en.tablero/6.png>
Package pdftex.def Info: imagenes/1.3.distribucion.normalizada.instrumental.en.
tablero/6.png used on input line 42.
(pdftex.def)             Requested size: 276.559pt x 211.78781pt.

[23

 <./imagenes/1.3.distribucion.normalizada.instrumental.en.tablero/6.png>]
<imagenes/1.3.distribucion.normalizada.instrumental.en.tablero/instrumentos_mot
or.png, id=924, 338.76563pt x 529.98pt>
File: imagenes/1.3.distribucion.normalizada.instrumental.en.tablero/instrumento
s_motor.png Graphic file (type png)

<use imagenes/1.3.distribucion.normalizada.instrumental.en.tablero/instrumentos
_motor.png>
Package pdftex.def Info: imagenes/1.3.distribucion.normalizada.instrumental.en.
tablero/instrumentos_motor.png used on input line 49.
(pdftex.def)             Requested size: 122.91406pt x 192.28871pt.

<imagenes/1.3.distribucion.normalizada.instrumental.en.tablero/iluminacion.jpg,
 id=925, 702.625pt x 489.83pt>
File: imagenes/1.3.distribucion.normalizada.instrumental.en.tablero/iluminacion
.jpg Graphic file (type jpg)

<use imagenes/1.3.distribucion.normalizada.instrumental.en.tablero/iluminacion.
jpg>
Package pdftex.def Info: imagenes/1.3.distribucion.normalizada.instrumental.en.
tablero/iluminacion.jpg used on input line 49.
(pdftex.def)             Requested size: 184.3758pt x 128.5337pt.
 [24

 <./imagenes/1.3.distribucion.normalizada.instrumental.en.tablero/instrumentos_
motor.png> <./imagenes/1.3.distribucion.normalizada.instrumental.en.tablero/ilu
minacion.jpg>]) (./tex/01.04.presentacion.pantalla.electronica.tex
Package acronym Info: Label `acro:CRT' newly defined as it shall be overridden
although it is yet undefined on input line 37.
Package acronym Info: Label `acro:LCD' newly defined as it shall be overridden
although it is yet undefined on input line 37.
Package acronym Info: Label `acro:OLED' newly defined as it shall be overridden

although it is yet undefined on input line 37.
Package epstopdf Info: Source file: <imagenes/1.4.pantalla.electronica/CRT.gif>

(epstopdf)                    date: 2018-08-12 21:09:45
(epstopdf)                    size: 21271 bytes
(epstopdf)             Output file: <imagenes/1.4.pantalla.electronica/CRT-gif-
converted-to.png>
(epstopdf)                    date: 2018-08-12 21:12:02
(epstopdf)                    size: 15941 bytes
(epstopdf)             Command: <convert gif:imagenes/1.4.pantalla.electronica/
CRT.gif png:imagenes/1.4.pantalla.electronica/CRT-gif-converted-to.png>
(epstopdf)             \includegraphics on input line 37.
Package epstopdf Info: Output file is already uptodate.

<imagenes/1.4.pantalla.electronica/CRT-gif-converted-to.png, id=959, 562.1pt x 
261.97874pt>
File: imagenes/1.4.pantalla.electronica/CRT-gif-converted-to.png Graphic file (
type png)
 <use imagenes/1.4.pantalla.electronica/CRT-gif-converted-to.png>
Package pdftex.def Info: imagenes/1.4.pantalla.electronica/CRT-gif-converted-to
.png used on input line 37.
(pdftex.def)             Requested size: 138.2795pt x 64.44717pt.

<imagenes/1.4.pantalla.electronica/LCD.jpg, id=960, 803.0pt x 282.05376pt>
File: imagenes/1.4.pantalla.electronica/LCD.jpg Graphic file (type jpg)

<use imagenes/1.4.pantalla.electronica/LCD.jpg>
Package pdftex.def Info: imagenes/1.4.pantalla.electronica/LCD.jpg used on inpu
t line 37.
(pdftex.def)             Requested size: 122.9164pt x 43.1713pt.

<imagenes/1.4.pantalla.electronica/foldable-oled-display.jpg, id=961, 588.1975p
t x 441.65pt>
File: imagenes/1.4.pantalla.electronica/foldable-oled-display.jpg Graphic file 
(type jpg)

<use imagenes/1.4.pantalla.electronica/foldable-oled-display.jpg>
Package pdftex.def Info: imagenes/1.4.pantalla.electronica/foldable-oled-displa
y.jpg used on input line 37.
(pdftex.def)             Requested size: 107.55098pt x 80.75375pt.
 [25

 <./imagenes/1.4.pantalla.electronica/CRT-gif-converted-to.png> <./imagenes/1.4
.pantalla.electronica/LCD.jpg> <./imagenes/1.4.pantalla.electronica/foldable-ol
ed-display.jpg>]
<imagenes/1.4.pantalla.electronica/apache.jpg, id=1004, 501.875pt x 501.875pt>
File: imagenes/1.4.pantalla.electronica/apache.jpg Graphic file (type jpg)

<use imagenes/1.4.pantalla.electronica/apache.jpg>
Package pdftex.def Info: imagenes/1.4.pantalla.electronica/apache.jpg used on i
nput line 53.
(pdftex.def)             Requested size: 104.47742pt x 104.47789pt.

<imagenes/1.4.pantalla.electronica/dreamliner.jpg, id=1005, 1284.8pt x 722.7pt>
File: imagenes/1.4.pantalla.electronica/dreamliner.jpg Graphic file (type jpg)
<use imagenes/1.4.pantalla.electronica/dreamliner.jpg>
Package pdftex.def Info: imagenes/1.4.pantalla.electronica/dreamliner.jpg used 
on input line 53.
(pdftex.def)             Requested size: 169.01036pt x 95.06807pt.
 [26

 <./imagenes/1.4.pantalla.electronica/apache.jpg> <./imagenes/1.4.pantalla.elec
tronica/dreamliner.jpg>]
<imagenes/1.4.pantalla.electronica/efis_humor.png, id=1039, 602.25pt x 408.5262
5pt>
File: imagenes/1.4.pantalla.electronica/efis_humor.png Graphic file (type png)
 <use imagenes/1.4.pantalla.electronica/efis_humor.png>
Package pdftex.def Info: imagenes/1.4.pantalla.electronica/efis_humor.png used 
on input line 67.
(pdftex.def)             Requested size: 261.19826pt x 177.18385pt.
 [27

 <./imagenes/1.4.pantalla.electronica/efis_humor.png (PNG copy)>]
File: imagenes/1.2.clasificacion.instrumentos/tipos_instrumentos.png Graphic fi
le (type png)

<use imagenes/1.2.clasificacion.instrumentos/tipos_instrumentos.png>
Package pdftex.def Info: imagenes/1.2.clasificacion.instrumentos/tipos_instrume
ntos.png used on input line 99.
(pdftex.def)             Requested size: 153.64493pt x 162.25354pt.
File: imagenes/1.2.clasificacion.instrumentos/glass_cockpit.jpg Graphic file (t
ype jpg)

<use imagenes/1.2.clasificacion.instrumentos/glass_cockpit.jpg>
Package pdftex.def Info: imagenes/1.2.clasificacion.instrumentos/glass_cockpit.
jpg used on input line 99.
(pdftex.def)             Requested size: 153.64493pt x 102.62411pt.

Overfull \vbox (23.24228pt too high) detected at line 99
 []

[28

]
Package acronym Info: Label `acro:ARINC' newly defined as it shall be overridde
n
although it is yet undefined on input line 137.
Package acronym Info: Label `acro:DITS' newly defined as it shall be overridden

although it is yet undefined on input line 137.
 [29

]
<imagenes/1.4.pantalla.electronica/Pixel_geometry_01_Pengo.jpg, id=1150, 1104.1
25pt x 1104.125pt>
File: imagenes/1.4.pantalla.electronica/Pixel_geometry_01_Pengo.jpg Graphic fil
e (type jpg)

<use imagenes/1.4.pantalla.electronica/Pixel_geometry_01_Pengo.jpg>
Package pdftex.def Info: imagenes/1.4.pantalla.electronica/Pixel_geometry_01_Pe
ngo.jpg used on input line 159.
(pdftex.def)             Requested size: 122.91406pt x 122.90302pt.
 [30

 <./imagenes/1.4.pantalla.electronica/Pixel_geometry_01_Pengo.jpg>]
Package epstopdf Info: Source file: <imagenes/1.4.pantalla.electronica/CRT.gif>

(epstopdf)                    date: 2018-08-12 21:09:45
(epstopdf)                    size: 21271 bytes
(epstopdf)             Output file: <imagenes/1.4.pantalla.electronica/CRT-gif-
converted-to.png>
(epstopdf)                    date: 2018-08-12 21:12:02
(epstopdf)                    size: 15941 bytes
(epstopdf)             Command: <convert gif:imagenes/1.4.pantalla.electronica/
CRT.gif png:imagenes/1.4.pantalla.electronica/CRT-gif-converted-to.png>
(epstopdf)             \includegraphics on input line 216.
Package epstopdf Info: Output file is already uptodate.
File: imagenes/1.4.pantalla.electronica/CRT-gif-converted-to.png Graphic file (
type png)

<use imagenes/1.4.pantalla.electronica/CRT-gif-converted-to.png>
Package pdftex.def Info: imagenes/1.4.pantalla.electronica/CRT-gif-converted-to
.png used on input line 216.
(pdftex.def)             Requested size: 184.3758pt x 85.92958pt.
 [31

]
<imagenes/1.4.pantalla.electronica/efis.jpg, id=1219, 640.3925pt x 480.79625pt>
File: imagenes/1.4.pantalla.electronica/efis.jpg Graphic file (type jpg)
<use imagenes/1.4.pantalla.electronica/efis.jpg>
Package pdftex.def Info: imagenes/1.4.pantalla.electronica/efis.jpg used on inp
ut line 223.
(pdftex.def)             Requested size: 261.19826pt x 196.10797pt.
 [32

 <./imagenes/1.4.pantalla.electronica/efis.jpg>]
File: bc-crayon.mps Graphic file (type mps)
 [MP to PDF]
(/usr/share/texlive/texmf-dist/tex/latex/bclogo/bc-crayon.mps) [33

]
<imagenes/1.4.pantalla.electronica/Primary_Flight_Display,_Boeing_747-400.png, 
id=1287, 1027.84pt x 1025.8325pt>
File: imagenes/1.4.pantalla.electronica/Primary_Flight_Display,_Boeing_747-400.
png Graphic file (type png)

<use imagenes/1.4.pantalla.electronica/Primary_Flight_Display,_Boeing_747-400.p
ng>
Package pdftex.def Info: imagenes/1.4.pantalla.electronica/Primary_Flight_Displ
ay,_Boeing_747-400.png used on input line 272.
(pdftex.def)             Requested size: 85.35826pt x 85.1832pt.
 [34

 <./imagenes/1.4.pantalla.electronica/Primary_Flight_Display,_Boeing_747-400.pn
g>]
<imagenes/1.4.pantalla.electronica/Navigation_Display_(ND)_on_Boeing_747-400.jp
g, id=1322, 963.6pt x 722.7pt>
File: imagenes/1.4.pantalla.electronica/Navigation_Display_(ND)_on_Boeing_747-4
00.jpg Graphic file (type jpg)

<use imagenes/1.4.pantalla.electronica/Navigation_Display_(ND)_on_Boeing_747-40
0.jpg>
Package pdftex.def Info: imagenes/1.4.pantalla.electronica/Navigation_Display_(
ND)_on_Boeing_747-400.jpg used on input line 288.
(pdftex.def)             Requested size: 170.71652pt x 128.02927pt.
 [35

 <./imagenes/1.4.pantalla.electronica/Navigation_Display_(ND)_on_Boeing_747-400
.jpg>] [36

]
<imagenes/1.4.pantalla.electronica/eicas_status.jpg, id=1390, 184.9455pt x 252.
945pt>
File: imagenes/1.4.pantalla.electronica/eicas_status.jpg Graphic file (type jpg
)
 <use imagenes/1.4.pantalla.electronica/eicas_status.jpg>
Package pdftex.def Info: imagenes/1.4.pantalla.electronica/eicas_status.jpg use
d on input line 333.
(pdftex.def)             Requested size: 128.0374pt x 175.1189pt.

<imagenes/1.4.pantalla.electronica/eicas_presion_cabina.jpg, id=1391, 266.49562
pt x 237.88875pt>
File: imagenes/1.4.pantalla.electronica/eicas_presion_cabina.jpg Graphic file (
type jpg)

<use imagenes/1.4.pantalla.electronica/eicas_presion_cabina.jpg>
Package pdftex.def Info: imagenes/1.4.pantalla.electronica/eicas_presion_cabina
.jpg used on input line 333.
(pdftex.def)             Requested size: 170.71652pt x 152.39346pt.

Overfull \hbox (35.99986pt too wide) in paragraph at lines 333--333
[][]  
 []

[37

 <./imagenes/1.4.pantalla.electronica/eicas_status.jpg> <./imagenes/1.4.pantall
a.electronica/eicas_presion_cabina.jpg>]
<imagenes/1.4.pantalla.electronica/ecam_airbus.jpg, id=1426, 953.5625pt x 841.1
425pt>
File: imagenes/1.4.pantalla.electronica/ecam_airbus.jpg Graphic file (type jpg)

 <use imagenes/1.4.pantalla.electronica/ecam_airbus.jpg>
Package pdftex.def Info: imagenes/1.4.pantalla.electronica/ecam_airbus.jpg used
 on input line 344.
(pdftex.def)             Requested size: 199.73653pt x 176.18309pt.
 [38

 <./imagenes/1.4.pantalla.electronica/ecam_airbus.jpg>]
Package acronym Info: Label `acro:FMS' newly defined as it shall be overridden
although it is yet undefined on input line 381.
Package acronym Info: Label `acro:CDU' newly defined as it shall be overridden
although it is yet undefined on input line 381.
Package acronym Info: Label `acro:FMC' newly defined as it shall be overridden
although it is yet undefined on input line 381.
 [39

]
Package acronym Info: Label `acro:SID' newly defined as it shall be overridden
although it is yet undefined on input line 393.
Package acronym Info: Label `acro:STAR' newly defined as it shall be overridden

although it is yet undefined on input line 393.

<imagenes/1.4.pantalla.electronica/fms_plan_vuelo.jpg, id=1500, 759.83875pt x 3
43.2825pt>
File: imagenes/1.4.pantalla.electronica/fms_plan_vuelo.jpg Graphic file (type j
pg)
 <use imagenes/1.4.pantalla.electronica/fms_plan_vuelo.jpg>
Package pdftex.def Info: imagenes/1.4.pantalla.electronica/fms_plan_vuelo.jpg u
sed on input line 393.
(pdftex.def)             Requested size: 276.559pt x 124.94873pt.
 [40

 <./imagenes/1.4.pantalla.electronica/fms_plan_vuelo.jpg>]
Package acronym Info: Label `acro:GPS' newly defined as it shall be overridden
although it is yet undefined on input line 407.
Package acronym Info: Label `acro:STARS' newly defined as it shall be overridde
n
although it is yet undefined on input line 407.
 [41

]
Package acronym Info: Label `acro:MCDU' newly defined as it shall be overridden

although it is yet undefined on input line 441.
Package acronym Info: Label `acro:ATSU' newly defined as it shall be overridden

although it is yet undefined on input line 441.
Package acronym Info: Label `acro:AIDS' newly defined as it shall be overridden

although it is yet undefined on input line 441.
Package acronym Info: Label `acro:CFDS' newly defined as it shall be overridden

although it is yet undefined on input line 441.
Package acronym Info: Label `acro:FMGS' newly defined as it shall be overridden

although it is yet undefined on input line 441.
 [42

]
<imagenes/1.4.pantalla.electronica/mcdu.jpg, id=1619, 467.7475pt x 346.29375pt>
File: imagenes/1.4.pantalla.electronica/mcdu.jpg Graphic file (type jpg)
<use imagenes/1.4.pantalla.electronica/mcdu.jpg>
Package pdftex.def Info: imagenes/1.4.pantalla.electronica/mcdu.jpg used on inp
ut line 447.
(pdftex.def)             Requested size: 276.559pt x 204.76067pt.
 [43

 <./imagenes/1.4.pantalla.electronica/mcdu.jpg>] [44

]) (../IyA.acronimos.tex)
(./2018_tablero_instrumentos_presentacion.bbl)
Underfull \vbox (badness 10000) has occurred while \output is active []

 [45

]
[46]
\tf@nav=\write7
\openout7 = `2018_tablero_instrumentos_presentacion.nav'.

\tf@toc=\write8
\openout8 = `2018_tablero_instrumentos_presentacion.toc'.

\tf@snm=\write9
\openout9 = `2018_tablero_instrumentos_presentacion.snm'.

Package atveryend Info: Empty hook `BeforeClearDocument' on input line 152.
Package atveryend Info: Empty hook `AfterLastShipout' on input line 152.
 (./2018_tablero_instrumentos_presentacion.aux
LaTeX Info: Redefining \. on input line 26.
LaTeX Info: Redefining \% on input line 26.
LaTeX Info: Redefining \. on input line 62.
LaTeX Info: Redefining \% on input line 62.
LaTeX Info: Redefining \. on input line 70.
LaTeX Info: Redefining \% on input line 70.
)
Package atveryend Info: Executing hook `AtVeryEndDocument' on input line 152.
Package atveryend Info: Executing hook `AtEndAfterFileList' on input line 152.
Package rerunfilecheck Info: File `2018_tablero_instrumentos_presentacion.out' 
has not changed.
(rerunfilecheck)             Checksum: B8DD678E56516B9692781076083E2D57;483.


LaTeX Font Warning: Size substitutions with differences
(Font)              up to 1.0pt have occurred.

Package atveryend Info: Empty hook `AtVeryVeryEnd' on input line 152.
 ) 
Here is how much of TeX's memory you used:
 22348 strings out of 494336
 426384 string characters out of 6163062
 508702 words of memory out of 5000000
 24829 multiletter control sequences out of 15000+600000
 13709 words of font info for 46 fonts, out of 8000000 for 9000
 421 hyphenation exceptions out of 8191
 50i,20n,72p,787b,1092s stack positions out of 5000i,500n,10000p,200000b,80000s
</usr/share/texlive/texmf-dist/fonts/type1/public/amsfonts/cm/cmmi8.pfb></usr
/share/texlive/texmf-dist/fonts/type1/public/amsfonts/cm/cmss10.pfb></usr/share
/texlive/texmf-dist/fonts/type1/public/amsfonts/cm/cmss8.pfb></usr/share/texliv
e/texmf-dist/fonts/type1/public/amsfonts/cm/cmssbx10.pfb></usr/share/texlive/te
xmf-dist/fonts/type1/public/amsfonts/cm/cmssi8.pfb></usr/share/texlive/texmf-di
st/fonts/type1/public/amsfonts/cm/cmsy8.pfb></usr/share/texlive/texmf-dist/font
s/type1/public/amsfonts/cm/cmtt8.pfb></usr/share/texlive/texmf-dist/fonts/type1
/public/cbfonts/gsmi0800.pfb>
Output written on 2018_tablero_instrumentos_presentacion.pdf (46 pages, 8511275
 bytes).
PDF statistics:
 1809 PDF objects out of 2073 (max. 8388607)
 1642 compressed objects within 17 object streams
 145 named destinations out of 1000 (max. 500000)
 474 words of extra memory for PDF output out of 10000 (max. 10000000)

