\BOOKMARK [0][-]{chapter*.2}{Datos de la Asignatura}{}% 1
\BOOKMARK [1][-]{section.0.1}{D\355as y horarios de clases}{chapter*.2}% 2
\BOOKMARK [1][-]{section*.3}{Adecuaci\363n transitoria de la metodolog\355a de cursada y evaluaci\363n segundo semestre 2024}{chapter*.2}% 3
\BOOKMARK [1][-]{section*.8}{Cronograma para el dictado a\361o 2024}{chapter*.2}% 4
\BOOKMARK [1][-]{section*.9}{Docentes}{chapter*.2}% 5
\BOOKMARK [0][-]{chapter.1}{Paneles de Instrumentos}{}% 6
\BOOKMARK [1][-]{section.1.1}{Introducci\363n al estudio del instrumental}{chapter.1}% 7
\BOOKMARK [2][-]{subsection.1.1.1}{Ergonom\355a}{section.1.1}% 8
\BOOKMARK [2][-]{subsection.1.1.2}{Formas de presentaci\363n de la informaci\363n}{section.1.1}% 9
\BOOKMARK [1][-]{section.1.2}{Clasificaci\363n de los Instrumentos}{chapter.1}% 10
\BOOKMARK [1][-]{section.1.3}{Distribuci\363n Normalizada del Instrumental en el Tablero}{chapter.1}% 11
\BOOKMARK [1][-]{section.1.4}{Presentaci\363n en Pantalla Electr\363nica}{chapter.1}% 12
\BOOKMARK [2][-]{subsection.1.4.1}{ EIS}{section.1.4}% 13
\BOOKMARK [2][-]{subsection.1.4.2}{EFIS}{section.1.4}% 14
\BOOKMARK [2][-]{subsection.1.4.3}{EICAS y ECAM}{section.1.4}% 15
\BOOKMARK [1][-]{section.1.5}{Buses de Datos en Avi\363nica}{chapter.1}% 16
\BOOKMARK [2][-]{subsection.1.5.1}{Conceptos generales}{section.1.5}% 17
\BOOKMARK [2][-]{subsection.1.5.2}{Protocolos de bus}{section.1.5}% 18
\BOOKMARK [0][-]{chapter.2}{Medici\363n de datos de aire}{}% 19
\BOOKMARK [0][-]{chapter.3}{Instrumentos de motores}{}% 20
\BOOKMARK [1][-]{section.3.1}{Introducci\363n}{chapter.3}% 21
\BOOKMARK [1][-]{section.3.2}{Taqu\355metros mec\341nicos , el\351ctricos, electr\363nicos}{chapter.3}% 22
\BOOKMARK [1][-]{section.3.3}{Fluj\363metros, diferentes tipos, totalizadores}{chapter.3}% 23
\BOOKMARK [1][-]{section.3.4}{Termocuplas. Medici\363n de la temperatura en motores}{chapter.3}% 24
\BOOKMARK [0][-]{chapter.4}{Instrumentos de Control}{}% 25
\BOOKMARK [1][-]{section.4.1}{Indicadores de posici\363n a distancia de CC y CA}{chapter.4}% 26
\BOOKMARK [0][-]{chapter.5}{Instrumentos girosc\363picos}{}% 27
\BOOKMARK [1][-]{subsection.5.0.1}{Videos sobre instrumentos girosc\363picos}{chapter.5}% 28
\BOOKMARK [0][-]{chapter.6}{Radionavegaci\363n}{}% 29
\BOOKMARK [1][-]{section.6.1}{M\351todos de Navegaci\363n A\351rea}{chapter.6}% 30
\BOOKMARK [1][-]{section.6.2}{Radionavegaci\363n}{chapter.6}% 31
\BOOKMARK [2][-]{subsection.6.2.1}{ Ondas Electromagn\351ticas }{section.6.2}% 32
\BOOKMARK [2][-]{subsection.6.2.2}{El espectro electromagn\351tico}{section.6.2}% 33
\BOOKMARK [2][-]{subsection.6.2.3}{Propagaci\363n de ondas electromagn\351ticas}{section.6.2}% 34
\BOOKMARK [2][-]{subsection.6.2.4}{Modulaci\363n}{section.6.2}% 35
\BOOKMARK [2][-]{subsection.6.2.5}{Antenas}{section.6.2}% 36
\BOOKMARK [1][-]{section.6.3}{Sistemas de Navegaci\363n Hiperb\363licos}{chapter.6}% 37
\BOOKMARK [2][-]{subsection.6.3.1}{Introducci\363n}{section.6.3}% 38
\BOOKMARK [2][-]{subsection.6.3.2}{LORAN}{section.6.3}% 39
\BOOKMARK [1][-]{section.6.4}{ADF}{chapter.6}% 40
\BOOKMARK [2][-]{subsection.6.4.1}{Antena de cuadro}{section.6.4}% 41
\BOOKMARK [2][-]{subsection.6.4.2}{Radiogoni\363metro}{section.6.4}% 42
\BOOKMARK [2][-]{subsection.6.4.3}{ADF}{section.6.4}% 43
\BOOKMARK [1][-]{section.6.5}{VOR}{chapter.6}% 44
\BOOKMARK [2][-]{subsection.6.5.1}{Un poco de historia....}{section.6.5}% 45
\BOOKMARK [2][-]{subsection.6.5.2}{Introducci\363n}{section.6.5}% 46
\BOOKMARK [2][-]{subsection.6.5.3}{Principio de funcionamiento}{section.6.5}% 47
\BOOKMARK [2][-]{subsection.6.5.4}{Equipo de tierra}{section.6.5}% 48
\BOOKMARK [2][-]{subsection.6.5.5}{Equipo de a bordo}{section.6.5}% 49
\BOOKMARK [2][-]{subsection.6.5.6}{Servoamplificador}{section.6.5}% 50
\BOOKMARK [2][-]{subsection.6.5.7}{Indicador VOR}{section.6.5}% 51
\BOOKMARK [2][-]{subsection.6.5.8}{Interpretaci\363n de las presentaciones VOR}{section.6.5}% 52
\BOOKMARK [2][-]{subsection.6.5.9}{HSI \(Horizontal Situation Indicator\) Indicador de situaci\363n horizontal}{section.6.5}% 53
\BOOKMARK [1][-]{section.6.6}{Distance Measurement Equiptment \(DME\)}{chapter.6}% 54
\BOOKMARK [1][-]{section.6.7}{Principio de funcionamiento}{chapter.6}% 55
\BOOKMARK [2][-]{subsection.6.7.1}{Equipo de tierra}{section.6.7}% 56
\BOOKMARK [2][-]{subsection.6.7.2}{Equipo de a bordo }{section.6.7}% 57
\BOOKMARK [2][-]{subsection.6.7.3}{Mediciones err\363neas}{section.6.7}% 58
\BOOKMARK [1][-]{section.6.8}{Exactitud del sistema}{chapter.6}% 59
\BOOKMARK [1][-]{section.6.9}{Ventajas y desventajas del sistema}{chapter.6}% 60
\BOOKMARK [1][-]{section.6.10}{Sistemas de aproximaci\363n}{chapter.6}% 61
\BOOKMARK [2][-]{subsection.6.10.1}{Introducci\363n}{section.6.10}% 62
\BOOKMARK [2][-]{subsection.6.10.2}{Requerimientos normativos}{section.6.10}% 63
\BOOKMARK [2][-]{subsection.6.10.3}{Ayudas visuales}{section.6.10}% 64
\BOOKMARK [2][-]{subsection.6.10.4}{Ayudas radioel\351ctricas}{section.6.10}% 65
\BOOKMARK [2][-]{subsection.6.10.5}{Precision Approach Radar - PAR}{section.6.10}% 66
\BOOKMARK [2][-]{subsection.6.10.6}{Sistema de Aterrizaje Instrumental - ILS}{section.6.10}% 67
\BOOKMARK [2][-]{subsection.6.10.7}{Sistema de Aterrizaje por Microondas \(MLS\)}{section.6.10}% 68
\BOOKMARK [1][-]{section.6.11}{Radar y Sensores de radar}{chapter.6}% 69
\BOOKMARK [2][-]{subsection.6.11.1}{Un poco de Historia....}{section.6.11}% 70
\BOOKMARK [2][-]{subsection.6.11.2}{Tipos de Radar}{section.6.11}% 71
\BOOKMARK [2][-]{subsection.6.11.3}{Radio-alt\355metro}{section.6.11}% 72
\BOOKMARK [2][-]{subsection.6.11.4}{Radar meteorol\363gico}{section.6.11}% 73
\BOOKMARK [0][-]{chapter.7}{Directores y control autom\341tico de vuelo}{}% 74
\BOOKMARK [1][-]{section.7.1}{Introducci\363n}{chapter.7}% 75
\BOOKMARK [1][-]{section.7.2}{Componentes de cabina}{chapter.7}% 76
\BOOKMARK [2][-]{subsection.7.2.1}{Indicador y Director de Actitud }{section.7.2}% 77
\BOOKMARK [2][-]{subsection.7.2.2}{Indicador de Situaci\363n Horizontal}{section.7.2}% 78
\BOOKMARK [2][-]{subsection.7.2.3}{Computadora de Control}{section.7.2}% 79
\BOOKMARK [1][-]{section.7.3}{Modos de operaci\363n}{chapter.7}% 80
\BOOKMARK [2][-]{subsection.7.3.1}{Modo Preparado \(SBY\)}{section.7.3}% 81
\BOOKMARK [2][-]{subsection.7.3.2}{Modo Ajuste Actitud de Cabeceo \(Pitch Attitude Trim, PAT\)}{section.7.3}% 82
\BOOKMARK [2][-]{subsection.7.3.3}{Modo Rumbo Selectado \(Heading HDG\)}{section.7.3}% 83
\BOOKMARK [2][-]{subsection.7.3.4}{Modo mantenimiento de altura \(ALT\)}{section.7.3}% 84
\BOOKMARK [2][-]{subsection.7.3.5}{Modo Escape \(GO AROUND\)}{section.7.3}% 85
\BOOKMARK [2][-]{subsection.7.3.6}{Modo VOR - Localizador \(V/L\)}{section.7.3}% 86
\BOOKMARK [2][-]{subsection.7.3.7}{Armado Pendiente de Planeo}{section.7.3}% 87
\BOOKMARK [2][-]{subsection.7.3.8}{Pendiente de Planeo}{section.7.3}% 88
\BOOKMARK [2][-]{subsection.7.3.9}{Modo anunciador ampliaci\363n de indicaci\363n en pendiente de planeo \(GS EXT\)}{section.7.3}% 89
\BOOKMARK [2][-]{subsection.7.3.10}{Modo Curso Opuesto \(REV\)}{section.7.3}% 90
\BOOKMARK [1][-]{section.7.4}{Incorporaci\363n del sistema de radioalt\355metro}{chapter.7}% 91
\BOOKMARK [1][-]{section.7.5}{Integraci\363n con el Sistema de Piloto Autom\341tico}{chapter.7}% 92
\BOOKMARK [2][-]{subsection.7.5.1}{ Attitude and Heading Reference Systems \(AHRS\) }{section.7.5}% 93
\BOOKMARK [0][-]{chapter.8}{Navegadores}{}% 94
\BOOKMARK [1][-]{section.8.1}{Introducci\363n}{chapter.8}% 95
\BOOKMARK [1][-]{section.8.2}{El planeta Tierra}{chapter.8}% 96
\BOOKMARK [2][-]{subsection.8.2.1}{Forma, tama\361o y movimientos}{section.8.2}% 97
\BOOKMARK [2][-]{subsection.8.2.2}{Coordenadas geogr\341ficas}{section.8.2}% 98
\BOOKMARK [1][-]{section.8.3}{Distancia, direcci\363n, tiempo, el Norte}{chapter.8}% 99
\BOOKMARK [2][-]{subsection.8.3.1}{Distancia}{section.8.3}% 100
\BOOKMARK [2][-]{subsection.8.3.2}{Direcci\363n}{section.8.3}% 101
\BOOKMARK [2][-]{subsection.8.3.3}{Tiempo}{section.8.3}% 102
\BOOKMARK [2][-]{subsection.8.3.4}{El Norte}{section.8.3}% 103
\BOOKMARK [1][-]{section.8.4}{Cartas de navegaci\363n aeron\341utica}{chapter.8}% 104
\BOOKMARK [2][-]{subsection.8.4.1}{Proyecciones cartogr\341ficas}{section.8.4}% 105
\BOOKMARK [2][-]{subsection.8.4.2}{Las cartas OACI Salazarnavaerea}{section.8.4}% 106
\BOOKMARK [2][-]{subsection.8.4.3}{Cartas de aproximaci\363n instrumental \(IAC = Instrumental Approach Charts\) }{section.8.4}% 107
\BOOKMARK [2][-]{subsection.8.4.4}{Cartas de salida normalizada \(SID = Standar Instrument Departure \)}{section.8.4}% 108
\BOOKMARK [2][-]{subsection.8.4.5}{Cartas de llegada normalizada - \(STAR - Standar Terminal Arrival Chart\)}{section.8.4}% 109
\BOOKMARK [2][-]{subsection.8.4.6}{Navegaci\363n Aut\363noma}{section.8.4}% 110
\BOOKMARK [1][-]{section.8.5}{Navegadores, prestaciones que originan, mediciones presentadas}{chapter.8}% 111
\BOOKMARK [1][-]{section.8.6}{Navegadores inerciales, plataforma inercial}{chapter.8}% 112
\BOOKMARK [1][-]{section.8.7}{Navegadores GPS}{chapter.8}% 113
\BOOKMARK [0][-]{chapter.9}{S\355ntesis de comunicaciones a bordo}{}% 114
\BOOKMARK [1][-]{section.9.1}{Introducci\363n}{chapter.9}% 115
\BOOKMARK [1][-]{section.9.2}{Espectro de frecuencias}{chapter.9}% 116
\BOOKMARK [1][-]{section.9.3}{Transceptor}{chapter.9}% 117
\BOOKMARK [2][-]{subsection.9.3.1}{Un sistema simple de radio}{section.9.3}% 118
\BOOKMARK [2][-]{subsection.9.3.2}{Transmisor}{section.9.3}% 119
\BOOKMARK [2][-]{subsection.9.3.3}{Receptor}{section.9.3}% 120
\BOOKMARK [2][-]{subsection.9.3.4}{Equipos integrados}{section.9.3}% 121
\BOOKMARK [2][-]{subsection.9.3.5}{Otros sistemas de comunicaciones}{section.9.3}% 122
\BOOKMARK [1][-]{section.9.4}{Otros equipos del sistema de radio}{chapter.9}% 123
\BOOKMARK [2][-]{subsection.9.4.1}{Caja de control}{section.9.4}% 124
\BOOKMARK [2][-]{subsection.9.4.2}{Antena}{section.9.4}% 125
\BOOKMARK [2][-]{subsection.9.4.3}{Caja de audio}{section.9.4}% 126
\BOOKMARK [1][-]{section.9.5}{Sistemas avanzados}{chapter.9}% 127
\BOOKMARK [2][-]{subsection.9.5.1}{Sistema CAMU}{section.9.5}% 128
\BOOKMARK [2][-]{subsection.9.5.2}{Sistema DVI}{section.9.5}% 129
\BOOKMARK [2][-]{subsection.9.5.3}{Sistema MIDS}{section.9.5}% 130
\BOOKMARK [0][-]{chapter*.215}{Acr\363nimos}{}% 131
\BOOKMARK [1][-]{section*.216}{Referencias}{chapter*.215}% 132
\BOOKMARK [0][-]{section*.217}{Ap\351ndices}{}% 133
