\BOOKMARK [0][-]{chapter.1}{Navegaci\363n}{}% 1
\BOOKMARK [1][-]{section.1.1}{Introducci\363n}{chapter.1}% 2
\BOOKMARK [1][-]{section.1.2}{M\351todos de Navegaci\363n A\351rea}{chapter.1}% 3
\BOOKMARK [2][-]{subsection.1.2.1}{Navegaci\363n Aut\363noma}{section.1.2}% 4
\BOOKMARK [2][-]{subsection.1.2.2}{Navegaci\363n A\351rea No Aut\363noma}{section.1.2}% 5
\BOOKMARK [1][-]{section.1.3}{M\351todos para determinar la posici\363n Salazarnavaerea}{chapter.1}% 6
\BOOKMARK [2][-]{subsection.1.3.1}{M\351todo -}{section.1.3}% 7
\BOOKMARK [2][-]{subsection.1.3.2}{M\351todo -}{section.1.3}% 8
\BOOKMARK [2][-]{subsection.1.3.3}{M\351todo -}{section.1.3}% 9
\BOOKMARK [2][-]{subsection.1.3.4}{M\351todo hiperb\363lico}{section.1.3}% 10
\BOOKMARK [1][-]{section.1.4}{La Tierra}{chapter.1}% 11
\BOOKMARK [2][-]{subsection.1.4.1}{Forma, tama\361o y movimientos}{section.1.4}% 12
\BOOKMARK [2][-]{subsection.1.4.2}{Coordenadas geogr\341ficas}{section.1.4}% 13
\BOOKMARK [1][-]{section.1.5}{Distancia, direcci\363n, tiempo, el Norte}{chapter.1}% 14
\BOOKMARK [2][-]{subsection.1.5.1}{Distancia}{section.1.5}% 15
\BOOKMARK [2][-]{subsection.1.5.2}{Direcci\363n}{section.1.5}% 16
\BOOKMARK [2][-]{subsection.1.5.3}{Tiempo}{section.1.5}% 17
\BOOKMARK [2][-]{subsection.1.5.4}{El Norte}{section.1.5}% 18
\BOOKMARK [1][-]{section.1.6}{Cartas de navegaci\363n aeron\341utica}{chapter.1}% 19
\BOOKMARK [2][-]{subsection.1.6.1}{Proyecciones cartogr\341ficas}{section.1.6}% 20
\BOOKMARK [2][-]{subsection.1.6.2}{Las cartas OACI Salazarnavaerea}{section.1.6}% 21
\BOOKMARK [2][-]{subsection.1.6.3}{Cartas de aproximaci\363n instrumental \(IAC = Instrumental Approach Charts\) }{section.1.6}% 22
\BOOKMARK [2][-]{subsection.1.6.4}{Cartas de salida normalizada \(SID = Standar Instrument Departure \)}{section.1.6}% 23
\BOOKMARK [2][-]{subsection.1.6.5}{Cartas de llegada normalizada - \(STAR - Standar Terminal Arrival Chart\)}{section.1.6}% 24
\BOOKMARK [0][-]{chapter.2}{ADF}{}% 25
\BOOKMARK [0][-]{chapter.3}{VOR}{}% 26
\BOOKMARK [0][-]{chapter.4}{ILS}{}% 27
\BOOKMARK [0][-]{chapter.5}{DME}{}% 28
\BOOKMARK [0][-]{chapter.6}{Radio Alt\355metro}{}% 29
\BOOKMARK [0][-]{chapter.7}{Radar Metereol\363gico}{}% 30
\BOOKMARK [1][-]{section.1.Alph0.1}{Lista de Acr\363nimos}{chapter.7}% 31
