\BOOKMARK [1][-]{section.1}{Introducci\363n}{}% 1
\BOOKMARK [1][-]{section.2}{M\351todos de Navegaci\363n A\351rea}{}% 2
\BOOKMARK [2][-]{subsection.2.1}{Navegaci\363n Aut\363noma}{section.2}% 3
\BOOKMARK [3][-]{subsubsection.2.1.1}{Navegaci\363n Observada AenaSENASAnavaerea }{subsection.2.1}% 4
\BOOKMARK [3][-]{subsubsection.2.1.2}{Navegaci\363n a Estima \(Dead Reckoning\) Salazarnavaerea}{subsection.2.1}% 5
\BOOKMARK [3][-]{subsubsection.2.1.3}{Navegaci\363n por Fijaci\363n de la Posici\363n}{subsection.2.1}% 6
\BOOKMARK [2][-]{subsection.2.2}{Navegaci\363n A\351rea No Aut\363noma}{section.2}% 7
\BOOKMARK [3][-]{subsubsection.2.2.1}{Ayudas visuales}{subsection.2.2}% 8
\BOOKMARK [3][-]{subsubsection.2.2.2}{Radioayudas}{subsection.2.2}% 9
\BOOKMARK [3][-]{subsubsection.2.2.3}{Navegaci\363n por sat\351lite}{subsection.2.2}% 10
\BOOKMARK [1][-]{section.3}{M\351todos para determinar la posici\363n Salazarnavaerea}{}% 11
\BOOKMARK [2][-]{subsection.3.1}{M\351todo -}{section.3}% 12
\BOOKMARK [2][-]{subsection.3.2}{M\351todo -}{section.3}% 13
\BOOKMARK [2][-]{subsection.3.3}{M\351todo -}{section.3}% 14
\BOOKMARK [2][-]{subsection.3.4}{M\351todo hiperb\363lico}{section.3}% 15
\BOOKMARK [1][-]{section.4}{La Tierra}{}% 16
\BOOKMARK [2][-]{subsection.4.1}{Forma, tama\361o y movimientos}{section.4}% 17
\BOOKMARK [2][-]{subsection.4.2}{Coordenadas geogr\341ficas}{section.4}% 18
\BOOKMARK [1][-]{section.5}{Distancia, direcci\363n, tiempo, el Norte}{}% 19
\BOOKMARK [2][-]{subsection.5.1}{Distancia}{section.5}% 20
\BOOKMARK [2][-]{subsection.5.2}{Direcci\363n}{section.5}% 21
\BOOKMARK [3][-]{subsubsection.5.2.1}{Definiciones}{subsection.5.2}% 22
\BOOKMARK [2][-]{subsection.5.3}{Tiempo}{section.5}% 23
\BOOKMARK [3][-]{subsubsection.5.3.1}{Tiempo solar}{subsection.5.3}% 24
\BOOKMARK [3][-]{subsubsection.5.3.2}{ Greenwich Mean Time}{subsection.5.3}% 25
\BOOKMARK [3][-]{subsubsection.5.3.3}{Tiempo Universal \(UT\)}{subsection.5.3}% 26
\BOOKMARK [3][-]{subsubsection.5.3.4}{ Temps Atomique International \(TAI\)}{subsection.5.3}% 27
\BOOKMARK [3][-]{subsubsection.5.3.5}{Tiempo Universal Coordinado \(UTC\)}{subsection.5.3}% 28
\BOOKMARK [3][-]{subsubsection.5.3.6}{Tiempo GPS \(GPST\)}{subsection.5.3}% 29
\BOOKMARK [3][-]{subsubsection.5.3.7}{Tiempo Loran-C}{subsection.5.3}% 30
\BOOKMARK [2][-]{subsection.5.4}{El Norte}{section.5}% 31
\BOOKMARK [1][-]{section.6}{Cartas de navegaci\363n aeron\341utica}{}% 32
\BOOKMARK [2][-]{subsection.6.1}{Proyecciones cartogr\341ficas}{section.6}% 33
\BOOKMARK [2][-]{subsection.6.2}{Las cartas OACI Salazarnavaerea}{section.6}% 34
\BOOKMARK [3][-]{subsubsection.6.2.1}{Cartas OACI obligatorias}{subsection.6.2}% 35
\BOOKMARK [3][-]{subsubsection.6.2.2}{Cartas OACI condicionales}{subsection.6.2}% 36
\BOOKMARK [3][-]{subsubsection.6.2.3}{Cartas OACI opcionales}{subsection.6.2}% 37
\BOOKMARK [3][-]{subsubsection.6.2.4}{La carta OACI 1:500 000}{subsection.6.2}% 38
\BOOKMARK [2][-]{subsection.6.3}{Cartas de aproximaci\363n instrumental \(IAC = Instrumental Approach Charts\) }{section.6}% 39
\BOOKMARK [2][-]{subsection.6.4}{Cartas de salida normalizada \(SID = Standar Instrument Departure \)}{section.6}% 40
\BOOKMARK [2][-]{subsection.6.5}{Cartas de llegada normalizada - \(STAR - Standar Terminal Arrival Chart\)}{section.6}% 41
\BOOKMARK [1][-]{section.7}{ADF}{}% 42
\BOOKMARK [1][-]{section.8}{VOR}{}% 43
\BOOKMARK [1][-]{section.9}{ILS}{}% 44
\BOOKMARK [1][-]{section.10}{Radio Alt\355metro}{}% 45
\BOOKMARK [1][-]{section.11}{Radar Metereol\363gico}{}% 46
\BOOKMARK [1][-]{Ap\unhbox \voidb@x \bgroup \let \unhbox \voidb@x \setbox \@tempboxa \hbox {e\global \mathchardef \accent@spacefactor \spacefactor }\accent 19 e\egroup \spacefactor \accent@spacefactor \penalty \@M \hskip \z@skip \setbox \@tempboxa \hbox {e\global \mathchardef \accent@spacefactor \spacefactor }\spacefactor \accent@spacefactor ndice.1.Alph1}{Lista de Acr\363nimos}{}% 47
