This is pdfTeX, Version 3.1415926-2.5-1.40.14 (TeX Live 2013/Debian) (format=pdflatex 2015.8.30)  15 OCT 2016 18:46
entering extended mode
 restricted \write18 enabled.
 %&-line parsing enabled.
**\input cap.5.instrumentos.giroscopicos.tex
(./cap.5.instrumentos.giroscopicos.tex
(/usr/share/texmf/tex/latex/beamer/base/beamer.cls
(/usr/share/texmf/tex/latex/beamer/base/beamerbasercs.sty
Package: beamerbasercs 2012/11/13 (rcs-revision cb16a617839f)
)
Document Class: beamer 2012/10/15 development version 3.24 A class for typesett
ing presentations (rcs-revision 24853e6b98cf)
(/usr/share/texmf/tex/latex/beamer/base/beamerbasemodes.sty
Package: beamerbasemodes 2012/04/15 (rcs-revision cc6557182d97)
\beamer@tempbox=\box26
\beamer@tempcount=\count79
\c@beamerpauses=\count80

(/usr/share/texmf/tex/latex/beamer/base/beamerbasedecode.sty
Package: beamerbasedecode 2010/05/01 (rcs-revision efa082c6111d)
\beamer@slideinframe=\count81
\beamer@minimum=\count82
)
\beamer@commentbox=\box27
\beamer@modecount=\count83
)
(/usr/share/texlive/texmf-dist/tex/generic/oberdiek/ifpdf.sty
Package: ifpdf 2011/01/30 v2.3 Provides the ifpdf switch (HO)
Package ifpdf Info: pdfTeX in PDF mode is detected.
)
\headheight=\dimen102
\headdp=\dimen103
\footheight=\dimen104
\sidebarheight=\dimen105
\beamer@tempdim=\dimen106
\beamer@finalheight=\dimen107
\beamer@animht=\dimen108
\beamer@animdp=\dimen109
\beamer@animwd=\dimen110
\beamer@leftmargin=\dimen111
\beamer@rightmargin=\dimen112
\beamer@leftsidebar=\dimen113
\beamer@rightsidebar=\dimen114
\beamer@boxsize=\dimen115
\beamer@vboxoffset=\dimen116
\beamer@descdefault=\dimen117
\beamer@descriptionwidth=\dimen118
\beamer@lastskip=\skip41
\beamer@areabox=\box28
\beamer@animcurrent=\box29
\beamer@animshowbox=\box30
\beamer@sectionbox=\box31
\beamer@logobox=\box32
\beamer@linebox=\box33
\beamer@sectioncount=\count84
\beamer@subsubsectionmax=\count85
\beamer@subsectionmax=\count86
\beamer@sectionmax=\count87
\beamer@totalheads=\count88
\beamer@headcounter=\count89
\beamer@partstartpage=\count90
\beamer@sectionstartpage=\count91
\beamer@subsectionstartpage=\count92
\beamer@animationtempa=\count93
\beamer@animationtempb=\count94
\beamer@xpos=\count95
\beamer@ypos=\count96
\beamer@showpartnumber=\count97
\beamer@currentsubsection=\count98
\beamer@coveringdepth=\count99
\beamer@sectionadjust=\count100
\beamer@tocsectionnumber=\count101

(/usr/share/texmf/tex/latex/beamer/base/beamerbaseoptions.sty
Package: beamerbaseoptions 2010/04/27 (rcs-revision 982469101dd6)

(/usr/share/texlive/texmf-dist/tex/latex/graphics/keyval.sty
Package: keyval 1999/03/16 v1.13 key=value parser (DPC)
\KV@toks@=\toks14
))
\beamer@paperwidth=\skip42
\beamer@paperheight=\skip43

(/usr/share/texlive/texmf-dist/tex/latex/geometry/geometry.sty
Package: geometry 2010/09/12 v5.6 Page Geometry

(/usr/share/texlive/texmf-dist/tex/generic/oberdiek/ifvtex.sty
Package: ifvtex 2010/03/01 v1.5 Detect VTeX and its facilities (HO)
Package ifvtex Info: VTeX not detected.
)
(/usr/share/texlive/texmf-dist/tex/generic/ifxetex/ifxetex.sty
Package: ifxetex 2010/09/12 v0.6 Provides ifxetex conditional
)
\Gm@cnth=\count102
\Gm@cntv=\count103
\c@Gm@tempcnt=\count104
\Gm@bindingoffset=\dimen119
\Gm@wd@mp=\dimen120
\Gm@odd@mp=\dimen121
\Gm@even@mp=\dimen122
\Gm@layoutwidth=\dimen123
\Gm@layoutheight=\dimen124
\Gm@layouthoffset=\dimen125
\Gm@layoutvoffset=\dimen126
\Gm@dimlist=\toks15
)
(/usr/share/texlive/texmf-dist/tex/latex/base/size10.clo
File: size10.clo 2007/10/19 v1.4h Standard LaTeX file (size option)
)
(/usr/share/texmf/tex/latex/pgf/basiclayer/pgfcore.sty
(/usr/share/texlive/texmf-dist/tex/latex/graphics/graphicx.sty
Package: graphicx 1999/02/16 v1.0f Enhanced LaTeX Graphics (DPC,SPQR)

(/usr/share/texlive/texmf-dist/tex/latex/graphics/graphics.sty
Package: graphics 2009/02/05 v1.0o Standard LaTeX Graphics (DPC,SPQR)

(/usr/share/texlive/texmf-dist/tex/latex/graphics/trig.sty
Package: trig 1999/03/16 v1.09 sin cos tan (DPC)
)
(/usr/share/texlive/texmf-dist/tex/latex/latexconfig/graphics.cfg
File: graphics.cfg 2010/04/23 v1.9 graphics configuration of TeX Live
)
Package graphics Info: Driver file: pdftex.def on input line 91.

(/usr/share/texlive/texmf-dist/tex/latex/pdftex-def/pdftex.def
File: pdftex.def 2011/05/27 v0.06d Graphics/color for pdfTeX

(/usr/share/texlive/texmf-dist/tex/generic/oberdiek/infwarerr.sty
Package: infwarerr 2010/04/08 v1.3 Providing info/warning/error messages (HO)
)
(/usr/share/texlive/texmf-dist/tex/generic/oberdiek/ltxcmds.sty
Package: ltxcmds 2011/11/09 v1.22 LaTeX kernel commands for general use (HO)
)
\Gread@gobject=\count105
))
\Gin@req@height=\dimen127
\Gin@req@width=\dimen128
)
(/usr/share/texmf/tex/latex/pgf/systemlayer/pgfsys.sty
(/usr/share/texmf/tex/latex/pgf/utilities/pgfrcs.sty
(/usr/share/texmf/tex/generic/pgf/utilities/pgfutil-common.tex
\pgfutil@everybye=\toks16
)
(/usr/share/texmf/tex/generic/pgf/utilities/pgfutil-latex.def
\pgfutil@abb=\box34

(/usr/share/texlive/texmf-dist/tex/latex/ms/everyshi.sty
Package: everyshi 2001/05/15 v3.00 EveryShipout Package (MS)
))
(/usr/share/texmf/tex/generic/pgf/utilities/pgfrcs.code.tex
Package: pgfrcs 2010/10/25 v2.10 (rcs-revision 1.24)
))
(/usr/share/texmf/tex/generic/pgf/systemlayer/pgfsys.code.tex
Package: pgfsys 2010/06/30 v2.10 (rcs-revision 1.37)

(/usr/share/texmf/tex/generic/pgf/utilities/pgfkeys.code.tex
\pgfkeys@pathtoks=\toks17
\pgfkeys@temptoks=\toks18

(/usr/share/texmf/tex/generic/pgf/utilities/pgfkeysfiltered.code.tex
\pgfkeys@tmptoks=\toks19
))
\pgf@x=\dimen129
\pgf@y=\dimen130
\pgf@xa=\dimen131
\pgf@ya=\dimen132
\pgf@xb=\dimen133
\pgf@yb=\dimen134
\pgf@xc=\dimen135
\pgf@yc=\dimen136
\w@pgf@writea=\write3
\r@pgf@reada=\read1
\c@pgf@counta=\count106
\c@pgf@countb=\count107
\c@pgf@countc=\count108
\c@pgf@countd=\count109

(/usr/share/texmf/tex/generic/pgf/systemlayer/pgf.cfg
File: pgf.cfg 2008/05/14  (rcs-revision 1.7)
)
Package pgfsys Info: Driver file for pgf: pgfsys-pdftex.def on input line 900.

(/usr/share/texmf/tex/generic/pgf/systemlayer/pgfsys-pdftex.def
File: pgfsys-pdftex.def 2009/05/22  (rcs-revision 1.26)

(/usr/share/texmf/tex/generic/pgf/systemlayer/pgfsys-common-pdf.def
File: pgfsys-common-pdf.def 2008/05/19  (rcs-revision 1.10)
)))
(/usr/share/texmf/tex/generic/pgf/systemlayer/pgfsyssoftpath.code.tex
File: pgfsyssoftpath.code.tex 2008/07/18  (rcs-revision 1.7)
\pgfsyssoftpath@smallbuffer@items=\count110
\pgfsyssoftpath@bigbuffer@items=\count111
)
(/usr/share/texmf/tex/generic/pgf/systemlayer/pgfsysprotocol.code.tex
File: pgfsysprotocol.code.tex 2006/10/16  (rcs-revision 1.4)
))
(/usr/share/texmf/tex/latex/xcolor/xcolor.sty
Package: xcolor 2007/01/21 v2.11 LaTeX color extensions (UK)

(/usr/share/texlive/texmf-dist/tex/latex/latexconfig/color.cfg
File: color.cfg 2007/01/18 v1.5 color configuration of teTeX/TeXLive
)
Package xcolor Info: Driver file: pdftex.def on input line 225.
Package xcolor Info: Model `cmy' substituted by `cmy0' on input line 1337.
Package xcolor Info: Model `hsb' substituted by `rgb' on input line 1341.
Package xcolor Info: Model `RGB' extended on input line 1353.
Package xcolor Info: Model `HTML' substituted by `rgb' on input line 1355.
Package xcolor Info: Model `Hsb' substituted by `hsb' on input line 1356.
Package xcolor Info: Model `tHsb' substituted by `hsb' on input line 1357.
Package xcolor Info: Model `HSB' substituted by `hsb' on input line 1358.
Package xcolor Info: Model `Gray' substituted by `gray' on input line 1359.
Package xcolor Info: Model `wave' substituted by `hsb' on input line 1360.
)
(/usr/share/texmf/tex/generic/pgf/basiclayer/pgfcore.code.tex
Package: pgfcore 2010/04/11 v2.10 (rcs-revision 1.7)

(/usr/share/texmf/tex/generic/pgf/math/pgfmath.code.tex
(/usr/share/texmf/tex/generic/pgf/math/pgfmathcalc.code.tex
(/usr/share/texmf/tex/generic/pgf/math/pgfmathutil.code.tex)
(/usr/share/texmf/tex/generic/pgf/math/pgfmathparser.code.tex
\pgfmath@dimen=\dimen137
\pgfmath@count=\count112
\pgfmath@box=\box35
\pgfmath@toks=\toks20
\pgfmath@stack@operand=\toks21
\pgfmath@stack@operation=\toks22
)
(/usr/share/texmf/tex/generic/pgf/math/pgfmathfunctions.code.tex
(/usr/share/texmf/tex/generic/pgf/math/pgfmathfunctions.basic.code.tex)
(/usr/share/texmf/tex/generic/pgf/math/pgfmathfunctions.trigonometric.code.tex)
(/usr/share/texmf/tex/generic/pgf/math/pgfmathfunctions.random.code.tex)
(/usr/share/texmf/tex/generic/pgf/math/pgfmathfunctions.comparison.code.tex)
(/usr/share/texmf/tex/generic/pgf/math/pgfmathfunctions.base.code.tex)
(/usr/share/texmf/tex/generic/pgf/math/pgfmathfunctions.round.code.tex)
(/usr/share/texmf/tex/generic/pgf/math/pgfmathfunctions.misc.code.tex)))
(/usr/share/texmf/tex/generic/pgf/math/pgfmathfloat.code.tex
\c@pgfmathroundto@lastzeros=\count113
))
(/usr/share/texmf/tex/generic/pgf/basiclayer/pgfcorepoints.code.tex
File: pgfcorepoints.code.tex 2010/04/09  (rcs-revision 1.20)
\pgf@picminx=\dimen138
\pgf@picmaxx=\dimen139
\pgf@picminy=\dimen140
\pgf@picmaxy=\dimen141
\pgf@pathminx=\dimen142
\pgf@pathmaxx=\dimen143
\pgf@pathminy=\dimen144
\pgf@pathmaxy=\dimen145
\pgf@xx=\dimen146
\pgf@xy=\dimen147
\pgf@yx=\dimen148
\pgf@yy=\dimen149
\pgf@zx=\dimen150
\pgf@zy=\dimen151
)
(/usr/share/texmf/tex/generic/pgf/basiclayer/pgfcorepathconstruct.code.tex
File: pgfcorepathconstruct.code.tex 2010/08/03  (rcs-revision 1.24)
\pgf@path@lastx=\dimen152
\pgf@path@lasty=\dimen153
)
(/usr/share/texmf/tex/generic/pgf/basiclayer/pgfcorepathusage.code.tex
File: pgfcorepathusage.code.tex 2008/04/22  (rcs-revision 1.12)
\pgf@shorten@end@additional=\dimen154
\pgf@shorten@start@additional=\dimen155
)
(/usr/share/texmf/tex/generic/pgf/basiclayer/pgfcorescopes.code.tex
File: pgfcorescopes.code.tex 2010/09/08  (rcs-revision 1.34)
\pgfpic=\box36
\pgf@hbox=\box37
\pgf@layerbox@main=\box38
\pgf@picture@serial@count=\count114
)
(/usr/share/texmf/tex/generic/pgf/basiclayer/pgfcoregraphicstate.code.tex
File: pgfcoregraphicstate.code.tex 2008/04/22  (rcs-revision 1.9)
\pgflinewidth=\dimen156
)
(/usr/share/texmf/tex/generic/pgf/basiclayer/pgfcoretransformations.code.tex
File: pgfcoretransformations.code.tex 2009/06/10  (rcs-revision 1.11)
\pgf@pt@x=\dimen157
\pgf@pt@y=\dimen158
\pgf@pt@temp=\dimen159
)
(/usr/share/texmf/tex/generic/pgf/basiclayer/pgfcorequick.code.tex
File: pgfcorequick.code.tex 2008/10/09  (rcs-revision 1.3)
)
(/usr/share/texmf/tex/generic/pgf/basiclayer/pgfcoreobjects.code.tex
File: pgfcoreobjects.code.tex 2006/10/11  (rcs-revision 1.2)
)
(/usr/share/texmf/tex/generic/pgf/basiclayer/pgfcorepathprocessing.code.tex
File: pgfcorepathprocessing.code.tex 2008/10/09  (rcs-revision 1.8)
)
(/usr/share/texmf/tex/generic/pgf/basiclayer/pgfcorearrows.code.tex
File: pgfcorearrows.code.tex 2008/04/23  (rcs-revision 1.11)
)
(/usr/share/texmf/tex/generic/pgf/basiclayer/pgfcoreshade.code.tex
File: pgfcoreshade.code.tex 2008/11/23  (rcs-revision 1.13)
\pgf@max=\dimen160
\pgf@sys@shading@range@num=\count115
)
(/usr/share/texmf/tex/generic/pgf/basiclayer/pgfcoreimage.code.tex
File: pgfcoreimage.code.tex 2010/03/25  (rcs-revision 1.16)

(/usr/share/texmf/tex/generic/pgf/basiclayer/pgfcoreexternal.code.tex
File: pgfcoreexternal.code.tex 2010/09/01  (rcs-revision 1.17)
\pgfexternal@startupbox=\box39
))
(/usr/share/texmf/tex/generic/pgf/basiclayer/pgfcorelayers.code.tex
File: pgfcorelayers.code.tex 2010/08/27  (rcs-revision 1.2)
)
(/usr/share/texmf/tex/generic/pgf/basiclayer/pgfcoretransparency.code.tex
File: pgfcoretransparency.code.tex 2008/01/17  (rcs-revision 1.2)
)
(/usr/share/texmf/tex/generic/pgf/basiclayer/pgfcorepatterns.code.tex
File: pgfcorepatterns.code.tex 2009/07/02  (rcs-revision 1.3)
)))
(/usr/share/texmf/tex/latex/pgf/utilities/xxcolor.sty
Package: xxcolor 2003/10/24 ver 0.1
\XC@nummixins=\count116
\XC@countmixins=\count117
)
(/usr/share/texlive/texmf-dist/tex/latex/hyperref/hyperref.sty
Package: hyperref 2012/11/06 v6.83m Hypertext links for LaTeX

(/usr/share/texlive/texmf-dist/tex/generic/oberdiek/hobsub-hyperref.sty
Package: hobsub-hyperref 2012/05/28 v1.13 Bundle oberdiek, subset hyperref (HO)


(/usr/share/texlive/texmf-dist/tex/generic/oberdiek/hobsub-generic.sty
Package: hobsub-generic 2012/05/28 v1.13 Bundle oberdiek, subset generic (HO)
Package: hobsub 2012/05/28 v1.13 Construct package bundles (HO)
Package hobsub Info: Skipping package `infwarerr' (already loaded).
Package hobsub Info: Skipping package `ltxcmds' (already loaded).
Package: ifluatex 2010/03/01 v1.3 Provides the ifluatex switch (HO)
Package ifluatex Info: LuaTeX not detected.
Package hobsub Info: Skipping package `ifvtex' (already loaded).
Package: intcalc 2007/09/27 v1.1 Expandable calculations with integers (HO)
Package hobsub Info: Skipping package `ifpdf' (already loaded).
Package: etexcmds 2011/02/16 v1.5 Avoid name clashes with e-TeX commands (HO)
Package etexcmds Info: Could not find \expanded.
(etexcmds)             That can mean that you are not using pdfTeX 1.50 or
(etexcmds)             that some package has redefined \expanded.
(etexcmds)             In the latter case, load this package earlier.
Package: kvsetkeys 2012/04/25 v1.16 Key value parser (HO)
Package: kvdefinekeys 2011/04/07 v1.3 Define keys (HO)
Package: pdftexcmds 2011/11/29 v0.20 Utility functions of pdfTeX for LuaTeX (HO
)
Package pdftexcmds Info: LuaTeX not detected.
Package pdftexcmds Info: \pdf@primitive is available.
Package pdftexcmds Info: \pdf@ifprimitive is available.
Package pdftexcmds Info: \pdfdraftmode found.
Package: pdfescape 2011/11/25 v1.13 Implements pdfTeX's escape features (HO)
Package: bigintcalc 2012/04/08 v1.3 Expandable calculations on big integers (HO
)
Package: bitset 2011/01/30 v1.1 Handle bit-vector datatype (HO)
Package: uniquecounter 2011/01/30 v1.2 Provide unlimited unique counter (HO)
)
Package hobsub Info: Skipping package `hobsub' (already loaded).
Package: letltxmacro 2010/09/02 v1.4 Let assignment for LaTeX macros (HO)
Package: hopatch 2012/05/28 v1.2 Wrapper for package hooks (HO)
Package: xcolor-patch 2011/01/30 xcolor patch
Package: atveryend 2011/06/30 v1.8 Hooks at the very end of document (HO)
Package atveryend Info: \enddocument detected (standard20110627).
Package: atbegshi 2011/10/05 v1.16 At begin shipout hook (HO)
Package: refcount 2011/10/16 v3.4 Data extraction from label references (HO)
Package: hycolor 2011/01/30 v1.7 Color options for hyperref/bookmark (HO)
)
(/usr/share/texlive/texmf-dist/tex/latex/oberdiek/auxhook.sty
Package: auxhook 2011/03/04 v1.3 Hooks for auxiliary files (HO)
)
(/usr/share/texlive/texmf-dist/tex/latex/oberdiek/kvoptions.sty
Package: kvoptions 2011/06/30 v3.11 Key value format for package options (HO)
)
\@linkdim=\dimen161
\Hy@linkcounter=\count118
\Hy@pagecounter=\count119

(/usr/share/texlive/texmf-dist/tex/latex/hyperref/pd1enc.def
File: pd1enc.def 2012/11/06 v6.83m Hyperref: PDFDocEncoding definition (HO)
)
\Hy@SavedSpaceFactor=\count120

(/usr/share/texlive/texmf-dist/tex/latex/latexconfig/hyperref.cfg
File: hyperref.cfg 2002/06/06 v1.2 hyperref configuration of TeXLive
)
Package hyperref Info: Option `bookmarks' set `true' on input line 4319.
Package hyperref Info: Option `bookmarksopen' set `true' on input line 4319.
Package hyperref Info: Option `implicit' set `false' on input line 4319.
Package hyperref Info: Hyper figures OFF on input line 4443.
Package hyperref Info: Link nesting OFF on input line 4448.
Package hyperref Info: Hyper index ON on input line 4451.
Package hyperref Info: Plain pages OFF on input line 4458.
Package hyperref Info: Backreferencing OFF on input line 4463.
Package hyperref Info: Implicit mode OFF; no redefinition of LaTeX internals.
Package hyperref Info: Bookmarks ON on input line 4688.
\c@Hy@tempcnt=\count121

(/usr/share/texlive/texmf-dist/tex/latex/url/url.sty
\Urlmuskip=\muskip10
Package: url 2013/09/16  ver 3.4  Verb mode for urls, etc.
)
LaTeX Info: Redefining \url on input line 5041.
\XeTeXLinkMargin=\dimen162
\Fld@menulength=\count122
\Field@Width=\dimen163
\Fld@charsize=\dimen164
Package hyperref Info: Hyper figures OFF on input line 6295.
Package hyperref Info: Link nesting OFF on input line 6300.
Package hyperref Info: Hyper index ON on input line 6303.
Package hyperref Info: backreferencing OFF on input line 6310.
Package hyperref Info: Link coloring OFF on input line 6315.
Package hyperref Info: Link coloring with OCG OFF on input line 6320.
Package hyperref Info: PDF/A mode OFF on input line 6325.
LaTeX Info: Redefining \ref on input line 6365.
LaTeX Info: Redefining \pageref on input line 6369.
\Hy@abspage=\count123


Package hyperref Message: Stopped early.

)

Package hyperref Message: Driver (autodetected): hpdftex.

(/usr/share/texlive/texmf-dist/tex/latex/hyperref/hpdftex.def
File: hpdftex.def 2012/11/06 v6.83m Hyperref driver for pdfTeX
\Fld@listcount=\count124
\c@bookmark@seq@number=\count125

(/usr/share/texlive/texmf-dist/tex/latex/oberdiek/rerunfilecheck.sty
Package: rerunfilecheck 2011/04/15 v1.7 Rerun checks for auxiliary files (HO)
Package uniquecounter Info: New unique counter `rerunfilecheck' on input line 2
82.
))
(/usr/share/texmf/tex/latex/beamer/base/beamerbaserequires.sty
Package: beamerbaserequires 2010/05/01  (rcs-revision efa082c6111d)

(/usr/share/texmf/tex/latex/beamer/base/beamerbasecompatibility.sty
Package: beamerbasecompatibility 2012/05/01  (rcs-revision 67c48b3b652d)
)
(/usr/share/texmf/tex/latex/beamer/base/beamerbasefont.sty
Package: beamerbasefont 2012/09/19  (rcs-revision 733629cd0c6c)

(/usr/share/texlive/texmf-dist/tex/latex/amsfonts/amssymb.sty
Package: amssymb 2013/01/14 v3.01 AMS font symbols

(/usr/share/texlive/texmf-dist/tex/latex/amsfonts/amsfonts.sty
Package: amsfonts 2013/01/14 v3.01 Basic AMSFonts support
\@emptytoks=\toks23
\symAMSa=\mathgroup4
\symAMSb=\mathgroup5
LaTeX Font Info:    Overwriting math alphabet `\mathfrak' in version `bold'
(Font)                  U/euf/m/n --> U/euf/b/n on input line 106.
)))
(/usr/share/texmf/tex/latex/beamer/base/beamerbasetranslator.sty
Package: beamerbasetranslator 2010/06/11  (rcs-revision 85fd1cc7fc42)

(/usr/share/texmf/tex/latex/beamer/base/translator/translator.sty
Package: translator 2010/06/12 ver 1.10

(/usr/share/texmf/tex/latex/beamer/base/translator/translator-language-mappings
.tex))) (/usr/share/texmf/tex/latex/beamer/base/beamerbasemisc.sty
Package: beamerbasemisc 2012/02/24  (rcs-revision 2ff5461be705)
)
(/usr/share/texmf/tex/latex/beamer/base/beamerbasetwoscreens.sty
Package: beamerbasetwoscreens 2010/05/01  (rcs-revision efa082c6111d)
)
(/usr/share/texmf/tex/latex/beamer/base/beamerbaseoverlay.sty
Package: beamerbaseoverlay 2012/11/11  (rcs-revision 6afbc49b1109)
\beamer@argscount=\count126
\beamer@lastskipcover=\skip44
\beamer@trivlistdepth=\count127
)
(/usr/share/texmf/tex/latex/beamer/base/beamerbasetitle.sty
Package: beamerbasetitle 2010/09/21  (rcs-revision f0446ed0b6ae)
)
(/usr/share/texmf/tex/latex/beamer/base/beamerbasesection.sty
Package: beamerbasesection 2012/11/11  (rcs-revision 0056eef6f17f)
\c@lecture=\count128
\c@part=\count129
\c@section=\count130
\c@subsection=\count131
\c@subsubsection=\count132
)
(/usr/share/texmf/tex/latex/beamer/base/beamerbaseframe.sty
Package: beamerbaseframe 2012/09/13  (rcs-revision dcd846607320)
\beamer@framebox=\box40
\beamer@frametitlebox=\box41
\beamer@zoombox=\box42
\beamer@zoomcount=\count133
\beamer@zoomframecount=\count134
\beamer@frametextheight=\dimen165
\c@subsectionslide=\count135
\beamer@frametopskip=\skip45
\beamer@framebottomskip=\skip46
\beamer@frametopskipautobreak=\skip47
\beamer@framebottomskipautobreak=\skip48
\beamer@envbody=\toks24
\framewidth=\dimen166
\c@framenumber=\count136
)
(/usr/share/texmf/tex/latex/beamer/base/beamerbaseverbatim.sty
Package: beamerbaseverbatim 2012/08/30  (rcs-revision dfdb135076b3)
\beamer@verbatimfileout=\write4
)
(/usr/share/texmf/tex/latex/beamer/base/beamerbaseframesize.sty
Package: beamerbaseframesize 2011/09/12  (rcs-revision 70f9d8411e54)
\beamer@splitbox=\box43
\beamer@autobreakcount=\count137
\beamer@autobreaklastheight=\dimen167
\beamer@frametitletoks=\toks25
\beamer@framesubtitletoks=\toks26
)
(/usr/share/texmf/tex/latex/beamer/base/beamerbaseframecomponents.sty
Package: beamerbaseframecomponents 2012/09/13  (rcs-revision dcd846607320)
\beamer@footins=\box44
)
(/usr/share/texmf/tex/latex/beamer/base/beamerbasecolor.sty
Package: beamerbasecolor 2010/06/06  (rcs-revision d1a9b48be06d)
)
(/usr/share/texmf/tex/latex/beamer/base/beamerbasenotes.sty
Package: beamerbasenotes 2010/05/01  (rcs-revision efa082c6111d)
\beamer@frameboxcopy=\box45
)
(/usr/share/texmf/tex/latex/beamer/base/beamerbasetoc.sty
Package: beamerbasetoc 2012/10/02  (rcs-revision 5ed0f4010e8a)
)
(/usr/share/texmf/tex/latex/beamer/base/beamerbasetemplates.sty
Package: beamerbasetemplates 2010/05/01  (rcs-revision efa082c6111d)
\beamer@sbttoks=\toks27

(/usr/share/texmf/tex/latex/beamer/base/beamerbaseauxtemplates.sty
Package: beamerbaseauxtemplates 2012/05/01  (rcs-revision 67c48b3b652d)

(/usr/share/texmf/tex/latex/beamer/base/beamerbaseboxes.sty
Package: beamerbaseboxes 2012/05/13  (rcs-revision 56972908a390)
\bmb@box=\box46
\bmb@colorbox=\box47
\bmb@boxshadow=\box48
\bmb@boxshadowball=\box49
\bmb@boxshadowballlarge=\box50
\bmb@temp=\dimen168
\bmb@dima=\dimen169
\bmb@dimb=\dimen170
\bmb@prevheight=\dimen171
)
\beamer@blockheadheight=\dimen172
))
(/usr/share/texmf/tex/latex/beamer/base/beamerbaselocalstructure.sty
Package: beamerbaselocalstructure 2012/11/13  (rcs-revision ddfba79dac19)

(/usr/share/texlive/texmf-dist/tex/latex/tools/enumerate.sty
Package: enumerate 1999/03/05 v3.00 enumerate extensions (DPC)
\@enLab=\toks28
)
\c@figure=\count138
\c@table=\count139
\abovecaptionskip=\skip49
\belowcaptionskip=\skip50
)
(/usr/share/texmf/tex/latex/beamer/base/beamerbasenavigation.sty
Package: beamerbasenavigation 2012/04/03  (rcs-revision 42a0f21a412d)
\beamer@section@min@dim=\dimen173
)
(/usr/share/texmf/tex/latex/beamer/base/beamerbasetheorems.sty
Package: beamerbasetheorems 2010/06/06  (rcs-revision 7e7cc5e53e9d)

(/usr/share/texlive/texmf-dist/tex/latex/amsmath/amsmath.sty
Package: amsmath 2013/01/14 v2.14 AMS math features
\@mathmargin=\skip51

For additional information on amsmath, use the `?' option.
(/usr/share/texlive/texmf-dist/tex/latex/amsmath/amstext.sty
Package: amstext 2000/06/29 v2.01

(/usr/share/texlive/texmf-dist/tex/latex/amsmath/amsgen.sty
File: amsgen.sty 1999/11/30 v2.0
\@emptytoks=\toks29
\ex@=\dimen174
))
(/usr/share/texlive/texmf-dist/tex/latex/amsmath/amsbsy.sty
Package: amsbsy 1999/11/29 v1.2d
\pmbraise@=\dimen175
)
(/usr/share/texlive/texmf-dist/tex/latex/amsmath/amsopn.sty
Package: amsopn 1999/12/14 v2.01 operator names
)
\inf@bad=\count140
LaTeX Info: Redefining \frac on input line 210.
\uproot@=\count141
\leftroot@=\count142
LaTeX Info: Redefining \overline on input line 306.
\classnum@=\count143
\DOTSCASE@=\count144
LaTeX Info: Redefining \ldots on input line 378.
LaTeX Info: Redefining \dots on input line 381.
LaTeX Info: Redefining \cdots on input line 466.
\Mathstrutbox@=\box51
\strutbox@=\box52
\big@size=\dimen176
LaTeX Font Info:    Redeclaring font encoding OML on input line 566.
LaTeX Font Info:    Redeclaring font encoding OMS on input line 567.
\macc@depth=\count145
\c@MaxMatrixCols=\count146
\dotsspace@=\muskip11
\c@parentequation=\count147
\dspbrk@lvl=\count148
\tag@help=\toks30
\row@=\count149
\column@=\count150
\maxfields@=\count151
\andhelp@=\toks31
\eqnshift@=\dimen177
\alignsep@=\dimen178
\tagshift@=\dimen179
\tagwidth@=\dimen180
\totwidth@=\dimen181
\lineht@=\dimen182
\@envbody=\toks32
\multlinegap=\skip52
\multlinetaggap=\skip53
\mathdisplay@stack=\toks33
LaTeX Info: Redefining \[ on input line 2665.
LaTeX Info: Redefining \] on input line 2666.
)
(/usr/share/texlive/texmf-dist/tex/latex/amscls/amsthm.sty
Package: amsthm 2004/08/06 v2.20
\thm@style=\toks34
\thm@bodyfont=\toks35
\thm@headfont=\toks36
\thm@notefont=\toks37
\thm@headpunct=\toks38
\thm@preskip=\skip54
\thm@postskip=\skip55
\thm@headsep=\skip56
\dth@everypar=\toks39
)
\c@theorem=\count152
)
(/usr/share/texmf/tex/latex/beamer/base/beamerbasethemes.sty
Package: beamerbasethemes 2010/05/01  (rcs-revision efa082c6111d)
))
(/usr/share/texmf/tex/latex/beamer/base/themes/theme/beamerthemedefault.sty
Package: beamerthemedefault 2010/06/17  (rcs-revision d02a7cf4d8ae)

(/usr/share/texmf/tex/latex/beamer/base/themes/font/beamerfontthemedefault.sty
Package: beamerfontthemedefault 2010/06/17  (rcs-revision d02a7cf4d8ae)
)
(/usr/share/texmf/tex/latex/beamer/base/themes/color/beamercolorthemedefault.st
y
Package: beamercolorthemedefault 2010/06/17  (rcs-revision d02a7cf4d8ae)
)
(/usr/share/texmf/tex/latex/beamer/base/themes/inner/beamerinnerthemedefault.st
y
Package: beamerinnerthemedefault 2012/05/01  (rcs-revision 67c48b3b652d)
\beamer@dima=\dimen183
\beamer@dimb=\dimen184
)
(/usr/share/texmf/tex/latex/beamer/base/themes/outer/beamerouterthemedefault.st
y
Package: beamerouterthemedefault 2012/10/02  (rcs-revision 5ed0f4010e8a)
))) (/usr/share/texmf/tex/latex/beamer/base/themes/theme/beamerthemeWarsaw.sty
Package: beamerthemeWarsaw 2010/06/17  (rcs-revision d02a7cf4d8ae)

(/usr/share/texmf/tex/latex/beamer/base/themes/inner/beamerinnerthemerounded.st
y
Package: beamerinnerthemerounded 2010/06/17  (rcs-revision d02a7cf4d8ae)
)
(/usr/share/texmf/tex/latex/beamer/base/themes/outer/beamerouterthemeshadow.sty
Package: beamerouterthemeshadow 2010/06/17  (rcs-revision d02a7cf4d8ae)
(/usr/share/texmf/tex/latex/beamer/base/themes/outer/beamerouterthemesplit.sty
Package: beamerouterthemesplit 2012/10/16  (rcs-revision 51a8c72084af)
))
(/usr/share/texmf/tex/latex/beamer/base/themes/color/beamercolorthemeorchid.sty
Package: beamercolorthemeorchid 2010/06/17  (rcs-revision d02a7cf4d8ae)
)
(/usr/share/texmf/tex/latex/beamer/base/themes/color/beamercolorthemewhale.sty
Package: beamercolorthemewhale 2010/06/17  (rcs-revision d02a7cf4d8ae)
))
(/usr/share/texmf/tex/latex/beamer/base/themes/color/beamercolorthemebeaver.sty
Package: beamercolorthemebeaver 2010/06/17  (rcs-revision d02a7cf4d8ae)
) (/usr/share/texlive/texmf-dist/tex/latex/base/inputenc.sty
Package: inputenc 2008/03/30 v1.1d Input encoding file
\inpenc@prehook=\toks40
\inpenc@posthook=\toks41

(/usr/share/texlive/texmf-dist/tex/latex/base/latin1.def
File: latin1.def 2008/03/30 v1.1d Input encoding file
))
(/usr/share/texlive/texmf-dist/tex/generic/babel/babel.sty
Package: babel 2013/12/03 3.9h The Babel package

(/usr/share/texlive/texmf-dist/tex/generic/babel-spanish/spanish.ldf
Language: spanish.ldf 2014/01/29 v5.0m Spanish support from the babel system

(/usr/share/texlive/texmf-dist/tex/generic/babel/babel.def
File: babel.def 2013/12/03 3.9h Babel common definitions
LaTeX Info: Redefining \textlatin on input line 137.
\babel@savecnt=\count153
\U@D=\dimen185
)
\es@datefmt=\count154
\es@quottoks=\toks42
\es@quotdepth=\count155
Package babel Info: Making " an active character on input line 496.
Package babel Info: Making . an active character on input line 599.
Package babel Info: Making < an active character on input line 644.
Package babel Info: Making > an active character on input line 644.
))
(/usr/share/texlive/texmf-dist/tex/latex/base/latexsym.sty
Package: latexsym 1998/08/17 v2.2e Standard LaTeX package (lasy symbols)
\symlasy=\mathgroup6
LaTeX Font Info:    Overwriting symbol font `lasy' in version `bold'
(Font)                  U/lasy/m/n --> U/lasy/b/n on input line 47.
)
(/usr/share/texlive/texmf-dist/tex/latex/siunitx/siunitx.sty
(/usr/share/texlive/texmf-dist/tex/latex/l3kernel/expl3.sty
(/usr/share/texlive/texmf-dist/tex/latex/l3kernel/l3names.sty
(/usr/share/texlive/texmf-dist/tex/latex/l3kernel/l3bootstrap.sty
Package: l3bootstrap 2014/01/04 v4640 L3 Experimental bootstrap code
)
Package: l3names 2014/01/04 v4640 L3 Namespace for primitives
)
(/usr/share/texlive/texmf-dist/tex/latex/etex-pkg/etex.sty
Package: etex 1998/03/26 v2.0 eTeX basic definition package (PEB)
\et@xins=\count156
)
Package: expl3 2014/01/07 v4646 L3 Experimental code bundle wrapper

(/usr/share/texlive/texmf-dist/tex/latex/l3kernel/l3basics.sty
Package: l3basics 2014/01/04 v4642 L3 Basic definitions
)
(/usr/share/texlive/texmf-dist/tex/latex/l3kernel/l3expan.sty
Package: l3expan 2014/01/04 v4642 L3 Argument expansion
)
(/usr/share/texlive/texmf-dist/tex/latex/l3kernel/l3tl.sty
Package: l3tl 2013/12/27 v4625 L3 Token lists
)
(/usr/share/texlive/texmf-dist/tex/latex/l3kernel/l3seq.sty
Package: l3seq 2013/12/14 v4623 L3 Sequences and stacks
)
(/usr/share/texlive/texmf-dist/tex/latex/l3kernel/l3int.sty
Package: l3int 2013/08/02 v4583 L3 Integers
\c_max_int=\count157
\l_tmpa_int=\count158
\l_tmpb_int=\count159
\g_tmpa_int=\count160
\g_tmpb_int=\count161
)
(/usr/share/texlive/texmf-dist/tex/latex/l3kernel/l3quark.sty
Package: l3quark 2013/12/14 v4623 L3 Quarks
)
(/usr/share/texlive/texmf-dist/tex/latex/l3kernel/l3prg.sty
Package: l3prg 2014/01/04 v4642 L3 Control structures
\g__prg_map_int=\count162
)
(/usr/share/texlive/texmf-dist/tex/latex/l3kernel/l3clist.sty
Package: l3clist 2013/07/28 v4581 L3 Comma separated lists
)
(/usr/share/texlive/texmf-dist/tex/latex/l3kernel/l3token.sty
Package: l3token 2013/08/25 v4587 L3 Experimental token manipulation
)
(/usr/share/texlive/texmf-dist/tex/latex/l3kernel/l3prop.sty
Package: l3prop 2013/12/14 v4623 L3 Property lists
)
(/usr/share/texlive/texmf-dist/tex/latex/l3kernel/l3msg.sty
Package: l3msg 2013/07/28 v4581 L3 Messages
)
(/usr/share/texlive/texmf-dist/tex/latex/l3kernel/l3file.sty
Package: l3file 2013/10/13 v4596 L3 File and I/O operations
\l_iow_line_count_int=\count163
\l__iow_target_count_int=\count164
\l__iow_current_line_int=\count165
\l__iow_current_word_int=\count166
\l__iow_current_indentation_int=\count167
)
(/usr/share/texlive/texmf-dist/tex/latex/l3kernel/l3skip.sty
Package: l3skip 2013/07/28 v4581 L3 Dimensions and skips
\c_zero_dim=\dimen186
\c_max_dim=\dimen187
\l_tmpa_dim=\dimen188
\l_tmpb_dim=\dimen189
\g_tmpa_dim=\dimen190
\g_tmpb_dim=\dimen191
\c_zero_skip=\skip57
\c_max_skip=\skip58
\l_tmpa_skip=\skip59
\l_tmpb_skip=\skip60
\g_tmpa_skip=\skip61
\g_tmpb_skip=\skip62
\c_zero_muskip=\muskip12
\c_max_muskip=\muskip13
\l_tmpa_muskip=\muskip14
\l_tmpb_muskip=\muskip15
\g_tmpa_muskip=\muskip16
\g_tmpb_muskip=\muskip17
)
(/usr/share/texlive/texmf-dist/tex/latex/l3kernel/l3keys.sty
Package: l3keys 2013/12/08 v4614 L3 Experimental key-value interfaces
\g__keyval_level_int=\count168
\l_keys_choice_int=\count169
)
(/usr/share/texlive/texmf-dist/tex/latex/l3kernel/l3fp.sty
Package: l3fp 2014/01/04 v4642 L3 Floating points
\c__fp_leading_shift_int=\count170
\c__fp_middle_shift_int=\count171
\c__fp_trailing_shift_int=\count172
\c__fp_big_leading_shift_int=\count173
\c__fp_big_middle_shift_int=\count174
\c__fp_big_trailing_shift_int=\count175
\c__fp_Bigg_leading_shift_int=\count176
\c__fp_Bigg_middle_shift_int=\count177
\c__fp_Bigg_trailing_shift_int=\count178
)
(/usr/share/texlive/texmf-dist/tex/latex/l3kernel/l3box.sty
Package: l3box 2013/07/28 v4581 L3 Experimental boxes
\c_empty_box=\box53
\l_tmpa_box=\box54
\l_tmpb_box=\box55
\g_tmpa_box=\box56
\g_tmpb_box=\box57
)
(/usr/share/texlive/texmf-dist/tex/latex/l3kernel/l3coffins.sty
Package: l3coffins 2013/12/14 v4624 L3 Coffin code layer
\l__coffin_internal_box=\box58
\l__coffin_internal_dim=\dimen192
\l__coffin_offset_x_dim=\dimen193
\l__coffin_offset_y_dim=\dimen194
\l__coffin_x_dim=\dimen195
\l__coffin_y_dim=\dimen196
\l__coffin_x_prime_dim=\dimen197
\l__coffin_y_prime_dim=\dimen198
\c_empty_coffin=\box59
\l__coffin_aligned_coffin=\box60
\l__coffin_aligned_internal_coffin=\box61
\l_tmpa_coffin=\box62
\l_tmpb_coffin=\box63
\l__coffin_display_coffin=\box64
\l__coffin_display_coord_coffin=\box65
\l__coffin_display_pole_coffin=\box66
\l__coffin_display_offset_dim=\dimen199
\l__coffin_display_x_dim=\dimen200
\l__coffin_display_y_dim=\dimen201
)
(/usr/share/texlive/texmf-dist/tex/latex/l3kernel/l3color.sty
Package: l3color 2012/08/29 v4156 L3 Experimental color support
)
(/usr/share/texlive/texmf-dist/tex/latex/l3kernel/l3luatex.sty
Package: l3luatex 2013/07/28 v4581 L3 Experimental LuaTeX-specific functions
\g__cctab_allocate_int=\count179
\g__cctab_stack_int=\count180
)
(/usr/share/texlive/texmf-dist/tex/latex/l3kernel/l3candidates.sty
Package: l3candidates 2014/01/06 v4643 L3 Experimental additions to l3kernel
Normal \dimen register pool exhausted, switching to extended pool.
\l__box_top_dim=\dimen256
\l__box_bottom_dim=\dimen257
\l__box_left_dim=\dimen258
\l__box_right_dim=\dimen259
\l__box_top_new_dim=\dimen260
\l__box_bottom_new_dim=\dimen261
\l__box_left_new_dim=\dimen262
\l__box_right_new_dim=\dimen263
\l__box_internal_box=\box67
\l__coffin_bounding_shift_dim=\dimen264
\l__coffin_left_corner_dim=\dimen265
\l__coffin_right_corner_dim=\dimen266
\l__coffin_bottom_corner_dim=\dimen267
\l__coffin_top_corner_dim=\dimen268
\l__coffin_scaled_total_height_dim=\dimen269
\l__coffin_scaled_width_dim=\dimen270
))
(/usr/share/texlive/texmf-dist/tex/latex/l3packages/xparse/xparse.sty
Package: xparse 2013/12/31 v4634 L3 Experimental document command parser
\l__xparse_current_arg_int=\count181
\l__xparse_m_args_int=\count182
\l__xparse_mandatory_args_int=\count183
\l__xparse_processor_int=\count184
\l__xparse_v_nesting_int=\count185
)
Package: siunitx 2013/07/31 v2.5s A comprehensive (SI) units package

(/usr/share/texlive/texmf-dist/tex/latex/tools/array.sty
Package: array 2008/09/09 v2.4c Tabular extension package (FMi)
\col@sep=\dimen271
\extrarowheight=\dimen272
\NC@list=\toks43
\extratabsurround=\skip63
\backup@length=\skip64
)
(/usr/share/texlive/texmf-dist/tex/latex/l3packages/l3keys2e/l3keys2e.sty
Package: l3keys2e 2013/12/31 v4634 LaTeX2e option processing using LaTeX3 keys
)
Variant \tl_if_blank:VTF already defined; not changing it on line 50
\l__siunitx_tmp_box=\box68
\l__siunitx_tmp_dim=\dimen273
\l__siunitx_tmp_int=\count186
Variant \prop_get:NVNT already defined; not changing it on line 371
Variant \prop_get:NVNF already defined; not changing it on line 372
Variant \prop_get:NVNTF already defined; not changing it on line 373
\l__siunitx_number_mantissa_length_int=\count187
\l__siunitx_number_uncert_length_int=\count188
\l__siunitx_round_int=\count189
\l__siunitx_process_decimal_int=\count190
\l__siunitx_process_uncertainty_int=\count191
\l__siunitx_process_fixed_int=\count192
\l__siunitx_process_integer_min_int=\count193
\l__siunitx_process_precision_int=\count194
\l__siunitx_group_min_int=\count195
\l__siunitx_angle_marker_box=\box69
\l__siunitx_angle_unit_box=\box70
\l__siunitx_angle_marker_dim=\dimen274
\l__siunitx_angle_unit_dim=\dimen275
\l__siunitx_unit_int=\count196
\l__siunitx_unit_denominator_int=\count197
\l__siunitx_unit_numerator_int=\count198
\l__siunitx_unit_prefix_int=\count199
\l__siunitx_unit_prefix_base_int=\count200
\l__siunitx_unit_prefix_gram_int=\count201
Normal \count register pool exhausted, switching to extended pool.
\l__siunitx_number_product_int=\count277
\c__siunitx_one_fill_skip=\skip65
\l__siunitx_table_unit_align_skip=\skip66
\l__siunitx_table_exponent_dim=\dimen276
\l__siunitx_table_integer_dim=\dimen277
\l__siunitx_table_mantissa_dim=\dimen278
\l__siunitx_table_marker_dim=\dimen279
\l__siunitx_table_result_dim=\dimen280
\l__siunitx_table_uncert_dim=\dimen281
\l__siunitx_table_fill_pre_dim=\dimen282
\l__siunitx_table_fill_post_dim=\dimen283
\l__siunitx_table_fill_mid_dim=\dimen284
\l__siunitx_table_pre_box=\box71
\l__siunitx_table_post_box=\box72
\l__siunitx_table_mantissa_box=\box73
\l__siunitx_table_result_box=\box74
\l__siunitx_table_number_align_skip=\skip67
\l__siunitx_table_text_align_skip=\skip68
.................................................
. LaTeX info: "xparse/define-command"
. 
. Defining document command \DeclareBinaryPrefix with arg. spec. 'mmm' on line
. 7101.
.................................................
.................................................
. LaTeX info: "xparse/define-command"
. 
. Defining document command \DeclareSIPostPower with arg. spec. 'mm' on line
. 7104.
.................................................
.................................................
. LaTeX info: "xparse/define-command"
. 
. Defining document command \DeclareSIPrefix with arg. spec. 'mmm' on line
. 7107.
.................................................
.................................................
. LaTeX info: "xparse/define-command"
. 
. Defining document command \DeclareSIPrePower with arg. spec. 'mm' on line
. 7110.
.................................................
.................................................
. LaTeX info: "xparse/define-command"
. 
. Defining document command \DeclareSIQualifier with arg. spec. 'mm' on line
. 7113.
.................................................
.................................................
. LaTeX info: "xparse/define-command"
. 
. Defining document command \DeclareSIUnit with arg. spec. 'O{}mm' on line
. 7116.
.................................................
.................................................
. LaTeX info: "xparse/define-command"
. 
. Defining document command \DeclareSIUnitWithOptions with arg. spec. 'mmm' on
. line 7119.
.................................................
.................................................
. LaTeX info: "xparse/define-command"
. 
. Defining document command \ang with arg. spec. 'o>{\SplitArgument {2}{;}}m'
. on line 7134.
.................................................
.................................................
. LaTeX info: "xparse/define-command"
. 
. Defining document command \num with arg. spec. 'om' on line 7142.
.................................................
.................................................
. LaTeX info: "xparse/define-command"
. 
. Defining document command \numlist with arg. spec. 'o>{\SplitList {;}}m' on
. line 7150.
.................................................
.................................................
. LaTeX info: "xparse/define-command"
. 
. Defining document command \numrange with arg. spec. 'omm' on line 7158.
.................................................
.................................................
. LaTeX info: "xparse/define-command"
. 
. Defining document command \SIlist with arg. spec. 'o>{\SplitList {;}}mm' on
. line 7169.
.................................................
.................................................
. LaTeX info: "xparse/define-command"
. 
. Defining document command \SIrange with arg. spec. 'ommm' on line 7180.
.................................................
.................................................
. LaTeX info: "xparse/define-command"
. 
. Defining document command \SI with arg. spec. 'omom' on line 7191.
.................................................
.................................................
. LaTeX info: "xparse/define-command"
. 
. Defining document command \sisetup with arg. spec. 'm' on line 7194.
.................................................
.................................................
. LaTeX info: "xparse/define-command"
. 
. Defining document command \tablenum with arg. spec. 'om' on line 7206.
.................................................
.................................................
. LaTeX info: "xparse/define-command"
. 
. Defining document command \si with arg. spec. 'om' on line 7217.
.................................................
.................................................
. LaTeX info: "xparse/define-command"
. 
. Defining document command \__siunitx_bookmark_num:w with arg. spec. 'om' on
. line 7262.
.................................................
.................................................
. LaTeX info: "xparse/define-command"
. 
. Defining document command \__siunitx_bookmark_numrange:w with arg. spec.
. 'omm' on line 7264.
.................................................
.................................................
. LaTeX info: "xparse/define-command"
. 
. Defining document command \__siunitx_bookmark_SI:w with arg. spec. 'omom' on
. line 7266.
.................................................
.................................................
. LaTeX info: "xparse/define-command"
. 
. Defining document command \__siunitx_bookmark_SIlist:w with arg. spec. 'omm'
. on line 7268.
.................................................
.................................................
. LaTeX info: "xparse/define-command"
. 
. Defining document command \__siunitx_bookmark_SIrange:w with arg. spec.
. 'ommm' on line 7270.
.................................................
.................................................
. LaTeX info: "xparse/define-command"
. 
. Defining document command \__siunitx_bookmark_si:w with arg. spec. 'om' on
. line 7271.
.................................................
\g__file_internal_ior=\read2
)
(/usr/share/texlive/texmf-dist/tex/latex/base/textcomp.sty
Package: textcomp 2005/09/27 v1.99g Standard LaTeX package
Package textcomp Info: Sub-encoding information:
(textcomp)               5 = only ISO-Adobe without \textcurrency
(textcomp)               4 = 5 + \texteuro
(textcomp)               3 = 4 + \textohm
(textcomp)               2 = 3 + \textestimated + \textcurrency
(textcomp)               1 = TS1 - \textcircled - \t
(textcomp)               0 = TS1 (full)
(textcomp)             Font families with sub-encoding setting implement
(textcomp)             only a restricted character set as indicated.
(textcomp)             Family '?' is the default used for unknown fonts.
(textcomp)             See the documentation for details.
Package textcomp Info: Setting ? sub-encoding to TS1/1 on input line 71.

(/usr/share/texlive/texmf-dist/tex/latex/base/ts1enc.def
File: ts1enc.def 2001/06/05 v3.0e (jk/car/fm) Standard LaTeX file
)
LaTeX Info: Redefining \oldstylenums on input line 266.
Package textcomp Info: Setting cmr sub-encoding to TS1/0 on input line 281.
Package textcomp Info: Setting cmss sub-encoding to TS1/0 on input line 282.
Package textcomp Info: Setting cmtt sub-encoding to TS1/0 on input line 283.
Package textcomp Info: Setting cmvtt sub-encoding to TS1/0 on input line 284.
Package textcomp Info: Setting cmbr sub-encoding to TS1/0 on input line 285.
Package textcomp Info: Setting cmtl sub-encoding to TS1/0 on input line 286.
Package textcomp Info: Setting ccr sub-encoding to TS1/0 on input line 287.
Package textcomp Info: Setting ptm sub-encoding to TS1/4 on input line 288.
Package textcomp Info: Setting pcr sub-encoding to TS1/4 on input line 289.
Package textcomp Info: Setting phv sub-encoding to TS1/4 on input line 290.
Package textcomp Info: Setting ppl sub-encoding to TS1/3 on input line 291.
Package textcomp Info: Setting pag sub-encoding to TS1/4 on input line 292.
Package textcomp Info: Setting pbk sub-encoding to TS1/4 on input line 293.
Package textcomp Info: Setting pnc sub-encoding to TS1/4 on input line 294.
Package textcomp Info: Setting pzc sub-encoding to TS1/4 on input line 295.
Package textcomp Info: Setting bch sub-encoding to TS1/4 on input line 296.
Package textcomp Info: Setting put sub-encoding to TS1/5 on input line 297.
Package textcomp Info: Setting uag sub-encoding to TS1/5 on input line 298.
Package textcomp Info: Setting ugq sub-encoding to TS1/5 on input line 299.
Package textcomp Info: Setting ul8 sub-encoding to TS1/4 on input line 300.
Package textcomp Info: Setting ul9 sub-encoding to TS1/4 on input line 301.
Package textcomp Info: Setting augie sub-encoding to TS1/5 on input line 302.
Package textcomp Info: Setting dayrom sub-encoding to TS1/3 on input line 303.
Package textcomp Info: Setting dayroms sub-encoding to TS1/3 on input line 304.

Package textcomp Info: Setting pxr sub-encoding to TS1/0 on input line 305.
Package textcomp Info: Setting pxss sub-encoding to TS1/0 on input line 306.
Package textcomp Info: Setting pxtt sub-encoding to TS1/0 on input line 307.
Package textcomp Info: Setting txr sub-encoding to TS1/0 on input line 308.
Package textcomp Info: Setting txss sub-encoding to TS1/0 on input line 309.
Package textcomp Info: Setting txtt sub-encoding to TS1/0 on input line 310.
Package textcomp Info: Setting lmr sub-encoding to TS1/0 on input line 311.
Package textcomp Info: Setting lmdh sub-encoding to TS1/0 on input line 312.
Package textcomp Info: Setting lmss sub-encoding to TS1/0 on input line 313.
Package textcomp Info: Setting lmssq sub-encoding to TS1/0 on input line 314.
Package textcomp Info: Setting lmvtt sub-encoding to TS1/0 on input line 315.
Package textcomp Info: Setting qhv sub-encoding to TS1/0 on input line 316.
Package textcomp Info: Setting qag sub-encoding to TS1/0 on input line 317.
Package textcomp Info: Setting qbk sub-encoding to TS1/0 on input line 318.
Package textcomp Info: Setting qcr sub-encoding to TS1/0 on input line 319.
Package textcomp Info: Setting qcs sub-encoding to TS1/0 on input line 320.
Package textcomp Info: Setting qpl sub-encoding to TS1/0 on input line 321.
Package textcomp Info: Setting qtm sub-encoding to TS1/0 on input line 322.
Package textcomp Info: Setting qzc sub-encoding to TS1/0 on input line 323.
Package textcomp Info: Setting qhvc sub-encoding to TS1/0 on input line 324.
Package textcomp Info: Setting futs sub-encoding to TS1/4 on input line 325.
Package textcomp Info: Setting futx sub-encoding to TS1/4 on input line 326.
Package textcomp Info: Setting futj sub-encoding to TS1/4 on input line 327.
Package textcomp Info: Setting hlh sub-encoding to TS1/3 on input line 328.
Package textcomp Info: Setting hls sub-encoding to TS1/3 on input line 329.
Package textcomp Info: Setting hlst sub-encoding to TS1/3 on input line 330.
Package textcomp Info: Setting hlct sub-encoding to TS1/5 on input line 331.
Package textcomp Info: Setting hlx sub-encoding to TS1/5 on input line 332.
Package textcomp Info: Setting hlce sub-encoding to TS1/5 on input line 333.
Package textcomp Info: Setting hlcn sub-encoding to TS1/5 on input line 334.
Package textcomp Info: Setting hlcw sub-encoding to TS1/5 on input line 335.
Package textcomp Info: Setting hlcf sub-encoding to TS1/5 on input line 336.
Package textcomp Info: Setting pplx sub-encoding to TS1/3 on input line 337.
Package textcomp Info: Setting pplj sub-encoding to TS1/3 on input line 338.
Package textcomp Info: Setting ptmx sub-encoding to TS1/4 on input line 339.
Package textcomp Info: Setting ptmj sub-encoding to TS1/4 on input line 340.
)
(/usr/share/texlive/texmf-dist/tex/latex/oberdiek/epstopdf.sty
Package: epstopdf 2010/02/09 v2.5 Conversion with epstopdf on the fly (HO)

(/usr/share/texlive/texmf-dist/tex/latex/oberdiek/epstopdf-base.sty
Package: epstopdf-base 2010/02/09 v2.5 Base part for package epstopdf

(/usr/share/texlive/texmf-dist/tex/latex/oberdiek/grfext.sty
Package: grfext 2010/08/19 v1.1 Manage graphics extensions (HO)
)
Package grfext Info: Graphics extension search list:
(grfext)             [.png,.pdf,.jpg,.mps,.jpeg,.jbig2,.jb2,.PNG,.PDF,.JPG,.JPE
G,.JBIG2,.JB2,.eps]
(grfext)             \AppendGraphicsExtensions on input line 452.

(/usr/share/texlive/texmf-dist/tex/latex/latexconfig/epstopdf-sys.cfg
File: epstopdf-sys.cfg 2010/07/13 v1.3 Configuration of (r)epstopdf for TeX Liv
e
)))
(/usr/share/texlive/texmf-dist/tex/latex/tools/multicol.sty
Package: multicol 2011/06/27 v1.7a multicolumn formatting (FMi)
\c@tracingmulticols=\count278
\mult@box=\box75
\multicol@leftmargin=\dimen285
\c@unbalance=\count279
\c@collectmore=\count280
\doublecol@number=\count281
\multicoltolerance=\count282
\multicolpretolerance=\count283
\full@width=\dimen286
\page@free=\dimen287
\premulticols=\dimen288
\postmulticols=\dimen289
\multicolsep=\skip69
\multicolbaselineskip=\skip70
\partial@page=\box76
\last@line=\box77
\mult@rightbox=\box78
\mult@grightbox=\box79
\mult@gfirstbox=\box80
\mult@firstbox=\box81
\@tempa=\box82
\@tempa=\box83
\@tempa=\box84
\@tempa=\box85
\@tempa=\box86
\@tempa=\box87
\@tempa=\box88
\@tempa=\box89
\@tempa=\box90
\@tempa=\box91
\@tempa=\box92
\@tempa=\box93
\@tempa=\box94
\@tempa=\box95
\@tempa=\box96
\@tempa=\box97
\@tempa=\box98
\c@columnbadness=\count284
\c@finalcolumnbadness=\count285
\last@try=\dimen290
\multicolovershoot=\dimen291
\multicolundershoot=\dimen292
\mult@nat@firstbox=\box99
\colbreak@box=\box100
\multicol@sort@counter=\count286
)
(/usr/share/texlive/texmf-dist/tex/latex/multirow/multirow.sty
\bigstrutjot=\dimen293
)
(/usr/share/texlive/texmf-dist/tex/latex/appendix/appendix.sty
Package: appendix 2009/09/02 v1.2b extra appendix facilities
\c@@pps=\count287
\c@@ppsavesec=\count288
\c@@ppsaveapp=\count289
)
(/usr/share/texlive/texmf-dist/tex/latex/oberdiek/pdflscape.sty
Package: pdflscape 2008/08/11 v0.10 Display of landscape pages in PDF (HO)

(/usr/share/texlive/texmf-dist/tex/latex/graphics/lscape.sty
Package: lscape 2000/10/22 v3.01 Landscape Pages (DPC)
)
Package pdflscape Info: Auto-detected driver: pdftex on input line 80.
)
(/usr/share/texlive/texmf-dist/tex/latex/natbib/natbib.sty
Package: natbib 2010/09/13 8.31b (PWD, AO)
\bibhang=\skip71
\bibsep=\skip72
LaTeX Info: Redefining \cite on input line 694.
\c@NAT@ctr=\count290
)
(/usr/share/texlive/texmf-dist/tex/latex/rotating/rotating.sty
Package: rotating 2009/03/28 v2.16a rotated objects in LaTeX

(/usr/share/texlive/texmf-dist/tex/latex/base/ifthen.sty
Package: ifthen 2001/05/26 v1.1c Standard LaTeX ifthen package (DPC)
)
\c@r@tfl@t=\count291
\rotFPtop=\skip73
\rotFPbot=\skip74
\rot@float@box=\box101
\rot@mess@toks=\toks44
)
(/usr/share/texlive/texmf-dist/tex/latex/tcolorbox/tcolorbox.sty
Package: tcolorbox 2014/02/06 version 2.70 text color boxes

(/usr/share/texmf/tex/latex/pgf/basiclayer/pgf.sty
Package: pgf 2008/01/15 v2.10 (rcs-revision 1.12)

(/usr/share/texmf/tex/generic/pgf/modules/pgfmoduleshapes.code.tex
File: pgfmoduleshapes.code.tex 2010/09/09  (rcs-revision 1.13)
\pgfnodeparttextbox=\box102
)
(/usr/share/texmf/tex/generic/pgf/modules/pgfmoduleplot.code.tex
File: pgfmoduleplot.code.tex 2010/10/22  (rcs-revision 1.8)
)
(/usr/share/texmf/tex/latex/pgf/compatibility/pgfcomp-version-0-65.sty
Package: pgfcomp-version-0-65 2007/07/03 v2.10 (rcs-revision 1.7)
\pgf@nodesepstart=\dimen294
\pgf@nodesepend=\dimen295
)
(/usr/share/texmf/tex/latex/pgf/compatibility/pgfcomp-version-1-18.sty
Package: pgfcomp-version-1-18 2007/07/23 v2.10 (rcs-revision 1.1)
))
(/usr/share/texlive/texmf-dist/tex/latex/tools/verbatim.sty
Package: verbatim 2003/08/22 v1.5q LaTeX2e package for verbatim enhancements
\every@verbatim=\toks45
\verbatim@line=\toks46
\verbatim@in@stream=\read3
)
(/usr/share/texlive/texmf-dist/tex/latex/environ/environ.sty
Package: environ 2013/04/01 v0.3 A new environment syntax

(/usr/share/texlive/texmf-dist/tex/latex/trimspaces/trimspaces.sty
Package: trimspaces 2009/09/17 v1.1 Trim spaces around a token list
))
(/usr/share/texlive/texmf-dist/tex/latex/etoolbox/etoolbox.sty
Package: etoolbox 2011/01/03 v2.1 e-TeX tools for LaTeX
\etb@tempcnta=\count292
)
\tcb@titlebox=\box103
\tcb@upperbox=\box104
\tcb@lowerbox=\box105
\tcb@phantombox=\box106
\c@tcbbreakpart=\count293
\c@tcblayer=\count294
\tcb@temp=\box107
\tcb@temp=\box108
\tcb@temp=\box109
\tcb@temp=\box110
\tcb@out=\write5
)
Package grfext Info: Graphics extension search list:
(grfext)             [.png,.pdf,.jpg,.mps,.jpeg,.jbig2,.jb2,.PNG,.PDF,.JPG,.JPE
G,.JBIG2,.JB2,.eps,.gif]
(grfext)             \AppendGraphicsExtensions on input line 39.

(./cap.5.instrumentos.giroscopicos.aux
LaTeX Info: Redefining \. on input line 25.
LaTeX Info: Redefining \% on input line 25.
)
\openout1 = `cap.5.instrumentos.giroscopicos.aux'.

LaTeX Font Info:    Checking defaults for OML/cmm/m/it on input line 76.
LaTeX Font Info:    ... okay on input line 76.
LaTeX Font Info:    Checking defaults for T1/cmr/m/n on input line 76.
LaTeX Font Info:    ... okay on input line 76.
LaTeX Font Info:    Checking defaults for OT1/cmr/m/n on input line 76.
LaTeX Font Info:    ... okay on input line 76.
LaTeX Font Info:    Checking defaults for OMS/cmsy/m/n on input line 76.
LaTeX Font Info:    ... okay on input line 76.
LaTeX Font Info:    Checking defaults for OMX/cmex/m/n on input line 76.
LaTeX Font Info:    ... okay on input line 76.
LaTeX Font Info:    Checking defaults for U/cmr/m/n on input line 76.
LaTeX Font Info:    ... okay on input line 76.
LaTeX Font Info:    Checking defaults for PD1/pdf/m/n on input line 76.
LaTeX Font Info:    ... okay on input line 76.
LaTeX Font Info:    Checking defaults for TS1/cmr/m/n on input line 76.
LaTeX Font Info:    Try loading font information for TS1+cmr on input line 76.

(/usr/share/texlive/texmf-dist/tex/latex/base/ts1cmr.fd
File: ts1cmr.fd 1999/05/25 v2.5h Standard LaTeX font definitions
)
LaTeX Font Info:    ... okay on input line 76.

*geometry* driver: auto-detecting
*geometry* detected driver: pdftex
*geometry* verbose mode - [ preamble ] result:
* driver: pdftex
* paper: custom
* layout: <same size as paper>
* layoutoffset:(h,v)=(0.0pt,0.0pt)
* modes: includehead includefoot 
* h-part:(L,W,R)=(28.45274pt, 307.28987pt, 28.45274pt)
* v-part:(T,H,B)=(0.0pt, 273.14662pt, 0.0pt)
* \paperwidth=364.19536pt
* \paperheight=273.14662pt
* \textwidth=307.28987pt
* \textheight=244.6939pt
* \oddsidemargin=-43.81725pt
* \evensidemargin=-43.81725pt
* \topmargin=-72.26999pt
* \headheight=14.22636pt
* \headsep=0.0pt
* \topskip=10.0pt
* \footskip=14.22636pt
* \marginparwidth=3.0pt
* \marginparsep=11.0pt
* \columnsep=10.0pt
* \skip\footins=9.0pt plus 4.0pt minus 2.0pt
* \hoffset=0.0pt
* \voffset=0.0pt
* \mag=1000
* \@twocolumnfalse
* \@twosidefalse
* \@mparswitchfalse
* \@reversemarginfalse
* (1in=72.27pt=25.4mm, 1cm=28.453pt)

(/usr/share/texlive/texmf-dist/tex/context/base/supp-pdf.mkii
[Loading MPS to PDF converter (version 2006.09.02).]
\scratchcounter=\count295
\scratchdimen=\dimen296
\scratchbox=\box111
\nofMPsegments=\count296
\nofMParguments=\count297
\everyMPshowfont=\toks47
\MPscratchCnt=\count298
\MPscratchDim=\dimen297
\MPnumerator=\count299
\makeMPintoPDFobject=\count300
\everyMPtoPDFconversion=\toks48
) ABD: EveryShipout initializing macros
\AtBeginShipoutBox=\box112
Package hyperref Info: Link coloring OFF on input line 76.

(/usr/share/texlive/texmf-dist/tex/latex/hyperref/nameref.sty
Package: nameref 2012/10/27 v2.43 Cross-referencing by name of section

(/usr/share/texlive/texmf-dist/tex/generic/oberdiek/gettitlestring.sty
Package: gettitlestring 2010/12/03 v1.4 Cleanup title references (HO)
)
\c@section@level=\count301
)
LaTeX Info: Redefining \ref on input line 76.
LaTeX Info: Redefining \pageref on input line 76.
LaTeX Info: Redefining \nameref on input line 76.

(./cap.5.instrumentos.giroscopicos.out) (./cap.5.instrumentos.giroscopicos.out)
\@outlinefile=\write6
\openout6 = `cap.5.instrumentos.giroscopicos.out'.

LaTeX Font Info:    Overwriting symbol font `operators' in version `normal'
(Font)                  OT1/cmr/m/n --> OT1/cmss/m/n on input line 76.
LaTeX Font Info:    Overwriting symbol font `operators' in version `bold'
(Font)                  OT1/cmr/bx/n --> OT1/cmss/bx/n on input line 76.
\symnumbers=\mathgroup7
\sympureletters=\mathgroup8
LaTeX Font Info:    Overwriting math alphabet `\mathrm' in version `normal'
(Font)                  OT1/cmss/m/n --> OT1/cmr/m/n on input line 76.
LaTeX Font Info:    Redeclaring math alphabet \mathbf on input line 76.
LaTeX Font Info:    Overwriting math alphabet `\mathbf' in version `normal'
(Font)                  OT1/cmr/bx/n --> OT1/cmss/bx/n on input line 76.
LaTeX Font Info:    Overwriting math alphabet `\mathbf' in version `bold'
(Font)                  OT1/cmr/bx/n --> OT1/cmss/bx/n on input line 76.
LaTeX Font Info:    Redeclaring math alphabet \mathsf on input line 76.
LaTeX Font Info:    Overwriting math alphabet `\mathsf' in version `normal'
(Font)                  OT1/cmss/m/n --> OT1/cmss/m/n on input line 76.
LaTeX Font Info:    Overwriting math alphabet `\mathsf' in version `bold'
(Font)                  OT1/cmss/bx/n --> OT1/cmss/m/n on input line 76.
LaTeX Font Info:    Redeclaring math alphabet \mathit on input line 76.
LaTeX Font Info:    Overwriting math alphabet `\mathit' in version `normal'
(Font)                  OT1/cmr/m/it --> OT1/cmss/m/it on input line 76.
LaTeX Font Info:    Overwriting math alphabet `\mathit' in version `bold'
(Font)                  OT1/cmr/bx/it --> OT1/cmss/m/it on input line 76.
LaTeX Font Info:    Redeclaring math alphabet \mathtt on input line 76.
LaTeX Font Info:    Overwriting math alphabet `\mathtt' in version `normal'
(Font)                  OT1/cmtt/m/n --> OT1/cmtt/m/n on input line 76.
LaTeX Font Info:    Overwriting math alphabet `\mathtt' in version `bold'
(Font)                  OT1/cmtt/m/n --> OT1/cmtt/m/n on input line 76.
LaTeX Font Info:    Overwriting symbol font `numbers' in version `bold'
(Font)                  OT1/cmss/m/n --> OT1/cmss/bx/n on input line 76.
LaTeX Font Info:    Overwriting symbol font `pureletters' in version `bold'
(Font)                  OT1/cmss/m/it --> OT1/cmss/bx/it on input line 76.
LaTeX Font Info:    Overwriting math alphabet `\mathrm' in version `bold'
(Font)                  OT1/cmss/bx/n --> OT1/cmr/bx/n on input line 76.
LaTeX Font Info:    Overwriting math alphabet `\mathbf' in version `bold'
(Font)                  OT1/cmss/bx/n --> OT1/cmss/bx/n on input line 76.
LaTeX Font Info:    Overwriting math alphabet `\mathsf' in version `bold'
(Font)                  OT1/cmss/m/n --> OT1/cmss/bx/n on input line 76.
LaTeX Font Info:    Overwriting math alphabet `\mathit' in version `bold'
(Font)                  OT1/cmss/m/it --> OT1/cmss/bx/it on input line 76.
LaTeX Font Info:    Overwriting math alphabet `\mathtt' in version `bold'
(Font)                  OT1/cmtt/m/n --> OT1/cmtt/bx/n on input line 76.

(/usr/share/texmf/tex/latex/beamer/base/translator/dicts/translator-basic-dicti
onary/translator-basic-dictionary-English.dict
Dictionary: translator-basic-dictionary, Language: English 
)
(/usr/share/texmf/tex/latex/beamer/base/translator/dicts/translator-bibliograph
y-dictionary/translator-bibliography-dictionary-English.dict
Dictionary: translator-bibliography-dictionary, Language: English 
)
(/usr/share/texmf/tex/latex/beamer/base/translator/dicts/translator-environment
-dictionary/translator-environment-dictionary-English.dict
Dictionary: translator-environment-dictionary, Language: English 
)
(/usr/share/texmf/tex/latex/beamer/base/translator/dicts/translator-months-dict
ionary/translator-months-dictionary-English.dict
Dictionary: translator-months-dictionary, Language: English 
)
(/usr/share/texmf/tex/latex/beamer/base/translator/dicts/translator-numbers-dic
tionary/translator-numbers-dictionary-English.dict
Dictionary: translator-numbers-dictionary, Language: English 
)
(/usr/share/texmf/tex/latex/beamer/base/translator/dicts/translator-theorem-dic
tionary/translator-theorem-dictionary-English.dict
Dictionary: translator-theorem-dictionary, Language: English 
)
LaTeX Info: Redefining \includegraphics on input line 76.
LaTeX Info: Redefining \. on input line 76.
LaTeX Info: Redefining \% on input line 76.

(/usr/share/texlive/texmf-dist/tex/latex/siunitx/config/siunitx-abbreviations.c
fg
File: siunitx-abbreviations.cfg 2013/07/31 v2.5s siunitx: Abbreviated units
) (./cap.5.instrumentos.giroscopicos.nav)
\c__siunitx_mathsf_int=\count302
LaTeX Font Info:    Try loading font information for U+msa on input line 76.

(/usr/share/texlive/texmf-dist/tex/latex/amsfonts/umsa.fd
File: umsa.fd 2013/01/14 v3.01 AMS symbols A
)
LaTeX Font Info:    Try loading font information for U+msb on input line 76.

(/usr/share/texlive/texmf-dist/tex/latex/amsfonts/umsb.fd
File: umsb.fd 2013/01/14 v3.01 AMS symbols B
)
LaTeX Font Info:    Try loading font information for U+lasy on input line 76.

(/usr/share/texlive/texmf-dist/tex/latex/base/ulasy.fd
File: ulasy.fd 1998/08/17 v2.2e LaTeX symbol font definitions
)
\c__siunitx_mathtt_int=\count303

<imagenes/logos/400-anios.png, id=51, 183.68625pt x 332.24126pt>
File: imagenes/logos/400-anios.png Graphic file (type png)

<use imagenes/logos/400-anios.png>
Package pdftex.def Info: imagenes/logos/400-anios.png used on input line 81.
(pdftex.def)             Requested size: 23.59415pt x 42.67912pt.

<imagenes/logos/logoUNC.png, id=53, 399.6531pt x 126.9543pt>
File: imagenes/logos/logoUNC.png Graphic file (type png)

<use imagenes/logos/logoUNC.png>
Package pdftex.def Info: imagenes/logos/logoUNC.png used on input line 81.
(pdftex.def)             Requested size: 89.56436pt x 28.45274pt.

<imagenes/logos/fcefyn.png, id=54, 1112.155pt x 562.1pt>
File: imagenes/logos/fcefyn.png Graphic file (type png)

<use imagenes/logos/fcefyn.png>
Package pdftex.def Info: imagenes/logos/fcefyn.png used on input line 81.
(pdftex.def)             Requested size: 56.28981pt x 28.45274pt.

<imagenes/logos/dpto-aero-logo.png, id=55, 508.90125pt x 190.7125pt>
File: imagenes/logos/dpto-aero-logo.png Graphic file (type png)

<use imagenes/logos/dpto-aero-logo.png>
Package pdftex.def Info: imagenes/logos/dpto-aero-logo.png used on input line 8
1.
(pdftex.def)             Requested size: 75.92033pt x 28.45274pt.
 [1

{/var/lib/texmf/fonts/map/pdftex/updmap/pdftex.map} <./imagenes/logos/400-anios
.png> <./imagenes/logos/logoUNC.png> <./imagenes/logos/fcefyn.png> <./imagenes/
logos/dpto-aero-logo.png>]
(./cap.5.instrumentos.giroscopicos.toc
LaTeX Info: Redefining \. on input line 2.
LaTeX Info: Redefining \% on input line 2.
)

LaTeX Font Warning: Font shape `OT1/cmss/m/n' in size <4> not available
(Font)              size <5> substituted on input line 90.


Overfull \hbox (9.04727pt too wide) has occurred while \output is active
 []\OT1/cmss/m/n/5 Comp^^Sas girosc^^Sopico auto-corregido, indicador con gir^^
Soscopo integrado, y remoto[]  
 []

[2

]
<imagenes/5.1.propiedades.giroscopicas/giroscopo.jpg, id=152, 343.2825pt x 184.
43906pt>
File: imagenes/5.1.propiedades.giroscopicas/giroscopo.jpg Graphic file (type jp
g)
 <use imagenes/5.1.propiedades.giroscopicas/giroscopo.jpg>
Package pdftex.def Info: imagenes/5.1.propiedades.giroscopicas/giroscopo.jpg us
ed on input line 114.
(pdftex.def)             Requested size: 199.73653pt x 107.31244pt.

<imagenes/iconos/video.jpg, id=153, 239.89626pt x 210.7875pt>
File: imagenes/iconos/video.jpg Graphic file (type jpg)

<use imagenes/iconos/video.jpg>
Package pdftex.def Info: imagenes/iconos/video.jpg used on input line 114.
(pdftex.def)             Requested size: 21.51253pt x 18.89929pt.

Overfull \hbox (9.04727pt too wide) has occurred while \output is active
 []\OT1/cmss/m/n/5 Comp^^Sas girosc^^Sopico auto-corregido, indicador con gir^^
Soscopo integrado, y remoto[]  
 []

[3

 <./imagenes/5.1.propiedades.giroscopicas/giroscopo.jpg> <./imagenes/iconos/vid
eo.jpg>]
File: imagenes/iconos/video.jpg Graphic file (type jpg)
 <use imagenes/iconos/video.jpg>
Package pdftex.def Info: imagenes/iconos/video.jpg used on input line 129.
(pdftex.def)             Requested size: 21.51253pt x 18.89929pt.

Overfull \hbox (9.04727pt too wide) has occurred while \output is active
 []\OT1/cmss/m/n/5 Comp^^Sas girosc^^Sopico auto-corregido, indicador con gir^^
Soscopo integrado, y remoto[]  
 []

[4

]
Overfull \hbox (9.04727pt too wide) has occurred while \output is active
 []\OT1/cmss/m/n/5 Comp^^Sas girosc^^Sopico auto-corregido, indicador con gir^^
Soscopo integrado, y remoto[]  
 []

[5

] <imagenes/vacuum_system_venturi.png, id=268, 569.12625pt x 252.945pt>
File: imagenes/vacuum_system_venturi.png Graphic file (type png)

<use imagenes/vacuum_system_venturi.png>
Package pdftex.def Info: imagenes/vacuum_system_venturi.png used on input line 
151.
(pdftex.def)             Requested size: 261.19826pt x 116.09366pt.
File: imagenes/iconos/video.jpg Graphic file (type jpg)
 <use imagenes/iconos/video.jpg>
Package pdftex.def Info: imagenes/iconos/video.jpg used on input line 151.
(pdftex.def)             Requested size: 21.51253pt x 18.89929pt.

Overfull \hbox (9.04727pt too wide) has occurred while \output is active
 []\OT1/cmss/m/n/5 Comp^^Sas girosc^^Sopico auto-corregido, indicador con gir^^
Soscopo integrado, y remoto[]  
 []

[6

 <./imagenes/vacuum_system_venturi.png>]
<imagenes/vacuum_system_pump-driven.png, id=305, 584.1825pt x 351.56343pt>
File: imagenes/vacuum_system_pump-driven.png Graphic file (type png)

<use imagenes/vacuum_system_pump-driven.png>
Package pdftex.def Info: imagenes/vacuum_system_pump-driven.png used on input l
ine 158.
(pdftex.def)             Requested size: 230.46739pt x 138.69705pt.

Overfull \hbox (9.04727pt too wide) has occurred while \output is active
 []\OT1/cmss/m/n/5 Comp^^Sas girosc^^Sopico auto-corregido, indicador con gir^^
Soscopo integrado, y remoto[]  
 []

[7

 <./imagenes/vacuum_system_pump-driven.png>]
<imagenes/vacuum_system_pump-driven-twin_engine.png, id=340, 592.46344pt x 511.
15968pt>
File: imagenes/vacuum_system_pump-driven-twin_engine.png Graphic file (type png
)
 <use imagenes/vacuum_system_pump-driven-twin_engine.png>
Package pdftex.def Info: imagenes/vacuum_system_pump-driven-twin_engine.png use
d on input line 166.
(pdftex.def)             Requested size: 169.01036pt x 145.8146pt.

Overfull \hbox (9.04727pt too wide) has occurred while \output is active
 []\OT1/cmss/m/n/5 Comp^^Sas girosc^^Sopico auto-corregido, indicador con gir^^
Soscopo integrado, y remoto[]  
 []

[8

 <./imagenes/vacuum_system_pump-driven-twin_engine.png>]
<imagenes/5.2.indicadores.viraje/indicador_giro_viraje.png, id=374, 727.71875pt
 x 306.14375pt>
File: imagenes/5.2.indicadores.viraje/indicador_giro_viraje.png Graphic file (t
ype png)

<use imagenes/5.2.indicadores.viraje/indicador_giro_viraje.png>
Package pdftex.def Info: imagenes/5.2.indicadores.viraje/indicador_giro_viraje.
png used on input line 181.
(pdftex.def)             Requested size: 291.92444pt x 122.81035pt.

Overfull \hbox (9.04727pt too wide) has occurred while \output is active
 []\OT1/cmss/m/n/5 Comp^^Sas girosc^^Sopico auto-corregido, indicador con gir^^
Soscopo integrado, y remoto[]  
 []

[9

 <./imagenes/5.2.indicadores.viraje/indicador_giro_viraje.png>]
<imagenes/5.2.indicadores.viraje/indicador_viraje_01.png, id=413, 333.49594pt x
 231.11343pt>
File: imagenes/5.2.indicadores.viraje/indicador_viraje_01.png Graphic file (typ
e png)
 <use imagenes/5.2.indicadores.viraje/indicador_viraje_01.png>
Package pdftex.def Info: imagenes/5.2.indicadores.viraje/indicador_viraje_01.pn
g used on input line 199.
(pdftex.def)             Requested size: 138.2795pt x 95.82918pt.

<imagenes/5.2.indicadores.viraje/indicador_viraje_02.png, id=414, 352.31625pt x
 231.86626pt>
File: imagenes/5.2.indicadores.viraje/indicador_viraje_02.png Graphic file (typ
e png)
 <use imagenes/5.2.indicadores.viraje/indicador_viraje_02.png>
Package pdftex.def Info: imagenes/5.2.indicadores.viraje/indicador_viraje_02.pn
g used on input line 199.
(pdftex.def)             Requested size: 138.2795pt x 91.00415pt.

Overfull \hbox (9.04727pt too wide) has occurred while \output is active
 []\OT1/cmss/m/n/5 Comp^^Sas girosc^^Sopico auto-corregido, indicador con gir^^
Soscopo integrado, y remoto[]  
 []

[10

 <./imagenes/5.2.indicadores.viraje/indicador_viraje_01.png> <./imagenes/5.2.in
dicadores.viraje/indicador_viraje_02.png>]
<imagenes/5.2.indicadores.viraje/indicador_viraje_03.jpg, id=449, 372.64218pt x
 173.89969pt>
File: imagenes/5.2.indicadores.viraje/indicador_viraje_03.jpg Graphic file (typ
e jpg)
 <use imagenes/5.2.indicadores.viraje/indicador_viraje_03.jpg>
Package pdftex.def Info: imagenes/5.2.indicadores.viraje/indicador_viraje_03.jp
g used on input line 206.
(pdftex.def)             Requested size: 261.19826pt x 121.8961pt.

Overfull \hbox (9.04727pt too wide) has occurred while \output is active
 []\OT1/cmss/m/n/5 Comp^^Sas girosc^^Sopico auto-corregido, indicador con gir^^
Soscopo integrado, y remoto[]  
 []

[11

 <./imagenes/5.2.indicadores.viraje/indicador_viraje_03.jpg>]
<imagenes/5.2.indicadores.viraje/coordinador-de-virajes-1.jpg, id=485, 501.875p
t x 442.65375pt>
File: imagenes/5.2.indicadores.viraje/coordinador-de-virajes-1.jpg Graphic file
 (type jpg)

<use imagenes/5.2.indicadores.viraje/coordinador-de-virajes-1.jpg>
Package pdftex.def Info: imagenes/5.2.indicadores.viraje/coordinador-de-virajes
-1.jpg used on input line 226.
(pdftex.def)             Requested size: 138.2795pt x 121.96317pt.

<imagenes/5.2.indicadores.viraje/coordinador-de-virajes-2.jpg, id=486, 501.875p
t x 219.82124pt>
File: imagenes/5.2.indicadores.viraje/coordinador-de-virajes-2.jpg Graphic file
 (type jpg)

<use imagenes/5.2.indicadores.viraje/coordinador-de-virajes-2.jpg>
Package pdftex.def Info: imagenes/5.2.indicadores.viraje/coordinador-de-virajes
-2.jpg used on input line 226.
(pdftex.def)             Requested size: 138.2795pt x 60.56674pt.

<imagenes/5.2.indicadores.viraje/coordinador_viraje.jpg, id=487, 301.125pt x 30
1.125pt>
File: imagenes/5.2.indicadores.viraje/coordinador_viraje.jpg Graphic file (type
 jpg)
 <use imagenes/5.2.indicadores.viraje/coordinador_viraje.jpg>
Package pdftex.def Info: imagenes/5.2.indicadores.viraje/coordinador_viraje.jpg
 used on input line 226.
(pdftex.def)             Requested size: 55.31094pt x 55.3075pt.

Overfull \hbox (9.04727pt too wide) has occurred while \output is active
 []\OT1/cmss/m/n/5 Comp^^Sas girosc^^Sopico auto-corregido, indicador con gir^^
Soscopo integrado, y remoto[]  
 []

[12

 <./imagenes/5.2.indicadores.viraje/coordinador-de-virajes-1.jpg> <./imagenes/5
.2.indicadores.viraje/coordinador-de-virajes-2.jpg> <./imagenes/5.2.indicadores
.viraje/coordinador_viraje.jpg>]
<imagenes/5.2.indicadores.viraje/coordinador_viraje_02.png, id=522, 362.85562pt
 x 254.45062pt>
File: imagenes/5.2.indicadores.viraje/coordinador_viraje_02.png Graphic file (t
ype png)

<use imagenes/5.2.indicadores.viraje/coordinador_viraje_02.png>
Package pdftex.def Info: imagenes/5.2.indicadores.viraje/coordinador_viraje_02.
png used on input line 239.
(pdftex.def)             Requested size: 199.73653pt x 140.06474pt.
File: imagenes/iconos/video.jpg Graphic file (type jpg)

<use imagenes/iconos/video.jpg>
Package pdftex.def Info: imagenes/iconos/video.jpg used on input line 239.
(pdftex.def)             Requested size: 21.51253pt x 18.89929pt.

Overfull \hbox (9.04727pt too wide) has occurred while \output is active
 []\OT1/cmss/m/n/5 Comp^^Sas girosc^^Sopico auto-corregido, indicador con gir^^
Soscopo integrado, y remoto[]  
 []

[13

 <./imagenes/5.2.indicadores.viraje/coordinador_viraje_02.png>]
<imagenes/5.2.indicadores.viraje/slipping_skidding.jpg, id=558, 695.59875pt x 5
32.99126pt>
File: imagenes/5.2.indicadores.viraje/slipping_skidding.jpg Graphic file (type 
jpg)
 <use imagenes/5.2.indicadores.viraje/slipping_skidding.jpg>
Package pdftex.def Info: imagenes/5.2.indicadores.viraje/slipping_skidding.jpg 
used on input line 244.
(pdftex.def)             Requested size: 230.46739pt x 176.58707pt.

Overfull \hbox (9.04727pt too wide) has occurred while \output is active
 []\OT1/cmss/m/n/5 Comp^^Sas girosc^^Sopico auto-corregido, indicador con gir^^
Soscopo integrado, y remoto[]  
 []

[14

 <./imagenes/5.2.indicadores.viraje/slipping_skidding.jpg>]
Overfull \hbox (9.04727pt too wide) has occurred while \output is active
 []\OT1/cmss/m/n/5 Comp^^Sas girosc^^Sopico auto-corregido, indicador con gir^^
Soscopo integrado, y remoto[]  
 []

[15

]
<imagenes/5.4.brujua.giroscopo.direccional/tierra_campo_magnetico.png, id=627, 
363.60844pt x 288.3272pt>
File: imagenes/5.4.brujua.giroscopo.direccional/tierra_campo_magnetico.png Grap
hic file (type png)

<use imagenes/5.4.brujua.giroscopo.direccional/tierra_campo_magnetico.png>
Package pdftex.def Info: imagenes/5.4.brujua.giroscopo.direccional/tierra_campo
_magnetico.png used on input line 271.
(pdftex.def)             Requested size: 169.01036pt x 134.02235pt.

<imagenes/5.4.brujua.giroscopo.direccional/desviacion_polos.png, id=628, 301.12
5pt x 364.36125pt>
File: imagenes/5.4.brujua.giroscopo.direccional/desviacion_polos.png Graphic fi
le (type png)

<use imagenes/5.4.brujua.giroscopo.direccional/desviacion_polos.png>
Package pdftex.def Info: imagenes/5.4.brujua.giroscopo.direccional/desviacion_p
olos.png used on input line 271.
(pdftex.def)             Requested size: 107.55333pt x 130.1414pt.
File: imagenes/iconos/video.jpg Graphic file (type jpg)

<use imagenes/iconos/video.jpg>
Package pdftex.def Info: imagenes/iconos/video.jpg used on input line 271.
(pdftex.def)             Requested size: 21.51253pt x 18.89929pt.

Overfull \hbox (9.04727pt too wide) has occurred while \output is active
 []\OT1/cmss/m/n/5 Comp^^Sas girosc^^Sopico auto-corregido, indicador con gir^^
Soscopo integrado, y remoto[]  
 []

[16

 <./imagenes/5.4.brujua.giroscopo.direccional/tierra_campo_magnetico.png> <./im
agenes/5.4.brujua.giroscopo.direccional/desviacion_polos.png>]
<imagenes/5.4.brujua.giroscopo.direccional/brujula_magnetica.png, id=667, 280.0
4625pt x 136.25906pt>
File: imagenes/5.4.brujua.giroscopo.direccional/brujula_magnetica.png Graphic f
ile (type png)

<use imagenes/5.4.brujua.giroscopo.direccional/brujula_magnetica.png>
Package pdftex.def Info: imagenes/5.4.brujua.giroscopo.direccional/brujula_magn
etica.png used on input line 280.
(pdftex.def)             Requested size: 199.73653pt x 97.18745pt.

<imagenes/5.4.brujua.giroscopo.direccional/MagneticCompass.jpg, id=668, 451.687
5pt x 391.4625pt>
File: imagenes/5.4.brujua.giroscopo.direccional/MagneticCompass.jpg Graphic fil
e (type jpg)

<use imagenes/5.4.brujua.giroscopo.direccional/MagneticCompass.jpg>
Package pdftex.def Info: imagenes/5.4.brujua.giroscopo.direccional/MagneticComp
ass.jpg used on input line 280.
(pdftex.def)             Requested size: 138.2795pt x 119.84088pt.

Overfull \hbox (30.72615pt too wide) in paragraph at lines 280--280
 [][] 
 []


Overfull \hbox (9.04727pt too wide) has occurred while \output is active
 []\OT1/cmss/m/n/5 Comp^^Sas girosc^^Sopico auto-corregido, indicador con gir^^
Soscopo integrado, y remoto[]  
 []

[17

 <./imagenes/5.4.brujua.giroscopo.direccional/brujula_magnetica.png> <./imagene
s/5.4.brujua.giroscopo.direccional/MagneticCompass.jpg>]
Package epstopdf Info: Source file: <imagenes/5.4.brujua.giroscopo.direccional/
brujula_magnetica_construccion.gif>
(epstopdf)                    date: 2016-10-08 18:11:14
(epstopdf)                    size: 33592 bytes
(epstopdf)             Output file: <imagenes/5.4.brujua.giroscopo.direccional/
brujula_magnetica_construccion-gif-converted-to.png>
(epstopdf)                    date: 2016-10-08 19:16:20
(epstopdf)                    size: 29479 bytes
(epstopdf)             Command: <convert gif:imagenes/5.4.brujua.giroscopo.dire
ccional/brujula_magnetica_construccion.gif png:imagenes/5.4.brujua.giroscopo.di
reccional/brujula_magnetica_construccion-gif-converted-to.png>
(epstopdf)             \includegraphics on input line 288.
Package epstopdf Info: Output file is already uptodate.

<imagenes/5.4.brujua.giroscopo.direccional/brujula_magnetica_construccion-gif-c
onverted-to.png, id=704, 727.71875pt x 392.46625pt>
File: imagenes/5.4.brujua.giroscopo.direccional/brujula_magnetica_construccion-
gif-converted-to.png Graphic file (type png)

<use imagenes/5.4.brujua.giroscopo.direccional/brujula_magnetica_construccion-g
if-converted-to.png>
Package pdftex.def Info: imagenes/5.4.brujua.giroscopo.direccional/brujula_magn
etica_construccion-gif-converted-to.png used on input line 288.
(pdftex.def)             Requested size: 291.92444pt x 157.43883pt.

Overfull \hbox (9.04727pt too wide) has occurred while \output is active
 []\OT1/cmss/m/n/5 Comp^^Sas girosc^^Sopico auto-corregido, indicador con gir^^
Soscopo integrado, y remoto[]  
 []

[18

 <./imagenes/5.4.brujua.giroscopo.direccional/brujula_magnetica_construccion-gi
f-converted-to.png>]
<imagenes/5.4.brujua.giroscopo.direccional/brujula_magnetica_desviacion.png, id
=740, 379.4175pt x 232.61906pt>
File: imagenes/5.4.brujua.giroscopo.direccional/brujula_magnetica_desviacion.pn
g Graphic file (type png)

<use imagenes/5.4.brujua.giroscopo.direccional/brujula_magnetica_desviacion.png
>
Package pdftex.def Info: imagenes/5.4.brujua.giroscopo.direccional/brujula_magn
etica_desviacion.png used on input line 296.
(pdftex.def)             Requested size: 261.19826pt x 160.14172pt.

Overfull \hbox (9.04727pt too wide) has occurred while \output is active
 []\OT1/cmss/m/n/5 Comp^^Sas girosc^^Sopico auto-corregido, indicador con gir^^
Soscopo integrado, y remoto[]  
 []

[19

 <./imagenes/5.4.brujua.giroscopo.direccional/brujula_magnetica_desviacion.png>
]
<imagenes/5.4.brujua.giroscopo.direccional/brujula_error_aceleracion.jpg, id=77
7, 488.18385pt x 284.38245pt>
File: imagenes/5.4.brujua.giroscopo.direccional/brujula_error_aceleracion.jpg G
raphic file (type jpg)

<use imagenes/5.4.brujua.giroscopo.direccional/brujula_error_aceleracion.jpg>
Package pdftex.def Info: imagenes/5.4.brujua.giroscopo.direccional/brujula_erro
r_aceleracion.jpg used on input line 311.
(pdftex.def)             Requested size: 230.46739pt x 134.25424pt.
File: imagenes/iconos/video.jpg Graphic file (type jpg)

<use imagenes/iconos/video.jpg>
Package pdftex.def Info: imagenes/iconos/video.jpg used on input line 311.
(pdftex.def)             Requested size: 21.51253pt x 18.89929pt.

Overfull \hbox (9.04727pt too wide) has occurred while \output is active
 []\OT1/cmss/m/n/5 Comp^^Sas girosc^^Sopico auto-corregido, indicador con gir^^
Soscopo integrado, y remoto[]  
 []

[20

 <./imagenes/5.4.brujua.giroscopo.direccional/brujula_error_aceleracion.jpg>]
<imagenes/5.4.brujua.giroscopo.direccional/brujula_error_aceleracion_02.jpg, id
=815, 488.90656pt x 290.16405pt>
File: imagenes/5.4.brujua.giroscopo.direccional/brujula_error_aceleracion_02.jp
g Graphic file (type jpg)

<use imagenes/5.4.brujua.giroscopo.direccional/brujula_error_aceleracion_02.jpg
>
Package pdftex.def Info: imagenes/5.4.brujua.giroscopo.direccional/brujula_erro
r_aceleracion_02.jpg used on input line 326.
(pdftex.def)             Requested size: 230.46739pt x 136.78444pt.
File: imagenes/iconos/video.jpg Graphic file (type jpg)
 <use imagenes/iconos/video.jpg>
Package pdftex.def Info: imagenes/iconos/video.jpg used on input line 326.
(pdftex.def)             Requested size: 21.51253pt x 18.89929pt.

Overfull \hbox (9.04727pt too wide) has occurred while \output is active
 []\OT1/cmss/m/n/5 Comp^^Sas girosc^^Sopico auto-corregido, indicador con gir^^
Soscopo integrado, y remoto[]  
 []

[21

 <./imagenes/5.4.brujua.giroscopo.direccional/brujula_error_aceleracion_02.jpg>
]
Overfull \hbox (9.04727pt too wide) has occurred while \output is active
 []\OT1/cmss/m/n/5 Comp^^Sas girosc^^Sopico auto-corregido, indicador con gir^^
Soscopo integrado, y remoto[]  
 []

[22

]
Overfull \hbox (9.04727pt too wide) has occurred while \output is active
 []\OT1/cmss/m/n/5 Comp^^Sas girosc^^Sopico auto-corregido, indicador con gir^^
Soscopo integrado, y remoto[]  
 []

[23

]
Overfull \hbox (9.04727pt too wide) has occurred while \output is active
 []\OT1/cmss/m/n/5 Comp^^Sas girosc^^Sopico auto-corregido, indicador con gir^^
Soscopo integrado, y remoto[]  
 []

[24

]
<imagenes/5.4.brujua.giroscopo.direccional/giroscopo_direccional.png, id=954, 2
83.0575pt x 182.93344pt>
File: imagenes/5.4.brujua.giroscopo.direccional/giroscopo_direccional.png Graph
ic file (type png)

<use imagenes/5.4.brujua.giroscopo.direccional/giroscopo_direccional.png>
Package pdftex.def Info: imagenes/5.4.brujua.giroscopo.direccional/giroscopo_di
reccional.png used on input line 369.
(pdftex.def)             Requested size: 261.19826pt x 168.81998pt.

Overfull \hbox (9.04727pt too wide) has occurred while \output is active
 []\OT1/cmss/m/n/5 Comp^^Sas girosc^^Sopico auto-corregido, indicador con gir^^
Soscopo integrado, y remoto[]  
 []

[25

 <./imagenes/5.4.brujua.giroscopo.direccional/giroscopo_direccional.png>]
LaTeX Font Info:    Try loading font information for TS1+cmss on input line 384
.

(/usr/share/texlive/texmf-dist/tex/latex/base/ts1cmss.fd
File: ts1cmss.fd 1999/05/25 v2.5h Standard LaTeX font definitions
)
Overfull \hbox (9.04727pt too wide) has occurred while \output is active
 []\OT1/cmss/m/n/5 Comp^^Sas girosc^^Sopico auto-corregido, indicador con gir^^
Soscopo integrado, y remoto[]  
 []

[26

]
\tf@nav=\write7
\openout7 = `cap.5.instrumentos.giroscopicos.nav'.

\tf@toc=\write8
\openout8 = `cap.5.instrumentos.giroscopicos.toc'.

\tf@snm=\write9
\openout9 = `cap.5.instrumentos.giroscopicos.snm'.

Package atveryend Info: Empty hook `BeforeClearDocument' on input line 466.
Package atveryend Info: Empty hook `AfterLastShipout' on input line 466.
 (./cap.5.instrumentos.giroscopicos.aux
LaTeX Info: Redefining \. on input line 25.
LaTeX Info: Redefining \% on input line 25.
)
Package atveryend Info: Executing hook `AtVeryEndDocument' on input line 466.
Package atveryend Info: Executing hook `AtEndAfterFileList' on input line 466.


Package rerunfilecheck Warning: File `cap.5.instrumentos.giroscopicos.out' has 
changed.
(rerunfilecheck)                Rerun to get outlines right
(rerunfilecheck)                or use package `bookmark'.

Package rerunfilecheck Info: Checksums for `cap.5.instrumentos.giroscopicos.out
':
(rerunfilecheck)             Before: 432AB0C6BFE9CB3B2ECCE578B3041E36;877
(rerunfilecheck)             After:  876627477CA9E50E85D56CBBB3586E97;539.

LaTeX Font Warning: Size substitutions with differences
(Font)              up to 1.0pt have occurred.

Package atveryend Info: Empty hook `AtVeryVeryEnd' on input line 466.
 ) 
Here is how much of TeX's memory you used:
 27120 strings out of 494925
 544573 string characters out of 6178544
 578563 words of memory out of 5000000
 29660 multiletter control sequences out of 15000+600000
 9373 words of font info for 38 fonts, out of 8000000 for 9000
 62 hyphenation exceptions out of 8191
 49i,20n,63p,10430b,799s stack positions out of 5000i,500n,10000p,200000b,80000s
pdfTeX warning (dest): name{Navigation27} has been referenced but does not ex
ist, replaced by a fixed one

pdfTeX warning (dest): name{Navigation31} has been referenced but does not exis
t, replaced by a fixed one

pdfTeX warning (dest): name{Navigation38} has been referenced but does not exis
t, replaced by a fixed one

pdfTeX warning (dest): name{Navigation37} has been referenced but does not exis
t, replaced by a fixed one

pdfTeX warning (dest): name{Navigation32} has been referenced but does not exis
t, replaced by a fixed one

pdfTeX warning (dest): name{Navigation39} has been referenced but does not exis
t, replaced by a fixed one

pdfTeX warning (dest): name{Outline0.1.7.38} has been referenced but does not e
xist, replaced by a fixed one

pdfTeX warning (dest): name{Outline0.1.6.37} has been referenced but does not e
xist, replaced by a fixed one

pdfTeX warning (dest): name{Outline0.1.5.32} has been referenced but does not e
xist, replaced by a fixed one

 </home/jgarcia-asus-pc/.texmf-var/fonts/pk/ljfour/jknappen/ec/tcss1000.600pk><
/usr/share/texlive/texmf-dist/fonts/type1/public/amsfonts/cm/cmss10.pfb></usr/s
hare/texlive/texmf-dist/fonts/type1/public/amsfonts/cm/cmss12.pfb></usr/share/t
exlive/texmf-dist/fonts/type1/public/amsfonts/cm/cmss8.pfb></usr/share/texlive/
texmf-dist/fonts/type1/public/amsfonts/cm/cmssbx10.pfb></usr/share/texlive/texm
f-dist/fonts/type1/public/amsfonts/cm/cmssi10.pfb></usr/share/texlive/texmf-dis
t/fonts/type1/public/amsfonts/cm/cmtt10.pfb></usr/share/texlive/texmf-dist/font
s/type1/public/amsfonts/cm/cmtt8.pfb>
Output written on cap.5.instrumentos.giroscopicos.pdf (26 pages, 1590993 bytes)
.
PDF statistics:
 1071 PDF objects out of 1200 (max. 8388607)
 975 compressed objects within 10 object streams
 71 named destinations out of 1000 (max. 500000)
 302 words of extra memory for PDF output out of 10000 (max. 10000000)

