This is pdfTeX, Version 3.1415926-2.5-1.40.14 (TeX Live 2013/Debian) (format=pdflatex 2018.10.15)  5 SEP 2019 08:20
entering extended mode
 restricted \write18 enabled.
 %&-line parsing enabled.
**\input 2019_instrumentos_giroscopicos_presentacion.tex
(./2019_instrumentos_giroscopicos_presentacion.tex
(/usr/share/texmf/tex/latex/beamer/base/beamer.cls
(/usr/share/texmf/tex/latex/beamer/base/beamerbasercs.sty
Package: beamerbasercs 2012/11/13 (rcs-revision cb16a617839f)
)
Document Class: beamer 2012/10/15 development version 3.24 A class for typesett
ing presentations (rcs-revision 24853e6b98cf)
(/usr/share/texmf/tex/latex/beamer/base/beamerbasemodes.sty
Package: beamerbasemodes 2012/04/15 (rcs-revision cc6557182d97)
\beamer@tempbox=\box26
\beamer@tempcount=\count79
\c@beamerpauses=\count80

(/usr/share/texmf/tex/latex/beamer/base/beamerbasedecode.sty
Package: beamerbasedecode 2010/05/01 (rcs-revision efa082c6111d)
\beamer@slideinframe=\count81
\beamer@minimum=\count82
)
\beamer@commentbox=\box27
\beamer@modecount=\count83
)
(/usr/share/texlive/texmf-dist/tex/generic/oberdiek/ifpdf.sty
Package: ifpdf 2011/01/30 v2.3 Provides the ifpdf switch (HO)
Package ifpdf Info: pdfTeX in PDF mode is detected.
)
\headheight=\dimen102
\headdp=\dimen103
\footheight=\dimen104
\sidebarheight=\dimen105
\beamer@tempdim=\dimen106
\beamer@finalheight=\dimen107
\beamer@animht=\dimen108
\beamer@animdp=\dimen109
\beamer@animwd=\dimen110
\beamer@leftmargin=\dimen111
\beamer@rightmargin=\dimen112
\beamer@leftsidebar=\dimen113
\beamer@rightsidebar=\dimen114
\beamer@boxsize=\dimen115
\beamer@vboxoffset=\dimen116
\beamer@descdefault=\dimen117
\beamer@descriptionwidth=\dimen118
\beamer@lastskip=\skip41
\beamer@areabox=\box28
\beamer@animcurrent=\box29
\beamer@animshowbox=\box30
\beamer@sectionbox=\box31
\beamer@logobox=\box32
\beamer@linebox=\box33
\beamer@sectioncount=\count84
\beamer@subsubsectionmax=\count85
\beamer@subsectionmax=\count86
\beamer@sectionmax=\count87
\beamer@totalheads=\count88
\beamer@headcounter=\count89
\beamer@partstartpage=\count90
\beamer@sectionstartpage=\count91
\beamer@subsectionstartpage=\count92
\beamer@animationtempa=\count93
\beamer@animationtempb=\count94
\beamer@xpos=\count95
\beamer@ypos=\count96
\beamer@showpartnumber=\count97
\beamer@currentsubsection=\count98
\beamer@coveringdepth=\count99
\beamer@sectionadjust=\count100
\beamer@tocsectionnumber=\count101

(/usr/share/texmf/tex/latex/beamer/base/beamerbaseoptions.sty
Package: beamerbaseoptions 2010/04/27 (rcs-revision 982469101dd6)

(/usr/share/texlive/texmf-dist/tex/latex/graphics/keyval.sty
Package: keyval 1999/03/16 v1.13 key=value parser (DPC)
\KV@toks@=\toks14
))
\beamer@paperwidth=\skip42
\beamer@paperheight=\skip43

(/usr/share/texlive/texmf-dist/tex/latex/geometry/geometry.sty
Package: geometry 2010/09/12 v5.6 Page Geometry

(/usr/share/texlive/texmf-dist/tex/generic/oberdiek/ifvtex.sty
Package: ifvtex 2010/03/01 v1.5 Detect VTeX and its facilities (HO)
Package ifvtex Info: VTeX not detected.
)
(/usr/share/texlive/texmf-dist/tex/generic/ifxetex/ifxetex.sty
Package: ifxetex 2010/09/12 v0.6 Provides ifxetex conditional
)
\Gm@cnth=\count102
\Gm@cntv=\count103
\c@Gm@tempcnt=\count104
\Gm@bindingoffset=\dimen119
\Gm@wd@mp=\dimen120
\Gm@odd@mp=\dimen121
\Gm@even@mp=\dimen122
\Gm@layoutwidth=\dimen123
\Gm@layoutheight=\dimen124
\Gm@layouthoffset=\dimen125
\Gm@layoutvoffset=\dimen126
\Gm@dimlist=\toks15
)
(/usr/share/texlive/texmf-dist/tex/latex/extsizes/size8.clo
File: size8.clo 1999/11/11 v1.4a NON-Standard LaTeX file (size option)
)
(/usr/share/texmf/tex/latex/pgf/basiclayer/pgfcore.sty
(/usr/share/texlive/texmf-dist/tex/latex/graphics/graphicx.sty
Package: graphicx 1999/02/16 v1.0f Enhanced LaTeX Graphics (DPC,SPQR)

(/usr/share/texlive/texmf-dist/tex/latex/graphics/graphics.sty
Package: graphics 2009/02/05 v1.0o Standard LaTeX Graphics (DPC,SPQR)

(/usr/share/texlive/texmf-dist/tex/latex/graphics/trig.sty
Package: trig 1999/03/16 v1.09 sin cos tan (DPC)
)
(/usr/share/texlive/texmf-dist/tex/latex/latexconfig/graphics.cfg
File: graphics.cfg 2010/04/23 v1.9 graphics configuration of TeX Live
)
Package graphics Info: Driver file: pdftex.def on input line 91.

(/usr/share/texlive/texmf-dist/tex/latex/pdftex-def/pdftex.def
File: pdftex.def 2011/05/27 v0.06d Graphics/color for pdfTeX

(/usr/share/texlive/texmf-dist/tex/generic/oberdiek/infwarerr.sty
Package: infwarerr 2010/04/08 v1.3 Providing info/warning/error messages (HO)
)
(/usr/share/texlive/texmf-dist/tex/generic/oberdiek/ltxcmds.sty
Package: ltxcmds 2011/11/09 v1.22 LaTeX kernel commands for general use (HO)
)
\Gread@gobject=\count105
))
\Gin@req@height=\dimen127
\Gin@req@width=\dimen128
)
(/usr/share/texmf/tex/latex/pgf/systemlayer/pgfsys.sty
(/usr/share/texmf/tex/latex/pgf/utilities/pgfrcs.sty
(/usr/share/texmf/tex/generic/pgf/utilities/pgfutil-common.tex
\pgfutil@everybye=\toks16
)
(/usr/share/texmf/tex/generic/pgf/utilities/pgfutil-latex.def
\pgfutil@abb=\box34

(/usr/share/texlive/texmf-dist/tex/latex/ms/everyshi.sty
Package: everyshi 2001/05/15 v3.00 EveryShipout Package (MS)
))
(/usr/share/texmf/tex/generic/pgf/utilities/pgfrcs.code.tex
Package: pgfrcs 2010/10/25 v2.10 (rcs-revision 1.24)
))
(/usr/share/texmf/tex/generic/pgf/systemlayer/pgfsys.code.tex
Package: pgfsys 2010/06/30 v2.10 (rcs-revision 1.37)

(/usr/share/texmf/tex/generic/pgf/utilities/pgfkeys.code.tex
\pgfkeys@pathtoks=\toks17
\pgfkeys@temptoks=\toks18

(/usr/share/texmf/tex/generic/pgf/utilities/pgfkeysfiltered.code.tex
\pgfkeys@tmptoks=\toks19
))
\pgf@x=\dimen129
\pgf@y=\dimen130
\pgf@xa=\dimen131
\pgf@ya=\dimen132
\pgf@xb=\dimen133
\pgf@yb=\dimen134
\pgf@xc=\dimen135
\pgf@yc=\dimen136
\w@pgf@writea=\write3
\r@pgf@reada=\read1
\c@pgf@counta=\count106
\c@pgf@countb=\count107
\c@pgf@countc=\count108
\c@pgf@countd=\count109

(/usr/share/texmf/tex/generic/pgf/systemlayer/pgf.cfg
File: pgf.cfg 2008/05/14  (rcs-revision 1.7)
)
Package pgfsys Info: Driver file for pgf: pgfsys-pdftex.def on input line 900.

(/usr/share/texmf/tex/generic/pgf/systemlayer/pgfsys-pdftex.def
File: pgfsys-pdftex.def 2009/05/22  (rcs-revision 1.26)

(/usr/share/texmf/tex/generic/pgf/systemlayer/pgfsys-common-pdf.def
File: pgfsys-common-pdf.def 2008/05/19  (rcs-revision 1.10)
)))
(/usr/share/texmf/tex/generic/pgf/systemlayer/pgfsyssoftpath.code.tex
File: pgfsyssoftpath.code.tex 2008/07/18  (rcs-revision 1.7)
\pgfsyssoftpath@smallbuffer@items=\count110
\pgfsyssoftpath@bigbuffer@items=\count111
)
(/usr/share/texmf/tex/generic/pgf/systemlayer/pgfsysprotocol.code.tex
File: pgfsysprotocol.code.tex 2006/10/16  (rcs-revision 1.4)
))
(/usr/share/texmf/tex/latex/xcolor/xcolor.sty
Package: xcolor 2007/01/21 v2.11 LaTeX color extensions (UK)

(/usr/share/texlive/texmf-dist/tex/latex/latexconfig/color.cfg
File: color.cfg 2007/01/18 v1.5 color configuration of teTeX/TeXLive
)
Package xcolor Info: Driver file: pdftex.def on input line 225.
Package xcolor Info: Model `cmy' substituted by `cmy0' on input line 1337.
Package xcolor Info: Model `hsb' substituted by `rgb' on input line 1341.
Package xcolor Info: Model `RGB' extended on input line 1353.
Package xcolor Info: Model `HTML' substituted by `rgb' on input line 1355.
Package xcolor Info: Model `Hsb' substituted by `hsb' on input line 1356.
Package xcolor Info: Model `tHsb' substituted by `hsb' on input line 1357.
Package xcolor Info: Model `HSB' substituted by `hsb' on input line 1358.
Package xcolor Info: Model `Gray' substituted by `gray' on input line 1359.
Package xcolor Info: Model `wave' substituted by `hsb' on input line 1360.
)
(/usr/share/texmf/tex/generic/pgf/basiclayer/pgfcore.code.tex
Package: pgfcore 2010/04/11 v2.10 (rcs-revision 1.7)

(/usr/share/texmf/tex/generic/pgf/math/pgfmath.code.tex
(/usr/share/texmf/tex/generic/pgf/math/pgfmathcalc.code.tex
(/usr/share/texmf/tex/generic/pgf/math/pgfmathutil.code.tex)
(/usr/share/texmf/tex/generic/pgf/math/pgfmathparser.code.tex
\pgfmath@dimen=\dimen137
\pgfmath@count=\count112
\pgfmath@box=\box35
\pgfmath@toks=\toks20
\pgfmath@stack@operand=\toks21
\pgfmath@stack@operation=\toks22
)
(/usr/share/texmf/tex/generic/pgf/math/pgfmathfunctions.code.tex
(/usr/share/texmf/tex/generic/pgf/math/pgfmathfunctions.basic.code.tex)
(/usr/share/texmf/tex/generic/pgf/math/pgfmathfunctions.trigonometric.code.tex)
(/usr/share/texmf/tex/generic/pgf/math/pgfmathfunctions.random.code.tex)
(/usr/share/texmf/tex/generic/pgf/math/pgfmathfunctions.comparison.code.tex)
(/usr/share/texmf/tex/generic/pgf/math/pgfmathfunctions.base.code.tex)
(/usr/share/texmf/tex/generic/pgf/math/pgfmathfunctions.round.code.tex)
(/usr/share/texmf/tex/generic/pgf/math/pgfmathfunctions.misc.code.tex)))
(/usr/share/texmf/tex/generic/pgf/math/pgfmathfloat.code.tex
\c@pgfmathroundto@lastzeros=\count113
))
(/usr/share/texmf/tex/generic/pgf/basiclayer/pgfcorepoints.code.tex
File: pgfcorepoints.code.tex 2010/04/09  (rcs-revision 1.20)
\pgf@picminx=\dimen138
\pgf@picmaxx=\dimen139
\pgf@picminy=\dimen140
\pgf@picmaxy=\dimen141
\pgf@pathminx=\dimen142
\pgf@pathmaxx=\dimen143
\pgf@pathminy=\dimen144
\pgf@pathmaxy=\dimen145
\pgf@xx=\dimen146
\pgf@xy=\dimen147
\pgf@yx=\dimen148
\pgf@yy=\dimen149
\pgf@zx=\dimen150
\pgf@zy=\dimen151
)
(/usr/share/texmf/tex/generic/pgf/basiclayer/pgfcorepathconstruct.code.tex
File: pgfcorepathconstruct.code.tex 2010/08/03  (rcs-revision 1.24)
\pgf@path@lastx=\dimen152
\pgf@path@lasty=\dimen153
)
(/usr/share/texmf/tex/generic/pgf/basiclayer/pgfcorepathusage.code.tex
File: pgfcorepathusage.code.tex 2008/04/22  (rcs-revision 1.12)
\pgf@shorten@end@additional=\dimen154
\pgf@shorten@start@additional=\dimen155
)
(/usr/share/texmf/tex/generic/pgf/basiclayer/pgfcorescopes.code.tex
File: pgfcorescopes.code.tex 2010/09/08  (rcs-revision 1.34)
\pgfpic=\box36
\pgf@hbox=\box37
\pgf@layerbox@main=\box38
\pgf@picture@serial@count=\count114
)
(/usr/share/texmf/tex/generic/pgf/basiclayer/pgfcoregraphicstate.code.tex
File: pgfcoregraphicstate.code.tex 2008/04/22  (rcs-revision 1.9)
\pgflinewidth=\dimen156
)
(/usr/share/texmf/tex/generic/pgf/basiclayer/pgfcoretransformations.code.tex
File: pgfcoretransformations.code.tex 2009/06/10  (rcs-revision 1.11)
\pgf@pt@x=\dimen157
\pgf@pt@y=\dimen158
\pgf@pt@temp=\dimen159
)
(/usr/share/texmf/tex/generic/pgf/basiclayer/pgfcorequick.code.tex
File: pgfcorequick.code.tex 2008/10/09  (rcs-revision 1.3)
)
(/usr/share/texmf/tex/generic/pgf/basiclayer/pgfcoreobjects.code.tex
File: pgfcoreobjects.code.tex 2006/10/11  (rcs-revision 1.2)
)
(/usr/share/texmf/tex/generic/pgf/basiclayer/pgfcorepathprocessing.code.tex
File: pgfcorepathprocessing.code.tex 2008/10/09  (rcs-revision 1.8)
)
(/usr/share/texmf/tex/generic/pgf/basiclayer/pgfcorearrows.code.tex
File: pgfcorearrows.code.tex 2008/04/23  (rcs-revision 1.11)
)
(/usr/share/texmf/tex/generic/pgf/basiclayer/pgfcoreshade.code.tex
File: pgfcoreshade.code.tex 2008/11/23  (rcs-revision 1.13)
\pgf@max=\dimen160
\pgf@sys@shading@range@num=\count115
)
(/usr/share/texmf/tex/generic/pgf/basiclayer/pgfcoreimage.code.tex
File: pgfcoreimage.code.tex 2010/03/25  (rcs-revision 1.16)

(/usr/share/texmf/tex/generic/pgf/basiclayer/pgfcoreexternal.code.tex
File: pgfcoreexternal.code.tex 2010/09/01  (rcs-revision 1.17)
\pgfexternal@startupbox=\box39
))
(/usr/share/texmf/tex/generic/pgf/basiclayer/pgfcorelayers.code.tex
File: pgfcorelayers.code.tex 2010/08/27  (rcs-revision 1.2)
)
(/usr/share/texmf/tex/generic/pgf/basiclayer/pgfcoretransparency.code.tex
File: pgfcoretransparency.code.tex 2008/01/17  (rcs-revision 1.2)
)
(/usr/share/texmf/tex/generic/pgf/basiclayer/pgfcorepatterns.code.tex
File: pgfcorepatterns.code.tex 2009/07/02  (rcs-revision 1.3)
)))
(/usr/share/texmf/tex/latex/pgf/utilities/xxcolor.sty
Package: xxcolor 2003/10/24 ver 0.1
\XC@nummixins=\count116
\XC@countmixins=\count117
)
(/usr/share/texlive/texmf-dist/tex/latex/hyperref/hyperref.sty
Package: hyperref 2012/11/06 v6.83m Hypertext links for LaTeX

(/usr/share/texlive/texmf-dist/tex/generic/oberdiek/hobsub-hyperref.sty
Package: hobsub-hyperref 2012/05/28 v1.13 Bundle oberdiek, subset hyperref (HO)


(/usr/share/texlive/texmf-dist/tex/generic/oberdiek/hobsub-generic.sty
Package: hobsub-generic 2012/05/28 v1.13 Bundle oberdiek, subset generic (HO)
Package: hobsub 2012/05/28 v1.13 Construct package bundles (HO)
Package hobsub Info: Skipping package `infwarerr' (already loaded).
Package hobsub Info: Skipping package `ltxcmds' (already loaded).
Package: ifluatex 2010/03/01 v1.3 Provides the ifluatex switch (HO)
Package ifluatex Info: LuaTeX not detected.
Package hobsub Info: Skipping package `ifvtex' (already loaded).
Package: intcalc 2007/09/27 v1.1 Expandable calculations with integers (HO)
Package hobsub Info: Skipping package `ifpdf' (already loaded).
Package: etexcmds 2011/02/16 v1.5 Avoid name clashes with e-TeX commands (HO)
Package etexcmds Info: Could not find \expanded.
(etexcmds)             That can mean that you are not using pdfTeX 1.50 or
(etexcmds)             that some package has redefined \expanded.
(etexcmds)             In the latter case, load this package earlier.
Package: kvsetkeys 2012/04/25 v1.16 Key value parser (HO)
Package: kvdefinekeys 2011/04/07 v1.3 Define keys (HO)
Package: pdftexcmds 2011/11/29 v0.20 Utility functions of pdfTeX for LuaTeX (HO
)
Package pdftexcmds Info: LuaTeX not detected.
Package pdftexcmds Info: \pdf@primitive is available.
Package pdftexcmds Info: \pdf@ifprimitive is available.
Package pdftexcmds Info: \pdfdraftmode found.
Package: pdfescape 2011/11/25 v1.13 Implements pdfTeX's escape features (HO)
Package: bigintcalc 2012/04/08 v1.3 Expandable calculations on big integers (HO
)
Package: bitset 2011/01/30 v1.1 Handle bit-vector datatype (HO)
Package: uniquecounter 2011/01/30 v1.2 Provide unlimited unique counter (HO)
)
Package hobsub Info: Skipping package `hobsub' (already loaded).
Package: letltxmacro 2010/09/02 v1.4 Let assignment for LaTeX macros (HO)
Package: hopatch 2012/05/28 v1.2 Wrapper for package hooks (HO)
Package: xcolor-patch 2011/01/30 xcolor patch
Package: atveryend 2011/06/30 v1.8 Hooks at the very end of document (HO)
Package atveryend Info: \enddocument detected (standard20110627).
Package: atbegshi 2011/10/05 v1.16 At begin shipout hook (HO)
Package: refcount 2011/10/16 v3.4 Data extraction from label references (HO)
Package: hycolor 2011/01/30 v1.7 Color options for hyperref/bookmark (HO)
)
(/usr/share/texlive/texmf-dist/tex/latex/oberdiek/auxhook.sty
Package: auxhook 2011/03/04 v1.3 Hooks for auxiliary files (HO)
)
(/usr/share/texlive/texmf-dist/tex/latex/oberdiek/kvoptions.sty
Package: kvoptions 2011/06/30 v3.11 Key value format for package options (HO)
)
\@linkdim=\dimen161
\Hy@linkcounter=\count118
\Hy@pagecounter=\count119

(/usr/share/texlive/texmf-dist/tex/latex/hyperref/pd1enc.def
File: pd1enc.def 2012/11/06 v6.83m Hyperref: PDFDocEncoding definition (HO)
)
\Hy@SavedSpaceFactor=\count120

(/usr/share/texlive/texmf-dist/tex/latex/latexconfig/hyperref.cfg
File: hyperref.cfg 2002/06/06 v1.2 hyperref configuration of TeXLive
)
Package hyperref Info: Option `bookmarks' set `true' on input line 4319.
Package hyperref Info: Option `bookmarksopen' set `true' on input line 4319.
Package hyperref Info: Option `implicit' set `false' on input line 4319.
Package hyperref Info: Hyper figures OFF on input line 4443.
Package hyperref Info: Link nesting OFF on input line 4448.
Package hyperref Info: Hyper index ON on input line 4451.
Package hyperref Info: Plain pages OFF on input line 4458.
Package hyperref Info: Backreferencing OFF on input line 4463.
Package hyperref Info: Implicit mode OFF; no redefinition of LaTeX internals.
Package hyperref Info: Bookmarks ON on input line 4688.
\c@Hy@tempcnt=\count121

(/usr/share/texlive/texmf-dist/tex/latex/url/url.sty
\Urlmuskip=\muskip10
Package: url 2013/09/16  ver 3.4  Verb mode for urls, etc.
)
LaTeX Info: Redefining \url on input line 5041.
\XeTeXLinkMargin=\dimen162
\Fld@menulength=\count122
\Field@Width=\dimen163
\Fld@charsize=\dimen164
Package hyperref Info: Hyper figures OFF on input line 6295.
Package hyperref Info: Link nesting OFF on input line 6300.
Package hyperref Info: Hyper index ON on input line 6303.
Package hyperref Info: backreferencing OFF on input line 6310.
Package hyperref Info: Link coloring OFF on input line 6315.
Package hyperref Info: Link coloring with OCG OFF on input line 6320.
Package hyperref Info: PDF/A mode OFF on input line 6325.
LaTeX Info: Redefining \ref on input line 6365.
LaTeX Info: Redefining \pageref on input line 6369.
\Hy@abspage=\count123


Package hyperref Message: Stopped early.

)

Package hyperref Message: Driver (autodetected): hpdftex.

(/usr/share/texlive/texmf-dist/tex/latex/hyperref/hpdftex.def
File: hpdftex.def 2012/11/06 v6.83m Hyperref driver for pdfTeX
\Fld@listcount=\count124
\c@bookmark@seq@number=\count125

(/usr/share/texlive/texmf-dist/tex/latex/oberdiek/rerunfilecheck.sty
Package: rerunfilecheck 2011/04/15 v1.7 Rerun checks for auxiliary files (HO)
Package uniquecounter Info: New unique counter `rerunfilecheck' on input line 2
82.
))
(/usr/share/texmf/tex/latex/beamer/base/beamerbaserequires.sty
Package: beamerbaserequires 2010/05/01  (rcs-revision efa082c6111d)

(/usr/share/texmf/tex/latex/beamer/base/beamerbasecompatibility.sty
Package: beamerbasecompatibility 2012/05/01  (rcs-revision 67c48b3b652d)
)
(/usr/share/texmf/tex/latex/beamer/base/beamerbasefont.sty
Package: beamerbasefont 2012/09/19  (rcs-revision 733629cd0c6c)

(/usr/share/texlive/texmf-dist/tex/latex/amsfonts/amssymb.sty
Package: amssymb 2013/01/14 v3.01 AMS font symbols

(/usr/share/texlive/texmf-dist/tex/latex/amsfonts/amsfonts.sty
Package: amsfonts 2013/01/14 v3.01 Basic AMSFonts support
\@emptytoks=\toks23
\symAMSa=\mathgroup4
\symAMSb=\mathgroup5
LaTeX Font Info:    Overwriting math alphabet `\mathfrak' in version `bold'
(Font)                  U/euf/m/n --> U/euf/b/n on input line 106.
)))
(/usr/share/texmf/tex/latex/beamer/base/beamerbasetranslator.sty
Package: beamerbasetranslator 2010/06/11  (rcs-revision 85fd1cc7fc42)

(/usr/share/texmf/tex/latex/beamer/base/translator/translator.sty
Package: translator 2010/06/12 ver 1.10

(/usr/share/texmf/tex/latex/beamer/base/translator/translator-language-mappings
.tex))) (/usr/share/texmf/tex/latex/beamer/base/beamerbasemisc.sty
Package: beamerbasemisc 2012/02/24  (rcs-revision 2ff5461be705)
)
(/usr/share/texmf/tex/latex/beamer/base/beamerbasetwoscreens.sty
Package: beamerbasetwoscreens 2010/05/01  (rcs-revision efa082c6111d)
)
(/usr/share/texmf/tex/latex/beamer/base/beamerbaseoverlay.sty
Package: beamerbaseoverlay 2012/11/11  (rcs-revision 6afbc49b1109)
\beamer@argscount=\count126
\beamer@lastskipcover=\skip44
\beamer@trivlistdepth=\count127
)
(/usr/share/texmf/tex/latex/beamer/base/beamerbasetitle.sty
Package: beamerbasetitle 2010/09/21  (rcs-revision f0446ed0b6ae)
)
(/usr/share/texmf/tex/latex/beamer/base/beamerbasesection.sty
Package: beamerbasesection 2012/11/11  (rcs-revision 0056eef6f17f)
\c@lecture=\count128
\c@part=\count129
\c@section=\count130
\c@subsection=\count131
\c@subsubsection=\count132
)
(/usr/share/texmf/tex/latex/beamer/base/beamerbaseframe.sty
Package: beamerbaseframe 2012/09/13  (rcs-revision dcd846607320)
\beamer@framebox=\box40
\beamer@frametitlebox=\box41
\beamer@zoombox=\box42
\beamer@zoomcount=\count133
\beamer@zoomframecount=\count134
\beamer@frametextheight=\dimen165
\c@subsectionslide=\count135
\beamer@frametopskip=\skip45
\beamer@framebottomskip=\skip46
\beamer@frametopskipautobreak=\skip47
\beamer@framebottomskipautobreak=\skip48
\beamer@envbody=\toks24
\framewidth=\dimen166
\c@framenumber=\count136
)
(/usr/share/texmf/tex/latex/beamer/base/beamerbaseverbatim.sty
Package: beamerbaseverbatim 2012/08/30  (rcs-revision dfdb135076b3)
\beamer@verbatimfileout=\write4
)
(/usr/share/texmf/tex/latex/beamer/base/beamerbaseframesize.sty
Package: beamerbaseframesize 2011/09/12  (rcs-revision 70f9d8411e54)
\beamer@splitbox=\box43
\beamer@autobreakcount=\count137
\beamer@autobreaklastheight=\dimen167
\beamer@frametitletoks=\toks25
\beamer@framesubtitletoks=\toks26
)
(/usr/share/texmf/tex/latex/beamer/base/beamerbaseframecomponents.sty
Package: beamerbaseframecomponents 2012/09/13  (rcs-revision dcd846607320)
\beamer@footins=\box44
)
(/usr/share/texmf/tex/latex/beamer/base/beamerbasecolor.sty
Package: beamerbasecolor 2010/06/06  (rcs-revision d1a9b48be06d)
)
(/usr/share/texmf/tex/latex/beamer/base/beamerbasenotes.sty
Package: beamerbasenotes 2010/05/01  (rcs-revision efa082c6111d)
\beamer@frameboxcopy=\box45
)
(/usr/share/texmf/tex/latex/beamer/base/beamerbasetoc.sty
Package: beamerbasetoc 2012/10/02  (rcs-revision 5ed0f4010e8a)
)
(/usr/share/texmf/tex/latex/beamer/base/beamerbasetemplates.sty
Package: beamerbasetemplates 2010/05/01  (rcs-revision efa082c6111d)
\beamer@sbttoks=\toks27

(/usr/share/texmf/tex/latex/beamer/base/beamerbaseauxtemplates.sty
Package: beamerbaseauxtemplates 2012/05/01  (rcs-revision 67c48b3b652d)

(/usr/share/texmf/tex/latex/beamer/base/beamerbaseboxes.sty
Package: beamerbaseboxes 2012/05/13  (rcs-revision 56972908a390)
\bmb@box=\box46
\bmb@colorbox=\box47
\bmb@boxshadow=\box48
\bmb@boxshadowball=\box49
\bmb@boxshadowballlarge=\box50
\bmb@temp=\dimen168
\bmb@dima=\dimen169
\bmb@dimb=\dimen170
\bmb@prevheight=\dimen171
)
\beamer@blockheadheight=\dimen172
))
(/usr/share/texmf/tex/latex/beamer/base/beamerbaselocalstructure.sty
Package: beamerbaselocalstructure 2012/11/13  (rcs-revision ddfba79dac19)

(/usr/share/texlive/texmf-dist/tex/latex/tools/enumerate.sty
Package: enumerate 1999/03/05 v3.00 enumerate extensions (DPC)
\@enLab=\toks28
)
\c@figure=\count138
\c@table=\count139
\abovecaptionskip=\skip49
\belowcaptionskip=\skip50
)
(/usr/share/texmf/tex/latex/beamer/base/beamerbasenavigation.sty
Package: beamerbasenavigation 2012/04/03  (rcs-revision 42a0f21a412d)
\beamer@section@min@dim=\dimen173
)
(/usr/share/texmf/tex/latex/beamer/base/beamerbasetheorems.sty
Package: beamerbasetheorems 2010/06/06  (rcs-revision 7e7cc5e53e9d)

(/usr/share/texlive/texmf-dist/tex/latex/amsmath/amsmath.sty
Package: amsmath 2013/01/14 v2.14 AMS math features
\@mathmargin=\skip51

For additional information on amsmath, use the `?' option.
(/usr/share/texlive/texmf-dist/tex/latex/amsmath/amstext.sty
Package: amstext 2000/06/29 v2.01

(/usr/share/texlive/texmf-dist/tex/latex/amsmath/amsgen.sty
File: amsgen.sty 1999/11/30 v2.0
\@emptytoks=\toks29
\ex@=\dimen174
))
(/usr/share/texlive/texmf-dist/tex/latex/amsmath/amsbsy.sty
Package: amsbsy 1999/11/29 v1.2d
\pmbraise@=\dimen175
)
(/usr/share/texlive/texmf-dist/tex/latex/amsmath/amsopn.sty
Package: amsopn 1999/12/14 v2.01 operator names
)
\inf@bad=\count140
LaTeX Info: Redefining \frac on input line 210.
\uproot@=\count141
\leftroot@=\count142
LaTeX Info: Redefining \overline on input line 306.
\classnum@=\count143
\DOTSCASE@=\count144
LaTeX Info: Redefining \ldots on input line 378.
LaTeX Info: Redefining \dots on input line 381.
LaTeX Info: Redefining \cdots on input line 466.
\Mathstrutbox@=\box51
\strutbox@=\box52
\big@size=\dimen176
LaTeX Font Info:    Redeclaring font encoding OML on input line 566.
LaTeX Font Info:    Redeclaring font encoding OMS on input line 567.
\macc@depth=\count145
\c@MaxMatrixCols=\count146
\dotsspace@=\muskip11
\c@parentequation=\count147
\dspbrk@lvl=\count148
\tag@help=\toks30
\row@=\count149
\column@=\count150
\maxfields@=\count151
\andhelp@=\toks31
\eqnshift@=\dimen177
\alignsep@=\dimen178
\tagshift@=\dimen179
\tagwidth@=\dimen180
\totwidth@=\dimen181
\lineht@=\dimen182
\@envbody=\toks32
\multlinegap=\skip52
\multlinetaggap=\skip53
\mathdisplay@stack=\toks33
LaTeX Info: Redefining \[ on input line 2665.
LaTeX Info: Redefining \] on input line 2666.
)
(/usr/share/texlive/texmf-dist/tex/latex/amscls/amsthm.sty
Package: amsthm 2004/08/06 v2.20
\thm@style=\toks34
\thm@bodyfont=\toks35
\thm@headfont=\toks36
\thm@notefont=\toks37
\thm@headpunct=\toks38
\thm@preskip=\skip54
\thm@postskip=\skip55
\thm@headsep=\skip56
\dth@everypar=\toks39
)
\c@theorem=\count152
)
(/usr/share/texmf/tex/latex/beamer/base/beamerbasethemes.sty
Package: beamerbasethemes 2010/05/01  (rcs-revision efa082c6111d)
))
(/usr/share/texmf/tex/latex/beamer/base/themes/theme/beamerthemedefault.sty
Package: beamerthemedefault 2010/06/17  (rcs-revision d02a7cf4d8ae)

(/usr/share/texmf/tex/latex/beamer/base/themes/font/beamerfontthemedefault.sty
Package: beamerfontthemedefault 2010/06/17  (rcs-revision d02a7cf4d8ae)
)
(/usr/share/texmf/tex/latex/beamer/base/themes/color/beamercolorthemedefault.st
y
Package: beamercolorthemedefault 2010/06/17  (rcs-revision d02a7cf4d8ae)
)
(/usr/share/texmf/tex/latex/beamer/base/themes/inner/beamerinnerthemedefault.st
y
Package: beamerinnerthemedefault 2012/05/01  (rcs-revision 67c48b3b652d)
\beamer@dima=\dimen183
\beamer@dimb=\dimen184
)
(/usr/share/texmf/tex/latex/beamer/base/themes/outer/beamerouterthemedefault.st
y
Package: beamerouterthemedefault 2012/10/02  (rcs-revision 5ed0f4010e8a)
))) (../IyA.estilo.sty
(/usr/share/texmf/tex/latex/beamer/base/themes/theme/beamerthemeWarsaw.sty
Package: beamerthemeWarsaw 2010/06/17  (rcs-revision d02a7cf4d8ae)

(/usr/share/texmf/tex/latex/beamer/base/themes/inner/beamerinnerthemerounded.st
y
Package: beamerinnerthemerounded 2010/06/17  (rcs-revision d02a7cf4d8ae)
)
(/usr/share/texmf/tex/latex/beamer/base/themes/outer/beamerouterthemeshadow.sty
Package: beamerouterthemeshadow 2010/06/17  (rcs-revision d02a7cf4d8ae)
(/usr/share/texmf/tex/latex/beamer/base/themes/outer/beamerouterthemesplit.sty
Package: beamerouterthemesplit 2012/10/16  (rcs-revision 51a8c72084af)
))
(/usr/share/texmf/tex/latex/beamer/base/themes/color/beamercolorthemeorchid.sty
Package: beamercolorthemeorchid 2010/06/17  (rcs-revision d02a7cf4d8ae)
)
(/usr/share/texmf/tex/latex/beamer/base/themes/color/beamercolorthemewhale.sty
Package: beamercolorthemewhale 2010/06/17  (rcs-revision d02a7cf4d8ae)
))
(/usr/share/texmf/tex/latex/beamer/base/themes/color/beamercolorthemebeaver.sty
Package: beamercolorthemebeaver 2010/06/17  (rcs-revision d02a7cf4d8ae)
) (/usr/share/texlive/texmf-dist/tex/latex/base/inputenc.sty
Package: inputenc 2008/03/30 v1.1d Input encoding file
\inpenc@prehook=\toks40
\inpenc@posthook=\toks41

(/usr/share/texlive/texmf-dist/tex/latex/base/utf8.def
File: utf8.def 2008/04/05 v1.1m UTF-8 support for inputenc
Now handling font encoding OML ...
... no UTF-8 mapping file for font encoding OML
Now handling font encoding T1 ...
... processing UTF-8 mapping file for font encoding T1

(/usr/share/texlive/texmf-dist/tex/latex/base/t1enc.dfu
File: t1enc.dfu 2008/04/05 v1.1m UTF-8 support for inputenc
   defining Unicode char U+00A1 (decimal 161)
   defining Unicode char U+00A3 (decimal 163)
   defining Unicode char U+00AB (decimal 171)
   defining Unicode char U+00BB (decimal 187)
   defining Unicode char U+00BF (decimal 191)
   defining Unicode char U+00C0 (decimal 192)
   defining Unicode char U+00C1 (decimal 193)
   defining Unicode char U+00C2 (decimal 194)
   defining Unicode char U+00C3 (decimal 195)
   defining Unicode char U+00C4 (decimal 196)
   defining Unicode char U+00C5 (decimal 197)
   defining Unicode char U+00C6 (decimal 198)
   defining Unicode char U+00C7 (decimal 199)
   defining Unicode char U+00C8 (decimal 200)
   defining Unicode char U+00C9 (decimal 201)
   defining Unicode char U+00CA (decimal 202)
   defining Unicode char U+00CB (decimal 203)
   defining Unicode char U+00CC (decimal 204)
   defining Unicode char U+00CD (decimal 205)
   defining Unicode char U+00CE (decimal 206)
   defining Unicode char U+00CF (decimal 207)
   defining Unicode char U+00D0 (decimal 208)
   defining Unicode char U+00D1 (decimal 209)
   defining Unicode char U+00D2 (decimal 210)
   defining Unicode char U+00D3 (decimal 211)
   defining Unicode char U+00D4 (decimal 212)
   defining Unicode char U+00D5 (decimal 213)
   defining Unicode char U+00D6 (decimal 214)
   defining Unicode char U+00D8 (decimal 216)
   defining Unicode char U+00D9 (decimal 217)
   defining Unicode char U+00DA (decimal 218)
   defining Unicode char U+00DB (decimal 219)
   defining Unicode char U+00DC (decimal 220)
   defining Unicode char U+00DD (decimal 221)
   defining Unicode char U+00DE (decimal 222)
   defining Unicode char U+00DF (decimal 223)
   defining Unicode char U+00E0 (decimal 224)
   defining Unicode char U+00E1 (decimal 225)
   defining Unicode char U+00E2 (decimal 226)
   defining Unicode char U+00E3 (decimal 227)
   defining Unicode char U+00E4 (decimal 228)
   defining Unicode char U+00E5 (decimal 229)
   defining Unicode char U+00E6 (decimal 230)
   defining Unicode char U+00E7 (decimal 231)
   defining Unicode char U+00E8 (decimal 232)
   defining Unicode char U+00E9 (decimal 233)
   defining Unicode char U+00EA (decimal 234)
   defining Unicode char U+00EB (decimal 235)
   defining Unicode char U+00EC (decimal 236)
   defining Unicode char U+00ED (decimal 237)
   defining Unicode char U+00EE (decimal 238)
   defining Unicode char U+00EF (decimal 239)
   defining Unicode char U+00F0 (decimal 240)
   defining Unicode char U+00F1 (decimal 241)
   defining Unicode char U+00F2 (decimal 242)
   defining Unicode char U+00F3 (decimal 243)
   defining Unicode char U+00F4 (decimal 244)
   defining Unicode char U+00F5 (decimal 245)
   defining Unicode char U+00F6 (decimal 246)
   defining Unicode char U+00F8 (decimal 248)
   defining Unicode char U+00F9 (decimal 249)
   defining Unicode char U+00FA (decimal 250)
   defining Unicode char U+00FB (decimal 251)
   defining Unicode char U+00FC (decimal 252)
   defining Unicode char U+00FD (decimal 253)
   defining Unicode char U+00FE (decimal 254)
   defining Unicode char U+00FF (decimal 255)
   defining Unicode char U+0102 (decimal 258)
   defining Unicode char U+0103 (decimal 259)
   defining Unicode char U+0104 (decimal 260)
   defining Unicode char U+0105 (decimal 261)
   defining Unicode char U+0106 (decimal 262)
   defining Unicode char U+0107 (decimal 263)
   defining Unicode char U+010C (decimal 268)
   defining Unicode char U+010D (decimal 269)
   defining Unicode char U+010E (decimal 270)
   defining Unicode char U+010F (decimal 271)
   defining Unicode char U+0110 (decimal 272)
   defining Unicode char U+0111 (decimal 273)
   defining Unicode char U+0118 (decimal 280)
   defining Unicode char U+0119 (decimal 281)
   defining Unicode char U+011A (decimal 282)
   defining Unicode char U+011B (decimal 283)
   defining Unicode char U+011E (decimal 286)
   defining Unicode char U+011F (decimal 287)
   defining Unicode char U+0130 (decimal 304)
   defining Unicode char U+0131 (decimal 305)
   defining Unicode char U+0132 (decimal 306)
   defining Unicode char U+0133 (decimal 307)
   defining Unicode char U+0139 (decimal 313)
   defining Unicode char U+013A (decimal 314)
   defining Unicode char U+013D (decimal 317)
   defining Unicode char U+013E (decimal 318)
   defining Unicode char U+0141 (decimal 321)
   defining Unicode char U+0142 (decimal 322)
   defining Unicode char U+0143 (decimal 323)
   defining Unicode char U+0144 (decimal 324)
   defining Unicode char U+0147 (decimal 327)
   defining Unicode char U+0148 (decimal 328)
   defining Unicode char U+014A (decimal 330)
   defining Unicode char U+014B (decimal 331)
   defining Unicode char U+0150 (decimal 336)
   defining Unicode char U+0151 (decimal 337)
   defining Unicode char U+0152 (decimal 338)
   defining Unicode char U+0153 (decimal 339)
   defining Unicode char U+0154 (decimal 340)
   defining Unicode char U+0155 (decimal 341)
   defining Unicode char U+0158 (decimal 344)
   defining Unicode char U+0159 (decimal 345)
   defining Unicode char U+015A (decimal 346)
   defining Unicode char U+015B (decimal 347)
   defining Unicode char U+015E (decimal 350)
   defining Unicode char U+015F (decimal 351)
   defining Unicode char U+0160 (decimal 352)
   defining Unicode char U+0161 (decimal 353)
   defining Unicode char U+0162 (decimal 354)
   defining Unicode char U+0163 (decimal 355)
   defining Unicode char U+0164 (decimal 356)
   defining Unicode char U+0165 (decimal 357)
   defining Unicode char U+016E (decimal 366)
   defining Unicode char U+016F (decimal 367)
   defining Unicode char U+0170 (decimal 368)
   defining Unicode char U+0171 (decimal 369)
   defining Unicode char U+0178 (decimal 376)
   defining Unicode char U+0179 (decimal 377)
   defining Unicode char U+017A (decimal 378)
   defining Unicode char U+017B (decimal 379)
   defining Unicode char U+017C (decimal 380)
   defining Unicode char U+017D (decimal 381)
   defining Unicode char U+017E (decimal 382)
   defining Unicode char U+200C (decimal 8204)
   defining Unicode char U+2013 (decimal 8211)
   defining Unicode char U+2014 (decimal 8212)
   defining Unicode char U+2018 (decimal 8216)
   defining Unicode char U+2019 (decimal 8217)
   defining Unicode char U+201A (decimal 8218)
   defining Unicode char U+201C (decimal 8220)
   defining Unicode char U+201D (decimal 8221)
   defining Unicode char U+201E (decimal 8222)
   defining Unicode char U+2030 (decimal 8240)
   defining Unicode char U+2031 (decimal 8241)
   defining Unicode char U+2039 (decimal 8249)
   defining Unicode char U+203A (decimal 8250)
   defining Unicode char U+2423 (decimal 9251)
)
Now handling font encoding OT1 ...
... processing UTF-8 mapping file for font encoding OT1

(/usr/share/texlive/texmf-dist/tex/latex/base/ot1enc.dfu
File: ot1enc.dfu 2008/04/05 v1.1m UTF-8 support for inputenc
   defining Unicode char U+00A1 (decimal 161)
   defining Unicode char U+00A3 (decimal 163)
   defining Unicode char U+00B8 (decimal 184)
   defining Unicode char U+00BF (decimal 191)
   defining Unicode char U+00C5 (decimal 197)
   defining Unicode char U+00C6 (decimal 198)
   defining Unicode char U+00D8 (decimal 216)
   defining Unicode char U+00DF (decimal 223)
   defining Unicode char U+00E6 (decimal 230)
   defining Unicode char U+00EC (decimal 236)
   defining Unicode char U+00ED (decimal 237)
   defining Unicode char U+00EE (decimal 238)
   defining Unicode char U+00EF (decimal 239)
   defining Unicode char U+00F8 (decimal 248)
   defining Unicode char U+0131 (decimal 305)
   defining Unicode char U+0141 (decimal 321)
   defining Unicode char U+0142 (decimal 322)
   defining Unicode char U+0152 (decimal 338)
   defining Unicode char U+0153 (decimal 339)
   defining Unicode char U+2013 (decimal 8211)
   defining Unicode char U+2014 (decimal 8212)
   defining Unicode char U+2018 (decimal 8216)
   defining Unicode char U+2019 (decimal 8217)
   defining Unicode char U+201C (decimal 8220)
   defining Unicode char U+201D (decimal 8221)
)
Now handling font encoding OMS ...
... processing UTF-8 mapping file for font encoding OMS

(/usr/share/texlive/texmf-dist/tex/latex/base/omsenc.dfu
File: omsenc.dfu 2008/04/05 v1.1m UTF-8 support for inputenc
   defining Unicode char U+00A7 (decimal 167)
   defining Unicode char U+00B6 (decimal 182)
   defining Unicode char U+00B7 (decimal 183)
   defining Unicode char U+2020 (decimal 8224)
   defining Unicode char U+2021 (decimal 8225)
   defining Unicode char U+2022 (decimal 8226)
)
Now handling font encoding OMX ...
... no UTF-8 mapping file for font encoding OMX
Now handling font encoding U ...
... no UTF-8 mapping file for font encoding U
Now handling font encoding PD1 ...
... no UTF-8 mapping file for font encoding PD1
   defining Unicode char U+00A9 (decimal 169)
   defining Unicode char U+00AA (decimal 170)
   defining Unicode char U+00AE (decimal 174)
   defining Unicode char U+00BA (decimal 186)
   defining Unicode char U+02C6 (decimal 710)
   defining Unicode char U+02DC (decimal 732)
   defining Unicode char U+200C (decimal 8204)
   defining Unicode char U+2026 (decimal 8230)
   defining Unicode char U+2122 (decimal 8482)
   defining Unicode char U+2423 (decimal 9251)
))
(/usr/share/texlive/texmf-dist/tex/generic/babel/babel.sty
Package: babel 2013/12/03 3.9h The Babel package

(/usr/share/texlive/texmf-dist/tex/generic/babel-spanish/spanish.ldf
Language: spanish.ldf 2014/01/29 v5.0m Spanish support from the babel system

(/usr/share/texlive/texmf-dist/tex/generic/babel/babel.def
File: babel.def 2013/12/03 3.9h Babel common definitions
LaTeX Info: Redefining \textlatin on input line 137.
\babel@savecnt=\count153
\U@D=\dimen185
)
\es@datefmt=\count154
\es@quottoks=\toks42
\es@quotdepth=\count155
Package babel Info: Making " an active character on input line 496.
Package babel Info: Making . an active character on input line 599.
Package babel Info: Making < an active character on input line 644.
Package babel Info: Making > an active character on input line 644.
))
(/usr/share/texlive/texmf-dist/tex/latex/oberdiek/epstopdf.sty
Package: epstopdf 2010/02/09 v2.5 Conversion with epstopdf on the fly (HO)

(/usr/share/texlive/texmf-dist/tex/latex/oberdiek/epstopdf-base.sty
Package: epstopdf-base 2010/02/09 v2.5 Base part for package epstopdf

(/usr/share/texlive/texmf-dist/tex/latex/oberdiek/grfext.sty
Package: grfext 2010/08/19 v1.1 Manage graphics extensions (HO)
)
Package grfext Info: Graphics extension search list:
(grfext)             [.png,.pdf,.jpg,.mps,.jpeg,.jbig2,.jb2,.PNG,.PDF,.JPG,.JPE
G,.JBIG2,.JB2,.eps]
(grfext)             \AppendGraphicsExtensions on input line 452.

(/usr/share/texlive/texmf-dist/tex/latex/latexconfig/epstopdf-sys.cfg
File: epstopdf-sys.cfg 2010/07/13 v1.3 Configuration of (r)epstopdf for TeX Liv
e
)))
(/usr/share/texlive/texmf-dist/tex/latex/tools/multicol.sty
Package: multicol 2011/06/27 v1.7a multicolumn formatting (FMi)
\c@tracingmulticols=\count156
\mult@box=\box53
\multicol@leftmargin=\dimen186
\c@unbalance=\count157
\c@collectmore=\count158
\doublecol@number=\count159
\multicoltolerance=\count160
\multicolpretolerance=\count161
\full@width=\dimen187
\page@free=\dimen188
\premulticols=\dimen189
\postmulticols=\dimen190
\multicolsep=\skip57
\multicolbaselineskip=\skip58
\partial@page=\box54
\last@line=\box55
\mult@rightbox=\box56
\mult@grightbox=\box57
\mult@gfirstbox=\box58
\mult@firstbox=\box59
\@tempa=\box60
\@tempa=\box61
\@tempa=\box62
\@tempa=\box63
\@tempa=\box64
\@tempa=\box65
\@tempa=\box66
\@tempa=\box67
\@tempa=\box68
\@tempa=\box69
\@tempa=\box70
\@tempa=\box71
\@tempa=\box72
\@tempa=\box73
\@tempa=\box74
\@tempa=\box75
\@tempa=\box76
\c@columnbadness=\count162
\c@finalcolumnbadness=\count163
\last@try=\dimen191
\multicolovershoot=\dimen192
\multicolundershoot=\dimen193
\mult@nat@firstbox=\box77
\colbreak@box=\box78
\multicol@sort@counter=\count164
)
(/usr/share/texlive/texmf-dist/tex/latex/multirow/multirow.sty
\bigstrutjot=\dimen194
)
(/usr/share/texlive/texmf-dist/tex/latex/appendix/appendix.sty
Package: appendix 2009/09/02 v1.2b extra appendix facilities
\c@@pps=\count165
\c@@ppsavesec=\count166
\c@@ppsaveapp=\count167
)
(/usr/share/texlive/texmf-dist/tex/latex/oberdiek/pdflscape.sty
Package: pdflscape 2008/08/11 v0.10 Display of landscape pages in PDF (HO)

(/usr/share/texlive/texmf-dist/tex/latex/graphics/lscape.sty
Package: lscape 2000/10/22 v3.01 Landscape Pages (DPC)
)
Package pdflscape Info: Auto-detected driver: pdftex on input line 80.
)
(/usr/share/texlive/texmf-dist/tex/latex/natbib/natbib.sty
Package: natbib 2010/09/13 8.31b (PWD, AO)
\bibhang=\skip59
\bibsep=\skip60
LaTeX Info: Redefining \cite on input line 694.
\c@NAT@ctr=\count168
)
(/usr/share/texlive/texmf-dist/tex/latex/rotating/rotating.sty
Package: rotating 2009/03/28 v2.16a rotated objects in LaTeX

(/usr/share/texlive/texmf-dist/tex/latex/base/ifthen.sty
Package: ifthen 2001/05/26 v1.1c Standard LaTeX ifthen package (DPC)
)
\c@r@tfl@t=\count169
\rotFPtop=\skip61
\rotFPbot=\skip62
\rot@float@box=\box79
\rot@mess@toks=\toks43
)
Package grfext Info: Graphics extension search list:
(grfext)             [.png,.pdf,.jpg,.mps,.jpeg,.jbig2,.jb2,.PNG,.PDF,.JPG,.JPE
G,.JBIG2,.JB2,.eps,.gif]
(grfext)             \AppendGraphicsExtensions on input line 34.
)
(/usr/share/texlive/texmf-dist/tex/latex/animate/animate.sty
Package: animate 2014/02/11 PDF animations from files and inline graphics

(/usr/share/texlive/texmf-dist/tex/latex/oberdiek/ifdraft.sty
Package: ifdraft 2008/08/11 v1.3 Detect class options draft and final (HO)
)
(/usr/share/texlive/texmf-dist/tex/latex/tools/calc.sty
Package: calc 2007/08/22 v4.3 Infix arithmetic (KKT,FJ)
\calc@Acount=\count170
\calc@Bcount=\count171
\calc@Adimen=\dimen195
\calc@Bdimen=\dimen196
\calc@Askip=\skip63
\calc@Bskip=\skip64
LaTeX Info: Redefining \setlength on input line 76.
LaTeX Info: Redefining \addtolength on input line 77.
\calc@Ccount=\count172
\calc@Cskip=\skip65
)
(/usr/share/texlive/texmf-dist/tex/latex/animate/animfp.sty
Package: animfp 2009/07/23 fixed point addition for animate.sty
\afp@xs=\count173
\afp@xia=\count174
\afp@xib=\count175
\afp@xfa=\count176
\afp@xfb=\count177
\afp@rega=\count178
\afp@regb=\count179
\afp@regs=\count180
)
(/usr/share/texlive/texmf-dist/tex/context/base/supp-pdf.mkii
[Loading MPS to PDF converter (version 2006.09.02).]
\scratchcounter=\count181
\scratchdimen=\dimen197
\scratchbox=\box80
\nofMPsegments=\count182
\nofMParguments=\count183
\everyMPshowfont=\toks44
\MPscratchCnt=\count184
\MPscratchDim=\dimen198
\MPnumerator=\count185
\makeMPintoPDFobject=\count186
\everyMPtoPDFconversion=\toks45
)
\@anim@box=\box81
\@anim@tmpdima=\dimen199
\@anim@tmpdimb=\dimen200
\@anim@num=\count187
\@anim@curframe=\count188
\@anim@curframe@zb=\count189
\@anim@resize=\count190
\@anim@skipfram=\count191
\@anim@mulframecnt=\count192
\@anim@@tmlnfile=\read2
\@anim@tmpcnt=\count193
\c@@anim@ltxcnt=\count194
\@anim@curlayer=\count195
\@anim@lineno=\count196
\@anim@curfield=\count197
\@anim@begin=\toks46
\@anim@end=\toks47
) (./2019_instrumentos_giroscopicos_presentacion.aux
LaTeX Info: Redefining \. on input line 25.
LaTeX Info: Redefining \% on input line 25.


LaTeX Warning: Label `sec:compas.giroscopico.autocorregido' multiply defined.

)
\openout1 = `2019_instrumentos_giroscopicos_presentacion.aux'.

LaTeX Font Info:    Checking defaults for OML/cmm/m/it on input line 42.
LaTeX Font Info:    ... okay on input line 42.
LaTeX Font Info:    Checking defaults for T1/cmr/m/n on input line 42.
LaTeX Font Info:    ... okay on input line 42.
LaTeX Font Info:    Checking defaults for OT1/cmr/m/n on input line 42.
LaTeX Font Info:    ... okay on input line 42.
LaTeX Font Info:    Checking defaults for OMS/cmsy/m/n on input line 42.
LaTeX Font Info:    ... okay on input line 42.
LaTeX Font Info:    Checking defaults for OMX/cmex/m/n on input line 42.
LaTeX Font Info:    ... okay on input line 42.
LaTeX Font Info:    Checking defaults for U/cmr/m/n on input line 42.
LaTeX Font Info:    ... okay on input line 42.
LaTeX Font Info:    Checking defaults for PD1/pdf/m/n on input line 42.
LaTeX Font Info:    ... okay on input line 42.

*geometry* driver: auto-detecting
*geometry* detected driver: pdftex
*geometry* verbose mode - [ preamble ] result:
* driver: pdftex
* paper: custom
* layout: <same size as paper>
* layoutoffset:(h,v)=(0.0pt,0.0pt)
* modes: includehead includefoot 
* h-part:(L,W,R)=(28.45274pt, 307.28987pt, 28.45274pt)
* v-part:(T,H,B)=(0.0pt, 273.14662pt, 0.0pt)
* \paperwidth=364.19536pt
* \paperheight=273.14662pt
* \textwidth=307.28987pt
* \textheight=244.6939pt
* \oddsidemargin=-43.81725pt
* \evensidemargin=-43.81725pt
* \topmargin=-72.26999pt
* \headheight=14.22636pt
* \headsep=0.0pt
* \topskip=9.0pt
* \footskip=14.22636pt
* \marginparwidth=4.0pt
* \marginparsep=10.0pt
* \columnsep=10.0pt
* \skip\footins=7.0pt plus 4.0pt minus 2.0pt
* \hoffset=0.0pt
* \voffset=0.0pt
* \mag=1000
* \@twocolumnfalse
* \@twosidefalse
* \@mparswitchfalse
* \@reversemarginfalse
* (1in=72.27pt=25.4mm, 1cm=28.453pt)

ABD: EveryShipout initializing macros
\AtBeginShipoutBox=\box82
Package hyperref Info: Link coloring OFF on input line 42.

(/usr/share/texlive/texmf-dist/tex/latex/hyperref/nameref.sty
Package: nameref 2012/10/27 v2.43 Cross-referencing by name of section

(/usr/share/texlive/texmf-dist/tex/generic/oberdiek/gettitlestring.sty
Package: gettitlestring 2010/12/03 v1.4 Cleanup title references (HO)
)
\c@section@level=\count198
)
LaTeX Info: Redefining \ref on input line 42.
LaTeX Info: Redefining \pageref on input line 42.
LaTeX Info: Redefining \nameref on input line 42.

(./2019_instrumentos_giroscopicos_presentacion.out)
(./2019_instrumentos_giroscopicos_presentacion.out)
\@outlinefile=\write5
\openout5 = `2019_instrumentos_giroscopicos_presentacion.out'.

LaTeX Font Info:    Overwriting symbol font `operators' in version `normal'
(Font)                  OT1/cmr/m/n --> OT1/cmss/m/n on input line 42.
LaTeX Font Info:    Overwriting symbol font `operators' in version `bold'
(Font)                  OT1/cmr/bx/n --> OT1/cmss/bx/n on input line 42.
\symnumbers=\mathgroup6
\sympureletters=\mathgroup7
LaTeX Font Info:    Overwriting math alphabet `\mathrm' in version `normal'
(Font)                  OT1/cmss/m/n --> OT1/cmr/m/n on input line 42.
LaTeX Font Info:    Redeclaring math alphabet \mathbf on input line 42.
LaTeX Font Info:    Overwriting math alphabet `\mathbf' in version `normal'
(Font)                  OT1/cmr/bx/n --> OT1/cmss/bx/n on input line 42.
LaTeX Font Info:    Overwriting math alphabet `\mathbf' in version `bold'
(Font)                  OT1/cmr/bx/n --> OT1/cmss/bx/n on input line 42.
LaTeX Font Info:    Redeclaring math alphabet \mathsf on input line 42.
LaTeX Font Info:    Overwriting math alphabet `\mathsf' in version `normal'
(Font)                  OT1/cmss/m/n --> OT1/cmss/m/n on input line 42.
LaTeX Font Info:    Overwriting math alphabet `\mathsf' in version `bold'
(Font)                  OT1/cmss/bx/n --> OT1/cmss/m/n on input line 42.
LaTeX Font Info:    Redeclaring math alphabet \mathit on input line 42.
LaTeX Font Info:    Overwriting math alphabet `\mathit' in version `normal'
(Font)                  OT1/cmr/m/it --> OT1/cmss/m/it on input line 42.
LaTeX Font Info:    Overwriting math alphabet `\mathit' in version `bold'
(Font)                  OT1/cmr/bx/it --> OT1/cmss/m/it on input line 42.
LaTeX Font Info:    Redeclaring math alphabet \mathtt on input line 42.
LaTeX Font Info:    Overwriting math alphabet `\mathtt' in version `normal'
(Font)                  OT1/cmtt/m/n --> OT1/cmtt/m/n on input line 42.
LaTeX Font Info:    Overwriting math alphabet `\mathtt' in version `bold'
(Font)                  OT1/cmtt/m/n --> OT1/cmtt/m/n on input line 42.
LaTeX Font Info:    Overwriting symbol font `numbers' in version `bold'
(Font)                  OT1/cmss/m/n --> OT1/cmss/bx/n on input line 42.
LaTeX Font Info:    Overwriting symbol font `pureletters' in version `bold'
(Font)                  OT1/cmss/m/it --> OT1/cmss/bx/it on input line 42.
LaTeX Font Info:    Overwriting math alphabet `\mathrm' in version `bold'
(Font)                  OT1/cmss/bx/n --> OT1/cmr/bx/n on input line 42.
LaTeX Font Info:    Overwriting math alphabet `\mathbf' in version `bold'
(Font)                  OT1/cmss/bx/n --> OT1/cmss/bx/n on input line 42.
LaTeX Font Info:    Overwriting math alphabet `\mathsf' in version `bold'
(Font)                  OT1/cmss/m/n --> OT1/cmss/bx/n on input line 42.
LaTeX Font Info:    Overwriting math alphabet `\mathit' in version `bold'
(Font)                  OT1/cmss/m/it --> OT1/cmss/bx/it on input line 42.
LaTeX Font Info:    Overwriting math alphabet `\mathtt' in version `bold'
(Font)                  OT1/cmtt/m/n --> OT1/cmtt/bx/n on input line 42.

(/usr/share/texmf/tex/latex/beamer/base/translator/dicts/translator-basic-dicti
onary/translator-basic-dictionary-English.dict
Dictionary: translator-basic-dictionary, Language: English 
)
(/usr/share/texmf/tex/latex/beamer/base/translator/dicts/translator-bibliograph
y-dictionary/translator-bibliography-dictionary-English.dict
Dictionary: translator-bibliography-dictionary, Language: English 
)
(/usr/share/texmf/tex/latex/beamer/base/translator/dicts/translator-environment
-dictionary/translator-environment-dictionary-English.dict
Dictionary: translator-environment-dictionary, Language: English 
)
(/usr/share/texmf/tex/latex/beamer/base/translator/dicts/translator-months-dict
ionary/translator-months-dictionary-English.dict
Dictionary: translator-months-dictionary, Language: English 
)
(/usr/share/texmf/tex/latex/beamer/base/translator/dicts/translator-numbers-dic
tionary/translator-numbers-dictionary-English.dict
Dictionary: translator-numbers-dictionary, Language: English 
)
(/usr/share/texmf/tex/latex/beamer/base/translator/dicts/translator-theorem-dic
tionary/translator-theorem-dictionary-English.dict
Dictionary: translator-theorem-dictionary, Language: English 
)
LaTeX Info: Redefining \includegraphics on input line 42.
LaTeX Info: Redefining \. on input line 42.
LaTeX Info: Redefining \% on input line 42.

(./2019_instrumentos_giroscopicos_presentacion.nav)
Overfull \hbox (10.28806pt too wide) detected at line 42
  []\OT1/cmss/m/n/5 Comp^^Sas girosc^^Sopico auto-corregido, indicador con gir^
^Soscopo integrado, y remoto.[] 
 []

<../imagenes/logos/400-anios.png, id=59, 183.68625pt x 332.24126pt>
File: ../imagenes/logos/400-anios.png Graphic file (type png)

<use ../imagenes/logos/400-anios.png>
Package pdftex.def Info: ../imagenes/logos/400-anios.png used on input line 47.

(pdftex.def)             Requested size: 23.59415pt x 42.67912pt.

<../imagenes/logos/logoUNC.png, id=61, 399.6531pt x 126.9543pt>
File: ../imagenes/logos/logoUNC.png Graphic file (type png)

<use ../imagenes/logos/logoUNC.png>
Package pdftex.def Info: ../imagenes/logos/logoUNC.png used on input line 47.
(pdftex.def)             Requested size: 89.56436pt x 28.45274pt.

<../imagenes/logos/fcefyn.png, id=62, 1112.155pt x 562.1pt>
File: ../imagenes/logos/fcefyn.png Graphic file (type png)

<use ../imagenes/logos/fcefyn.png>
Package pdftex.def Info: ../imagenes/logos/fcefyn.png used on input line 47.
(pdftex.def)             Requested size: 56.28981pt x 28.45274pt.

<../imagenes/logos/dpto-aero-logo.png, id=63, 508.90125pt x 190.7125pt>
File: ../imagenes/logos/dpto-aero-logo.png Graphic file (type png)

<use ../imagenes/logos/dpto-aero-logo.png>
Package pdftex.def Info: ../imagenes/logos/dpto-aero-logo.png used on input lin
e 47.
(pdftex.def)             Requested size: 75.92033pt x 28.45274pt.
 [1

{/var/lib/texmf/fonts/map/pdftex/updmap/pdftex.map} <../imagenes/logos/400-anio
s.png> <../imagenes/logos/logoUNC.png> <../imagenes/logos/fcefyn.png> <../image
nes/logos/dpto-aero-logo.png>]
(./05.instrumentos.giroscopicos.tex/05.01.propiedades.v2019.tex
<05.instrumentos.giroscopicos.imagenes/05.01.movimientos/foucault.jpg, id=99, 4
16.55624pt x 552.0625pt>
File: 05.instrumentos.giroscopicos.imagenes/05.01.movimientos/foucault.jpg Grap
hic file (type jpg)

<use 05.instrumentos.giroscopicos.imagenes/05.01.movimientos/foucault.jpg>
Package pdftex.def Info: 05.instrumentos.giroscopicos.imagenes/05.01.movimiento
s/foucault.jpg used on input line 42.
(pdftex.def)             Requested size: 64.53123pt x 85.51825pt.

<05.instrumentos.giroscopicos.imagenes/05.01.movimientos/foucault_giroscopo_wik
i.jpg, id=100, 803.0pt x 1189.44376pt>
File: 05.instrumentos.giroscopicos.imagenes/05.01.movimientos/foucault_giroscop
o_wiki.jpg Graphic file (type jpg)

<use 05.instrumentos.giroscopicos.imagenes/05.01.movimientos/foucault_giroscopo
_wiki.jpg>
Package pdftex.def Info: 05.instrumentos.giroscopicos.imagenes/05.01.movimiento
s/foucault_giroscopo_wiki.jpg used on input line 42.
(pdftex.def)             Requested size: 64.53123pt x 95.57487pt.
LaTeX Font Info:    Try loading font information for U+msa on input line 42.
 (/usr/share/texlive/texmf-dist/tex/latex/amsfonts/umsa.fd
File: umsa.fd 2013/01/14 v3.01 AMS symbols A
)
LaTeX Font Info:    Try loading font information for U+msb on input line 42.

(/usr/share/texlive/texmf-dist/tex/latex/amsfonts/umsb.fd
File: umsb.fd 2013/01/14 v3.01 AMS symbols B
)

LaTeX Font Warning: Font shape `OT1/cmss/m/n' in size <4> not available
(Font)              size <5> substituted on input line 42.


Overfull \hbox (10.52298pt too wide) has occurred while \output is active
  []\OT1/cmss/m/n/5 Comp^^Sas girosc^^Sopico auto-corregido, indicador con gir^
^Soscopo integrado, y remoto.[] 
 []

[2

 <./05.instrumentos.giroscopicos.imagenes/05.01.movimientos/foucault.jpg> <./05
.instrumentos.giroscopicos.imagenes/05.01.movimientos/foucault_giroscopo_wiki.j
pg>]
Overfull \hbox (10.52298pt too wide) has occurred while \output is active
  []\OT1/cmss/m/n/5 Comp^^Sas girosc^^Sopico auto-corregido, indicador con gir^
^Soscopo integrado, y remoto.[] 
 []

[3

]
Overfull \hbox (10.52298pt too wide) has occurred while \output is active
  []\OT1/cmss/m/n/5 Comp^^Sas girosc^^Sopico auto-corregido, indicador con gir^
^Soscopo integrado, y remoto.[] 
 []

[4

]
Overfull \hbox (10.52298pt too wide) has occurred while \output is active
  []\OT1/cmss/m/n/5 Comp^^Sas girosc^^Sopico auto-corregido, indicador con gir^
^Soscopo integrado, y remoto.[] 
 []

[5

]
Overfull \hbox (10.52298pt too wide) has occurred while \output is active
  []\OT1/cmss/m/n/5 Comp^^Sas girosc^^Sopico auto-corregido, indicador con gir^
^Soscopo integrado, y remoto.[] 
 []

[6

]
Overfull \hbox (10.52298pt too wide) has occurred while \output is active
  []\OT1/cmss/m/n/5 Comp^^Sas girosc^^Sopico auto-corregido, indicador con gir^
^Soscopo integrado, y remoto.[] 
 []

[7

]) (./05.instrumentos.giroscopicos.tex/05.02.indicadores.viraje.v2019.tex
<05.instrumentos.giroscopicos.imagenes/05.02.indicadores.viraje.imagenes/indica
dor_giro_viraje.png, id=311, 727.71875pt x 306.14375pt>
File: 05.instrumentos.giroscopicos.imagenes/05.02.indicadores.viraje.imagenes/i
ndicador_giro_viraje.png Graphic file (type png)

<use 05.instrumentos.giroscopicos.imagenes/05.02.indicadores.viraje.imagenes/in
dicador_giro_viraje.png>
Package pdftex.def Info: 05.instrumentos.giroscopicos.imagenes/05.02.indicadore
s.viraje.imagenes/indicador_giro_viraje.png used on input line 19.
(pdftex.def)             Requested size: 291.92444pt x 122.81035pt.

Overfull \hbox (10.52298pt too wide) has occurred while \output is active
  []\OT1/cmss/m/n/5 Comp^^Sas girosc^^Sopico auto-corregido, indicador con gir^
^Soscopo integrado, y remoto.[] 
 []

[8

 <./05.instrumentos.giroscopicos.imagenes/05.02.indicadores.viraje.imagenes/ind
icador_giro_viraje.png>]
<05.instrumentos.giroscopicos.imagenes/05.02.indicadores.viraje.imagenes/indica
dor_viraje_01.png, id=348, 333.49594pt x 231.11343pt>
File: 05.instrumentos.giroscopicos.imagenes/05.02.indicadores.viraje.imagenes/i
ndicador_viraje_01.png Graphic file (type png)

<use 05.instrumentos.giroscopicos.imagenes/05.02.indicadores.viraje.imagenes/in
dicador_viraje_01.png>
Package pdftex.def Info: 05.instrumentos.giroscopicos.imagenes/05.02.indicadore
s.viraje.imagenes/indicador_viraje_01.png used on input line 37.
(pdftex.def)             Requested size: 138.2795pt x 95.82918pt.

<05.instrumentos.giroscopicos.imagenes/05.02.indicadores.viraje.imagenes/indica
dor_viraje_02.png, id=349, 352.31625pt x 231.86626pt>
File: 05.instrumentos.giroscopicos.imagenes/05.02.indicadores.viraje.imagenes/i
ndicador_viraje_02.png Graphic file (type png)

<use 05.instrumentos.giroscopicos.imagenes/05.02.indicadores.viraje.imagenes/in
dicador_viraje_02.png>
Package pdftex.def Info: 05.instrumentos.giroscopicos.imagenes/05.02.indicadore
s.viraje.imagenes/indicador_viraje_02.png used on input line 37.
(pdftex.def)             Requested size: 138.2795pt x 91.00415pt.

Overfull \hbox (10.52298pt too wide) has occurred while \output is active
  []\OT1/cmss/m/n/5 Comp^^Sas girosc^^Sopico auto-corregido, indicador con gir^
^Soscopo integrado, y remoto.[] 
 []

[9

 <./05.instrumentos.giroscopicos.imagenes/05.02.indicadores.viraje.imagenes/ind
icador_viraje_01.png> <./05.instrumentos.giroscopicos.imagenes/05.02.indicadore
s.viraje.imagenes/indicador_viraje_02.png>]
<05.instrumentos.giroscopicos.imagenes/05.02.indicadores.viraje.imagenes/indica
dor_viraje_03.jpg, id=383, 372.64218pt x 173.89969pt>
File: 05.instrumentos.giroscopicos.imagenes/05.02.indicadores.viraje.imagenes/i
ndicador_viraje_03.jpg Graphic file (type jpg)

<use 05.instrumentos.giroscopicos.imagenes/05.02.indicadores.viraje.imagenes/in
dicador_viraje_03.jpg>
Package pdftex.def Info: 05.instrumentos.giroscopicos.imagenes/05.02.indicadore
s.viraje.imagenes/indicador_viraje_03.jpg used on input line 44.
(pdftex.def)             Requested size: 261.19826pt x 121.8961pt.

Overfull \hbox (10.52298pt too wide) has occurred while \output is active
  []\OT1/cmss/m/n/5 Comp^^Sas girosc^^Sopico auto-corregido, indicador con gir^
^Soscopo integrado, y remoto.[] 
 []

[10

 <./05.instrumentos.giroscopicos.imagenes/05.02.indicadores.viraje.imagenes/ind
icador_viraje_03.jpg>]
<05.instrumentos.giroscopicos.imagenes/05.02.indicadores.viraje.imagenes/coordi
nador-de-virajes-1.jpg, id=416, 501.875pt x 442.65375pt>
File: 05.instrumentos.giroscopicos.imagenes/05.02.indicadores.viraje.imagenes/c
oordinador-de-virajes-1.jpg Graphic file (type jpg)

<use 05.instrumentos.giroscopicos.imagenes/05.02.indicadores.viraje.imagenes/co
ordinador-de-virajes-1.jpg>
Package pdftex.def Info: 05.instrumentos.giroscopicos.imagenes/05.02.indicadore
s.viraje.imagenes/coordinador-de-virajes-1.jpg used on input line 64.
(pdftex.def)             Requested size: 138.2795pt x 121.96317pt.

<05.instrumentos.giroscopicos.imagenes/05.02.indicadores.viraje.imagenes/coordi
nador-de-virajes-2.jpg, id=417, 501.875pt x 219.82124pt>
File: 05.instrumentos.giroscopicos.imagenes/05.02.indicadores.viraje.imagenes/c
oordinador-de-virajes-2.jpg Graphic file (type jpg)

<use 05.instrumentos.giroscopicos.imagenes/05.02.indicadores.viraje.imagenes/co
ordinador-de-virajes-2.jpg>
Package pdftex.def Info: 05.instrumentos.giroscopicos.imagenes/05.02.indicadore
s.viraje.imagenes/coordinador-de-virajes-2.jpg used on input line 64.
(pdftex.def)             Requested size: 138.2795pt x 60.56674pt.

<05.instrumentos.giroscopicos.imagenes/05.02.indicadores.viraje.imagenes/coordi
nador_viraje.jpg, id=418, 301.125pt x 301.125pt>
File: 05.instrumentos.giroscopicos.imagenes/05.02.indicadores.viraje.imagenes/c
oordinador_viraje.jpg Graphic file (type jpg)

<use 05.instrumentos.giroscopicos.imagenes/05.02.indicadores.viraje.imagenes/co
ordinador_viraje.jpg>
Package pdftex.def Info: 05.instrumentos.giroscopicos.imagenes/05.02.indicadore
s.viraje.imagenes/coordinador_viraje.jpg used on input line 64.
(pdftex.def)             Requested size: 55.31094pt x 55.3075pt.

Overfull \hbox (10.52298pt too wide) has occurred while \output is active
  []\OT1/cmss/m/n/5 Comp^^Sas girosc^^Sopico auto-corregido, indicador con gir^
^Soscopo integrado, y remoto.[] 
 []

[11

 <./05.instrumentos.giroscopicos.imagenes/05.02.indicadores.viraje.imagenes/coo
rdinador-de-virajes-1.jpg> <./05.instrumentos.giroscopicos.imagenes/05.02.indic
adores.viraje.imagenes/coordinador-de-virajes-2.jpg> <./05.instrumentos.girosco
picos.imagenes/05.02.indicadores.viraje.imagenes/coordinador_viraje.jpg>]
<05.instrumentos.giroscopicos.imagenes/05.02.indicadores.viraje.imagenes/coordi
nador_viraje_02.png, id=451, 362.85562pt x 254.45062pt>
File: 05.instrumentos.giroscopicos.imagenes/05.02.indicadores.viraje.imagenes/c
oordinador_viraje_02.png Graphic file (type png)

<use 05.instrumentos.giroscopicos.imagenes/05.02.indicadores.viraje.imagenes/co
ordinador_viraje_02.png>
Package pdftex.def Info: 05.instrumentos.giroscopicos.imagenes/05.02.indicadore
s.viraje.imagenes/coordinador_viraje_02.png used on input line 77.
(pdftex.def)             Requested size: 199.73653pt x 140.06474pt.

Overfull \hbox (10.52298pt too wide) has occurred while \output is active
  []\OT1/cmss/m/n/5 Comp^^Sas girosc^^Sopico auto-corregido, indicador con gir^
^Soscopo integrado, y remoto.[] 
 []

[12

 <./05.instrumentos.giroscopicos.imagenes/05.02.indicadores.viraje.imagenes/coo
rdinador_viraje_02.png>]
<05.instrumentos.giroscopicos.imagenes/05.02.indicadores.viraje.imagenes/slippi
ng_skidding.jpg, id=483, 695.59875pt x 532.99126pt>
File: 05.instrumentos.giroscopicos.imagenes/05.02.indicadores.viraje.imagenes/s
lipping_skidding.jpg Graphic file (type jpg)

<use 05.instrumentos.giroscopicos.imagenes/05.02.indicadores.viraje.imagenes/sl
ipping_skidding.jpg>
Package pdftex.def Info: 05.instrumentos.giroscopicos.imagenes/05.02.indicadore
s.viraje.imagenes/slipping_skidding.jpg used on input line 82.
(pdftex.def)             Requested size: 230.46739pt x 176.58707pt.

Overfull \hbox (10.52298pt too wide) has occurred while \output is active
  []\OT1/cmss/m/n/5 Comp^^Sas girosc^^Sopico auto-corregido, indicador con gir^
^Soscopo integrado, y remoto.[] 
 []

[13

 <./05.instrumentos.giroscopicos.imagenes/05.02.indicadores.viraje.imagenes/sli
pping_skidding.jpg>])
(./05.instrumentos.giroscopicos.tex/05.03.indicadores.actitud.2.ejes.v2019.tex
Overfull \hbox (10.52298pt too wide) has occurred while \output is active
  []\OT1/cmss/m/n/5 Comp^^Sas girosc^^Sopico auto-corregido, indicador con gir^
^Soscopo integrado, y remoto.[] 
 []

[14

]) (./05.instrumentos.giroscopicos.tex/05.04.magnetismo.terrestre.v2019.tex
<05.IyA.imagenes/Video.png, id=551, 513.92pt x 513.92pt>
File: 05.IyA.imagenes/Video.png Graphic file (type png)

<use 05.IyA.imagenes/Video.png>
Package pdftex.def Info: 05.IyA.imagenes/Video.png used on input line 26.
(pdftex.def)             Requested size: 13.82762pt x 13.82504pt.
File: 05.IyA.imagenes/Video.png Graphic file (type png)
 <use 05.IyA.imagenes/Video.png>
Package pdftex.def Info: 05.IyA.imagenes/Video.png used on input line 26.
(pdftex.def)             Requested size: 13.82762pt x 13.82504pt.
File: 05.IyA.imagenes/Video.png Graphic file (type png)

<use 05.IyA.imagenes/Video.png>
Package pdftex.def Info: 05.IyA.imagenes/Video.png used on input line 26.
(pdftex.def)             Requested size: 13.82762pt x 13.82504pt.

<05.instrumentos.giroscopicos.imagenes/05.04.MagnetismoTerrestre/05-04-campo-ma
gnetico-terrestre.jpg, id=554, 702.625pt x 395.4775pt>
File: 05.instrumentos.giroscopicos.imagenes/05.04.MagnetismoTerrestre/05-04-cam
po-magnetico-terrestre.jpg Graphic file (type jpg)

<use 05.instrumentos.giroscopicos.imagenes/05.04.MagnetismoTerrestre/05-04-camp
o-magnetico-terrestre.jpg>
Package pdftex.def Info: 05.instrumentos.giroscopicos.imagenes/05.04.Magnetismo
Terrestre/05-04-campo-magnetico-terrestre.jpg used on input line 26.
(pdftex.def)             Requested size: 215.10196pt x 121.07002pt.

Overfull \hbox (10.52298pt too wide) has occurred while \output is active
  []\OT1/cmss/m/n/5 Comp^^Sas girosc^^Sopico auto-corregido, indicador con gir^
^Soscopo integrado, y remoto.[] 
 []

[15

 <./05.IyA.imagenes/Video.png> <./05.instrumentos.giroscopicos.imagenes/05.04.M
agnetismoTerrestre/05-04-campo-magnetico-terrestre.jpg>]
Overfull \hbox (10.52298pt too wide) has occurred while \output is active
  []\OT1/cmss/m/n/5 Comp^^Sas girosc^^Sopico auto-corregido, indicador con gir^
^Soscopo integrado, y remoto.[] 
 []

[16

]
<05.instrumentos.giroscopicos.imagenes/05.04.MagnetismoTerrestre/05-04-auroras.
jpg, id=629, 667.49374pt x 401.5pt>
File: 05.instrumentos.giroscopicos.imagenes/05.04.MagnetismoTerrestre/05-04-aur
oras.jpg Graphic file (type jpg)

<use 05.instrumentos.giroscopicos.imagenes/05.04.MagnetismoTerrestre/05-04-auro
ras.jpg>
Package pdftex.def Info: 05.instrumentos.giroscopicos.imagenes/05.04.Magnetismo
Terrestre/05-04-auroras.jpg used on input line 79.
(pdftex.def)             Requested size: 122.91406pt x 73.93326pt.

<05.instrumentos.giroscopicos.imagenes/05.04.MagnetismoTerrestre/05-04-cola-del
-campo-magnetico.jpeg, id=630, 681.54625pt x 401.5pt>
File: 05.instrumentos.giroscopicos.imagenes/05.04.MagnetismoTerrestre/05-04-col
a-del-campo-magnetico.jpeg Graphic file (type jpg)

<use 05.instrumentos.giroscopicos.imagenes/05.04.MagnetismoTerrestre/05-04-cola
-del-campo-magnetico.jpeg>
Package pdftex.def Info: 05.instrumentos.giroscopicos.imagenes/05.04.Magnetismo
Terrestre/05-04-cola-del-campo-magnetico.jpeg used on input line 79.
(pdftex.def)             Requested size: 122.91406pt x 72.40778pt.

<05.instrumentos.giroscopicos.imagenes/05.04.MagnetismoTerrestre/05-04-polos-de
-la-tierra.jpg, id=631, 401.5pt x 401.5pt>
File: 05.instrumentos.giroscopicos.imagenes/05.04.MagnetismoTerrestre/05-04-pol
os-de-la-tierra.jpg Graphic file (type jpg)

<use 05.instrumentos.giroscopicos.imagenes/05.04.MagnetismoTerrestre/05-04-polo
s-de-la-tierra.jpg>
Package pdftex.def Info: 05.instrumentos.giroscopicos.imagenes/05.04.Magnetismo
Terrestre/05-04-polos-de-la-tierra.jpg used on input line 79.
(pdftex.def)             Requested size: 122.91406pt x 122.91373pt.

Overfull \hbox (10.52298pt too wide) has occurred while \output is active
  []\OT1/cmss/m/n/5 Comp^^Sas girosc^^Sopico auto-corregido, indicador con gir^
^Soscopo integrado, y remoto.[] 
 []

[17

 <./05.instrumentos.giroscopicos.imagenes/05.04.MagnetismoTerrestre/05-04-auror
as.jpg> <./05.instrumentos.giroscopicos.imagenes/05.04.MagnetismoTerrestre/05-0
4-cola-del-campo-magnetico.jpeg> <./05.instrumentos.giroscopicos.imagenes/05.04
.MagnetismoTerrestre/05-04-polos-de-la-tierra.jpg>]
<05.instrumentos.giroscopicos.imagenes/05.04.MagnetismoTerrestre/05-04-desviaci
on_polos.png, id=665, 301.125pt x 364.36125pt>
File: 05.instrumentos.giroscopicos.imagenes/05.04.MagnetismoTerrestre/05-04-des
viacion_polos.png Graphic file (type png)

<use 05.instrumentos.giroscopicos.imagenes/05.04.MagnetismoTerrestre/05-04-desv
iacion_polos.png>
Package pdftex.def Info: 05.instrumentos.giroscopicos.imagenes/05.04.Magnetismo
Terrestre/05-04-desviacion_polos.png used on input line 114.
(pdftex.def)             Requested size: 92.1879pt x 111.54977pt.

Overfull \hbox (10.52298pt too wide) has occurred while \output is active
  []\OT1/cmss/m/n/5 Comp^^Sas girosc^^Sopico auto-corregido, indicador con gir^
^Soscopo integrado, y remoto.[] 
 []

[18

 <./05.instrumentos.giroscopicos.imagenes/05.04.MagnetismoTerrestre/05-04-desvi
acion_polos.png>]
Overfull \hbox (10.52298pt too wide) has occurred while \output is active
  []\OT1/cmss/m/n/5 Comp^^Sas girosc^^Sopico auto-corregido, indicador con gir^
^Soscopo integrado, y remoto.[] 
 []

[19

]

pdfTeX warning: pdflatex (file ./05.instrumentos.giroscopicos.imagenes/05.04.Ma
gnetismoTerrestre/05-04-mapa_intensidad.pdf): PDF inclusion: found PDF version 
<1.7>, but at most version <1.5> allowed

<05.instrumentos.giroscopicos.imagenes/05.04.MagnetismoTerrestre/05-04-mapa_int
ensidad.pdf, id=733, 2601.72pt x 1734.48pt>
File: 05.instrumentos.giroscopicos.imagenes/05.04.MagnetismoTerrestre/05-04-map
a_intensidad.pdf Graphic file (type pdf)

<use 05.instrumentos.giroscopicos.imagenes/05.04.MagnetismoTerrestre/05-04-mapa
_intensidad.pdf>
Package pdftex.def Info: 05.instrumentos.giroscopicos.imagenes/05.04.Magnetismo
Terrestre/05-04-mapa_intensidad.pdf used on input line 137.
(pdftex.def)             Requested size: 307.28987pt x 204.84683pt.

Overfull \hbox (10.52298pt too wide) has occurred while \output is active
  []\OT1/cmss/m/n/5 Comp^^Sas girosc^^Sopico auto-corregido, indicador con gir^
^Soscopo integrado, y remoto.[] 
 []

[20

 <./05.instrumentos.giroscopicos.imagenes/05.04.MagnetismoTerrestre/05-04-mapa_
intensidad.pdf>]

pdfTeX warning: pdflatex (file ./05.instrumentos.giroscopicos.imagenes/05.04.Ma
gnetismoTerrestre/05-04-mapa_inclinacion.pdf): PDF inclusion: found PDF version
 <1.7>, but at most version <1.5> allowed

<05.instrumentos.giroscopicos.imagenes/05.04.MagnetismoTerrestre/05-04-mapa_inc
linacion.pdf, id=959, 2601.72pt x 1734.48pt>
File: 05.instrumentos.giroscopicos.imagenes/05.04.MagnetismoTerrestre/05-04-map
a_inclinacion.pdf Graphic file (type pdf)

<use 05.instrumentos.giroscopicos.imagenes/05.04.MagnetismoTerrestre/05-04-mapa
_inclinacion.pdf>
Package pdftex.def Info: 05.instrumentos.giroscopicos.imagenes/05.04.Magnetismo
Terrestre/05-04-mapa_inclinacion.pdf used on input line 143.
(pdftex.def)             Requested size: 307.28987pt x 204.84683pt.

Overfull \hbox (10.52298pt too wide) has occurred while \output is active
  []\OT1/cmss/m/n/5 Comp^^Sas girosc^^Sopico auto-corregido, indicador con gir^
^Soscopo integrado, y remoto.[] 
 []

[21

 <./05.instrumentos.giroscopicos.imagenes/05.04.MagnetismoTerrestre/05-04-mapa_
inclinacion.pdf>]

pdfTeX warning: pdflatex (file ./05.instrumentos.giroscopicos.imagenes/05.04.Ma
gnetismoTerrestre/05-04-mapa_declinacion_2019.pdf): PDF inclusion: found PDF ve
rsion <1.7>, but at most version <1.5> allowed

<05.instrumentos.giroscopicos.imagenes/05.04.MagnetismoTerrestre/05-04-mapa_dec
linacion_2019.pdf, id=1188, 2601.72pt x 1734.48pt>
File: 05.instrumentos.giroscopicos.imagenes/05.04.MagnetismoTerrestre/05-04-map
a_declinacion_2019.pdf Graphic file (type pdf)

<use 05.instrumentos.giroscopicos.imagenes/05.04.MagnetismoTerrestre/05-04-mapa
_declinacion_2019.pdf>
Package pdftex.def Info: 05.instrumentos.giroscopicos.imagenes/05.04.Magnetismo
Terrestre/05-04-mapa_declinacion_2019.pdf used on input line 151.
(pdftex.def)             Requested size: 307.28987pt x 204.84683pt.

Overfull \vbox (4.18065pt too high) detected at line 151
 []


Overfull \hbox (10.52298pt too wide) has occurred while \output is active
  []\OT1/cmss/m/n/5 Comp^^Sas girosc^^Sopico auto-corregido, indicador con gir^
^Soscopo integrado, y remoto.[] 
 []

[22

 <./05.instrumentos.giroscopicos.imagenes/05.04.MagnetismoTerrestre/05-04-mapa_
declinacion_2019.pdf>]
Overfull \hbox (10.52298pt too wide) has occurred while \output is active
  []\OT1/cmss/m/n/5 Comp^^Sas girosc^^Sopico auto-corregido, indicador con gir^
^Soscopo integrado, y remoto.[] 
 []

[23

]
<05.instrumentos.giroscopicos.imagenes/05.04.MagnetismoTerrestre/05-04-brujula_
magnetica_construccion.png, id=1448, 727.71875pt x 392.46625pt>
File: 05.instrumentos.giroscopicos.imagenes/05.04.MagnetismoTerrestre/05-04-bru
jula_magnetica_construccion.png Graphic file (type png)

<use 05.instrumentos.giroscopicos.imagenes/05.04.MagnetismoTerrestre/05-04-bruj
ula_magnetica_construccion.png>
Package pdftex.def Info: 05.instrumentos.giroscopicos.imagenes/05.04.Magnetismo
Terrestre/05-04-brujula_magnetica_construccion.png used on input line 181.
(pdftex.def)             Requested size: 307.28987pt x 165.72697pt.

Overfull \hbox (10.52298pt too wide) has occurred while \output is active
  []\OT1/cmss/m/n/5 Comp^^Sas girosc^^Sopico auto-corregido, indicador con gir^
^Soscopo integrado, y remoto.[] 
 []

[24

 <./05.instrumentos.giroscopicos.imagenes/05.04.MagnetismoTerrestre/05-04-bruju
la_magnetica_construccion.png>]
<05.instrumentos.giroscopicos.imagenes/05.04.MagnetismoTerrestre/05-04-brujula_
magnetica.png, id=1482, 280.04625pt x 136.25906pt>
File: 05.instrumentos.giroscopicos.imagenes/05.04.MagnetismoTerrestre/05-04-bru
jula_magnetica.png Graphic file (type png)

<use 05.instrumentos.giroscopicos.imagenes/05.04.MagnetismoTerrestre/05-04-bruj
ula_magnetica.png>
Package pdftex.def Info: 05.instrumentos.giroscopicos.imagenes/05.04.Magnetismo
Terrestre/05-04-brujula_magnetica.png used on input line 202.
(pdftex.def)             Requested size: 172.08157pt x 83.73123pt.

<05.instrumentos.giroscopicos.imagenes/05.04.MagnetismoTerrestre/05-04-Magnetic
Compass.jpg, id=1483, 451.6875pt x 391.4625pt>
File: 05.instrumentos.giroscopicos.imagenes/05.04.MagnetismoTerrestre/05-04-Mag
neticCompass.jpg Graphic file (type jpg)

<use 05.instrumentos.giroscopicos.imagenes/05.04.MagnetismoTerrestre/05-04-Magn
eticCompass.jpg>
Package pdftex.def Info: 05.instrumentos.giroscopicos.imagenes/05.04.Magnetismo
Terrestre/05-04-MagneticCompass.jpg used on input line 202.
(pdftex.def)             Requested size: 107.55333pt x 93.21223pt.

Overfull \hbox (10.52298pt too wide) has occurred while \output is active
  []\OT1/cmss/m/n/5 Comp^^Sas girosc^^Sopico auto-corregido, indicador con gir^
^Soscopo integrado, y remoto.[] 
 []

[25

 <./05.instrumentos.giroscopicos.imagenes/05.04.MagnetismoTerrestre/05-04-bruju
la_magnetica.png> <./05.instrumentos.giroscopicos.imagenes/05.04.MagnetismoTerr
estre/05-04-MagneticCompass.jpg>]
<05.instrumentos.giroscopicos.imagenes/05.04.MagnetismoTerrestre/05-04-brujula_
magnetica_inclinacione.png, id=1517, 379.4175pt x 232.61906pt>
File: 05.instrumentos.giroscopicos.imagenes/05.04.MagnetismoTerrestre/05-04-bru
jula_magnetica_inclinacione.png Graphic file (type png)

<use 05.instrumentos.giroscopicos.imagenes/05.04.MagnetismoTerrestre/05-04-bruj
ula_magnetica_inclinacione.png>
Package pdftex.def Info: 05.instrumentos.giroscopicos.imagenes/05.04.Magnetismo
Terrestre/05-04-brujula_magnetica_inclinacione.png used on input line 234.
(pdftex.def)             Requested size: 199.73653pt x 122.46048pt.

Overfull \hbox (10.52298pt too wide) has occurred while \output is active
  []\OT1/cmss/m/n/5 Comp^^Sas girosc^^Sopico auto-corregido, indicador con gir^
^Soscopo integrado, y remoto.[] 
 []

[26

 <./05.instrumentos.giroscopicos.imagenes/05.04.MagnetismoTerrestre/05-04-bruju
la_magnetica_inclinacione.png>]
<05.instrumentos.giroscopicos.imagenes/05.04.MagnetismoTerrestre/05-04-1704f_pf
_hiw_16x9.jpg, id=1554, 1204.5pt x 677.53125pt>
File: 05.instrumentos.giroscopicos.imagenes/05.04.MagnetismoTerrestre/05-04-170
4f_pf_hiw_16x9.jpg Graphic file (type jpg)

<use 05.instrumentos.giroscopicos.imagenes/05.04.MagnetismoTerrestre/05-04-1704
f_pf_hiw_16x9.jpg>
Package pdftex.def Info: 05.instrumentos.giroscopicos.imagenes/05.04.Magnetismo
Terrestre/05-04-1704f_pf_hiw_16x9.jpg used on input line 260.
(pdftex.def)             Requested size: 215.10196pt x 120.98889pt.

Overfull \hbox (10.52298pt too wide) has occurred while \output is active
  []\OT1/cmss/m/n/5 Comp^^Sas girosc^^Sopico auto-corregido, indicador con gir^
^Soscopo integrado, y remoto.[] 
 []

[27

 <./05.instrumentos.giroscopicos.imagenes/05.04.MagnetismoTerrestre/05-04-1704f
_pf_hiw_16x9.jpg>]
Overfull \hbox (10.52298pt too wide) has occurred while \output is active
  []\OT1/cmss/m/n/5 Comp^^Sas girosc^^Sopico auto-corregido, indicador con gir^
^Soscopo integrado, y remoto.[] 
 []

[28

]
Overfull \hbox (10.52298pt too wide) has occurred while \output is active
  []\OT1/cmss/m/n/5 Comp^^Sas girosc^^Sopico auto-corregido, indicador con gir^
^Soscopo integrado, y remoto.[] 
 []

[29

]
<05.instrumentos.giroscopicos.imagenes/05.04.MagnetismoTerrestre/05-04-IMG_6513
.JPG, id=1653, 1027.84pt x 770.88pt>
File: 05.instrumentos.giroscopicos.imagenes/05.04.MagnetismoTerrestre/05-04-IMG
_6513.JPG Graphic file (type jpg)

<use 05.instrumentos.giroscopicos.imagenes/05.04.MagnetismoTerrestre/05-04-IMG_
6513.JPG>
Package pdftex.def Info: 05.instrumentos.giroscopicos.imagenes/05.04.Magnetismo
Terrestre/05-04-IMG_6513.JPG used on input line 308.
(pdftex.def)             Requested size: 107.55333pt x 80.6566pt.

<05.instrumentos.giroscopicos.imagenes/05.04.MagnetismoTerrestre/05-04-IMG_6464
.JPG, id=1654, 736.7525pt x 713.66624pt>
File: 05.instrumentos.giroscopicos.imagenes/05.04.MagnetismoTerrestre/05-04-IMG
_6464.JPG Graphic file (type jpg)

<use 05.instrumentos.giroscopicos.imagenes/05.04.MagnetismoTerrestre/05-04-IMG_
6464.JPG>
Package pdftex.def Info: 05.instrumentos.giroscopicos.imagenes/05.04.Magnetismo
Terrestre/05-04-IMG_6464.JPG used on input line 308.
(pdftex.def)             Requested size: 76.82246pt x 74.40901pt.

<05.instrumentos.giroscopicos.imagenes/05.04.MagnetismoTerrestre/05-04-Vertical
CardCompass.jpg, id=1655, 316.18124pt x 178.41656pt>
File: 05.instrumentos.giroscopicos.imagenes/05.04.MagnetismoTerrestre/05-04-Ver
ticalCardCompass.jpg Graphic file (type jpg)

<use 05.instrumentos.giroscopicos.imagenes/05.04.MagnetismoTerrestre/05-04-Vert
icalCardCompass.jpg>
Package pdftex.def Info: 05.instrumentos.giroscopicos.imagenes/05.04.Magnetismo
Terrestre/05-04-VerticalCardCompass.jpg used on input line 308.
(pdftex.def)             Requested size: 138.2795pt x 78.02982pt.

Overfull \hbox (10.52298pt too wide) has occurred while \output is active
  []\OT1/cmss/m/n/5 Comp^^Sas girosc^^Sopico auto-corregido, indicador con gir^
^Soscopo integrado, y remoto.[] 
 []

[30

 <./05.instrumentos.giroscopicos.imagenes/05.04.MagnetismoTerrestre/05-04-IMG_6
513.JPG> <./05.instrumentos.giroscopicos.imagenes/05.04.MagnetismoTerrestre/05-
04-IMG_6464.JPG> <./05.instrumentos.giroscopicos.imagenes/05.04.MagnetismoTerre
stre/05-04-VerticalCardCompass.jpg>]
Overfull \hbox (10.52298pt too wide) has occurred while \output is active
  []\OT1/cmss/m/n/5 Comp^^Sas girosc^^Sopico auto-corregido, indicador con gir^
^Soscopo integrado, y remoto.[] 
 []

[31

]
<05.instrumentos.giroscopicos.imagenes/05.04.MagnetismoTerrestre/05-04-brujula_
error_aceleracion.jpg, id=1724, 486.73845pt x 270.65115pt>
File: 05.instrumentos.giroscopicos.imagenes/05.04.MagnetismoTerrestre/05-04-bru
jula_error_aceleracion.jpg Graphic file (type jpg)

<use 05.instrumentos.giroscopicos.imagenes/05.04.MagnetismoTerrestre/05-04-bruj
ula_error_aceleracion.jpg>
Package pdftex.def Info: 05.instrumentos.giroscopicos.imagenes/05.04.Magnetismo
Terrestre/05-04-brujula_error_aceleracion.jpg used on input line 334.
(pdftex.def)             Requested size: 245.83282pt x 136.6922pt.
File: 05.IyA.imagenes/Video.png Graphic file (type png)
 <use 05.IyA.imagenes/Video.png>
Package pdftex.def Info: 05.IyA.imagenes/Video.png used on input line 334.
(pdftex.def)             Requested size: 30.73085pt x 30.72408pt.

Overfull \hbox (10.52298pt too wide) has occurred while \output is active
  []\OT1/cmss/m/n/5 Comp^^Sas girosc^^Sopico auto-corregido, indicador con gir^
^Soscopo integrado, y remoto.[] 
 []

[32

 <./05.instrumentos.giroscopicos.imagenes/05.04.MagnetismoTerrestre/05-04-bruju
la_error_aceleracion.jpg>]
<05.instrumentos.giroscopicos.imagenes/05.04.MagnetismoTerrestre/05-04-brujula_
error_giro.jpg, id=1758, 487.8225pt x 278.60085pt>
File: 05.instrumentos.giroscopicos.imagenes/05.04.MagnetismoTerrestre/05-04-bru
jula_error_giro.jpg Graphic file (type jpg)

<use 05.instrumentos.giroscopicos.imagenes/05.04.MagnetismoTerrestre/05-04-bruj
ula_error_giro.jpg>
Package pdftex.def Info: 05.instrumentos.giroscopicos.imagenes/05.04.Magnetismo
Terrestre/05-04-brujula_error_giro.jpg used on input line 346.
(pdftex.def)             Requested size: 245.83282pt x 140.39685pt.
File: 05.IyA.imagenes/Video.png Graphic file (type png)
 <use 05.IyA.imagenes/Video.png>
Package pdftex.def Info: 05.IyA.imagenes/Video.png used on input line 346.
(pdftex.def)             Requested size: 30.73085pt x 30.72408pt.

Overfull \hbox (10.52298pt too wide) has occurred while \output is active
  []\OT1/cmss/m/n/5 Comp^^Sas girosc^^Sopico auto-corregido, indicador con gir^
^Soscopo integrado, y remoto.[] 
 []

[33

 <./05.instrumentos.giroscopicos.imagenes/05.04.MagnetismoTerrestre/05-04-bruju
la_error_giro.jpg>])
(./05.instrumentos.giroscopicos.tex/05.05.compas.giroscopico.v2019.tex
Overfull \hbox (10.52298pt too wide) has occurred while \output is active
  \OT1/cmss/m/n/5 Comp^^Sas girosc^^Sopico auto-corregido, indicador con gir^^S
oscopo integrado, y remoto. 
 []

[34

pdfTeX warning (ext4): destination with the same identifier (name{sec:compas.gi
roscopico.autocorregido}) has been already used, duplicate ignored

\@EveryShipout@Output ...@Org@Shipout \box \@cclv 
                                                  
l.33 \end{frame}
                ]
Overfull \hbox (10.52298pt too wide) has occurred while \output is active
  \OT1/cmss/m/n/5 Comp^^Sas girosc^^Sopico auto-corregido, indicador con gir^^S
oscopo integrado, y remoto. 
 []

[35

]
Overfull \hbox (10.52298pt too wide) has occurred while \output is active
  \OT1/cmss/m/n/5 Comp^^Sas girosc^^Sopico auto-corregido, indicador con gir^^S
oscopo integrado, y remoto. 
 []

[36

]
Overfull \hbox (10.52298pt too wide) has occurred while \output is active
  \OT1/cmss/m/n/5 Comp^^Sas girosc^^Sopico auto-corregido, indicador con gir^^S
oscopo integrado, y remoto. 
 []

[37

]
<05.instrumentos.giroscopicos.imagenes/05.05.DGI/05-05-girocompas_esclavo.jpg, 
id=1924, 507.8975pt x 489.83pt>
File: 05.instrumentos.giroscopicos.imagenes/05.05.DGI/05-05-girocompas_esclavo.
jpg Graphic file (type jpg)

<use 05.instrumentos.giroscopicos.imagenes/05.05.DGI/05-05-girocompas_esclavo.j
pg>
Package pdftex.def Info: 05.instrumentos.giroscopicos.imagenes/05.05.DGI/05-05-
girocompas_esclavo.jpg used on input line 110.
(pdftex.def)             Requested size: 215.10196pt x 207.44626pt.

Overfull \hbox (10.52298pt too wide) has occurred while \output is active
  \OT1/cmss/m/n/5 Comp^^Sas girosc^^Sopico auto-corregido, indicador con gir^^S
oscopo integrado, y remoto. 
 []

[38

 <./05.instrumentos.giroscopicos.imagenes/05.05.DGI/05-05-girocompas_esclavo.jp
g>]
Overfull \hbox (10.52298pt too wide) has occurred while \output is active
  \OT1/cmss/m/n/5 Comp^^Sas girosc^^Sopico auto-corregido, indicador con gir^^S
oscopo integrado, y remoto. 
 []

[39

])
No file 2019_instrumentos_giroscopicos_presentacion.bbl.

Overfull \hbox (10.52298pt too wide) has occurred while \output is active
  \OT1/cmss/m/n/5 Comp^^Sas girosc^^Sopico auto-corregido, indicador con gir^^S
oscopo integrado, y remoto. 
 []

[40

]
\tf@nav=\write6
\openout6 = `2019_instrumentos_giroscopicos_presentacion.nav'.

\tf@toc=\write7
\openout7 = `2019_instrumentos_giroscopicos_presentacion.toc'.

\tf@snm=\write8
\openout8 = `2019_instrumentos_giroscopicos_presentacion.snm'.

Package atveryend Info: Empty hook `BeforeClearDocument' on input line 84.
Package atveryend Info: Empty hook `AfterLastShipout' on input line 84.
 (./2019_instrumentos_giroscopicos_presentacion.aux
LaTeX Info: Redefining \. on input line 25.
LaTeX Info: Redefining \% on input line 25.
)
Package atveryend Info: Executing hook `AtVeryEndDocument' on input line 84.
Package atveryend Info: Executing hook `AtEndAfterFileList' on input line 84.
Package rerunfilecheck Info: File `2019_instrumentos_giroscopicos_presentacion.
out' has not changed.
(rerunfilecheck)             Checksum: 6D998EE89D7A16102941B92BCEF6B034;793.


LaTeX Font Warning: Size substitutions with differences
(Font)              up to 1.0pt have occurred.


LaTeX Warning: There were multiply-defined labels.

Package atveryend Info: Empty hook `AtVeryVeryEnd' on input line 84.
 ) 
Here is how much of TeX's memory you used:
 18290 strings out of 494336
 341501 string characters out of 6163061
 438874 words of memory out of 5000000
 20929 multiletter control sequences out of 15000+600000
 11857 words of font info for 45 fonts, out of 8000000 for 9000
 421 hyphenation exceptions out of 8191
 49i,20n,63p,532b,913s stack positions out of 5000i,500n,10000p,200000b,80000s
</usr/share/texlive/texmf-dist/fonts/type1/public/amsfonts/cm/cmmi7.pfb></usr
/share/texlive/texmf-dist/fonts/type1/public/amsfonts/cm/cmmi8.pfb></usr/share/
texlive/texmf-dist/fonts/type1/public/amsfonts/cm/cmss10.pfb></usr/share/texliv
e/texmf-dist/fonts/type1/public/amsfonts/cm/cmss8.pfb></usr/share/texlive/texmf
-dist/fonts/type1/public/amsfonts/cm/cmssbx10.pfb></usr/share/texlive/texmf-dis
t/fonts/type1/public/amsfonts/cm/cmssi8.pfb></usr/share/texlive/texmf-dist/font
s/type1/public/amsfonts/cm/cmsy6.pfb></usr/share/texlive/texmf-dist/fonts/type1
/public/amsfonts/cm/cmtt8.pfb>
Output written on 2019_instrumentos_giroscopicos_presentacion.pdf (40 pages, 11
473997 bytes).
PDF statistics:
 2074 PDF objects out of 2487 (max. 8388607)
 1739 compressed objects within 18 object streams
 97 named destinations out of 1000 (max. 500000)
 368 words of extra memory for PDF output out of 10000 (max. 10000000)

