This is pdfTeX, Version 3.14159265-2.6-1.40.18 (TeX Live 2017/Debian) (preloaded format=pdflatex 2019.4.6)  16 SEP 2019 23:10
entering extended mode
 restricted \write18 enabled.
 file:line:error style messages enabled.
 %&-line parsing enabled.
**\input 2019_instrumentos_giroscopicos_presentacion.B.tex
(./2019_instrumentos_giroscopicos_presentacion.B.tex
(/usr/share/texlive/texmf-dist/tex/latex/beamer/beamer.cls
Document Class: beamer 2018/02/20 v3.50 A class for typesetting presentations
(/usr/share/texlive/texmf-dist/tex/latex/beamer/beamerbasemodes.sty
(/usr/share/texlive/texmf-dist/tex/latex/etoolbox/etoolbox.sty
Package: etoolbox 2018/02/11 v2.5e e-TeX tools for LaTeX (JAW)
\etb@tempcnta=\count79
)
\beamer@tempbox=\box26
\beamer@tempcount=\count80
\c@beamerpauses=\count81

(/usr/share/texlive/texmf-dist/tex/latex/beamer/beamerbasedecode.sty
\beamer@slideinframe=\count82
\beamer@minimum=\count83
)
\beamer@commentbox=\box27
\beamer@modecount=\count84
)
(/usr/share/texlive/texmf-dist/tex/generic/oberdiek/ifpdf.sty
Package: ifpdf 2017/03/15 v3.2 Provides the ifpdf switch
)
\headdp=\dimen102
\footheight=\dimen103
\sidebarheight=\dimen104
\beamer@tempdim=\dimen105
\beamer@finalheight=\dimen106
\beamer@animht=\dimen107
\beamer@animdp=\dimen108
\beamer@animwd=\dimen109
\beamer@leftmargin=\dimen110
\beamer@rightmargin=\dimen111
\beamer@leftsidebar=\dimen112
\beamer@rightsidebar=\dimen113
\beamer@boxsize=\dimen114
\beamer@vboxoffset=\dimen115
\beamer@descdefault=\dimen116
\beamer@descriptionwidth=\dimen117
\beamer@lastskip=\skip41
\beamer@areabox=\box28
\beamer@animcurrent=\box29
\beamer@animshowbox=\box30
\beamer@sectionbox=\box31
\beamer@logobox=\box32
\beamer@linebox=\box33
\beamer@sectioncount=\count85
\beamer@subsubsectionmax=\count86
\beamer@subsectionmax=\count87
\beamer@sectionmax=\count88
\beamer@totalheads=\count89
\beamer@headcounter=\count90
\beamer@partstartpage=\count91
\beamer@sectionstartpage=\count92
\beamer@subsectionstartpage=\count93
\beamer@animationtempa=\count94
\beamer@animationtempb=\count95
\beamer@xpos=\count96
\beamer@ypos=\count97
\beamer@ypos@offset=\count98
\beamer@showpartnumber=\count99
\beamer@currentsubsection=\count100
\beamer@coveringdepth=\count101
\beamer@sectionadjust=\count102
\beamer@tocsectionnumber=\count103

(/usr/share/texlive/texmf-dist/tex/latex/beamer/beamerbaseoptions.sty
(/usr/share/texlive/texmf-dist/tex/latex/graphics/keyval.sty
Package: keyval 2014/10/28 v1.15 key=value parser (DPC)
\KV@toks@=\toks14
))
\beamer@paperwidth=\skip42
\beamer@paperheight=\skip43

(/usr/share/texlive/texmf-dist/tex/latex/geometry/geometry.sty
Package: geometry 2010/09/12 v5.6 Page Geometry

(/usr/share/texlive/texmf-dist/tex/generic/oberdiek/ifvtex.sty
Package: ifvtex 2016/05/16 v1.6 Detect VTeX and its facilities (HO)
Package ifvtex Info: VTeX not detected.
)
(/usr/share/texlive/texmf-dist/tex/generic/ifxetex/ifxetex.sty
Package: ifxetex 2010/09/12 v0.6 Provides ifxetex conditional
)
\Gm@cnth=\count104
\Gm@cntv=\count105
\c@Gm@tempcnt=\count106
\Gm@bindingoffset=\dimen118
\Gm@wd@mp=\dimen119
\Gm@odd@mp=\dimen120
\Gm@even@mp=\dimen121
\Gm@layoutwidth=\dimen122
\Gm@layoutheight=\dimen123
\Gm@layouthoffset=\dimen124
\Gm@layoutvoffset=\dimen125
\Gm@dimlist=\toks15
)
(/usr/share/texlive/texmf-dist/tex/latex/extsizes/size8.clo
File: size8.clo 1999/11/11 v1.4a NON-Standard LaTeX file (size option)
)
(/usr/share/texlive/texmf-dist/tex/latex/pgf/basiclayer/pgfcore.sty
(/usr/share/texlive/texmf-dist/tex/latex/graphics/graphicx.sty
Package: graphicx 2017/06/01 v1.1a Enhanced LaTeX Graphics (DPC,SPQR)

(/usr/share/texlive/texmf-dist/tex/latex/graphics/graphics.sty
Package: graphics 2017/06/25 v1.2c Standard LaTeX Graphics (DPC,SPQR)

(/usr/share/texlive/texmf-dist/tex/latex/graphics/trig.sty
Package: trig 2016/01/03 v1.10 sin cos tan (DPC)
)
(/usr/share/texlive/texmf-dist/tex/latex/graphics-cfg/graphics.cfg
File: graphics.cfg 2016/06/04 v1.11 sample graphics configuration
)
Package graphics Info: Driver file: pdftex.def on input line 99.

(/usr/share/texlive/texmf-dist/tex/latex/graphics-def/pdftex.def
File: pdftex.def 2018/01/08 v1.0l Graphics/color driver for pdftex
))
\Gin@req@height=\dimen126
\Gin@req@width=\dimen127
)
(/usr/share/texlive/texmf-dist/tex/latex/pgf/systemlayer/pgfsys.sty
(/usr/share/texlive/texmf-dist/tex/latex/pgf/utilities/pgfrcs.sty
(/usr/share/texlive/texmf-dist/tex/generic/pgf/utilities/pgfutil-common.tex
\pgfutil@everybye=\toks16
\pgfutil@tempdima=\dimen128
\pgfutil@tempdimb=\dimen129

(/usr/share/texlive/texmf-dist/tex/generic/pgf/utilities/pgfutil-common-lists.t
ex)) (/usr/share/texlive/texmf-dist/tex/generic/pgf/utilities/pgfutil-latex.def
\pgfutil@abb=\box34
(/usr/share/texlive/texmf-dist/tex/latex/ms/everyshi.sty
Package: everyshi 2001/05/15 v3.00 EveryShipout Package (MS)
))
(/usr/share/texlive/texmf-dist/tex/generic/pgf/utilities/pgfrcs.code.tex
Package: pgfrcs 2015/08/07 v3.0.1a (rcs-revision 1.31)
))
(/usr/share/texlive/texmf-dist/tex/generic/pgf/systemlayer/pgfsys.code.tex
Package: pgfsys 2014/07/09 v3.0.1a (rcs-revision 1.48)

(/usr/share/texlive/texmf-dist/tex/generic/pgf/utilities/pgfkeys.code.tex
\pgfkeys@pathtoks=\toks17
\pgfkeys@temptoks=\toks18

(/usr/share/texlive/texmf-dist/tex/generic/pgf/utilities/pgfkeysfiltered.code.t
ex
\pgfkeys@tmptoks=\toks19
))
\pgf@x=\dimen130
\pgf@y=\dimen131
\pgf@xa=\dimen132
\pgf@ya=\dimen133
\pgf@xb=\dimen134
\pgf@yb=\dimen135
\pgf@xc=\dimen136
\pgf@yc=\dimen137
\w@pgf@writea=\write3
\r@pgf@reada=\read1
\c@pgf@counta=\count107
\c@pgf@countb=\count108
\c@pgf@countc=\count109
\c@pgf@countd=\count110
\t@pgf@toka=\toks20
\t@pgf@tokb=\toks21
\t@pgf@tokc=\toks22
 (/usr/share/texlive/texmf-dist/tex/generic/pgf/systemlayer/pgf.cfg
File: pgf.cfg 2008/05/14  (rcs-revision 1.7)
)
Driver file for pgf: pgfsys-pdftex.def

(/usr/share/texlive/texmf-dist/tex/generic/pgf/systemlayer/pgfsys-pdftex.def
File: pgfsys-pdftex.def 2014/10/11  (rcs-revision 1.35)

(/usr/share/texlive/texmf-dist/tex/generic/pgf/systemlayer/pgfsys-common-pdf.de
f
File: pgfsys-common-pdf.def 2013/10/10  (rcs-revision 1.13)
)))
(/usr/share/texlive/texmf-dist/tex/generic/pgf/systemlayer/pgfsyssoftpath.code.
tex
File: pgfsyssoftpath.code.tex 2013/09/09  (rcs-revision 1.9)
\pgfsyssoftpath@smallbuffer@items=\count111
\pgfsyssoftpath@bigbuffer@items=\count112
)
(/usr/share/texlive/texmf-dist/tex/generic/pgf/systemlayer/pgfsysprotocol.code.
tex
File: pgfsysprotocol.code.tex 2006/10/16  (rcs-revision 1.4)
)) (/usr/share/texlive/texmf-dist/tex/latex/xcolor/xcolor.sty
Package: xcolor 2016/05/11 v2.12 LaTeX color extensions (UK)

(/usr/share/texlive/texmf-dist/tex/latex/graphics-cfg/color.cfg
File: color.cfg 2016/01/02 v1.6 sample color configuration
)
Package xcolor Info: Driver file: pdftex.def on input line 225.
Package xcolor Info: Model `cmy' substituted by `cmy0' on input line 1348.
Package xcolor Info: Model `hsb' substituted by `rgb' on input line 1352.
Package xcolor Info: Model `RGB' extended on input line 1364.
Package xcolor Info: Model `HTML' substituted by `rgb' on input line 1366.
Package xcolor Info: Model `Hsb' substituted by `hsb' on input line 1367.
Package xcolor Info: Model `tHsb' substituted by `hsb' on input line 1368.
Package xcolor Info: Model `HSB' substituted by `hsb' on input line 1369.
Package xcolor Info: Model `Gray' substituted by `gray' on input line 1370.
Package xcolor Info: Model `wave' substituted by `hsb' on input line 1371.
)
(/usr/share/texlive/texmf-dist/tex/generic/pgf/basiclayer/pgfcore.code.tex
Package: pgfcore 2010/04/11 v3.0.1a (rcs-revision 1.7)

(/usr/share/texlive/texmf-dist/tex/generic/pgf/math/pgfmath.code.tex
(/usr/share/texlive/texmf-dist/tex/generic/pgf/math/pgfmathcalc.code.tex
(/usr/share/texlive/texmf-dist/tex/generic/pgf/math/pgfmathutil.code.tex)
(/usr/share/texlive/texmf-dist/tex/generic/pgf/math/pgfmathparser.code.tex
\pgfmath@dimen=\dimen138
\pgfmath@count=\count113
\pgfmath@box=\box35
\pgfmath@toks=\toks23
\pgfmath@stack@operand=\toks24
\pgfmath@stack@operation=\toks25
)
(/usr/share/texlive/texmf-dist/tex/generic/pgf/math/pgfmathfunctions.code.tex
(/usr/share/texlive/texmf-dist/tex/generic/pgf/math/pgfmathfunctions.basic.code
.tex)
(/usr/share/texlive/texmf-dist/tex/generic/pgf/math/pgfmathfunctions.trigonomet
ric.code.tex)
(/usr/share/texlive/texmf-dist/tex/generic/pgf/math/pgfmathfunctions.random.cod
e.tex)
(/usr/share/texlive/texmf-dist/tex/generic/pgf/math/pgfmathfunctions.comparison
.code.tex)
(/usr/share/texlive/texmf-dist/tex/generic/pgf/math/pgfmathfunctions.base.code.
tex)
(/usr/share/texlive/texmf-dist/tex/generic/pgf/math/pgfmathfunctions.round.code
.tex)
(/usr/share/texlive/texmf-dist/tex/generic/pgf/math/pgfmathfunctions.misc.code.
tex)
(/usr/share/texlive/texmf-dist/tex/generic/pgf/math/pgfmathfunctions.integerari
thmetics.code.tex)))
(/usr/share/texlive/texmf-dist/tex/generic/pgf/math/pgfmathfloat.code.tex
\c@pgfmathroundto@lastzeros=\count114
))
(/usr/share/texlive/texmf-dist/tex/generic/pgf/basiclayer/pgfcorepoints.code.te
x
File: pgfcorepoints.code.tex 2013/10/07  (rcs-revision 1.27)
\pgf@picminx=\dimen139
\pgf@picmaxx=\dimen140
\pgf@picminy=\dimen141
\pgf@picmaxy=\dimen142
\pgf@pathminx=\dimen143
\pgf@pathmaxx=\dimen144
\pgf@pathminy=\dimen145
\pgf@pathmaxy=\dimen146
\pgf@xx=\dimen147
\pgf@xy=\dimen148
\pgf@yx=\dimen149
\pgf@yy=\dimen150
\pgf@zx=\dimen151
\pgf@zy=\dimen152
)
(/usr/share/texlive/texmf-dist/tex/generic/pgf/basiclayer/pgfcorepathconstruct.
code.tex
File: pgfcorepathconstruct.code.tex 2013/10/07  (rcs-revision 1.29)
\pgf@path@lastx=\dimen153
\pgf@path@lasty=\dimen154
)
(/usr/share/texlive/texmf-dist/tex/generic/pgf/basiclayer/pgfcorepathusage.code
.tex
File: pgfcorepathusage.code.tex 2014/11/02  (rcs-revision 1.24)
\pgf@shorten@end@additional=\dimen155
\pgf@shorten@start@additional=\dimen156
)
(/usr/share/texlive/texmf-dist/tex/generic/pgf/basiclayer/pgfcorescopes.code.te
x
File: pgfcorescopes.code.tex 2015/05/08  (rcs-revision 1.46)
\pgfpic=\box36
\pgf@hbox=\box37
\pgf@layerbox@main=\box38
\pgf@picture@serial@count=\count115
)
(/usr/share/texlive/texmf-dist/tex/generic/pgf/basiclayer/pgfcoregraphicstate.c
ode.tex
File: pgfcoregraphicstate.code.tex 2014/11/02  (rcs-revision 1.12)
\pgflinewidth=\dimen157
)
(/usr/share/texlive/texmf-dist/tex/generic/pgf/basiclayer/pgfcoretransformation
s.code.tex
File: pgfcoretransformations.code.tex 2015/08/07  (rcs-revision 1.20)
\pgf@pt@x=\dimen158
\pgf@pt@y=\dimen159
\pgf@pt@temp=\dimen160
)
(/usr/share/texlive/texmf-dist/tex/generic/pgf/basiclayer/pgfcorequick.code.tex
File: pgfcorequick.code.tex 2008/10/09  (rcs-revision 1.3)
)
(/usr/share/texlive/texmf-dist/tex/generic/pgf/basiclayer/pgfcoreobjects.code.t
ex
File: pgfcoreobjects.code.tex 2006/10/11  (rcs-revision 1.2)
)
(/usr/share/texlive/texmf-dist/tex/generic/pgf/basiclayer/pgfcorepathprocessing
.code.tex
File: pgfcorepathprocessing.code.tex 2013/09/09  (rcs-revision 1.9)
)
(/usr/share/texlive/texmf-dist/tex/generic/pgf/basiclayer/pgfcorearrows.code.te
x
File: pgfcorearrows.code.tex 2015/05/14  (rcs-revision 1.43)
\pgfarrowsep=\dimen161
)
(/usr/share/texlive/texmf-dist/tex/generic/pgf/basiclayer/pgfcoreshade.code.tex
File: pgfcoreshade.code.tex 2013/07/15  (rcs-revision 1.15)
\pgf@max=\dimen162
\pgf@sys@shading@range@num=\count116
)
(/usr/share/texlive/texmf-dist/tex/generic/pgf/basiclayer/pgfcoreimage.code.tex
File: pgfcoreimage.code.tex 2013/07/15  (rcs-revision 1.18)

(/usr/share/texlive/texmf-dist/tex/generic/pgf/basiclayer/pgfcoreexternal.code.
tex
File: pgfcoreexternal.code.tex 2014/07/09  (rcs-revision 1.21)
\pgfexternal@startupbox=\box39
))
(/usr/share/texlive/texmf-dist/tex/generic/pgf/basiclayer/pgfcorelayers.code.te
x
File: pgfcorelayers.code.tex 2013/07/18  (rcs-revision 1.7)
)
(/usr/share/texlive/texmf-dist/tex/generic/pgf/basiclayer/pgfcoretransparency.c
ode.tex
File: pgfcoretransparency.code.tex 2013/09/30  (rcs-revision 1.5)
)
(/usr/share/texlive/texmf-dist/tex/generic/pgf/basiclayer/pgfcorepatterns.code.
tex
File: pgfcorepatterns.code.tex 2013/11/07  (rcs-revision 1.5)
))) (/usr/share/texlive/texmf-dist/tex/latex/pgf/utilities/xxcolor.sty
Package: xxcolor 2003/10/24 ver 0.1
\XC@nummixins=\count117
\XC@countmixins=\count118
)
(/usr/share/texlive/texmf-dist/tex/generic/oberdiek/atbegshi.sty
Package: atbegshi 2016/06/09 v1.18 At begin shipout hook (HO)

(/usr/share/texlive/texmf-dist/tex/generic/oberdiek/infwarerr.sty
Package: infwarerr 2016/05/16 v1.4 Providing info/warning/error messages (HO)
)
(/usr/share/texlive/texmf-dist/tex/generic/oberdiek/ltxcmds.sty
Package: ltxcmds 2016/05/16 v1.23 LaTeX kernel commands for general use (HO)
))
(/usr/share/texlive/texmf-dist/tex/latex/hyperref/hyperref.sty
Package: hyperref 2018/02/06 v6.86b Hypertext links for LaTeX

(/usr/share/texlive/texmf-dist/tex/generic/oberdiek/hobsub-hyperref.sty
Package: hobsub-hyperref 2016/05/16 v1.14 Bundle oberdiek, subset hyperref (HO)


(/usr/share/texlive/texmf-dist/tex/generic/oberdiek/hobsub-generic.sty
Package: hobsub-generic 2016/05/16 v1.14 Bundle oberdiek, subset generic (HO)
Package: hobsub 2016/05/16 v1.14 Construct package bundles (HO)
Package hobsub Info: Skipping package `infwarerr' (already loaded).
Package hobsub Info: Skipping package `ltxcmds' (already loaded).
Package: ifluatex 2016/05/16 v1.4 Provides the ifluatex switch (HO)
Package ifluatex Info: LuaTeX not detected.
Package hobsub Info: Skipping package `ifvtex' (already loaded).
Package: intcalc 2016/05/16 v1.2 Expandable calculations with integers (HO)
Package hobsub Info: Skipping package `ifpdf' (already loaded).
Package: etexcmds 2016/05/16 v1.6 Avoid name clashes with e-TeX commands (HO)
Package etexcmds Info: Could not find \expanded.
(etexcmds)             That can mean that you are not using pdfTeX 1.50 or
(etexcmds)             that some package has redefined \expanded.
(etexcmds)             In the latter case, load this package earlier.
Package: kvsetkeys 2016/05/16 v1.17 Key value parser (HO)
Package: kvdefinekeys 2016/05/16 v1.4 Define keys (HO)
Package: pdftexcmds 2018/01/21 v0.26 Utility functions of pdfTeX for LuaTeX (HO
)
Package pdftexcmds Info: LuaTeX not detected.
Package pdftexcmds Info: \pdf@primitive is available.
Package pdftexcmds Info: \pdf@ifprimitive is available.
Package pdftexcmds Info: \pdfdraftmode found.
Package: pdfescape 2016/05/16 v1.14 Implements pdfTeX's escape features (HO)
Package: bigintcalc 2016/05/16 v1.4 Expandable calculations on big integers (HO
)
Package: bitset 2016/05/16 v1.2 Handle bit-vector datatype (HO)
Package: uniquecounter 2016/05/16 v1.3 Provide unlimited unique counter (HO)
)
Package hobsub Info: Skipping package `hobsub' (already loaded).
Package: letltxmacro 2016/05/16 v1.5 Let assignment for LaTeX macros (HO)
Package: hopatch 2016/05/16 v1.3 Wrapper for package hooks (HO)
Package: xcolor-patch 2016/05/16 xcolor patch
Package: atveryend 2016/05/16 v1.9 Hooks at the very end of document (HO)
Package hobsub Info: Skipping package `atbegshi' (already loaded).
Package: refcount 2016/05/16 v3.5 Data extraction from label references (HO)
Package: hycolor 2016/05/16 v1.8 Color options for hyperref/bookmark (HO)
)
(/usr/share/texlive/texmf-dist/tex/latex/oberdiek/auxhook.sty
Package: auxhook 2016/05/16 v1.4 Hooks for auxiliary files (HO)
)
(/usr/share/texlive/texmf-dist/tex/latex/oberdiek/kvoptions.sty
Package: kvoptions 2016/05/16 v3.12 Key value format for package options (HO)
)
\@linkdim=\dimen163
\Hy@linkcounter=\count119
\Hy@pagecounter=\count120

(/usr/share/texlive/texmf-dist/tex/latex/hyperref/pd1enc.def
File: pd1enc.def 2018/02/06 v6.86b Hyperref: PDFDocEncoding definition (HO)
)
\Hy@SavedSpaceFactor=\count121

(/usr/share/texlive/texmf-dist/tex/latex/latexconfig/hyperref.cfg
File: hyperref.cfg 2002/06/06 v1.2 hyperref configuration of TeXLive
)
Package hyperref Info: Option `bookmarks' set `true' on input line 4383.
Package hyperref Info: Option `bookmarksopen' set `true' on input line 4383.
Package hyperref Info: Option `implicit' set `false' on input line 4383.
Package hyperref Info: Hyper figures OFF on input line 4509.
Package hyperref Info: Link nesting OFF on input line 4514.
Package hyperref Info: Hyper index ON on input line 4517.
Package hyperref Info: Plain pages OFF on input line 4524.
Package hyperref Info: Backreferencing OFF on input line 4529.
Package hyperref Info: Implicit mode OFF; no redefinition of LaTeX internals.
Package hyperref Info: Bookmarks ON on input line 4762.
\c@Hy@tempcnt=\count122

(/usr/share/texlive/texmf-dist/tex/latex/url/url.sty
\Urlmuskip=\muskip10
Package: url 2013/09/16  ver 3.4  Verb mode for urls, etc.
)
LaTeX Info: Redefining \url on input line 5115.
\XeTeXLinkMargin=\dimen164
\Fld@menulength=\count123
\Field@Width=\dimen165
\Fld@charsize=\dimen166
Package hyperref Info: Hyper figures OFF on input line 6369.
Package hyperref Info: Link nesting OFF on input line 6374.
Package hyperref Info: Hyper index ON on input line 6377.
Package hyperref Info: backreferencing OFF on input line 6384.
Package hyperref Info: Link coloring OFF on input line 6389.
Package hyperref Info: Link coloring with OCG OFF on input line 6394.
Package hyperref Info: PDF/A mode OFF on input line 6399.
LaTeX Info: Redefining \ref on input line 6439.
LaTeX Info: Redefining \pageref on input line 6443.
\Hy@abspage=\count124


Package hyperref Message: Stopped early.

)
Package hyperref Info: Driver (autodetected): hpdftex.
 (/usr/share/texlive/texmf-dist/tex/latex/hyperref/hpdftex.def
File: hpdftex.def 2018/02/06 v6.86b Hyperref driver for pdfTeX
\Fld@listcount=\count125
\c@bookmark@seq@number=\count126

(/usr/share/texlive/texmf-dist/tex/latex/oberdiek/rerunfilecheck.sty
Package: rerunfilecheck 2016/05/16 v1.8 Rerun checks for auxiliary files (HO)
Package uniquecounter Info: New unique counter `rerunfilecheck' on input line 2
82.
))
(/usr/share/texlive/texmf-dist/tex/latex/beamer/beamerbaserequires.sty
(/usr/share/texlive/texmf-dist/tex/latex/beamer/beamerbasecompatibility.sty)
(/usr/share/texlive/texmf-dist/tex/latex/beamer/beamerbasefont.sty
(/usr/share/texlive/texmf-dist/tex/latex/amsfonts/amssymb.sty
Package: amssymb 2013/01/14 v3.01 AMS font symbols

(/usr/share/texlive/texmf-dist/tex/latex/amsfonts/amsfonts.sty
Package: amsfonts 2013/01/14 v3.01 Basic AMSFonts support
\@emptytoks=\toks26
\symAMSa=\mathgroup4
\symAMSb=\mathgroup5
LaTeX Font Info:    Overwriting math alphabet `\mathfrak' in version `bold'
(Font)                  U/euf/m/n --> U/euf/b/n on input line 106.
)))
(/usr/share/texlive/texmf-dist/tex/latex/beamer/beamerbasetranslator.sty
(/usr/share/texlive/texmf-dist/tex/latex/translator/translator.sty
Package: translator 2018/01/04 v1.12 Easy translation of strings in LaTeX
))
(/usr/share/texlive/texmf-dist/tex/latex/beamer/beamerbasemisc.sty)
(/usr/share/texlive/texmf-dist/tex/latex/beamer/beamerbasetwoscreens.sty)
(/usr/share/texlive/texmf-dist/tex/latex/beamer/beamerbaseoverlay.sty
\beamer@argscount=\count127
\beamer@lastskipcover=\skip44
\beamer@trivlistdepth=\count128
)
(/usr/share/texlive/texmf-dist/tex/latex/beamer/beamerbasetitle.sty)
(/usr/share/texlive/texmf-dist/tex/latex/beamer/beamerbasesection.sty
\c@lecture=\count129
\c@part=\count130
\c@section=\count131
\c@subsection=\count132
\c@subsubsection=\count133
)
(/usr/share/texlive/texmf-dist/tex/latex/beamer/beamerbaseframe.sty
\beamer@framebox=\box40
\beamer@frametitlebox=\box41
\beamer@zoombox=\box42
\beamer@zoomcount=\count134
\beamer@zoomframecount=\count135
\beamer@frametextheight=\dimen167
\c@subsectionslide=\count136
\beamer@frametopskip=\skip45
\beamer@framebottomskip=\skip46
\beamer@frametopskipautobreak=\skip47
\beamer@framebottomskipautobreak=\skip48
\beamer@envbody=\toks27
\framewidth=\dimen168
\c@framenumber=\count137
)
(/usr/share/texlive/texmf-dist/tex/latex/beamer/beamerbaseverbatim.sty
\beamer@verbatimfileout=\write4
)
(/usr/share/texlive/texmf-dist/tex/latex/beamer/beamerbaseframesize.sty
\beamer@splitbox=\box43
\beamer@autobreakcount=\count138
\beamer@autobreaklastheight=\dimen169
\beamer@frametitletoks=\toks28
\beamer@framesubtitletoks=\toks29
)
(/usr/share/texlive/texmf-dist/tex/latex/beamer/beamerbaseframecomponents.sty
\beamer@footins=\box44
)
(/usr/share/texlive/texmf-dist/tex/latex/beamer/beamerbasecolor.sty
\beamer@bg@ht=\dimen170
\beamer@bg@wd=\dimen171
\beamer@bg@dp=\dimen172
)
(/usr/share/texlive/texmf-dist/tex/latex/beamer/beamerbasenotes.sty
\beamer@frameboxcopy=\box45
)
(/usr/share/texlive/texmf-dist/tex/latex/beamer/beamerbasetoc.sty)
(/usr/share/texlive/texmf-dist/tex/latex/beamer/beamerbasetemplates.sty
\beamer@sbttoks=\toks30

(/usr/share/texlive/texmf-dist/tex/latex/beamer/beamerbaseauxtemplates.sty
(/usr/share/texlive/texmf-dist/tex/latex/beamer/beamerbaseboxes.sty
\bmb@box=\box46
\bmb@colorbox=\box47
\bmb@boxshadow=\box48
\bmb@boxshadowball=\box49
\bmb@boxshadowballlarge=\box50
\bmb@temp=\dimen173
\bmb@dima=\dimen174
\bmb@dimb=\dimen175
\bmb@prevheight=\dimen176
)
\beamer@blockheadheight=\dimen177
))
(/usr/share/texlive/texmf-dist/tex/latex/beamer/beamerbaselocalstructure.sty
(/usr/share/texlive/texmf-dist/tex/latex/tools/enumerate.sty
Package: enumerate 2015/07/23 v3.00 enumerate extensions (DPC)
\@enLab=\toks31
)
\c@figure=\count139
\c@table=\count140
\abovecaptionskip=\skip49
\belowcaptionskip=\skip50
)
(/usr/share/texlive/texmf-dist/tex/latex/beamer/beamerbasenavigation.sty
\beamer@section@min@dim=\dimen178
)
(/usr/share/texlive/texmf-dist/tex/latex/beamer/beamerbasetheorems.sty
(/usr/share/texlive/texmf-dist/tex/latex/amsmath/amsmath.sty
Package: amsmath 2017/09/02 v2.17a AMS math features
\@mathmargin=\skip51

For additional information on amsmath, use the `?' option.
(/usr/share/texlive/texmf-dist/tex/latex/amsmath/amstext.sty
Package: amstext 2000/06/29 v2.01 AMS text

(/usr/share/texlive/texmf-dist/tex/latex/amsmath/amsgen.sty
File: amsgen.sty 1999/11/30 v2.0 generic functions
\@emptytoks=\toks32
\ex@=\dimen179
))
(/usr/share/texlive/texmf-dist/tex/latex/amsmath/amsbsy.sty
Package: amsbsy 1999/11/29 v1.2d Bold Symbols
\pmbraise@=\dimen180
)
(/usr/share/texlive/texmf-dist/tex/latex/amsmath/amsopn.sty
Package: amsopn 2016/03/08 v2.02 operator names
)
\inf@bad=\count141
LaTeX Info: Redefining \frac on input line 213.
\uproot@=\count142
\leftroot@=\count143
LaTeX Info: Redefining \overline on input line 375.
\classnum@=\count144
\DOTSCASE@=\count145
LaTeX Info: Redefining \ldots on input line 472.
LaTeX Info: Redefining \dots on input line 475.
LaTeX Info: Redefining \cdots on input line 596.
\Mathstrutbox@=\box51
\strutbox@=\box52
\big@size=\dimen181
LaTeX Font Info:    Redeclaring font encoding OML on input line 712.
LaTeX Font Info:    Redeclaring font encoding OMS on input line 713.
\macc@depth=\count146
\c@MaxMatrixCols=\count147
\dotsspace@=\muskip11
\c@parentequation=\count148
\dspbrk@lvl=\count149
\tag@help=\toks33
\row@=\count150
\column@=\count151
\maxfields@=\count152
\andhelp@=\toks34
\eqnshift@=\dimen182
\alignsep@=\dimen183
\tagshift@=\dimen184
\tagwidth@=\dimen185
\totwidth@=\dimen186
\lineht@=\dimen187
\@envbody=\toks35
\multlinegap=\skip52
\multlinetaggap=\skip53
\mathdisplay@stack=\toks36
LaTeX Info: Redefining \[ on input line 2817.
LaTeX Info: Redefining \] on input line 2818.
)
(/usr/share/texlive/texmf-dist/tex/latex/amscls/amsthm.sty
Package: amsthm 2017/10/31 v2.20.4
\thm@style=\toks37
\thm@bodyfont=\toks38
\thm@headfont=\toks39
\thm@notefont=\toks40
\thm@headpunct=\toks41
\thm@preskip=\skip54
\thm@postskip=\skip55
\thm@headsep=\skip56
\dth@everypar=\toks42
)
\c@theorem=\count153
)
(/usr/share/texlive/texmf-dist/tex/latex/beamer/beamerbasethemes.sty))
(/usr/share/texlive/texmf-dist/tex/latex/beamer/beamerthemedefault.sty
(/usr/share/texlive/texmf-dist/tex/latex/beamer/beamerfontthemedefault.sty)
(/usr/share/texlive/texmf-dist/tex/latex/beamer/beamercolorthemedefault.sty)
(/usr/share/texlive/texmf-dist/tex/latex/beamer/beamerinnerthemedefault.sty
\beamer@dima=\dimen188
\beamer@dimb=\dimen189
)
(/usr/share/texlive/texmf-dist/tex/latex/beamer/beamerouterthemedefault.sty)))
(../IyA.estilo.sty
(/usr/share/texlive/texmf-dist/tex/latex/beamer/beamerthemeWarsaw.sty
(/usr/share/texlive/texmf-dist/tex/latex/beamer/beamerinnerthemerounded.sty)
(/usr/share/texlive/texmf-dist/tex/latex/beamer/beamerouterthemeshadow.sty
(/usr/share/texlive/texmf-dist/tex/latex/beamer/beamerouterthemesplit.sty))
(/usr/share/texlive/texmf-dist/tex/latex/beamer/beamercolorthemeorchid.sty)
(/usr/share/texlive/texmf-dist/tex/latex/beamer/beamercolorthemewhale.sty))
(/usr/share/texlive/texmf-dist/tex/latex/beamer/beamercolorthemebeaver.sty)
(/usr/share/texlive/texmf-dist/tex/latex/base/inputenc.sty
Package: inputenc 2015/03/17 v1.2c Input encoding file
\inpenc@prehook=\toks43
\inpenc@posthook=\toks44

(/usr/share/texlive/texmf-dist/tex/latex/base/utf8.def
File: utf8.def 2017/01/28 v1.1t UTF-8 support for inputenc
Now handling font encoding OML ...
... no UTF-8 mapping file for font encoding OML
Now handling font encoding T1 ...
... processing UTF-8 mapping file for font encoding T1

(/usr/share/texlive/texmf-dist/tex/latex/base/t1enc.dfu
File: t1enc.dfu 2017/01/28 v1.1t UTF-8 support for inputenc
   defining Unicode char U+00A0 (decimal 160)
   defining Unicode char U+00A1 (decimal 161)
   defining Unicode char U+00A3 (decimal 163)
   defining Unicode char U+00AB (decimal 171)
   defining Unicode char U+00AD (decimal 173)
   defining Unicode char U+00BB (decimal 187)
   defining Unicode char U+00BF (decimal 191)
   defining Unicode char U+00C0 (decimal 192)
   defining Unicode char U+00C1 (decimal 193)
   defining Unicode char U+00C2 (decimal 194)
   defining Unicode char U+00C3 (decimal 195)
   defining Unicode char U+00C4 (decimal 196)
   defining Unicode char U+00C5 (decimal 197)
   defining Unicode char U+00C6 (decimal 198)
   defining Unicode char U+00C7 (decimal 199)
   defining Unicode char U+00C8 (decimal 200)
   defining Unicode char U+00C9 (decimal 201)
   defining Unicode char U+00CA (decimal 202)
   defining Unicode char U+00CB (decimal 203)
   defining Unicode char U+00CC (decimal 204)
   defining Unicode char U+00CD (decimal 205)
   defining Unicode char U+00CE (decimal 206)
   defining Unicode char U+00CF (decimal 207)
   defining Unicode char U+00D0 (decimal 208)
   defining Unicode char U+00D1 (decimal 209)
   defining Unicode char U+00D2 (decimal 210)
   defining Unicode char U+00D3 (decimal 211)
   defining Unicode char U+00D4 (decimal 212)
   defining Unicode char U+00D5 (decimal 213)
   defining Unicode char U+00D6 (decimal 214)
   defining Unicode char U+00D8 (decimal 216)
   defining Unicode char U+00D9 (decimal 217)
   defining Unicode char U+00DA (decimal 218)
   defining Unicode char U+00DB (decimal 219)
   defining Unicode char U+00DC (decimal 220)
   defining Unicode char U+00DD (decimal 221)
   defining Unicode char U+00DE (decimal 222)
   defining Unicode char U+00DF (decimal 223)
   defining Unicode char U+00E0 (decimal 224)
   defining Unicode char U+00E1 (decimal 225)
   defining Unicode char U+00E2 (decimal 226)
   defining Unicode char U+00E3 (decimal 227)
   defining Unicode char U+00E4 (decimal 228)
   defining Unicode char U+00E5 (decimal 229)
   defining Unicode char U+00E6 (decimal 230)
   defining Unicode char U+00E7 (decimal 231)
   defining Unicode char U+00E8 (decimal 232)
   defining Unicode char U+00E9 (decimal 233)
   defining Unicode char U+00EA (decimal 234)
   defining Unicode char U+00EB (decimal 235)
   defining Unicode char U+00EC (decimal 236)
   defining Unicode char U+00ED (decimal 237)
   defining Unicode char U+00EE (decimal 238)
   defining Unicode char U+00EF (decimal 239)
   defining Unicode char U+00F0 (decimal 240)
   defining Unicode char U+00F1 (decimal 241)
   defining Unicode char U+00F2 (decimal 242)
   defining Unicode char U+00F3 (decimal 243)
   defining Unicode char U+00F4 (decimal 244)
   defining Unicode char U+00F5 (decimal 245)
   defining Unicode char U+00F6 (decimal 246)
   defining Unicode char U+00F8 (decimal 248)
   defining Unicode char U+00F9 (decimal 249)
   defining Unicode char U+00FA (decimal 250)
   defining Unicode char U+00FB (decimal 251)
   defining Unicode char U+00FC (decimal 252)
   defining Unicode char U+00FD (decimal 253)
   defining Unicode char U+00FE (decimal 254)
   defining Unicode char U+00FF (decimal 255)
   defining Unicode char U+0100 (decimal 256)
   defining Unicode char U+0101 (decimal 257)
   defining Unicode char U+0102 (decimal 258)
   defining Unicode char U+0103 (decimal 259)
   defining Unicode char U+0104 (decimal 260)
   defining Unicode char U+0105 (decimal 261)
   defining Unicode char U+0106 (decimal 262)
   defining Unicode char U+0107 (decimal 263)
   defining Unicode char U+0108 (decimal 264)
   defining Unicode char U+0109 (decimal 265)
   defining Unicode char U+010A (decimal 266)
   defining Unicode char U+010B (decimal 267)
   defining Unicode char U+010C (decimal 268)
   defining Unicode char U+010D (decimal 269)
   defining Unicode char U+010E (decimal 270)
   defining Unicode char U+010F (decimal 271)
   defining Unicode char U+0110 (decimal 272)
   defining Unicode char U+0111 (decimal 273)
   defining Unicode char U+0112 (decimal 274)
   defining Unicode char U+0113 (decimal 275)
   defining Unicode char U+0114 (decimal 276)
   defining Unicode char U+0115 (decimal 277)
   defining Unicode char U+0116 (decimal 278)
   defining Unicode char U+0117 (decimal 279)
   defining Unicode char U+0118 (decimal 280)
   defining Unicode char U+0119 (decimal 281)
   defining Unicode char U+011A (decimal 282)
   defining Unicode char U+011B (decimal 283)
   defining Unicode char U+011C (decimal 284)
   defining Unicode char U+011D (decimal 285)
   defining Unicode char U+011E (decimal 286)
   defining Unicode char U+011F (decimal 287)
   defining Unicode char U+0120 (decimal 288)
   defining Unicode char U+0121 (decimal 289)
   defining Unicode char U+0122 (decimal 290)
   defining Unicode char U+0123 (decimal 291)
   defining Unicode char U+0124 (decimal 292)
   defining Unicode char U+0125 (decimal 293)
   defining Unicode char U+0128 (decimal 296)
   defining Unicode char U+0129 (decimal 297)
   defining Unicode char U+012A (decimal 298)
   defining Unicode char U+012B (decimal 299)
   defining Unicode char U+012C (decimal 300)
   defining Unicode char U+012D (decimal 301)
   defining Unicode char U+012E (decimal 302)
   defining Unicode char U+012F (decimal 303)
   defining Unicode char U+0130 (decimal 304)
   defining Unicode char U+0131 (decimal 305)
   defining Unicode char U+0132 (decimal 306)
   defining Unicode char U+0133 (decimal 307)
   defining Unicode char U+0134 (decimal 308)
   defining Unicode char U+0135 (decimal 309)
   defining Unicode char U+0136 (decimal 310)
   defining Unicode char U+0137 (decimal 311)
   defining Unicode char U+0139 (decimal 313)
   defining Unicode char U+013A (decimal 314)
   defining Unicode char U+013B (decimal 315)
   defining Unicode char U+013C (decimal 316)
   defining Unicode char U+013D (decimal 317)
   defining Unicode char U+013E (decimal 318)
   defining Unicode char U+0141 (decimal 321)
   defining Unicode char U+0142 (decimal 322)
   defining Unicode char U+0143 (decimal 323)
   defining Unicode char U+0144 (decimal 324)
   defining Unicode char U+0145 (decimal 325)
   defining Unicode char U+0146 (decimal 326)
   defining Unicode char U+0147 (decimal 327)
   defining Unicode char U+0148 (decimal 328)
   defining Unicode char U+014A (decimal 330)
   defining Unicode char U+014B (decimal 331)
   defining Unicode char U+014C (decimal 332)
   defining Unicode char U+014D (decimal 333)
   defining Unicode char U+014E (decimal 334)
   defining Unicode char U+014F (decimal 335)
   defining Unicode char U+0150 (decimal 336)
   defining Unicode char U+0151 (decimal 337)
   defining Unicode char U+0152 (decimal 338)
   defining Unicode char U+0153 (decimal 339)
   defining Unicode char U+0154 (decimal 340)
   defining Unicode char U+0155 (decimal 341)
   defining Unicode char U+0156 (decimal 342)
   defining Unicode char U+0157 (decimal 343)
   defining Unicode char U+0158 (decimal 344)
   defining Unicode char U+0159 (decimal 345)
   defining Unicode char U+015A (decimal 346)
   defining Unicode char U+015B (decimal 347)
   defining Unicode char U+015C (decimal 348)
   defining Unicode char U+015D (decimal 349)
   defining Unicode char U+015E (decimal 350)
   defining Unicode char U+015F (decimal 351)
   defining Unicode char U+0160 (decimal 352)
   defining Unicode char U+0161 (decimal 353)
   defining Unicode char U+0162 (decimal 354)
   defining Unicode char U+0163 (decimal 355)
   defining Unicode char U+0164 (decimal 356)
   defining Unicode char U+0165 (decimal 357)
   defining Unicode char U+0168 (decimal 360)
   defining Unicode char U+0169 (decimal 361)
   defining Unicode char U+016A (decimal 362)
   defining Unicode char U+016B (decimal 363)
   defining Unicode char U+016C (decimal 364)
   defining Unicode char U+016D (decimal 365)
   defining Unicode char U+016E (decimal 366)
   defining Unicode char U+016F (decimal 367)
   defining Unicode char U+0170 (decimal 368)
   defining Unicode char U+0171 (decimal 369)
   defining Unicode char U+0172 (decimal 370)
   defining Unicode char U+0173 (decimal 371)
   defining Unicode char U+0174 (decimal 372)
   defining Unicode char U+0175 (decimal 373)
   defining Unicode char U+0176 (decimal 374)
   defining Unicode char U+0177 (decimal 375)
   defining Unicode char U+0178 (decimal 376)
   defining Unicode char U+0179 (decimal 377)
   defining Unicode char U+017A (decimal 378)
   defining Unicode char U+017B (decimal 379)
   defining Unicode char U+017C (decimal 380)
   defining Unicode char U+017D (decimal 381)
   defining Unicode char U+017E (decimal 382)
   defining Unicode char U+01CD (decimal 461)
   defining Unicode char U+01CE (decimal 462)
   defining Unicode char U+01CF (decimal 463)
   defining Unicode char U+01D0 (decimal 464)
   defining Unicode char U+01D1 (decimal 465)
   defining Unicode char U+01D2 (decimal 466)
   defining Unicode char U+01D3 (decimal 467)
   defining Unicode char U+01D4 (decimal 468)
   defining Unicode char U+01E2 (decimal 482)
   defining Unicode char U+01E3 (decimal 483)
   defining Unicode char U+01E6 (decimal 486)
   defining Unicode char U+01E7 (decimal 487)
   defining Unicode char U+01E8 (decimal 488)
   defining Unicode char U+01E9 (decimal 489)
   defining Unicode char U+01EA (decimal 490)
   defining Unicode char U+01EB (decimal 491)
   defining Unicode char U+01F0 (decimal 496)
   defining Unicode char U+01F4 (decimal 500)
   defining Unicode char U+01F5 (decimal 501)
   defining Unicode char U+0218 (decimal 536)
   defining Unicode char U+0219 (decimal 537)
   defining Unicode char U+021A (decimal 538)
   defining Unicode char U+021B (decimal 539)
   defining Unicode char U+0232 (decimal 562)
   defining Unicode char U+0233 (decimal 563)
   defining Unicode char U+1E02 (decimal 7682)
   defining Unicode char U+1E03 (decimal 7683)
   defining Unicode char U+200C (decimal 8204)
   defining Unicode char U+2010 (decimal 8208)
   defining Unicode char U+2011 (decimal 8209)
   defining Unicode char U+2012 (decimal 8210)
   defining Unicode char U+2013 (decimal 8211)
   defining Unicode char U+2014 (decimal 8212)
   defining Unicode char U+2015 (decimal 8213)
   defining Unicode char U+2018 (decimal 8216)
   defining Unicode char U+2019 (decimal 8217)
   defining Unicode char U+201A (decimal 8218)
   defining Unicode char U+201C (decimal 8220)
   defining Unicode char U+201D (decimal 8221)
   defining Unicode char U+201E (decimal 8222)
   defining Unicode char U+2030 (decimal 8240)
   defining Unicode char U+2031 (decimal 8241)
   defining Unicode char U+2039 (decimal 8249)
   defining Unicode char U+203A (decimal 8250)
   defining Unicode char U+2423 (decimal 9251)
   defining Unicode char U+1E20 (decimal 7712)
   defining Unicode char U+1E21 (decimal 7713)
)
Now handling font encoding OT1 ...
... processing UTF-8 mapping file for font encoding OT1

(/usr/share/texlive/texmf-dist/tex/latex/base/ot1enc.dfu
File: ot1enc.dfu 2017/01/28 v1.1t UTF-8 support for inputenc
   defining Unicode char U+00A0 (decimal 160)
   defining Unicode char U+00A1 (decimal 161)
   defining Unicode char U+00A3 (decimal 163)
   defining Unicode char U+00AD (decimal 173)
   defining Unicode char U+00B8 (decimal 184)
   defining Unicode char U+00BF (decimal 191)
   defining Unicode char U+00C5 (decimal 197)
   defining Unicode char U+00C6 (decimal 198)
   defining Unicode char U+00D8 (decimal 216)
   defining Unicode char U+00DF (decimal 223)
   defining Unicode char U+00E6 (decimal 230)
   defining Unicode char U+00EC (decimal 236)
   defining Unicode char U+00ED (decimal 237)
   defining Unicode char U+00EE (decimal 238)
   defining Unicode char U+00EF (decimal 239)
   defining Unicode char U+00F8 (decimal 248)
   defining Unicode char U+0131 (decimal 305)
   defining Unicode char U+0141 (decimal 321)
   defining Unicode char U+0142 (decimal 322)
   defining Unicode char U+0152 (decimal 338)
   defining Unicode char U+0153 (decimal 339)
   defining Unicode char U+0174 (decimal 372)
   defining Unicode char U+0175 (decimal 373)
   defining Unicode char U+0176 (decimal 374)
   defining Unicode char U+0177 (decimal 375)
   defining Unicode char U+0218 (decimal 536)
   defining Unicode char U+0219 (decimal 537)
   defining Unicode char U+021A (decimal 538)
   defining Unicode char U+021B (decimal 539)
   defining Unicode char U+2013 (decimal 8211)
   defining Unicode char U+2014 (decimal 8212)
   defining Unicode char U+2018 (decimal 8216)
   defining Unicode char U+2019 (decimal 8217)
   defining Unicode char U+201C (decimal 8220)
   defining Unicode char U+201D (decimal 8221)
)
Now handling font encoding OMS ...
... processing UTF-8 mapping file for font encoding OMS

(/usr/share/texlive/texmf-dist/tex/latex/base/omsenc.dfu
File: omsenc.dfu 2017/01/28 v1.1t UTF-8 support for inputenc
   defining Unicode char U+00A7 (decimal 167)
   defining Unicode char U+00B6 (decimal 182)
   defining Unicode char U+00B7 (decimal 183)
   defining Unicode char U+2020 (decimal 8224)
   defining Unicode char U+2021 (decimal 8225)
   defining Unicode char U+2022 (decimal 8226)
)
Now handling font encoding OMX ...
... no UTF-8 mapping file for font encoding OMX
Now handling font encoding U ...
... no UTF-8 mapping file for font encoding U
Now handling font encoding PD1 ...
... no UTF-8 mapping file for font encoding PD1
   defining Unicode char U+00A9 (decimal 169)
   defining Unicode char U+00AA (decimal 170)
   defining Unicode char U+00AE (decimal 174)
   defining Unicode char U+00BA (decimal 186)
   defining Unicode char U+02C6 (decimal 710)
   defining Unicode char U+02DC (decimal 732)
   defining Unicode char U+200C (decimal 8204)
   defining Unicode char U+2026 (decimal 8230)
   defining Unicode char U+2122 (decimal 8482)
   defining Unicode char U+2423 (decimal 9251)
))
(/usr/share/texlive/texmf-dist/tex/generic/babel/babel.sty
Package: babel 2018/02/14 3.18 The Babel package

(/usr/share/texlive/texmf-dist/tex/generic/babel/switch.def
File: switch.def 2018/02/14 3.18 Babel switching mechanism
)
(/usr/share/texlive/texmf-dist/tex/generic/babel-spanish/spanish.ldf
Language: spanish.ldf 2016/03/03 v5.0p Spanish support from the babel system

(/usr/share/texlive/texmf-dist/tex/generic/babel/babel.def
File: babel.def 2018/02/14 3.18 Babel common definitions
\babel@savecnt=\count154
\U@D=\dimen190

(/usr/share/texlive/texmf-dist/tex/generic/babel/txtbabel.def)
LaTeX Info: Redefining \textlatin on input line 1839.
\bbl@dirlevel=\count155
)
\es@quottoks=\toks45
\es@quotdepth=\count156
Package babel Info: Making " an active character on input line 561.
Package babel Info: Making . an active character on input line 662.
Package babel Info: Making < an active character on input line 707.
Package babel Info: Making > an active character on input line 707.
))
(/usr/share/texlive/texmf-dist/tex/latex/oberdiek/epstopdf.sty
Package: epstopdf 2016/05/15 v2.6 Conversion with epstopdf on the fly (HO)

(/usr/share/texlive/texmf-dist/tex/latex/oberdiek/epstopdf-base.sty
Package: epstopdf-base 2016/05/15 v2.6 Base part for package epstopdf

(/usr/share/texlive/texmf-dist/tex/latex/oberdiek/grfext.sty
Package: grfext 2016/05/16 v1.2 Manage graphics extensions (HO)
)
Package epstopdf-base Info: Redefining graphics rule for `.eps' on input line 4
38.
Package grfext Info: Graphics extension search list:
(grfext)             [.pdf,.png,.jpg,.mps,.jpeg,.jbig2,.jb2,.PDF,.PNG,.JPG,.JPE
G,.JBIG2,.JB2,.eps]
(grfext)             \AppendGraphicsExtensions on input line 456.

(/usr/share/texlive/texmf-dist/tex/latex/latexconfig/epstopdf-sys.cfg
File: epstopdf-sys.cfg 2010/07/13 v1.3 Configuration of (r)epstopdf for TeX Liv
e
)))
(/usr/share/texlive/texmf-dist/tex/latex/tools/multicol.sty
Package: multicol 2017/04/11 v1.8q multicolumn formatting (FMi)
\c@tracingmulticols=\count157
\mult@box=\box53
\multicol@leftmargin=\dimen191
\c@unbalance=\count158
\c@collectmore=\count159
\doublecol@number=\count160
\multicoltolerance=\count161
\multicolpretolerance=\count162
\full@width=\dimen192
\page@free=\dimen193
\premulticols=\dimen194
\postmulticols=\dimen195
\multicolsep=\skip57
\multicolbaselineskip=\skip58
\partial@page=\box54
\last@line=\box55
\maxbalancingoverflow=\dimen196
\mult@rightbox=\box56
\mult@grightbox=\box57
\mult@gfirstbox=\box58
\mult@firstbox=\box59
\@tempa=\box60
\@tempa=\box61
\@tempa=\box62
\@tempa=\box63
\@tempa=\box64
\@tempa=\box65
\@tempa=\box66
\@tempa=\box67
\@tempa=\box68
\@tempa=\box69
\@tempa=\box70
\@tempa=\box71
\@tempa=\box72
\@tempa=\box73
\@tempa=\box74
\@tempa=\box75
\@tempa=\box76
\c@columnbadness=\count163
\c@finalcolumnbadness=\count164
\last@try=\dimen197
\multicolovershoot=\dimen198
\multicolundershoot=\dimen199
\mult@nat@firstbox=\box77
\colbreak@box=\box78
\mc@col@check@num=\count165
)
(/usr/share/texlive/texmf-dist/tex/latex/multirow/multirow.sty
Package: multirow 2016/11/25 v2.2 Span multiple rows of a table
\multirow@colwidth=\skip59
\multirow@cntb=\count166
\multirow@dima=\skip60
\bigstrutjot=\dimen256
)
(/usr/share/texlive/texmf-dist/tex/latex/appendix/appendix.sty
Package: appendix 2009/09/02 v1.2b extra appendix facilities
\c@@pps=\count167
\c@@ppsavesec=\count168
\c@@ppsaveapp=\count169
)
(/usr/share/texlive/texmf-dist/tex/latex/oberdiek/pdflscape.sty
Package: pdflscape 2016/05/14 v0.11 Display of landscape pages in PDF (HO)

(/usr/share/texlive/texmf-dist/tex/latex/graphics/lscape.sty
Package: lscape 2000/10/22 v3.01 Landscape Pages (DPC)
)
Package pdflscape Info: Auto-detected driver: pdftex on input line 81.
)
(/usr/share/texlive/texmf-dist/tex/latex/natbib/natbib.sty
Package: natbib 2010/09/13 8.31b (PWD, AO)
\bibhang=\skip61
\bibsep=\skip62
LaTeX Info: Redefining \cite on input line 694.
\c@NAT@ctr=\count170
)
(/usr/share/texlive/texmf-dist/tex/latex/graphics/rotating.sty
Package: rotating 2016/08/11 v2.16d rotated objects in LaTeX

(/usr/share/texlive/texmf-dist/tex/latex/base/ifthen.sty
Package: ifthen 2014/09/29 v1.1c Standard LaTeX ifthen package (DPC)
)
\c@r@tfl@t=\count171
\rotFPtop=\skip63
\rotFPbot=\skip64
\rot@float@box=\box79
\rot@mess@toks=\toks46
)
Package grfext Info: Graphics extension search list:
(grfext)             [.pdf,.png,.jpg,.mps,.jpeg,.jbig2,.jb2,.PDF,.PNG,.JPG,.JPE
G,.JBIG2,.JB2,.eps,.gif]
(grfext)             \AppendGraphicsExtensions on input line 34.
)
(/usr/share/texlive/texmf-dist/tex/latex/animate/animate.sty
Package: animate 2018/02/28 PDF animations from files and inline graphics

(/usr/share/texlive/texmf-dist/tex/latex/xkeyval/xkeyval.sty
Package: xkeyval 2014/12/03 v2.7a package option processing (HA)

(/usr/share/texlive/texmf-dist/tex/generic/xkeyval/xkeyval.tex
(/usr/share/texlive/texmf-dist/tex/generic/xkeyval/xkvutils.tex
\XKV@toks=\toks47
\XKV@tempa@toks=\toks48
)
\XKV@depth=\count172
File: xkeyval.tex 2014/12/03 v2.7a key=value parser (HA)
))
(/usr/share/texlive/texmf-dist/tex/latex/oberdiek/ifdraft.sty
Package: ifdraft 2016/05/16 v1.4 Detect class options draft and final (HO)
)
(/usr/share/texlive/texmf-dist/tex/latex/tools/calc.sty
Package: calc 2014/10/28 v4.3 Infix arithmetic (KKT,FJ)
\calc@Acount=\count173
\calc@Bcount=\count174
\calc@Adimen=\dimen257
\calc@Bdimen=\dimen258
\calc@Askip=\skip65
\calc@Bskip=\skip66
LaTeX Info: Redefining \setlength on input line 80.
LaTeX Info: Redefining \addtolength on input line 81.
\calc@Ccount=\count175
\calc@Cskip=\skip67
)
(/usr/share/texlive/texmf-dist/tex/latex/media9/pdfbase.sty
(/usr/share/texlive/texmf-dist/tex/latex/l3kernel/expl3.sty
Package: expl3 2018/02/21 L3 programming layer (loader) 

(/usr/share/texlive/texmf-dist/tex/latex/l3kernel/expl3-code.tex
Package: expl3 2018/02/21 L3 programming layer (code)
\c_max_int=\count176
\l_tmpa_int=\count177
\l_tmpb_int=\count178
\g_tmpa_int=\count179
\g_tmpb_int=\count180
\g__intarray_font_int=\count181
\g__prg_map_int=\count182
\c_log_iow=\count183
\l_iow_line_count_int=\count184
\l__iow_line_target_int=\count185
\l__iow_one_indent_int=\count186
\l__iow_indent_int=\count187
\c_zero_dim=\dimen259
\c_max_dim=\dimen260
\l_tmpa_dim=\dimen261
\l_tmpb_dim=\dimen262
\g_tmpa_dim=\dimen263
\g_tmpb_dim=\dimen264
\c_zero_skip=\skip68
\c_max_skip=\skip69
\l_tmpa_skip=\skip70
\l_tmpb_skip=\skip71
\g_tmpa_skip=\skip72
\g_tmpb_skip=\skip73
\c_zero_muskip=\muskip12
\c_max_muskip=\muskip13
\l_tmpa_muskip=\muskip14
\l_tmpb_muskip=\muskip15
\g_tmpa_muskip=\muskip16
\g_tmpb_muskip=\muskip17
\l_keys_choice_int=\count188
\c__fp_leading_shift_int=\count189
\c__fp_middle_shift_int=\count190
\c__fp_trailing_shift_int=\count191
\c__fp_big_leading_shift_int=\count192
\c__fp_big_middle_shift_int=\count193
\c__fp_big_trailing_shift_int=\count194
\c__fp_Bigg_leading_shift_int=\count195
\c__fp_Bigg_middle_shift_int=\count196
\c__fp_Bigg_trailing_shift_int=\count197
\c__fp_rand_size_int=\count198
\c__fp_rand_four_int=\count199
\c__fp_rand_eight_int=\count266
\l__sort_length_int=\count267
\l__sort_min_int=\count268
\l__sort_top_int=\count269
\l__sort_max_int=\count270
\l__sort_true_max_int=\count271
\l__sort_block_int=\count272
\l__sort_begin_int=\count273
\l__sort_end_int=\count274
\l__sort_A_int=\count275
\l__sort_B_int=\count276
\l__sort_C_int=\count277
\l__tl_build_start_index_int=\count278
\l__tl_build_index_int=\count279
\l__tl_analysis_normal_int=\count280
\l__tl_analysis_index_int=\count281
\l__tl_analysis_nesting_int=\count282
\l__tl_analysis_type_int=\count283
\l__regex_internal_a_int=\count284
\l__regex_internal_b_int=\count285
\l__regex_internal_c_int=\count286
\l__regex_balance_int=\count287
\l__regex_group_level_int=\count288
\l__regex_mode_int=\count289
\c__regex_cs_in_class_mode_int=\count290
\c__regex_cs_mode_int=\count291
\l__regex_catcodes_int=\count292
\l__regex_default_catcodes_int=\count293
\c__regex_catcode_D_int=\count294
\c__regex_catcode_S_int=\count295
\c__regex_catcode_L_int=\count296
\c__regex_catcode_O_int=\count297
\c__regex_catcode_A_int=\count298
\c__regex_all_catcodes_int=\count299
\l__regex_show_lines_int=\count300
\l__regex_min_state_int=\count301
\l__regex_max_state_int=\count302
\l__regex_left_state_int=\count303
\l__regex_right_state_int=\count304
\l__regex_capturing_group_int=\count305
\l__regex_min_pos_int=\count306
\l__regex_max_pos_int=\count307
\l__regex_curr_pos_int=\count308
\l__regex_start_pos_int=\count309
\l__regex_success_pos_int=\count310
\l__regex_curr_char_int=\count311
\l__regex_curr_catcode_int=\count312
\l__regex_last_char_int=\count313
\l__regex_case_changed_char_int=\count314
\l__regex_curr_state_int=\count315
\l__regex_step_int=\count316
\l__regex_min_active_int=\count317
\l__regex_max_active_int=\count318
\l__regex_replacement_csnames_int=\count319
\l__regex_match_count_int=\count320
\l__regex_min_submatch_int=\count321
\l__regex_submatch_int=\count322
\l__regex_zeroth_submatch_int=\count323
\g__regex_trace_regex_int=\count324
\c_empty_box=\box80
\l_tmpa_box=\box81
\l_tmpb_box=\box82
\g_tmpa_box=\box83
\g_tmpb_box=\box84
\l__box_top_dim=\dimen265
\l__box_bottom_dim=\dimen266
\l__box_left_dim=\dimen267
\l__box_right_dim=\dimen268
\l__box_top_new_dim=\dimen269
\l__box_bottom_new_dim=\dimen270
\l__box_left_new_dim=\dimen271
\l__box_right_new_dim=\dimen272
\l__box_internal_box=\box85
\l__coffin_internal_box=\box86
\l__coffin_internal_dim=\dimen273
\l__coffin_offset_x_dim=\dimen274
\l__coffin_offset_y_dim=\dimen275
\l__coffin_x_dim=\dimen276
\l__coffin_y_dim=\dimen277
\l__coffin_x_prime_dim=\dimen278
\l__coffin_y_prime_dim=\dimen279
\c_empty_coffin=\box87
\l__coffin_aligned_coffin=\box88
\l__coffin_aligned_internal_coffin=\box89
\l_tmpa_coffin=\box90
\l_tmpb_coffin=\box91
\l__coffin_display_coffin=\box92
\l__coffin_display_coord_coffin=\box93
\l__coffin_display_pole_coffin=\box94
\l__coffin_display_offset_dim=\dimen280
\l__coffin_display_x_dim=\dimen281
\l__coffin_display_y_dim=\dimen282
\l__coffin_bounding_shift_dim=\dimen283
\l__coffin_left_corner_dim=\dimen284
\l__coffin_right_corner_dim=\dimen285
\l__coffin_bottom_corner_dim=\dimen286
\l__coffin_top_corner_dim=\dimen287
\l__coffin_scaled_total_height_dim=\dimen288
\l__coffin_scaled_width_dim=\dimen289
)
(/usr/share/texlive/texmf-dist/tex/latex/l3kernel/l3pdfmode.def
File: l3pdfmode.def 2017/03/18 v L3 Experimental driver: PDF mode
\l__driver_color_stack_int=\count325
\l__driver_tmp_box=\box95
))
(/usr/share/texlive/texmf-dist/tex/latex/l3packages/l3keys2e/l3keys2e.sty
Package: l3keys2e 2018/02/21 LaTeX2e option processing using LaTeX3 keys
)
Package: pdfbase 2018/02/28 v0.21 driver independent access to low-level PDF fe
atures
\g_pbs_page_int=\count326
\g_pbs_oc_int=\count327
)
(/usr/share/texlive/texmf-dist/tex/latex/ocgx2/ocgbase.sty
Package: ocgbase 2017/09/29 v0.12 support package for ocgx2.sty
\g_ocgbase_nd_int=\count328
)
\@anim@box=\box96
\@anim@measbox=\box97
\@anim@tmpdima=\dimen290
\@anim@tmpdimb=\dimen291
\@anim@num=\count329
\@anim@curframe=\count330
\@anim@curframe@zb=\count331
\@anim@resizeflags=\count332
\@anim@skipfram=\count333
\@anim@mulframecnt=\count334
\@anim@@tmlnfile=\read2
\@anim@tmpcnt=\count335
\c@@anim@ltxcnt=\count336
\@anim@curlayer=\count337
\@anim@lineno=\count338
\@anim@curfield=\count339
\@anim@@resizeflags=\count340
)
(./2019_instrumentos_giroscopicos_presentacion.B.aux
LaTeX Info: Redefining \. on input line 29.
LaTeX Info: Redefining \% on input line 29.


LaTeX Warning: Label `sec:compas.giroscopico.autocorregido' multiply defined.

)
\openout1 = `2019_instrumentos_giroscopicos_presentacion.B.aux'.

LaTeX Font Info:    Checking defaults for OML/cmm/m/it on input line 42.
LaTeX Font Info:    ... okay on input line 42.
LaTeX Font Info:    Checking defaults for T1/cmr/m/n on input line 42.
LaTeX Font Info:    ... okay on input line 42.
LaTeX Font Info:    Checking defaults for OT1/cmr/m/n on input line 42.
LaTeX Font Info:    ... okay on input line 42.
LaTeX Font Info:    Checking defaults for OMS/cmsy/m/n on input line 42.
LaTeX Font Info:    ... okay on input line 42.
LaTeX Font Info:    Checking defaults for OMX/cmex/m/n on input line 42.
LaTeX Font Info:    ... okay on input line 42.
LaTeX Font Info:    Checking defaults for U/cmr/m/n on input line 42.
LaTeX Font Info:    ... okay on input line 42.
LaTeX Font Info:    Checking defaults for PD1/pdf/m/n on input line 42.
LaTeX Font Info:    ... okay on input line 42.

*geometry* driver: auto-detecting
*geometry* detected driver: pdftex
*geometry* verbose mode - [ preamble ] result:
* driver: pdftex
* paper: custom
* layout: <same size as paper>
* layoutoffset:(h,v)=(0.0pt,0.0pt)
* modes: includehead includefoot 
* h-part:(L,W,R)=(28.45274pt, 307.28987pt, 28.45274pt)
* v-part:(T,H,B)=(0.0pt, 273.14662pt, 0.0pt)
* \paperwidth=364.19536pt
* \paperheight=273.14662pt
* \textwidth=307.28987pt
* \textheight=244.6939pt
* \oddsidemargin=-43.81725pt
* \evensidemargin=-43.81725pt
* \topmargin=-72.26999pt
* \headheight=14.22636pt
* \headsep=0.0pt
* \topskip=9.0pt
* \footskip=14.22636pt
* \marginparwidth=4.0pt
* \marginparsep=10.0pt
* \columnsep=10.0pt
* \skip\footins=7.0pt plus 4.0pt minus 2.0pt
* \hoffset=0.0pt
* \voffset=0.0pt
* \mag=1000
* \@twocolumnfalse
* \@twosidefalse
* \@mparswitchfalse
* \@reversemarginfalse
* (1in=72.27pt=25.4mm, 1cm=28.453pt)

(/usr/share/texlive/texmf-dist/tex/context/base/mkii/supp-pdf.mkii
[Loading MPS to PDF converter (version 2006.09.02).]
\scratchcounter=\count341
\scratchdimen=\dimen292
\scratchbox=\box98
\nofMPsegments=\count342
\nofMParguments=\count343
\everyMPshowfont=\toks49
\MPscratchCnt=\count344
\MPscratchDim=\dimen293
\MPnumerator=\count345
\makeMPintoPDFobject=\count346
\everyMPtoPDFconversion=\toks50
) ABD: EveryShipout initializing macros
\AtBeginShipoutBox=\box99
Package hyperref Info: Link coloring OFF on input line 42.

(/usr/share/texlive/texmf-dist/tex/latex/hyperref/nameref.sty
Package: nameref 2016/05/21 v2.44 Cross-referencing by name of section

(/usr/share/texlive/texmf-dist/tex/generic/oberdiek/gettitlestring.sty
Package: gettitlestring 2016/05/16 v1.5 Cleanup title references (HO)
)
\c@section@level=\count347
)
LaTeX Info: Redefining \ref on input line 42.
LaTeX Info: Redefining \pageref on input line 42.
LaTeX Info: Redefining \nameref on input line 42.

(./2019_instrumentos_giroscopicos_presentacion.B.out)
(./2019_instrumentos_giroscopicos_presentacion.B.out)
\@outlinefile=\write5
\openout5 = `2019_instrumentos_giroscopicos_presentacion.B.out'.

LaTeX Font Info:    Overwriting symbol font `operators' in version `normal'
(Font)                  OT1/cmr/m/n --> OT1/cmss/m/n on input line 42.
LaTeX Font Info:    Overwriting symbol font `operators' in version `bold'
(Font)                  OT1/cmr/bx/n --> OT1/cmss/bx/n on input line 42.
\symnumbers=\mathgroup6
\sympureletters=\mathgroup7
LaTeX Font Info:    Overwriting math alphabet `\mathrm' in version `normal'
(Font)                  OT1/cmss/m/n --> OT1/cmr/m/n on input line 42.
LaTeX Font Info:    Redeclaring math alphabet \mathbf on input line 42.
LaTeX Font Info:    Overwriting math alphabet `\mathbf' in version `normal'
(Font)                  OT1/cmr/bx/n --> OT1/cmss/bx/n on input line 42.
LaTeX Font Info:    Overwriting math alphabet `\mathbf' in version `bold'
(Font)                  OT1/cmr/bx/n --> OT1/cmss/bx/n on input line 42.
LaTeX Font Info:    Redeclaring math alphabet \mathsf on input line 42.
LaTeX Font Info:    Overwriting math alphabet `\mathsf' in version `normal'
(Font)                  OT1/cmss/m/n --> OT1/cmss/m/n on input line 42.
LaTeX Font Info:    Overwriting math alphabet `\mathsf' in version `bold'
(Font)                  OT1/cmss/bx/n --> OT1/cmss/m/n on input line 42.
LaTeX Font Info:    Redeclaring math alphabet \mathit on input line 42.
LaTeX Font Info:    Overwriting math alphabet `\mathit' in version `normal'
(Font)                  OT1/cmr/m/it --> OT1/cmss/m/it on input line 42.
LaTeX Font Info:    Overwriting math alphabet `\mathit' in version `bold'
(Font)                  OT1/cmr/bx/it --> OT1/cmss/m/it on input line 42.
LaTeX Font Info:    Redeclaring math alphabet \mathtt on input line 42.
LaTeX Font Info:    Overwriting math alphabet `\mathtt' in version `normal'
(Font)                  OT1/cmtt/m/n --> OT1/cmtt/m/n on input line 42.
LaTeX Font Info:    Overwriting math alphabet `\mathtt' in version `bold'
(Font)                  OT1/cmtt/m/n --> OT1/cmtt/m/n on input line 42.
LaTeX Font Info:    Overwriting symbol font `numbers' in version `bold'
(Font)                  OT1/cmss/m/n --> OT1/cmss/bx/n on input line 42.
LaTeX Font Info:    Overwriting symbol font `pureletters' in version `bold'
(Font)                  OT1/cmss/m/it --> OT1/cmss/bx/it on input line 42.
LaTeX Font Info:    Overwriting math alphabet `\mathrm' in version `bold'
(Font)                  OT1/cmss/bx/n --> OT1/cmr/bx/n on input line 42.
LaTeX Font Info:    Overwriting math alphabet `\mathbf' in version `bold'
(Font)                  OT1/cmss/bx/n --> OT1/cmss/bx/n on input line 42.
LaTeX Font Info:    Overwriting math alphabet `\mathsf' in version `bold'
(Font)                  OT1/cmss/m/n --> OT1/cmss/bx/n on input line 42.
LaTeX Font Info:    Overwriting math alphabet `\mathit' in version `bold'
(Font)                  OT1/cmss/m/it --> OT1/cmss/bx/it on input line 42.
LaTeX Font Info:    Overwriting math alphabet `\mathtt' in version `bold'
(Font)                  OT1/cmtt/m/n --> OT1/cmtt/bx/n on input line 42.

(/usr/share/texlive/texmf-dist/tex/latex/translator/translator-basic-dictionary
-English.dict
Dictionary: translator-basic-dictionary, Language: English 
)
(/usr/share/texlive/texmf-dist/tex/latex/translator/translator-bibliography-dic
tionary-English.dict
Dictionary: translator-bibliography-dictionary, Language: English 
)
(/usr/share/texlive/texmf-dist/tex/latex/translator/translator-environment-dict
ionary-English.dict
Dictionary: translator-environment-dictionary, Language: English 
)
(/usr/share/texlive/texmf-dist/tex/latex/translator/translator-months-dictionar
y-English.dict
Dictionary: translator-months-dictionary, Language: English 
)
(/usr/share/texlive/texmf-dist/tex/latex/translator/translator-numbers-dictiona
ry-English.dict
Dictionary: translator-numbers-dictionary, Language: English 
)
(/usr/share/texlive/texmf-dist/tex/latex/translator/translator-theorem-dictiona
ry-English.dict
Dictionary: translator-theorem-dictionary, Language: English 
)
LaTeX Info: Redefining \. on input line 42.
LaTeX Info: Redefining \% on input line 42.
 (./2019_instrumentos_giroscopicos_presentacion.B.nav)
Overfull \hbox (10.28806pt too wide) detected at line 42
  []\OT1/cmss/m/n/5 Comp^^Sas girosc^^Sopico auto-corregido, indicador con gir^
^Soscopo integrado, y remoto.[] 
 []


Overfull \vbox (1.36124pt too high) detected at line 42
 []

<../imagenes/logos/400-anios.png, id=72, 183.68625pt x 332.24126pt>
File: ../imagenes/logos/400-anios.png Graphic file (type png)
<use ../imagenes/logos/400-anios.png>
Package pdftex.def Info: ../imagenes/logos/400-anios.png  used on input line 47
.
(pdftex.def)             Requested size: 23.59415pt x 42.67912pt.
<../imagenes/logos/logoUNC.png, id=74, 399.6531pt x 126.9543pt>
File: ../imagenes/logos/logoUNC.png Graphic file (type png)
<use ../imagenes/logos/logoUNC.png>
Package pdftex.def Info: ../imagenes/logos/logoUNC.png  used on input line 47.
(pdftex.def)             Requested size: 89.56436pt x 28.45274pt.
<../imagenes/logos/fcefyn.png, id=75, 1112.155pt x 562.1pt>
File: ../imagenes/logos/fcefyn.png Graphic file (type png)
<use ../imagenes/logos/fcefyn.png>
Package pdftex.def Info: ../imagenes/logos/fcefyn.png  used on input line 47.
(pdftex.def)             Requested size: 56.28981pt x 28.45274pt.
<../imagenes/logos/dpto-aero-logo.png, id=76, 508.90125pt x 190.7125pt>
File: ../imagenes/logos/dpto-aero-logo.png Graphic file (type png)
<use ../imagenes/logos/dpto-aero-logo.png>
Package pdftex.def Info: ../imagenes/logos/dpto-aero-logo.png  used on input li
ne 47.
(pdftex.def)             Requested size: 75.92033pt x 28.45274pt.
[1

{/var/lib/texmf/fonts/map/pdftex/updmap/pdftex.map} <../imagenes/logos/400-anio
s.png> <../imagenes/logos/logoUNC.png> <../imagenes/logos/fcefyn.png> <../image
nes/logos/dpto-aero-logo.png>]
(./05.instrumentos.giroscopicos.tex/05.01.propiedades.v2019.tex
<05.instrumentos.giroscopicos.imagenes/05.01.movimientos/foucault.jpg, id=110, 
416.55624pt x 552.0625pt>
File: 05.instrumentos.giroscopicos.imagenes/05.01.movimientos/foucault.jpg Grap
hic file (type jpg)
<use 05.instrumentos.giroscopicos.imagenes/05.01.movimientos/foucault.jpg>
Package pdftex.def Info: 05.instrumentos.giroscopicos.imagenes/05.01.movimiento
s/foucault.jpg  used on input line 42.
(pdftex.def)             Requested size: 64.53123pt x 85.51825pt.
<05.instrumentos.giroscopicos.imagenes/05.01.movimientos/foucault_giroscopo_wik
i.jpg, id=111, 803.0pt x 1189.44376pt>
File: 05.instrumentos.giroscopicos.imagenes/05.01.movimientos/foucault_giroscop
o_wiki.jpg Graphic file (type jpg)
<use 05.instrumentos.giroscopicos.imagenes/05.01.movimientos/foucault_giroscopo
_wiki.jpg>
Package pdftex.def Info: 05.instrumentos.giroscopicos.imagenes/05.01.movimiento
s/foucault_giroscopo_wiki.jpg  used on input line 42.
(pdftex.def)             Requested size: 64.53123pt x 95.57487pt.
LaTeX Font Info:    Try loading font information for U+msa on input line 42.

(/usr/share/texlive/texmf-dist/tex/latex/amsfonts/umsa.fd
File: umsa.fd 2013/01/14 v3.01 AMS symbols A
)
LaTeX Font Info:    Try loading font information for U+msb on input line 42.

(/usr/share/texlive/texmf-dist/tex/latex/amsfonts/umsb.fd
File: umsb.fd 2013/01/14 v3.01 AMS symbols B
)
Overfull \hbox (10.52298pt too wide) has occurred while \output is active
  []\OT1/cmss/m/n/5 Comp^^Sas girosc^^Sopico auto-corregido, indicador con gir^
^Soscopo integrado, y remoto.[] 
 []


Overfull \vbox (1.36124pt too high) has occurred while \output is active []


[2

 <./05.instrumentos.giroscopicos.imagenes/05.01.movimientos/foucault.jpg> <./05
.instrumentos.giroscopicos.imagenes/05.01.movimientos/foucault_giroscopo_wiki.j
pg>]
<05.IyA.imagenes/Video.png, id=162, 513.92pt x 513.92pt>
File: 05.IyA.imagenes/Video.png Graphic file (type png)
<use 05.IyA.imagenes/Video.png>
Package pdftex.def Info: 05.IyA.imagenes/Video.png  used on input line 82.
(pdftex.def)             Requested size: 30.73085pt x 30.72408pt.

Overfull \hbox (10.52298pt too wide) has occurred while \output is active
  []\OT1/cmss/m/n/5 Comp^^Sas girosc^^Sopico auto-corregido, indicador con gir^
^Soscopo integrado, y remoto.[] 
 []


Overfull \vbox (1.36124pt too high) has occurred while \output is active []


[3

 <./05.IyA.imagenes/Video.png>]
Overfull \hbox (10.52298pt too wide) has occurred while \output is active
  []\OT1/cmss/m/n/5 Comp^^Sas girosc^^Sopico auto-corregido, indicador con gir^
^Soscopo integrado, y remoto.[] 
 []


Overfull \vbox (1.36124pt too high) has occurred while \output is active []


[4

]
File: 05.IyA.imagenes/Video.png Graphic file (type png)
<use 05.IyA.imagenes/Video.png>
Package pdftex.def Info: 05.IyA.imagenes/Video.png  used on input line 128.
(pdftex.def)             Requested size: 30.73085pt x 30.72408pt.
File: 05.IyA.imagenes/Video.png Graphic file (type png)
<use 05.IyA.imagenes/Video.png>
Package pdftex.def Info: 05.IyA.imagenes/Video.png  used on input line 128.
(pdftex.def)             Requested size: 30.73085pt x 30.72408pt.
File: 05.IyA.imagenes/Video.png Graphic file (type png)
<use 05.IyA.imagenes/Video.png>
Package pdftex.def Info: 05.IyA.imagenes/Video.png  used on input line 128.
(pdftex.def)             Requested size: 30.73085pt x 30.72408pt.
File: 05.IyA.imagenes/Video.png Graphic file (type png)
<use 05.IyA.imagenes/Video.png>
Package pdftex.def Info: 05.IyA.imagenes/Video.png  used on input line 128.
(pdftex.def)             Requested size: 30.73085pt x 30.72408pt.
File: 05.IyA.imagenes/Video.png Graphic file (type png)
<use 05.IyA.imagenes/Video.png>
Package pdftex.def Info: 05.IyA.imagenes/Video.png  used on input line 128.
(pdftex.def)             Requested size: 30.73085pt x 30.72408pt.

Overfull \hbox (10.52298pt too wide) has occurred while \output is active
  []\OT1/cmss/m/n/5 Comp^^Sas girosc^^Sopico auto-corregido, indicador con gir^
^Soscopo integrado, y remoto.[] 
 []


Overfull \vbox (1.36124pt too high) has occurred while \output is active []


[5

]) (./05.instrumentos.giroscopicos.tex/05.02.indicadores.viraje.v2019.tex
<05.instrumentos.giroscopicos.imagenes/05.02.indicadores.viraje.imagenes/indica
dor_giro_viraje.png, id=267, 727.71875pt x 306.14375pt>
File: 05.instrumentos.giroscopicos.imagenes/05.02.indicadores.viraje.imagenes/i
ndicador_giro_viraje.png Graphic file (type png)
<use 05.instrumentos.giroscopicos.imagenes/05.02.indicadores.viraje.imagenes/in
dicador_giro_viraje.png>
Package pdftex.def Info: 05.instrumentos.giroscopicos.imagenes/05.02.indicadore
s.viraje.imagenes/indicador_giro_viraje.png  used on input line 19.
(pdftex.def)             Requested size: 291.92444pt x 122.81035pt.

Overfull \hbox (10.52298pt too wide) has occurred while \output is active
  []\OT1/cmss/m/n/5 Comp^^Sas girosc^^Sopico auto-corregido, indicador con gir^
^Soscopo integrado, y remoto.[] 
 []


Overfull \vbox (1.36124pt too high) has occurred while \output is active []


[6

 <./05.instrumentos.giroscopicos.imagenes/05.02.indicadores.viraje.imagenes/ind
icador_giro_viraje.png>]
<05.instrumentos.giroscopicos.imagenes/05.02.indicadores.viraje.imagenes/indica
dor_viraje_01.png, id=306, 333.49594pt x 231.11343pt>
File: 05.instrumentos.giroscopicos.imagenes/05.02.indicadores.viraje.imagenes/i
ndicador_viraje_01.png Graphic file (type png)
<use 05.instrumentos.giroscopicos.imagenes/05.02.indicadores.viraje.imagenes/in
dicador_viraje_01.png>
Package pdftex.def Info: 05.instrumentos.giroscopicos.imagenes/05.02.indicadore
s.viraje.imagenes/indicador_viraje_01.png  used on input line 37.
(pdftex.def)             Requested size: 138.2795pt x 95.82918pt.
<05.instrumentos.giroscopicos.imagenes/05.02.indicadores.viraje.imagenes/indica
dor_viraje_02.png, id=307, 352.31625pt x 231.86626pt>
File: 05.instrumentos.giroscopicos.imagenes/05.02.indicadores.viraje.imagenes/i
ndicador_viraje_02.png Graphic file (type png)
<use 05.instrumentos.giroscopicos.imagenes/05.02.indicadores.viraje.imagenes/in
dicador_viraje_02.png>
Package pdftex.def Info: 05.instrumentos.giroscopicos.imagenes/05.02.indicadore
s.viraje.imagenes/indicador_viraje_02.png  used on input line 37.
(pdftex.def)             Requested size: 138.2795pt x 91.00415pt.

Overfull \hbox (10.52298pt too wide) has occurred while \output is active
  []\OT1/cmss/m/n/5 Comp^^Sas girosc^^Sopico auto-corregido, indicador con gir^
^Soscopo integrado, y remoto.[] 
 []


Overfull \vbox (1.36124pt too high) has occurred while \output is active []


[7

 <./05.instrumentos.giroscopicos.imagenes/05.02.indicadores.viraje.imagenes/ind
icador_viraje_01.png> <./05.instrumentos.giroscopicos.imagenes/05.02.indicadore
s.viraje.imagenes/indicador_viraje_02.png>]
<05.instrumentos.giroscopicos.imagenes/05.02.indicadores.viraje.imagenes/indica
dor_viraje_03.jpg, id=342, 372.64218pt x 173.89969pt>
File: 05.instrumentos.giroscopicos.imagenes/05.02.indicadores.viraje.imagenes/i
ndicador_viraje_03.jpg Graphic file (type jpg)
<use 05.instrumentos.giroscopicos.imagenes/05.02.indicadores.viraje.imagenes/in
dicador_viraje_03.jpg>
Package pdftex.def Info: 05.instrumentos.giroscopicos.imagenes/05.02.indicadore
s.viraje.imagenes/indicador_viraje_03.jpg  used on input line 44.
(pdftex.def)             Requested size: 261.19826pt x 121.8961pt.

Overfull \hbox (10.52298pt too wide) has occurred while \output is active
  []\OT1/cmss/m/n/5 Comp^^Sas girosc^^Sopico auto-corregido, indicador con gir^
^Soscopo integrado, y remoto.[] 
 []


Overfull \vbox (1.36124pt too high) has occurred while \output is active []


[8

 <./05.instrumentos.giroscopicos.imagenes/05.02.indicadores.viraje.imagenes/ind
icador_viraje_03.jpg>]
<05.instrumentos.giroscopicos.imagenes/05.02.indicadores.viraje.imagenes/coordi
nador-de-virajes-1.jpg, id=376, 501.875pt x 442.65375pt>
File: 05.instrumentos.giroscopicos.imagenes/05.02.indicadores.viraje.imagenes/c
oordinador-de-virajes-1.jpg Graphic file (type jpg)
<use 05.instrumentos.giroscopicos.imagenes/05.02.indicadores.viraje.imagenes/co
ordinador-de-virajes-1.jpg>
Package pdftex.def Info: 05.instrumentos.giroscopicos.imagenes/05.02.indicadore
s.viraje.imagenes/coordinador-de-virajes-1.jpg  used on input line 64.
(pdftex.def)             Requested size: 138.2795pt x 121.96317pt.
<05.instrumentos.giroscopicos.imagenes/05.02.indicadores.viraje.imagenes/coordi
nador-de-virajes-2.jpg, id=377, 501.875pt x 219.82124pt>
File: 05.instrumentos.giroscopicos.imagenes/05.02.indicadores.viraje.imagenes/c
oordinador-de-virajes-2.jpg Graphic file (type jpg)
<use 05.instrumentos.giroscopicos.imagenes/05.02.indicadores.viraje.imagenes/co
ordinador-de-virajes-2.jpg>
Package pdftex.def Info: 05.instrumentos.giroscopicos.imagenes/05.02.indicadore
s.viraje.imagenes/coordinador-de-virajes-2.jpg  used on input line 64.
(pdftex.def)             Requested size: 138.2795pt x 60.56674pt.
<05.instrumentos.giroscopicos.imagenes/05.02.indicadores.viraje.imagenes/coordi
nador_viraje.jpg, id=378, 301.125pt x 301.125pt>
File: 05.instrumentos.giroscopicos.imagenes/05.02.indicadores.viraje.imagenes/c
oordinador_viraje.jpg Graphic file (type jpg)
<use 05.instrumentos.giroscopicos.imagenes/05.02.indicadores.viraje.imagenes/co
ordinador_viraje.jpg>
Package pdftex.def Info: 05.instrumentos.giroscopicos.imagenes/05.02.indicadore
s.viraje.imagenes/coordinador_viraje.jpg  used on input line 64.
(pdftex.def)             Requested size: 55.31094pt x 55.3075pt.

Overfull \hbox (10.52298pt too wide) has occurred while \output is active
  []\OT1/cmss/m/n/5 Comp^^Sas girosc^^Sopico auto-corregido, indicador con gir^
^Soscopo integrado, y remoto.[] 
 []


Overfull \vbox (1.36124pt too high) has occurred while \output is active []


[9

 <./05.instrumentos.giroscopicos.imagenes/05.02.indicadores.viraje.imagenes/coo
rdinador-de-virajes-1.jpg> <./05.instrumentos.giroscopicos.imagenes/05.02.indic
adores.viraje.imagenes/coordinador-de-virajes-2.jpg> <./05.instrumentos.girosco
picos.imagenes/05.02.indicadores.viraje.imagenes/coordinador_viraje.jpg>]
<05.instrumentos.giroscopicos.imagenes/05.02.indicadores.viraje.imagenes/coordi
nador_viraje_02.png, id=413, 362.85562pt x 254.45062pt>
File: 05.instrumentos.giroscopicos.imagenes/05.02.indicadores.viraje.imagenes/c
oordinador_viraje_02.png Graphic file (type png)
<use 05.instrumentos.giroscopicos.imagenes/05.02.indicadores.viraje.imagenes/co
ordinador_viraje_02.png>
Package pdftex.def Info: 05.instrumentos.giroscopicos.imagenes/05.02.indicadore
s.viraje.imagenes/coordinador_viraje_02.png  used on input line 76.
(pdftex.def)             Requested size: 199.73653pt x 140.06474pt.
File: 05.IyA.imagenes/Video.png Graphic file (type png)
<use 05.IyA.imagenes/Video.png>
Package pdftex.def Info: 05.IyA.imagenes/Video.png  used on input line 76.
(pdftex.def)             Requested size: 30.73085pt x 30.72408pt.

Overfull \hbox (10.52298pt too wide) has occurred while \output is active
  []\OT1/cmss/m/n/5 Comp^^Sas girosc^^Sopico auto-corregido, indicador con gir^
^Soscopo integrado, y remoto.[] 
 []


Overfull \vbox (1.36124pt too high) has occurred while \output is active []


[10

 <./05.instrumentos.giroscopicos.imagenes/05.02.indicadores.viraje.imagenes/coo
rdinador_viraje_02.png>]
<05.instrumentos.giroscopicos.imagenes/05.02.indicadores.viraje.imagenes/slippi
ng_skidding.jpg, id=447, 695.59875pt x 532.99126pt>
File: 05.instrumentos.giroscopicos.imagenes/05.02.indicadores.viraje.imagenes/s
lipping_skidding.jpg Graphic file (type jpg)
<use 05.instrumentos.giroscopicos.imagenes/05.02.indicadores.viraje.imagenes/sl
ipping_skidding.jpg>
Package pdftex.def Info: 05.instrumentos.giroscopicos.imagenes/05.02.indicadore
s.viraje.imagenes/slipping_skidding.jpg  used on input line 81.
(pdftex.def)             Requested size: 230.46739pt x 176.58707pt.

Overfull \hbox (10.52298pt too wide) has occurred while \output is active
  []\OT1/cmss/m/n/5 Comp^^Sas girosc^^Sopico auto-corregido, indicador con gir^
^Soscopo integrado, y remoto.[] 
 []


Overfull \vbox (1.36124pt too high) has occurred while \output is active []


[11

 <./05.instrumentos.giroscopicos.imagenes/05.02.indicadores.viraje.imagenes/sli
pping_skidding.jpg>])
(./05.instrumentos.giroscopicos.tex/05.03.indicadores.actitud.2.ejes.v2019.tex
Overfull \hbox (10.52298pt too wide) has occurred while \output is active
  []\OT1/cmss/m/n/5 Comp^^Sas girosc^^Sopico auto-corregido, indicador con gir^
^Soscopo integrado, y remoto.[] 
 []


Overfull \vbox (1.36124pt too high) has occurred while \output is active []


[12

]) (./05.instrumentos.giroscopicos.tex/05.04.magnetismo.terrestre.v2019.tex
File: 05.IyA.imagenes/Video.png Graphic file (type png)
<use 05.IyA.imagenes/Video.png>
Package pdftex.def Info: 05.IyA.imagenes/Video.png  used on input line 26.
(pdftex.def)             Requested size: 13.82762pt x 13.82504pt.
File: 05.IyA.imagenes/Video.png Graphic file (type png)
<use 05.IyA.imagenes/Video.png>
Package pdftex.def Info: 05.IyA.imagenes/Video.png  used on input line 26.
(pdftex.def)             Requested size: 13.82762pt x 13.82504pt.
File: 05.IyA.imagenes/Video.png Graphic file (type png)
<use 05.IyA.imagenes/Video.png>
Package pdftex.def Info: 05.IyA.imagenes/Video.png  used on input line 26.
(pdftex.def)             Requested size: 13.82762pt x 13.82504pt.
<05.instrumentos.giroscopicos.imagenes/05.04.MagnetismoTerrestre/05-04-campo-ma
gnetico-terrestre.jpg, id=518, 702.625pt x 395.4775pt>
File: 05.instrumentos.giroscopicos.imagenes/05.04.MagnetismoTerrestre/05-04-cam
po-magnetico-terrestre.jpg Graphic file (type jpg)
<use 05.instrumentos.giroscopicos.imagenes/05.04.MagnetismoTerrestre/05-04-camp
o-magnetico-terrestre.jpg>
Package pdftex.def Info: 05.instrumentos.giroscopicos.imagenes/05.04.Magnetismo
Terrestre/05-04-campo-magnetico-terrestre.jpg  used on input line 26.
(pdftex.def)             Requested size: 215.10196pt x 121.07002pt.

Overfull \hbox (10.52298pt too wide) has occurred while \output is active
  []\OT1/cmss/m/n/5 Comp^^Sas girosc^^Sopico auto-corregido, indicador con gir^
^Soscopo integrado, y remoto.[] 
 []


Overfull \vbox (1.36124pt too high) has occurred while \output is active []


[13

 <./05.instrumentos.giroscopicos.imagenes/05.04.MagnetismoTerrestre/05-04-campo
-magnetico-terrestre.jpg>]
Overfull \hbox (10.52298pt too wide) has occurred while \output is active
  []\OT1/cmss/m/n/5 Comp^^Sas girosc^^Sopico auto-corregido, indicador con gir^
^Soscopo integrado, y remoto.[] 
 []


Overfull \vbox (1.36124pt too high) has occurred while \output is active []


[14

]
<05.instrumentos.giroscopicos.imagenes/05.04.MagnetismoTerrestre/05-04-auroras.
jpg, id=595, 667.49374pt x 401.5pt>
File: 05.instrumentos.giroscopicos.imagenes/05.04.MagnetismoTerrestre/05-04-aur
oras.jpg Graphic file (type jpg)
<use 05.instrumentos.giroscopicos.imagenes/05.04.MagnetismoTerrestre/05-04-auro
ras.jpg>
Package pdftex.def Info: 05.instrumentos.giroscopicos.imagenes/05.04.Magnetismo
Terrestre/05-04-auroras.jpg  used on input line 79.
(pdftex.def)             Requested size: 122.91406pt x 73.93326pt.
<05.instrumentos.giroscopicos.imagenes/05.04.MagnetismoTerrestre/05-04-cola-del
-campo-magnetico.jpeg, id=596, 681.54625pt x 401.5pt>
File: 05.instrumentos.giroscopicos.imagenes/05.04.MagnetismoTerrestre/05-04-col
a-del-campo-magnetico.jpeg Graphic file (type jpg)
<use 05.instrumentos.giroscopicos.imagenes/05.04.MagnetismoTerrestre/05-04-cola
-del-campo-magnetico.jpeg>
Package pdftex.def Info: 05.instrumentos.giroscopicos.imagenes/05.04.Magnetismo
Terrestre/05-04-cola-del-campo-magnetico.jpeg  used on input line 79.
(pdftex.def)             Requested size: 122.91406pt x 72.40778pt.
<05.instrumentos.giroscopicos.imagenes/05.04.MagnetismoTerrestre/05-04-polos-de
-la-tierra.jpg, id=597, 401.5pt x 401.5pt>
File: 05.instrumentos.giroscopicos.imagenes/05.04.MagnetismoTerrestre/05-04-pol
os-de-la-tierra.jpg Graphic file (type jpg)
<use 05.instrumentos.giroscopicos.imagenes/05.04.MagnetismoTerrestre/05-04-polo
s-de-la-tierra.jpg>
Package pdftex.def Info: 05.instrumentos.giroscopicos.imagenes/05.04.Magnetismo
Terrestre/05-04-polos-de-la-tierra.jpg  used on input line 79.
(pdftex.def)             Requested size: 122.91406pt x 122.91373pt.

Overfull \hbox (10.52298pt too wide) has occurred while \output is active
  []\OT1/cmss/m/n/5 Comp^^Sas girosc^^Sopico auto-corregido, indicador con gir^
^Soscopo integrado, y remoto.[] 
 []


Overfull \vbox (1.36124pt too high) has occurred while \output is active []


[15

 <./05.instrumentos.giroscopicos.imagenes/05.04.MagnetismoTerrestre/05-04-auror
as.jpg> <./05.instrumentos.giroscopicos.imagenes/05.04.MagnetismoTerrestre/05-0
4-cola-del-campo-magnetico.jpeg> <./05.instrumentos.giroscopicos.imagenes/05.04
.MagnetismoTerrestre/05-04-polos-de-la-tierra.jpg>]
<05.instrumentos.giroscopicos.imagenes/05.04.MagnetismoTerrestre/05-04-desviaci
on_polos.png, id=633, 301.125pt x 364.36125pt>
File: 05.instrumentos.giroscopicos.imagenes/05.04.MagnetismoTerrestre/05-04-des
viacion_polos.png Graphic file (type png)
<use 05.instrumentos.giroscopicos.imagenes/05.04.MagnetismoTerrestre/05-04-desv
iacion_polos.png>
Package pdftex.def Info: 05.instrumentos.giroscopicos.imagenes/05.04.Magnetismo
Terrestre/05-04-desviacion_polos.png  used on input line 114.
(pdftex.def)             Requested size: 92.1879pt x 111.54977pt.

Overfull \hbox (10.52298pt too wide) has occurred while \output is active
  []\OT1/cmss/m/n/5 Comp^^Sas girosc^^Sopico auto-corregido, indicador con gir^
^Soscopo integrado, y remoto.[] 
 []


Overfull \vbox (1.36124pt too high) has occurred while \output is active []


[16

 <./05.instrumentos.giroscopicos.imagenes/05.04.MagnetismoTerrestre/05-04-desvi
acion_polos.png>]
Overfull \hbox (10.52298pt too wide) has occurred while \output is active
  []\OT1/cmss/m/n/5 Comp^^Sas girosc^^Sopico auto-corregido, indicador con gir^
^Soscopo integrado, y remoto.[] 
 []


Overfull \vbox (1.36124pt too high) has occurred while \output is active []


[17

]

pdfTeX warning: pdflatex (file ./05.instrumentos.giroscopicos.imagenes/05.04.Ma
gnetismoTerrestre/05-04-mapa_intensidad.pdf): PDF inclusion: found PDF version 
<1.7>, but at most version <1.5> allowed
<05.instrumentos.giroscopicos.imagenes/05.04.MagnetismoTerrestre/05-04-mapa_int
ensidad.pdf, id=701, 2601.72pt x 1734.48pt>
File: 05.instrumentos.giroscopicos.imagenes/05.04.MagnetismoTerrestre/05-04-map
a_intensidad.pdf Graphic file (type pdf)
<use 05.instrumentos.giroscopicos.imagenes/05.04.MagnetismoTerrestre/05-04-mapa
_intensidad.pdf>
Package pdftex.def Info: 05.instrumentos.giroscopicos.imagenes/05.04.Magnetismo
Terrestre/05-04-mapa_intensidad.pdf  used on input line 137.
(pdftex.def)             Requested size: 307.28987pt x 204.84683pt.

Overfull \hbox (10.52298pt too wide) has occurred while \output is active
  []\OT1/cmss/m/n/5 Comp^^Sas girosc^^Sopico auto-corregido, indicador con gir^
^Soscopo integrado, y remoto.[] 
 []


Overfull \vbox (1.36124pt too high) has occurred while \output is active []


[18

 <./05.instrumentos.giroscopicos.imagenes/05.04.MagnetismoTerrestre/05-04-mapa_
intensidad.pdf>]

pdfTeX warning: pdflatex (file ./05.instrumentos.giroscopicos.imagenes/05.04.Ma
gnetismoTerrestre/05-04-mapa_inclinacion.pdf): PDF inclusion: found PDF version
 <1.7>, but at most version <1.5> allowed
<05.instrumentos.giroscopicos.imagenes/05.04.MagnetismoTerrestre/05-04-mapa_inc
linacion.pdf, id=929, 2601.72pt x 1734.48pt>
File: 05.instrumentos.giroscopicos.imagenes/05.04.MagnetismoTerrestre/05-04-map
a_inclinacion.pdf Graphic file (type pdf)
<use 05.instrumentos.giroscopicos.imagenes/05.04.MagnetismoTerrestre/05-04-mapa
_inclinacion.pdf>
Package pdftex.def Info: 05.instrumentos.giroscopicos.imagenes/05.04.Magnetismo
Terrestre/05-04-mapa_inclinacion.pdf  used on input line 143.
(pdftex.def)             Requested size: 307.28987pt x 204.84683pt.

Overfull \hbox (10.52298pt too wide) has occurred while \output is active
  []\OT1/cmss/m/n/5 Comp^^Sas girosc^^Sopico auto-corregido, indicador con gir^
^Soscopo integrado, y remoto.[] 
 []


Overfull \vbox (1.36124pt too high) has occurred while \output is active []


[19

 <./05.instrumentos.giroscopicos.imagenes/05.04.MagnetismoTerrestre/05-04-mapa_
inclinacion.pdf>]

pdfTeX warning: pdflatex (file ./05.instrumentos.giroscopicos.imagenes/05.04.Ma
gnetismoTerrestre/05-04-mapa_declinacion_2019.pdf): PDF inclusion: found PDF ve
rsion <1.7>, but at most version <1.5> allowed
<05.instrumentos.giroscopicos.imagenes/05.04.MagnetismoTerrestre/05-04-mapa_dec
linacion_2019.pdf, id=1160, 2601.72pt x 1734.48pt>
File: 05.instrumentos.giroscopicos.imagenes/05.04.MagnetismoTerrestre/05-04-map
a_declinacion_2019.pdf Graphic file (type pdf)
<use 05.instrumentos.giroscopicos.imagenes/05.04.MagnetismoTerrestre/05-04-mapa
_declinacion_2019.pdf>
Package pdftex.def Info: 05.instrumentos.giroscopicos.imagenes/05.04.Magnetismo
Terrestre/05-04-mapa_declinacion_2019.pdf  used on input line 151.
(pdftex.def)             Requested size: 307.28987pt x 204.84683pt.

Overfull \vbox (9.59729pt too high) detected at line 151
 []


Overfull \hbox (10.52298pt too wide) has occurred while \output is active
  []\OT1/cmss/m/n/5 Comp^^Sas girosc^^Sopico auto-corregido, indicador con gir^
^Soscopo integrado, y remoto.[] 
 []


Overfull \vbox (1.36124pt too high) has occurred while \output is active []


[20

 <./05.instrumentos.giroscopicos.imagenes/05.04.MagnetismoTerrestre/05-04-mapa_
declinacion_2019.pdf>]
Overfull \hbox (10.52298pt too wide) has occurred while \output is active
  []\OT1/cmss/m/n/5 Comp^^Sas girosc^^Sopico auto-corregido, indicador con gir^
^Soscopo integrado, y remoto.[] 
 []


Overfull \vbox (1.36124pt too high) has occurred while \output is active []


[21

]
<05.instrumentos.giroscopicos.imagenes/05.04.MagnetismoTerrestre/05-04-brujula_
magnetica_construccion.png, id=1422, 727.71875pt x 392.46625pt>
File: 05.instrumentos.giroscopicos.imagenes/05.04.MagnetismoTerrestre/05-04-bru
jula_magnetica_construccion.png Graphic file (type png)
<use 05.instrumentos.giroscopicos.imagenes/05.04.MagnetismoTerrestre/05-04-bruj
ula_magnetica_construccion.png>
Package pdftex.def Info: 05.instrumentos.giroscopicos.imagenes/05.04.Magnetismo
Terrestre/05-04-brujula_magnetica_construccion.png  used on input line 181.
(pdftex.def)             Requested size: 307.28987pt x 165.72697pt.

Overfull \hbox (10.52298pt too wide) has occurred while \output is active
  []\OT1/cmss/m/n/5 Comp^^Sas girosc^^Sopico auto-corregido, indicador con gir^
^Soscopo integrado, y remoto.[] 
 []


Overfull \vbox (1.36124pt too high) has occurred while \output is active []


[22

 <./05.instrumentos.giroscopicos.imagenes/05.04.MagnetismoTerrestre/05-04-bruju
la_magnetica_construccion.png>]
<05.instrumentos.giroscopicos.imagenes/05.04.MagnetismoTerrestre/05-04-brujula_
magnetica.png, id=1457, 280.04625pt x 136.25906pt>
File: 05.instrumentos.giroscopicos.imagenes/05.04.MagnetismoTerrestre/05-04-bru
jula_magnetica.png Graphic file (type png)
<use 05.instrumentos.giroscopicos.imagenes/05.04.MagnetismoTerrestre/05-04-bruj
ula_magnetica.png>
Package pdftex.def Info: 05.instrumentos.giroscopicos.imagenes/05.04.Magnetismo
Terrestre/05-04-brujula_magnetica.png  used on input line 202.
(pdftex.def)             Requested size: 172.08157pt x 83.73123pt.
<05.instrumentos.giroscopicos.imagenes/05.04.MagnetismoTerrestre/05-04-Magnetic
Compass.jpg, id=1458, 451.6875pt x 391.4625pt>
File: 05.instrumentos.giroscopicos.imagenes/05.04.MagnetismoTerrestre/05-04-Mag
neticCompass.jpg Graphic file (type jpg)
<use 05.instrumentos.giroscopicos.imagenes/05.04.MagnetismoTerrestre/05-04-Magn
eticCompass.jpg>
Package pdftex.def Info: 05.instrumentos.giroscopicos.imagenes/05.04.Magnetismo
Terrestre/05-04-MagneticCompass.jpg  used on input line 202.
(pdftex.def)             Requested size: 107.55333pt x 93.21223pt.

Overfull \hbox (10.52298pt too wide) has occurred while \output is active
  []\OT1/cmss/m/n/5 Comp^^Sas girosc^^Sopico auto-corregido, indicador con gir^
^Soscopo integrado, y remoto.[] 
 []


Overfull \vbox (1.36124pt too high) has occurred while \output is active []


[23

 <./05.instrumentos.giroscopicos.imagenes/05.04.MagnetismoTerrestre/05-04-bruju
la_magnetica.png> <./05.instrumentos.giroscopicos.imagenes/05.04.MagnetismoTerr
estre/05-04-MagneticCompass.jpg>]
<05.instrumentos.giroscopicos.imagenes/05.04.MagnetismoTerrestre/05-04-brujula_
magnetica_inclinacione.png, id=1492, 379.4175pt x 232.61906pt>
File: 05.instrumentos.giroscopicos.imagenes/05.04.MagnetismoTerrestre/05-04-bru
jula_magnetica_inclinacione.png Graphic file (type png)
<use 05.instrumentos.giroscopicos.imagenes/05.04.MagnetismoTerrestre/05-04-bruj
ula_magnetica_inclinacione.png>
Package pdftex.def Info: 05.instrumentos.giroscopicos.imagenes/05.04.Magnetismo
Terrestre/05-04-brujula_magnetica_inclinacione.png  used on input line 234.
(pdftex.def)             Requested size: 199.73653pt x 122.46048pt.

Overfull \hbox (10.52298pt too wide) has occurred while \output is active
  []\OT1/cmss/m/n/5 Comp^^Sas girosc^^Sopico auto-corregido, indicador con gir^
^Soscopo integrado, y remoto.[] 
 []


Overfull \vbox (1.36124pt too high) has occurred while \output is active []


[24

 <./05.instrumentos.giroscopicos.imagenes/05.04.MagnetismoTerrestre/05-04-bruju
la_magnetica_inclinacione.png>]
<05.instrumentos.giroscopicos.imagenes/05.04.MagnetismoTerrestre/05-04-1704f_pf
_hiw_16x9.jpg, id=1529, 1204.5pt x 677.53125pt>
File: 05.instrumentos.giroscopicos.imagenes/05.04.MagnetismoTerrestre/05-04-170
4f_pf_hiw_16x9.jpg Graphic file (type jpg)
<use 05.instrumentos.giroscopicos.imagenes/05.04.MagnetismoTerrestre/05-04-1704
f_pf_hiw_16x9.jpg>
Package pdftex.def Info: 05.instrumentos.giroscopicos.imagenes/05.04.Magnetismo
Terrestre/05-04-1704f_pf_hiw_16x9.jpg  used on input line 260.
(pdftex.def)             Requested size: 215.10196pt x 120.98889pt.

Overfull \hbox (10.52298pt too wide) has occurred while \output is active
  []\OT1/cmss/m/n/5 Comp^^Sas girosc^^Sopico auto-corregido, indicador con gir^
^Soscopo integrado, y remoto.[] 
 []


Overfull \vbox (1.36124pt too high) has occurred while \output is active []


[25

 <./05.instrumentos.giroscopicos.imagenes/05.04.MagnetismoTerrestre/05-04-1704f
_pf_hiw_16x9.jpg>]
Overfull \hbox (10.52298pt too wide) has occurred while \output is active
  []\OT1/cmss/m/n/5 Comp^^Sas girosc^^Sopico auto-corregido, indicador con gir^
^Soscopo integrado, y remoto.[] 
 []


Overfull \vbox (1.36124pt too high) has occurred while \output is active []


[26

]
Overfull \hbox (10.52298pt too wide) has occurred while \output is active
  []\OT1/cmss/m/n/5 Comp^^Sas girosc^^Sopico auto-corregido, indicador con gir^
^Soscopo integrado, y remoto.[] 
 []


Overfull \vbox (1.36124pt too high) has occurred while \output is active []


[27

]
<05.instrumentos.giroscopicos.imagenes/05.04.MagnetismoTerrestre/05-04-IMG_6513
.JPG, id=1632, 1027.84pt x 770.88pt>
File: 05.instrumentos.giroscopicos.imagenes/05.04.MagnetismoTerrestre/05-04-IMG
_6513.JPG Graphic file (type jpg)
<use 05.instrumentos.giroscopicos.imagenes/05.04.MagnetismoTerrestre/05-04-IMG_
6513.JPG>
Package pdftex.def Info: 05.instrumentos.giroscopicos.imagenes/05.04.Magnetismo
Terrestre/05-04-IMG_6513.JPG  used on input line 308.
(pdftex.def)             Requested size: 107.55333pt x 80.6566pt.
<05.instrumentos.giroscopicos.imagenes/05.04.MagnetismoTerrestre/05-04-IMG_6464
.JPG, id=1633, 736.7525pt x 713.66624pt>
File: 05.instrumentos.giroscopicos.imagenes/05.04.MagnetismoTerrestre/05-04-IMG
_6464.JPG Graphic file (type jpg)
<use 05.instrumentos.giroscopicos.imagenes/05.04.MagnetismoTerrestre/05-04-IMG_
6464.JPG>
Package pdftex.def Info: 05.instrumentos.giroscopicos.imagenes/05.04.Magnetismo
Terrestre/05-04-IMG_6464.JPG  used on input line 308.
(pdftex.def)             Requested size: 76.82246pt x 74.40901pt.
<05.instrumentos.giroscopicos.imagenes/05.04.MagnetismoTerrestre/05-04-Vertical
CardCompass.jpg, id=1634, 316.18124pt x 178.41656pt>
File: 05.instrumentos.giroscopicos.imagenes/05.04.MagnetismoTerrestre/05-04-Ver
ticalCardCompass.jpg Graphic file (type jpg)
<use 05.instrumentos.giroscopicos.imagenes/05.04.MagnetismoTerrestre/05-04-Vert
icalCardCompass.jpg>
Package pdftex.def Info: 05.instrumentos.giroscopicos.imagenes/05.04.Magnetismo
Terrestre/05-04-VerticalCardCompass.jpg  used on input line 308.
(pdftex.def)             Requested size: 138.2795pt x 78.02982pt.

Overfull \hbox (10.52298pt too wide) has occurred while \output is active
  []\OT1/cmss/m/n/5 Comp^^Sas girosc^^Sopico auto-corregido, indicador con gir^
^Soscopo integrado, y remoto.[] 
 []


Overfull \vbox (1.36124pt too high) has occurred while \output is active []


[28

 <./05.instrumentos.giroscopicos.imagenes/05.04.MagnetismoTerrestre/05-04-IMG_6
513.JPG> <./05.instrumentos.giroscopicos.imagenes/05.04.MagnetismoTerrestre/05-
04-IMG_6464.JPG> <./05.instrumentos.giroscopicos.imagenes/05.04.MagnetismoTerre
stre/05-04-VerticalCardCompass.jpg>]
Overfull \hbox (10.52298pt too wide) has occurred while \output is active
  []\OT1/cmss/m/n/5 Comp^^Sas girosc^^Sopico auto-corregido, indicador con gir^
^Soscopo integrado, y remoto.[] 
 []


Overfull \vbox (1.36124pt too high) has occurred while \output is active []


[29

]
<05.instrumentos.giroscopicos.imagenes/05.04.MagnetismoTerrestre/05-04-brujula_
error_aceleracion.jpg, id=1705, 486.73845pt x 270.65115pt>
File: 05.instrumentos.giroscopicos.imagenes/05.04.MagnetismoTerrestre/05-04-bru
jula_error_aceleracion.jpg Graphic file (type jpg)
<use 05.instrumentos.giroscopicos.imagenes/05.04.MagnetismoTerrestre/05-04-bruj
ula_error_aceleracion.jpg>
Package pdftex.def Info: 05.instrumentos.giroscopicos.imagenes/05.04.Magnetismo
Terrestre/05-04-brujula_error_aceleracion.jpg  used on input line 334.
(pdftex.def)             Requested size: 245.83282pt x 136.6922pt.
File: 05.IyA.imagenes/Video.png Graphic file (type png)
<use 05.IyA.imagenes/Video.png>
Package pdftex.def Info: 05.IyA.imagenes/Video.png  used on input line 334.
(pdftex.def)             Requested size: 30.73085pt x 30.72408pt.

Overfull \hbox (10.52298pt too wide) has occurred while \output is active
  []\OT1/cmss/m/n/5 Comp^^Sas girosc^^Sopico auto-corregido, indicador con gir^
^Soscopo integrado, y remoto.[] 
 []


Overfull \vbox (1.36124pt too high) has occurred while \output is active []


[30

 <./05.instrumentos.giroscopicos.imagenes/05.04.MagnetismoTerrestre/05-04-bruju
la_error_aceleracion.jpg>]
<05.instrumentos.giroscopicos.imagenes/05.04.MagnetismoTerrestre/05-04-brujula_
error_giro.jpg, id=1739, 487.8225pt x 278.60085pt>
File: 05.instrumentos.giroscopicos.imagenes/05.04.MagnetismoTerrestre/05-04-bru
jula_error_giro.jpg Graphic file (type jpg)
<use 05.instrumentos.giroscopicos.imagenes/05.04.MagnetismoTerrestre/05-04-bruj
ula_error_giro.jpg>
Package pdftex.def Info: 05.instrumentos.giroscopicos.imagenes/05.04.Magnetismo
Terrestre/05-04-brujula_error_giro.jpg  used on input line 346.
(pdftex.def)             Requested size: 245.83282pt x 140.39685pt.
File: 05.IyA.imagenes/Video.png Graphic file (type png)
<use 05.IyA.imagenes/Video.png>
Package pdftex.def Info: 05.IyA.imagenes/Video.png  used on input line 346.
(pdftex.def)             Requested size: 30.73085pt x 30.72408pt.

Overfull \hbox (10.52298pt too wide) has occurred while \output is active
  []\OT1/cmss/m/n/5 Comp^^Sas girosc^^Sopico auto-corregido, indicador con gir^
^Soscopo integrado, y remoto.[] 
 []


Overfull \vbox (1.36124pt too high) has occurred while \output is active []


[31

 <./05.instrumentos.giroscopicos.imagenes/05.04.MagnetismoTerrestre/05-04-bruju
la_error_giro.jpg>])
(./05.instrumentos.giroscopicos.tex/05.05.compas.giroscopico.v2019.tex
Overfull \hbox (10.52298pt too wide) has occurred while \output is active
  \OT1/cmss/m/n/5 Comp^^Sas girosc^^Sopico auto-corregido, indicador con gir^^S
oscopo integrado, y remoto. 
 []


Overfull \vbox (1.36124pt too high) has occurred while \output is active []


[32

pdfTeX warning (ext4): destination with the same identifier (name{sec:compas.gi
roscopico.autocorregido}) has been already used, duplicate ignored

\@EveryShipout@Output ...@Org@Shipout \box \@cclv 
                                                  
l.33 \end{frame}
                ]
Overfull \hbox (10.52298pt too wide) has occurred while \output is active
  \OT1/cmss/m/n/5 Comp^^Sas girosc^^Sopico auto-corregido, indicador con gir^^S
oscopo integrado, y remoto. 
 []


Overfull \vbox (1.36124pt too high) has occurred while \output is active []


[33

]
Overfull \hbox (10.52298pt too wide) has occurred while \output is active
  \OT1/cmss/m/n/5 Comp^^Sas girosc^^Sopico auto-corregido, indicador con gir^^S
oscopo integrado, y remoto. 
 []


Overfull \vbox (1.36124pt too high) has occurred while \output is active []


[34

]
<05.instrumentos.giroscopicos.imagenes/05.05.DGI/05-05-girocompas_esclavo.jpg, 
id=1879, 507.8975pt x 489.83pt>
File: 05.instrumentos.giroscopicos.imagenes/05.05.DGI/05-05-girocompas_esclavo.
jpg Graphic file (type jpg)
<use 05.instrumentos.giroscopicos.imagenes/05.05.DGI/05-05-girocompas_esclavo.j
pg>
Package pdftex.def Info: 05.instrumentos.giroscopicos.imagenes/05.05.DGI/05-05-
girocompas_esclavo.jpg  used on input line 106.
(pdftex.def)             Requested size: 215.10196pt x 207.44626pt.

Overfull \vbox (1.58562pt too high) detected at line 106
 []


Overfull \hbox (10.52298pt too wide) has occurred while \output is active
  \OT1/cmss/m/n/5 Comp^^Sas girosc^^Sopico auto-corregido, indicador con gir^^S
oscopo integrado, y remoto. 
 []


Overfull \vbox (1.36124pt too high) has occurred while \output is active []


[35

 <./05.instrumentos.giroscopicos.imagenes/05.05.DGI/05-05-girocompas_esclavo.jp
g>]) (./05.instrumentos.giroscopicos.tex/05.06.central.giroscopica.v2019.tex
Overfull \hbox (10.52298pt too wide) has occurred while \output is active
  []\OT1/cmss/m/n/5 Comp^^Sas girosc^^Sopico auto-corregido, indicador con gir^
^Soscopo integrado, y remoto.[] 
 []


Overfull \vbox (1.36124pt too high) has occurred while \output is active []


[36

]
Overfull \hbox (10.52298pt too wide) has occurred while \output is active
  []\OT1/cmss/m/n/5 Comp^^Sas girosc^^Sopico auto-corregido, indicador con gir^
^Soscopo integrado, y remoto.[] 
 []


Overfull \vbox (1.36124pt too high) has occurred while \output is active []


[37

]
<05.instrumentos.giroscopicos.imagenes/05.06.central.giroscopica/05-06-ahrs_.jp
g, id=1982, 1003.75pt x 1064.97874pt>
File: 05.instrumentos.giroscopicos.imagenes/05.06.central.giroscopica/05-06-ahr
s_.jpg Graphic file (type jpg)
<use 05.instrumentos.giroscopicos.imagenes/05.06.central.giroscopica/05-06-ahrs
_.jpg>
Package pdftex.def Info: 05.instrumentos.giroscopicos.imagenes/05.06.central.gi
roscopica/05-06-ahrs_.jpg  used on input line 47.
(pdftex.def)             Requested size: 94.4536pt x 100.2304pt.
<05.instrumentos.giroscopicos.imagenes/05.06.central.giroscopica/05-06-AHRS-E30
4_product.png, id=1984, 618.31pt x 659.46375pt>
File: 05.instrumentos.giroscopicos.imagenes/05.06.central.giroscopica/05-06-AHR
S-E304_product.png Graphic file (type png)
<use 05.instrumentos.giroscopicos.imagenes/05.06.central.giroscopica/05-06-AHRS
-E304_product.png>
Package pdftex.def Info: 05.instrumentos.giroscopicos.imagenes/05.06.central.gi
roscopica/05-06-AHRS-E304_product.png  used on input line 47.
(pdftex.def)             Requested size: 93.969pt x 100.2304pt.

Overfull \hbox (10.52298pt too wide) has occurred while \output is active
  []\OT1/cmss/m/n/5 Comp^^Sas girosc^^Sopico auto-corregido, indicador con gir^
^Soscopo integrado, y remoto.[] 
 []


Overfull \vbox (1.36124pt too high) has occurred while \output is active []


[38

 <./05.instrumentos.giroscopicos.imagenes/05.06.central.giroscopica/05-06-ahrs_
.jpg> <./05.instrumentos.giroscopicos.imagenes/05.06.central.giroscopica/05-06-
AHRS-E304_product.png>])
No file 2019_instrumentos_giroscopicos_presentacion.B.bbl.

Overfull \hbox (10.52298pt too wide) has occurred while \output is active
  []\OT1/cmss/m/n/5 Comp^^Sas girosc^^Sopico auto-corregido, indicador con gir^
^Soscopo integrado, y remoto.[] 
 []


Overfull \vbox (1.36124pt too high) has occurred while \output is active []


[39

]
\tf@nav=\write6
\openout6 = `2019_instrumentos_giroscopicos_presentacion.B.nav'.

\tf@toc=\write7
\openout7 = `2019_instrumentos_giroscopicos_presentacion.B.toc'.

\tf@snm=\write8
\openout8 = `2019_instrumentos_giroscopicos_presentacion.B.snm'.

Package atveryend Info: Empty hook `BeforeClearDocument' on input line 84.
Package atveryend Info: Empty hook `AfterLastShipout' on input line 84.
 (./2019_instrumentos_giroscopicos_presentacion.B.aux
*************************************************
* pdfbase warning: "rerun"
* 
* Rerun to get internal references right!
*************************************************
LaTeX Info: Redefining \. on input line 29.
LaTeX Info: Redefining \% on input line 29.
)
Package atveryend Info: Executing hook `AtVeryEndDocument' on input line 84.
Package atveryend Info: Executing hook `AtEndAfterFileList' on input line 84.


Package rerunfilecheck Warning: File `2019_instrumentos_giroscopicos_presentaci
on.B.out' has changed.
(rerunfilecheck)                Rerun to get outlines right
(rerunfilecheck)                or use package `bookmark'.

Package rerunfilecheck Info: Checksums for `2019_instrumentos_giroscopicos_pres
entacion.B.out':
(rerunfilecheck)             Before: 23E7DCC2317F006B9B79D1DC64A834CD;985
(rerunfilecheck)             After:  88750B03C63923FAD6350818492A946D;985.

LaTeX Warning: There were multiply-defined labels.

 ) 
Here is how much of TeX's memory you used:
 28223 strings out of 494788
 548882 string characters out of 6177223
 618977 words of memory out of 5000000
 30890 multiletter control sequences out of 15000+600000
 538621 words of font info for 53 fonts, out of 8000000 for 9000
 85 hyphenation exceptions out of 8191
 48i,20n,63p,10435b,1049s stack positions out of 5000i,500n,10000p,200000b,80000s
pdfTeX warning (dest): name{Navigation40} has been referenced but does not ex
ist, replaced by a fixed one

pdfTeX warning (dest): name{Outline0.6.1.37} has been referenced but does not e
xist, replaced by a fixed one

</usr/share/texlive/texmf-dist/fonts/type1/public/amsfonts/cm/cmmi7.pfb></usr/s
hare/texlive/texmf-dist/fonts/type1/public/amsfonts/cm/cmmi8.pfb></usr/share/te
xlive/texmf-dist/fonts/type1/public/amsfonts/cm/cmss10.pfb></usr/share/texlive/
texmf-dist/fonts/type1/public/amsfonts/cm/cmss8.pfb></usr/share/texlive/texmf-d
ist/fonts/type1/public/amsfonts/cm/cmssbx10.pfb></usr/share/texlive/texmf-dist/
fonts/type1/public/amsfonts/cm/cmssi8.pfb></usr/share/texlive/texmf-dist/fonts/
type1/public/amsfonts/cm/cmsy6.pfb></usr/share/texlive/texmf-dist/fonts/type1/p
ublic/amsfonts/cm/cmtt8.pfb>
Output written on 2019_instrumentos_giroscopicos_presentacion.B.pdf (39 pages, 
12070415 bytes).
PDF statistics:
 2105 PDF objects out of 2487 (max. 8388607)
 1767 compressed objects within 18 object streams
 102 named destinations out of 1000 (max. 500000)
 394 words of extra memory for PDF output out of 10000 (max. 10000000)

