This is pdfTeX, Version 3.1415926-1.40.10 (TeX Live 2009/Debian) (format=pdflatex 2012.4.29)  21 AUG 2012 23:32
entering extended mode
 %&-line parsing enabled.
**2012.navegacion.tex
(/usr/share/texmf-texlive/tex/latex/tools/q.tex
! Interruption.
<to be read again> 
                   \begingroup 
l.1 
    %%
? 
! Emergency stop.
<to be read again> 
                   \begingroup 
l.1 
    %%
End of file on the terminal!

 
Here is how much of TeX's memory you used:
 8 strings out of 495061
 246 string characters out of 1182621
 45108 words of memory out of 3000000
 3282 multiletter control sequences out of 15000+50000
 3640 words of font info for 14 fonts, out of 3000000 for 9000
 28 hyphenation exceptions out of 8191
 3i,0n,1p,24b,6s stack positions out of 5000i,500n,10000p,200000b,50000s
!  ==> Fatal error occurred, no output PDF file produced!
